spk_ver/v00/v0000	SES146	0.854906	15.1185	14.2636
spk_ver/v00/v0001	SES002	-6.87086	7.03693	13.9078
spk_ver/v00/v0002	SES002	-4.34479	9.66719	14.012
spk_ver/v00/v0003	SES002	-9.18509	4.62971	13.8148
spk_ver/v00/v0004	SES002	-3.4457	10.6239	14.0696
spk_ver/v00/v0005	SES002	-4.2572	8.86438	13.1216
spk_ver/v00/v0006	SES002	-5.19523	10.4779	15.6731
spk_ver/v00/v0007	SES002	-4.93067	7.82219	12.7529
spk_ver/v00/v0008	SES146	0.902959	14.3208	13.4179
spk_ver/v00/v0009	SES002	-2.09795	13.9573	16.0553
spk_ver/v00/v0010	SES002	-5.40651	7.36865	12.7752
spk_ver/v00/v0011	SES002	-2.34845	10.2408	12.5892
spk_ver/v00/v0012	SES002	-4.41595	12.2337	16.6496
spk_ver/v00/v0013	SES002	-4.23605	11.7905	16.0265
spk_ver/v00/v0014	SES002	-1.40716	13.7941	15.2013
spk_ver/v00/v0015	SES002	-3.12024	11.9497	15.0699
spk_ver/v00/v0016	SES275	0.446738	14.1864	13.7396
spk_ver/v00/v0017	SES002	-1.93313	13.5976	15.5307
spk_ver/v00/v0018	SES002	-7.69282	5.91804	13.6109
spk_ver/v00/v0019	SES002	-2.68967	11.5688	14.2585
spk_ver/v00/v0020	SES002	-7.32048	6.25007	13.5705
spk_ver/v00/v0021	SES002	-5.06224	8.81562	13.8779
spk_ver/v00/v0022	SES002	-3.18511	11.5742	14.7593
spk_ver/v00/v0023	SES002	-6.49509	10.1174	16.6125
spk_ver/v00/v0024	SES002	-7.32563	6.44659	13.7722
spk_ver/v00/v0025	SES002	-5.27906	9.49242	14.7715
spk_ver/v00/v0026	SES002	-5.29676	9.38713	14.6839
spk_ver/v00/v0027	SES129	1.41064	15.679	14.2683
spk_ver/v00/v0028	SES007	-2.6622	12.54	15.2022
spk_ver/v00/v0029	SES083	-0.145721	16.0392	16.1849
spk_ver/v00/v0030	SES019	2.77122	16.6171	13.8459
spk_ver/v00/v0031	SES007	-2.31937	12.084	14.4034
spk_ver/v00/v0032	SES270	1.12295	15.3868	14.2638
spk_ver/v00/v0033	SES007	-2.47649	12.043	14.5195
spk_ver/v00/v0034	SES007	-2.41685	11.5712	13.9881
spk_ver/v00/v0035	SES007	-1.2718	14.5874	15.8592
spk_ver/v00/v0036	SES007	-2.11247	10.0507	12.1632
spk_ver/v00/v0037	SES007	-4.27235	10.9608	15.2331
spk_ver/v00/v0038	SES259	3.04699	18.5282	15.4813
spk_ver/v00/v0039	SES007	-3.74986	8.30665	12.0565
spk_ver/v00/v0040	SES007	-4.226	12.6295	16.8555
spk_ver/v00/v0041	SES007	-2.29535	12.1046	14.3999
spk_ver/v00/v0042	SES007	-2.02065	9.91054	11.9312
spk_ver/v00/v0043	SES007	-1.10316	12.8675	13.9706
spk_ver/v00/v0044	SES007	-3.49834	13.7153	17.2136
spk_ver/v00/v0045	SES007	-2.00602	14.0774	16.0834
spk_ver/v00/v0046	SES007	-2.28817	12.9711	15.2593
spk_ver/v00/v0047	SES172	0.1851	15.3433	15.1582
spk_ver/v00/v0048	SES105	1.57682	15.5698	13.993
spk_ver/v00/v0049	SES007	-1.37268	14.7538	16.1265
spk_ver/v00/v0050	SES292	-0.472034	14.7107	15.1828
spk_ver/v00/v0051	SES007	-1.71941	13.022	14.7414
spk_ver/v00/v0052	SES068	1.06081	17.3756	16.3148
spk_ver/v00/v0053	SES008	-1.87362	14.4734	16.347
spk_ver/v00/v0054	SES008	-2.66411	11.2557	13.9198
spk_ver/v00/v0055	SES008	-2.27852	12.8983	15.1768
spk_ver/v00/v0056	SES008	-5.17811	9.32445	14.5026
spk_ver/v00/v0057	SES008	-3.80503	11.3561	15.1611
spk_ver/v00/v0058	SES083	0.815025	16.3065	15.4915
spk_ver/v00/v0059	SES158	1.5078	16.0242	14.5164
spk_ver/v00/v0060	SES008	-3.45969	11.0408	14.5005
spk_ver/v00/v0061	SES101	-0.357058	15.156	15.513
spk_ver/v00/v0062	SES008	-3.15115	11.2991	14.4503
spk_ver/v00/v0063	SES008	-2.73721	12.4497	15.187
spk_ver/v00/v0064	SES117	1.42452	15.3374	13.9129
spk_ver/v00/v0065	SES149	1.7797	17.97	16.1903
spk_ver/v00/v0066	SES008	-0.177941	15.4166	15.5945
spk_ver/v00/v0067	SES008	-2.41446	10.9934	13.4078
spk_ver/v00/v0068	SES162	1.68498	15.2041	13.5191
spk_ver/v00/v0069	SES008	-7.60308	7.41077	15.0139
spk_ver/v00/v0070	SES008	-0.896914	14.6907	15.5876
spk_ver/v00/v0071	SES008	-3.12024	12.423	15.5433
spk_ver/v00/v0072	SES008	-2.00708	15.1401	17.1472
spk_ver/v00/v0073	SES008	-2.43216	13.3992	15.8314
spk_ver/v00/v0074	SES008	-3.62668	10.6149	14.2416
spk_ver/v00/v0075	SES008	-6.62062	6.61856	13.2392
spk_ver/v00/v0076	SES167	1.4243	16.6031	15.1788
spk_ver/v00/v0077	SES008	-1.99283	14.0208	16.0136
spk_ver/v00/v0078	SES177	0.718112	16.3515	15.6334
spk_ver/v00/v0079	SES008	-1.84973	12.6676	14.5174
spk_ver/v00/v0080	SES008	-2.71532	11.8972	14.6125
spk_ver/v00/v0081	SES008	-5.36494	7.37754	12.7425
spk_ver/v00/v0082	SES008	-2.62945	12.5191	15.1486
spk_ver/v00/v0083	SES008	-5.89045	6.61559	12.506
spk_ver/v00/v0084	SES144	1.44949	16.5048	15.0553
spk_ver/v00/v0085	SES008	-2.18921	12.7246	14.9138
spk_ver/v00/v0086	SES008	-2.16945	14.6804	16.8499
spk_ver/v00/v0087	SES008	-4.88912	9.52178	14.4109
spk_ver/v00/v0088	SES008	-1.81903	15.1237	16.9428
spk_ver/v00/v0089	SES008	-2.24256	11.1597	13.4022
spk_ver/v00/v0090	SES142	2.13467	15.3311	13.1964
spk_ver/v00/v0091	SES008	-4.98594	9.91256	14.8985
spk_ver/v00/v0092	SES158	1.32392	14.9332	13.6093
spk_ver/v00/v0093	SES014	-2.50839	13.3786	15.887
spk_ver/v00/v0094	SES014	-4.61995	7.60936	12.2293
spk_ver/v00/v0095	SES014	-1.28773	15.2327	16.5204
spk_ver/v00/v0096	SES014	-8.84582	4.68789	13.5337
spk_ver/v00/v0097	SES014	-1.76216	11.6348	13.397
spk_ver/v00/v0098	SES014	-1.99288	14.0076	16.0005
spk_ver/v00/v0099	SES014	-3.89891	9.93226	13.8312
spk_ver/v01/v0100	SES127	0.52823	15.8309	15.3027
spk_ver/v01/v0101	SES014	-6.46257	6.74762	13.2102
spk_ver/v01/v0102	SES014	-5.5596	8.17599	13.7356
spk_ver/v01/v0103	SES014	-6.55039	7.17755	13.7279
spk_ver/v01/v0104	SES014	-7.04952	7.61311	14.6626
spk_ver/v01/v0105	SES014	-4.40197	7.84767	12.2496
spk_ver/v01/v0106	SES014	-3.44365	10.4522	13.8959
spk_ver/v01/v0107	SES014	-6.68339	9.63523	16.3186
spk_ver/v01/v0108	SES014	-7.22697	6.58327	13.8102
spk_ver/v01/v0109	SES014	-3.78759	9.06008	12.8477
spk_ver/v01/v0110	SES014	-4.22902	9.14726	13.3763
spk_ver/v01/v0111	SES014	-2.04726	14.0005	16.0478
spk_ver/v01/v0112	SES014	-4.57186	10.9298	15.5016
spk_ver/v01/v0113	SES104	0.177717	15.1866	15.0089
spk_ver/v01/v0114	SES082	0.963946	16.9484	15.9844
spk_ver/v01/v0115	SES087	1.32467	15.9778	14.6531
spk_ver/v01/v0116	SES014	-1.87342	12.48	14.3534
spk_ver/v01/v0117	SES177	0.0994444	15.1848	15.0854
spk_ver/v01/v0118	SES014	-3.81851	9.12601	12.9445
spk_ver/v01/v0119	SES014	-1.51627	13.6211	15.1374
spk_ver/v01/v0120	SES014	-6.52465	7.97494	14.4996
spk_ver/v01/v0121	SES146	0.299546	15.2649	14.9654
spk_ver/v01/v0122	SES014	2.27903	19.0544	16.7754
spk_ver/v01/v0123	SES014	-2.8429	12.7325	15.5754
spk_ver/v01/v0124	SES014	-9.86458	5.05213	14.9167
spk_ver/v01/v0125	SES014	-5.03928	9.61609	14.6554
spk_ver/v01/v0126	SES016	-2.95678	11.7202	14.677
spk_ver/v01/v0127	SES016	-3.22569	9.84872	13.0744
spk_ver/v01/v0128	SES106	2.46041	16.9382	14.4778
spk_ver/v01/v0129	SES016	-4.26123	11.1885	15.4497
spk_ver/v01/v0130	SES016	-2.94876	12.0489	14.9977
spk_ver/v01/v0131	SES016	-5.42735	8.56282	13.9902
spk_ver/v01/v0132	SES016	-3.44269	11.7178	15.1605
spk_ver/v01/v0133	SES016	-3.03248	13.0704	16.1028
spk_ver/v01/v0134	SES016	-2.73089	13.2285	15.9593
spk_ver/v01/v0135	SES016	-4.85156	10.2294	15.081
spk_ver/v01/v0136	SES016	-4.80836	9.21172	14.0201
spk_ver/v01/v0137	SES007	0.933411	14.7717	13.8383
spk_ver/v01/v0138	SES016	-1.20624	14.2472	15.4534
spk_ver/v01/v0139	SES016	-1.93714	13.6344	15.5715
spk_ver/v01/v0140	SES016	2.07556	17.921	15.8454
spk_ver/v01/v0141	SES016	-8.71147	2.46174	11.1732
spk_ver/v01/v0142	SES016	-6.54081	8.45188	14.9927
spk_ver/v01/v0143	SES016	-5.2414	7.39737	12.6388
spk_ver/v01/v0144	SES016	-4.71698	10.8669	15.5839
spk_ver/v01/v0145	SES016	-6.64796	5.97309	12.621
spk_ver/v01/v0146	SES016	-1.74562	13.7546	15.5002
spk_ver/v01/v0147	SES016	-2.1411	13.4796	15.6207
spk_ver/v01/v0148	SES127	0.608809	15.3583	14.7495
spk_ver/v01/v0149	SES016	-3.52067	10.857	14.3777
spk_ver/v01/v0150	SES016	-2.59136	12.6166	15.208
spk_ver/v01/v0151	SES147	1.26912	14.4966	13.2275
spk_ver/v01/v0152	SES016	-1.75066	12.71	14.4607
spk_ver/v01/v0153	SES104	1.83867	18.123	16.2843
spk_ver/v01/v0154	SES016	-4.45977	9.63635	14.0961
spk_ver/v01/v0155	SES016	-3.35089	10.2725	13.6233
spk_ver/v01/v0156	SES019	-1.1872	11.9455	13.1327
spk_ver/v01/v0157	SES019	-4.14439	12.5844	16.7288
spk_ver/v01/v0158	SES019	-1.03264	13.635	14.6676
spk_ver/v01/v0159	SES007	0.553048	15.2119	14.6588
spk_ver/v01/v0160	SES019	-3.22728	12.6772	15.9045
spk_ver/v01/v0161	SES019	-4.31986	9.21645	13.5363
spk_ver/v01/v0162	SES019	-4.66489	11.8724	16.5373
spk_ver/v01/v0163	SES189	1.56355	15.7353	14.1717
spk_ver/v01/v0164	SES019	-2.93608	12.3336	15.2697
spk_ver/v01/v0165	SES019	-1.78462	11.0479	12.8325
spk_ver/v01/v0166	SES019	-5.8951	10.4472	16.3423
spk_ver/v01/v0167	SES019	-5.43283	8.5954	14.0282
spk_ver/v01/v0168	SES019	-2.9211	8.15898	11.0801
spk_ver/v01/v0169	SES019	-5.34502	8.45258	13.7976
spk_ver/v01/v0170	SES270	0.951039	15.3389	14.3878
spk_ver/v01/v0171	SES019	-2.71622	11.7943	14.5105
spk_ver/v01/v0172	SES019	-5.83646	8.18849	14.025
spk_ver/v01/v0173	SES206	1.38752	16.4327	15.0452
spk_ver/v01/v0174	SES019	-3.11403	10.2013	13.3154
spk_ver/v01/v0175	SES014	2.16491	18.706	16.5411
spk_ver/v01/v0176	SES019	-5.48205	10.2342	15.7163
spk_ver/v01/v0177	SES120	1.38318	15.141	13.7578
spk_ver/v01/v0178	SES019	-2.24604	10.4278	12.6738
spk_ver/v01/v0179	SES019	-7.79093	9.47423	17.2652
spk_ver/v01/v0180	SES175	0.89636	15.5722	14.6758
spk_ver/v01/v0181	SES019	-5.83073	7.92599	13.7567
spk_ver/v01/v0182	SES019	-5.3465	11.1603	16.5068
spk_ver/v01/v0183	SES029	-2.74918	12.2986	15.0478
spk_ver/v01/v0184	SES029	-7.07408	8.06195	15.136
spk_ver/v01/v0185	SES029	-2.84004	13.3071	16.1472
spk_ver/v01/v0186	SES068	1.46522	17.4937	16.0285
spk_ver/v01/v0187	SES029	-4.73664	9.91569	14.6523
spk_ver/v01/v0188	SES029	-3.57292	12.6842	16.2572
spk_ver/v01/v0189	SES149	2.56342	18.4992	15.9358
spk_ver/v01/v0190	SES029	-4.20652	11.9362	16.1428
spk_ver/v01/v0191	SES029	-4.14139	10.2237	14.3651
spk_ver/v01/v0192	SES183	1.46107	16.9205	15.4594
spk_ver/v01/v0193	SES029	-2.26636	12.802	15.0683
spk_ver/v01/v0194	SES016	2.21603	17.6201	15.4041
spk_ver/v01/v0195	SES029	-3.78056	11.6348	15.4154
spk_ver/v01/v0196	SES029	-1.65833	12.7187	14.377
spk_ver/v01/v0197	SES029	-4.32008	11.5456	15.8656
spk_ver/v01/v0198	SES146	1.03913	14.7401	13.7009
spk_ver/v01/v0199	SES029	-3.93866	8.651	12.5897
spk_ver/v02/v0200	SES029	-2.2489	12.8806	15.1295
spk_ver/v02/v0201	SES068	1.07278	17.4696	16.3968
spk_ver/v02/v0202	SES148	2.2787	16.0047	13.726
spk_ver/v02/v0203	SES029	-3.32824	11.4244	14.7527
spk_ver/v02/v0204	SES029	-1.28403	13.5758	14.8598
spk_ver/v02/v0205	SES060	0.791048	17.9382	17.1471
spk_ver/v02/v0206	SES127	2.49061	18.6729	16.1823
spk_ver/v02/v0207	SES029	-4.24075	10.2744	14.5152
spk_ver/v02/v0208	SES048	1.88564	15.5022	13.6166
spk_ver/v02/v0209	SES029	-1.83324	13.4284	15.2617
spk_ver/v02/v0210	SES029	-3.77473	10.6191	14.3938
spk_ver/v02/v0211	SES029	-3.8688	11.6295	15.4983
spk_ver/v02/v0212	SES042	-7.4256	6.2422	13.6678
spk_ver/v02/v0213	SES085	1.53168	16.4252	14.8935
spk_ver/v02/v0214	SES206	2.19288	17.8366	15.6437
spk_ver/v02/v0215	SES144	0.61167	15.2697	14.658
spk_ver/v02/v0216	SES042	-3.16665	11.6141	14.7808
spk_ver/v02/v0217	SES042	-3.16714	6.21222	9.37935
spk_ver/v02/v0218	SES042	-2.77444	12.7368	15.5113
spk_ver/v02/v0219	SES206	1.22584	18.0009	16.775
spk_ver/v02/v0220	SES019	4.37337	17.9248	13.5515
spk_ver/v02/v0221	SES007	0.285458	15.3662	15.0807
spk_ver/v02/v0222	SES042	-8.07724	5.79564	13.8729
spk_ver/v02/v0223	SES147	1.04348	14.1704	13.1269
spk_ver/v02/v0224	SES105	1.65126	15.3615	13.7102
spk_ver/v02/v0225	SES042	-2.23647	12.4857	14.7222
spk_ver/v02/v0226	SES275	1.41584	15.6861	14.2703
spk_ver/v02/v0227	SES042	-4.96649	8.83517	13.8017
spk_ver/v02/v0228	SES042	-5.6642	9.91232	15.5765
spk_ver/v02/v0229	SES042	-5.27101	10.8581	16.1291
spk_ver/v02/v0230	SES085	1.32391	18.2609	16.937
spk_ver/v02/v0231	SES014	2.48631	19.5241	17.0378
spk_ver/v02/v0232	SES042	-1.88775	13.7635	15.6512
spk_ver/v02/v0233	SES048	-4.53008	10.8875	15.4176
spk_ver/v02/v0234	SES048	-4.15718	10.948	15.1051
spk_ver/v02/v0235	SES029	0.623549	16.462	15.8385
spk_ver/v02/v0236	SES048	-3.17095	13.0224	16.1933
spk_ver/v02/v0237	SES048	-4.79493	9.55423	14.3492
spk_ver/v02/v0238	SES048	-2.85227	12.6143	15.4666
spk_ver/v02/v0239	SES060	1.45103	17.5632	16.1122
spk_ver/v02/v0240	SES048	-4.27948	9.82381	14.1033
spk_ver/v02/v0241	SES048	-2.88686	12.5762	15.463
spk_ver/v02/v0242	SES189	2.53079	15.9024	13.3716
spk_ver/v02/v0243	SES162	1.13838	15.5286	14.3903
spk_ver/v02/v0244	SES048	-5.76284	10.3581	16.1209
spk_ver/v02/v0245	SES048	-4.28963	9.94308	14.2327
spk_ver/v02/v0246	SES048	-4.43974	10.9456	15.3853
spk_ver/v02/v0247	SES048	-6.00316	6.72809	12.7312
spk_ver/v02/v0248	SES226	2.46087	17.1839	14.723
spk_ver/v02/v0249	SES048	-2.05177	12.2622	14.3139
spk_ver/v02/v0250	SES048	-3.05946	11.0904	14.1499
spk_ver/v02/v0251	SES048	-5.455	7.85216	13.3072
spk_ver/v02/v0252	SES060	-4.67816	8.70045	13.3786
spk_ver/v02/v0253	SES060	-5.51919	9.00461	14.5238
spk_ver/v02/v0254	SES259	2.81603	18.2155	15.3994
spk_ver/v02/v0255	SES060	-4.53195	9.06728	13.5992
spk_ver/v02/v0256	SES202	1.31492	15.1844	13.8695
spk_ver/v02/v0257	SES148	1.4069	16.4123	15.0054
spk_ver/v02/v0258	SES060	-5.06959	6.22138	11.291
spk_ver/v02/v0259	SES060	-2.3223	13.692	16.0143
spk_ver/v02/v0260	SES060	-3.33529	12.3169	15.6522
spk_ver/v02/v0261	SES099	2.55443	17.2632	14.7088
spk_ver/v02/v0262	SES060	-3.26514	11.8266	15.0917
spk_ver/v02/v0263	SES060	-3.40481	13.3937	16.7985
spk_ver/v02/v0264	SES292	-0.00983906	15.0692	15.079
spk_ver/v02/v0265	SES060	-1.60269	13.3076	14.9103
spk_ver/v02/v0266	SES060	-6.26403	7.12345	13.3875
spk_ver/v02/v0267	SES060	-4.76197	8.66491	13.4269
spk_ver/v02/v0268	SES060	-4.32927	7.36608	11.6954
spk_ver/v02/v0269	SES127	1.20274	17.1021	15.8993
spk_ver/v02/v0270	SES060	-3.79076	10.8399	14.6307
spk_ver/v02/v0271	SES060	-1.18741	15.1155	16.3029
spk_ver/v02/v0272	SES060	-4.40631	8.23318	12.6395
spk_ver/v02/v0273	SES087	1.63582	16.6131	14.9773
spk_ver/v02/v0274	SES146	0.662654	14.2531	13.5905
spk_ver/v02/v0275	SES060	-3.92581	9.88845	13.8143
spk_ver/v02/v0276	SES002	2.54336	17.3375	14.7941
spk_ver/v02/v0277	SES060	-1.54653	14.2679	15.8144
spk_ver/v02/v0278	SES060	-4.63735	9.14226	13.7796
spk_ver/v02/v0279	SES060	-5.48792	10.0229	15.5108
spk_ver/v02/v0280	SES129	2.48647	16.989	14.5025
spk_ver/v02/v0281	SES162	1.2454	15.7197	14.4743
spk_ver/v02/v0282	SES060	-3.2531	11.4102	14.6633
spk_ver/v02/v0283	SES060	-3.54465	12.6366	16.1812
spk_ver/v02/v0284	SES062	-3.44817	8.6457	12.0939
spk_ver/v02/v0285	SES062	-6.42914	8.05933	14.4885
spk_ver/v02/v0286	SES120	0.19536	13.4241	13.2288
spk_ver/v02/v0287	SES062	-4.42397	9.69728	14.1213
spk_ver/v02/v0288	SES062	-3.6542	10.6728	14.327
spk_ver/v02/v0289	SES062	-3.53469	12.3612	15.8959
spk_ver/v02/v0290	SES062	-2.28202	13.2222	15.5042
spk_ver/v02/v0291	SES275	0.636388	14.9516	14.3152
spk_ver/v02/v0292	SES062	-2.94087	11.9278	14.8687
spk_ver/v02/v0293	SES062	-4.10144	10.9726	15.074
spk_ver/v02/v0294	SES062	-4.16246	11.0127	15.1752
spk_ver/v02/v0295	SES062	-2.23496	11.7626	13.9976
spk_ver/v02/v0296	SES062	-3.21342	11.6448	14.8583
spk_ver/v02/v0297	SES062	-5.17315	9.27876	14.4519
spk_ver/v02/v0298	SES062	-3.20194	10.5965	13.7985
spk_ver/v02/v0299	SES062	-2.53794	12.9266	15.4646
spk_ver/v03/v0300	SES062	-3.36826	11.3209	14.6892
spk_ver/v03/v0301	SES062	-1.98094	13.5776	15.5586
spk_ver/v03/v0302	SES172	0.514736	17.2074	16.6926
spk_ver/v03/v0303	SES062	-2.40553	12.6413	15.0468
spk_ver/v03/v0304	SES062	-3.02265	10.8996	13.9223
spk_ver/v03/v0305	SES062	-3.14218	11.7086	14.8508
spk_ver/v03/v0306	SES062	-4.01002	8.85408	12.8641
spk_ver/v03/v0307	SES062	-3.75233	11.736	15.4883
spk_ver/v03/v0308	SES062	-2.49858	11.4631	13.9617
spk_ver/v03/v0309	SES062	-3.24794	8.74954	11.9975
spk_ver/v03/v0310	SES125	1.6116	18.0341	16.4225
spk_ver/v03/v0311	SES062	-2.21243	12.8267	15.0391
spk_ver/v03/v0312	SES062	-4.93068	8.84884	13.7795
spk_ver/v03/v0313	SES062	-2.95244	11.708	14.6605
spk_ver/v03/v0314	SES068	-3.71083	11.3484	15.0593
spk_ver/v03/v0315	SES068	-3.39415	12.1089	15.5031
spk_ver/v03/v0316	SES068	-2.74237	11.4006	14.143
spk_ver/v03/v0317	SES068	-2.01194	11.7096	13.7215
spk_ver/v03/v0318	SES068	-3.36775	13.0092	16.377
spk_ver/v03/v0319	SES068	-7.73328	5.55242	13.2857
spk_ver/v03/v0320	SES068	-1.61206	13.5278	15.1399
spk_ver/v03/v0321	SES068	-1.89227	12.6103	14.5026
spk_ver/v03/v0322	SES068	-1.56818	12.2551	13.8233
spk_ver/v03/v0323	SES068	-2.19777	13.5388	15.7366
spk_ver/v03/v0324	SES144	0.695367	13.7914	13.0961
spk_ver/v03/v0325	SES068	-2.32118	13.3864	15.7076
spk_ver/v03/v0326	SES068	-0.966866	14.8768	15.8436
spk_ver/v03/v0327	SES068	-2.14169	13.2822	15.4239
spk_ver/v03/v0328	SES068	-5.85408	7.97137	13.8254
spk_ver/v03/v0329	SES068	-2.78617	12.668	15.4542
spk_ver/v03/v0330	SES180	0.462782	15.2357	14.773
spk_ver/v03/v0331	SES068	-0.950289	13.957	14.9072
spk_ver/v03/v0332	SES275	1.69734	16.1206	14.4233
spk_ver/v03/v0333	SES062	1.53433	18.9299	17.3955
spk_ver/v03/v0334	SES270	1.28599	14.8821	13.5961
spk_ver/v03/v0335	SES068	-7.38915	4.81677	12.2059
spk_ver/v03/v0336	SES068	-1.41922	15.7143	17.1336
spk_ver/v03/v0337	SES068	-2.42393	11.714	14.1379
spk_ver/v03/v0338	SES068	-3.35627	10.4054	13.7617
spk_ver/v03/v0339	SES068	-1.58337	13.404	14.9874
spk_ver/v03/v0340	SES068	-2.19071	11.5505	13.7412
spk_ver/v03/v0341	SES016	1.73519	18.4128	16.6776
spk_ver/v03/v0342	SES068	-2.88186	11.1422	14.0241
spk_ver/v03/v0343	SES068	-2.45349	11.617	14.0705
spk_ver/v03/v0344	SES125	1.36473	16.5668	15.2021
spk_ver/v03/v0345	SES187	0.957969	16.303	15.345
spk_ver/v03/v0346	SES068	-3.39567	11.879	15.2746
spk_ver/v03/v0347	SES143	1.63945	15.4708	13.8314
spk_ver/v03/v0348	SES292	0.81546	15.8479	15.0325
spk_ver/v03/v0349	SES082	-5.20188	10.221	15.4229
spk_ver/v03/v0350	SES101	0.610921	16.497	15.886
spk_ver/v03/v0351	SES082	-0.555993	13.5436	14.0996
spk_ver/v03/v0352	SES082	-2.14404	10.6841	12.8281
spk_ver/v03/v0353	SES082	-3.82186	10.9842	14.8061
spk_ver/v03/v0354	SES082	-9.07085	4.20289	13.2737
spk_ver/v03/v0355	SES083	0.429359	16.9956	16.5662
spk_ver/v03/v0356	SES082	-3.17198	10.5325	13.7045
spk_ver/v03/v0357	SES082	-4.64795	9.52913	14.1771
spk_ver/v03/v0358	SES082	-2.04669	12.4048	14.4515
spk_ver/v03/v0359	SES117	0.651546	13.4965	12.845
spk_ver/v03/v0360	SES082	-6.38198	9.694	16.076
spk_ver/v03/v0361	SES082	-2.48005	11.7048	14.1849
spk_ver/v03/v0362	SES007	0.996514	15.682	14.6855
spk_ver/v03/v0363	SES082	-3.28132	11.4884	14.7698
spk_ver/v03/v0364	SES019	2.70274	16.98	14.2772
spk_ver/v03/v0365	SES082	-1.2433	12.6486	13.8919
spk_ver/v03/v0366	SES226	2.14507	17.0474	14.9023
spk_ver/v03/v0367	SES167	1.98131	17.9107	15.9294
spk_ver/v03/v0368	SES082	-3.28681	12.6628	15.9496
spk_ver/v03/v0369	SES042	3.2318	19.6114	16.3796
spk_ver/v03/v0370	SES042	2.92622	18.7888	15.8625
spk_ver/v03/v0371	SES082	-5.74289	9.14974	14.8926
spk_ver/v03/v0372	SES082	-2.17378	13.7099	15.8837
spk_ver/v03/v0373	SES082	-5.22641	10.0427	15.2691
spk_ver/v03/v0374	SES083	-1.77793	15.1853	16.9632
spk_ver/v03/v0375	SES292	0.518191	16.0389	15.5207
spk_ver/v03/v0376	SES083	-3.37042	12.0916	15.4621
spk_ver/v03/v0377	SES083	-4.03192	9.85641	13.8883
spk_ver/v03/v0378	SES083	-0.706066	13.3382	14.0443
spk_ver/v03/v0379	SES083	-1.366	13.1199	14.4858
spk_ver/v03/v0380	SES083	-3.14287	11.598	14.7408
spk_ver/v03/v0381	SES083	-4.11894	10.664	14.783
spk_ver/v03/v0382	SES148	0.0984964	16.0028	15.9043
spk_ver/v03/v0383	SES083	-1.84698	13.9016	15.7486
spk_ver/v03/v0384	SES226	1.66236	16.7986	15.1363
spk_ver/v03/v0385	SES226	2.35245	17.7574	15.4049
spk_ver/v03/v0386	SES087	1.69165	16.3907	14.6991
spk_ver/v03/v0387	SES029	1.28999	16.5587	15.2687
spk_ver/v03/v0388	SES147	1.48325	15.5195	14.0362
spk_ver/v03/v0389	SES083	-4.31253	8.8751	13.1876
spk_ver/v03/v0390	SES189	1.78597	16.0594	14.2734
spk_ver/v03/v0391	SES083	-1.52371	13.8995	15.4232
spk_ver/v03/v0392	SES083	-1.21112	15.1017	16.3128
spk_ver/v03/v0393	SES083	-3.48693	11.3894	14.8764
spk_ver/v03/v0394	SES083	-3.63318	10.3635	13.9967
spk_ver/v03/v0395	SES083	-1.80443	14.2922	16.0966
spk_ver/v03/v0396	SES014	3.07994	20.4942	17.4143
spk_ver/v03/v0397	SES085	-0.106161	17.3358	17.4419
spk_ver/v03/v0398	SES085	-1.76072	14.6844	16.4451
spk_ver/v03/v0399	SES085	-2.67952	12.4734	15.1529
spk_ver/v04/v0400	SES106	2.05893	17.2423	15.1834
spk_ver/v04/v0401	SES085	-3.88034	10.8329	14.7133
spk_ver/v04/v0402	SES085	-6.99491	4.57855	11.5735
spk_ver/v04/v0403	SES085	-0.304517	15.4409	15.7454
spk_ver/v04/v0404	SES180	1.16076	16.3742	15.2134
spk_ver/v04/v0405	SES129	1.89541	17.2808	15.3854
spk_ver/v04/v0406	SES085	-5.36756	9.40818	14.7757
spk_ver/v04/v0407	SES146	-0.0039835	13.5167	13.5207
spk_ver/v04/v0408	SES085	-1.09813	14.8535	15.9516
spk_ver/v04/v0409	SES085	-2.7789	11.207	13.9859
spk_ver/v04/v0410	SES085	-3.47571	12.4651	15.9408
spk_ver/v04/v0411	SES292	0.596135	15.1824	14.5863
spk_ver/v04/v0412	SES085	-1.69988	14.8243	16.5242
spk_ver/v04/v0413	SES125	2.35464	18.1896	15.835
spk_ver/v04/v0414	SES085	-2.32715	11.6739	14.0011
spk_ver/v04/v0415	SES085	-2.72577	13.2619	15.9877
spk_ver/v04/v0416	SES085	-1.12092	14.0908	15.2118
spk_ver/v04/v0417	SES062	1.27357	18.5094	17.2358
spk_ver/v04/v0418	SES060	1.66735	17.0585	15.3912
spk_ver/v04/v0419	SES085	-1.49678	14.145	15.6418
spk_ver/v04/v0420	SES085	-5.48485	9.80581	15.2907
spk_ver/v04/v0421	SES085	-5.23516	7.5016	12.7368
spk_ver/v04/v0422	SES085	-1.3569	12.1733	13.5302
spk_ver/v04/v0423	SES085	-4.40742	9.70286	14.1103
spk_ver/v04/v0424	SES085	-3.46096	9.0467	12.5077
spk_ver/v04/v0425	SES183	0.590986	15.0457	14.4547
spk_ver/v04/v0426	SES085	-4.30048	9.85754	14.158
spk_ver/v04/v0427	SES087	-3.16736	10.603	13.7704
spk_ver/v04/v0428	SES162	0.880874	16.0616	15.1807
spk_ver/v04/v0429	SES087	-1.34442	13.7127	15.0571
spk_ver/v04/v0430	SES087	-5.48599	10.1637	15.6497
spk_ver/v04/v0431	SES087	-4.31433	9.60669	13.921
spk_ver/v04/v0432	SES087	-3.97409	9.66017	13.6343
spk_ver/v04/v0433	SES087	-3.97307	12.168	16.1411
spk_ver/v04/v0434	SES142	2.65469	16.6921	14.0374
spk_ver/v04/v0435	SES087	-4.26132	9.75317	14.0145
spk_ver/v04/v0436	SES099	1.88136	17.3909	15.5096
spk_ver/v04/v0437	SES087	-1.27621	14.821	16.0972
spk_ver/v04/v0438	SES087	-5.11086	9.67037	14.7812
spk_ver/v04/v0439	SES087	-1.61025	14.2116	15.8218
spk_ver/v04/v0440	SES087	-3.17369	12.8153	15.989
spk_ver/v04/v0441	SES087	-5.67599	9.18678	14.8628
spk_ver/v04/v0442	SES187	1.34209	16.0332	14.6911
spk_ver/v04/v0443	SES172	1.28725	17.1532	15.866
spk_ver/v04/v0444	SES087	-2.44997	11.7111	14.1611
spk_ver/v04/v0445	SES087	-2.6673	12.5168	15.1841
spk_ver/v04/v0446	SES087	-0.73033	14.7027	15.4331
spk_ver/v04/v0447	SES087	-1.69276	13.9072	15.6
spk_ver/v04/v0448	SES106	2.49229	15.5178	13.0255
spk_ver/v04/v0449	SES146	0.845185	14.7926	13.9475
spk_ver/v04/v0450	SES087	-5.14295	9.40135	14.5443
spk_ver/v04/v0451	SES087	-2.14772	12.698	14.8457
spk_ver/v04/v0452	SES007	1.26956	15.502	14.2324
spk_ver/v04/v0453	SES087	-2.77572	11.1037	13.8794
spk_ver/v04/v0454	SES087	-6.89283	7.84899	14.7418
spk_ver/v04/v0455	SES180	1.01966	15.7711	14.7515
spk_ver/v04/v0456	SES099	-5.17997	9.6763	14.8563
spk_ver/v04/v0457	SES042	1.89638	17.7726	15.8763
spk_ver/v04/v0458	SES099	-1.07771	13.417	14.4947
spk_ver/v04/v0459	SES099	-5.24419	10.027	15.2712
spk_ver/v04/v0460	SES099	-5.21233	8.30697	13.5193
spk_ver/v04/v0461	SES099	-3.00083	13.0835	16.0843
spk_ver/v04/v0462	SES082	2.6934	18.2199	15.5266
spk_ver/v04/v0463	SES099	-0.579128	14.4588	15.0379
spk_ver/v04/v0464	SES099	0.148783	15.5701	15.4213
spk_ver/v04/v0465	SES099	-5.88568	9.10893	14.9946
spk_ver/v04/v0466	SES099	-1.12069	13.881	15.0017
spk_ver/v04/v0467	SES099	-0.282653	14.101	14.3836
spk_ver/v04/v0468	SES129	2.05228	17.4394	15.3871
spk_ver/v04/v0469	SES101	1.01964	15.5475	14.5278
spk_ver/v04/v0470	SES099	-5.13	8.80804	13.938
spk_ver/v04/v0471	SES172	1.2618	16.5423	15.2805
spk_ver/v04/v0472	SES099	-0.146355	13.7523	13.8986
spk_ver/v04/v0473	SES270	3.76201	17.5345	13.7725
spk_ver/v04/v0474	SES099	-4.59742	11.2029	15.8003
spk_ver/v04/v0475	SES099	-2.24026	13.7913	16.0315
spk_ver/v04/v0476	SES099	-3.99579	8.3251	12.3209
spk_ver/v04/v0477	SES002	2.13064	17.9917	15.8611
spk_ver/v04/v0478	SES099	-0.709816	14.1597	14.8696
spk_ver/v04/v0479	SES007	-0.293422	14.1132	14.4067
spk_ver/v04/v0480	SES101	-5.73116	9.82929	15.5604
spk_ver/v04/v0481	SES101	-3.23962	10.8157	14.0553
spk_ver/v04/v0482	SES175	0.605861	14.9145	14.3087
spk_ver/v04/v0483	SES101	-4.29413	10.3157	14.6098
spk_ver/v04/v0484	SES101	-5.53777	12.0381	17.5758
spk_ver/v04/v0485	SES101	-1.26849	12.9655	14.234
spk_ver/v04/v0486	SES101	-1.99704	11.1898	13.1868
spk_ver/v04/v0487	SES101	-1.30544	14.3325	15.6379
spk_ver/v04/v0488	SES101	-7.29747	6.60229	13.8998
spk_ver/v04/v0489	SES147	1.2625	13.3651	12.1026
spk_ver/v04/v0490	SES085	-0.777941	13.76	14.538
spk_ver/v04/v0491	SES101	-3.21468	10.3969	13.6116
spk_ver/v04/v0492	SES101	-4.59069	8.05018	12.6409
spk_ver/v04/v0493	SES101	-3.78696	12.4571	16.2441
spk_ver/v04/v0494	SES101	-2.27899	12.444	14.723
spk_ver/v04/v0495	SES101	-1.45063	15.2734	16.724
spk_ver/v04/v0496	SES101	-2.26719	13.2952	15.5624
spk_ver/v04/v0497	SES014	2.76538	20.2292	17.4638
spk_ver/v04/v0498	SES101	-3.96072	10.6856	14.6463
spk_ver/v04/v0499	SES101	-3.26775	12.6342	15.902
spk_ver/v05/v0500	SES085	0.92638	17.7842	16.8578
spk_ver/v05/v0501	SES101	-5.44808	10.0116	15.4597
spk_ver/v05/v0502	SES275	0.981939	15.0755	14.0935
spk_ver/v05/v0503	SES117	0.963638	15.031	14.0674
spk_ver/v05/v0504	SES101	-5.16185	9.64324	14.8051
spk_ver/v05/v0505	SES101	-3.35688	11.5775	14.9344
spk_ver/v05/v0506	SES101	-2.14675	12.3246	14.4713
spk_ver/v05/v0507	SES048	1.11069	17.4418	16.3311
spk_ver/v05/v0508	SES117	0.47069	13.858	13.3873
spk_ver/v05/v0509	SES202	2.09776	15.8727	13.7749
spk_ver/v05/v0510	SES104	-2.92392	9.78103	12.7049
spk_ver/v05/v0511	SES008	1.93297	15.6969	13.7639
spk_ver/v05/v0512	SES104	-1.32158	11.8076	13.1292
spk_ver/v05/v0513	SES104	-3.13849	12.3771	15.5156
spk_ver/v05/v0514	SES104	-5.07148	10.8859	15.9574
spk_ver/v05/v0515	SES104	-6.61075	9.30209	15.9128
spk_ver/v05/v0516	SES104	-2.86101	8.9206	11.7816
spk_ver/v05/v0517	SES060	1.08833	18.397	17.3087
spk_ver/v05/v0518	SES104	-5.75389	8.54827	14.3022
spk_ver/v05/v0519	SES104	-6.06436	7.43143	13.4958
spk_ver/v05/v0520	SES104	-1.11921	15.4554	16.5746
spk_ver/v05/v0521	SES008	1.31174	17.7599	16.4482
spk_ver/v05/v0522	SES068	1.53911	17.0755	15.5363
spk_ver/v05/v0523	SES087	1.87909	17.6551	15.776
spk_ver/v05/v0524	SES104	-1.25534	12.9547	14.21
spk_ver/v05/v0525	SES104	-1.04121	13.9859	15.0271
spk_ver/v05/v0526	SES104	-2.04019	13.2816	15.3218
spk_ver/v05/v0527	SES083	0.738874	16.2038	15.4649
spk_ver/v05/v0528	SES148	1.57983	15.5844	14.0046
spk_ver/v05/v0529	SES104	-3.21261	10.7404	13.953
spk_ver/v05/v0530	SES104	-5.55664	9.26	14.8166
spk_ver/v05/v0531	SES125	1.63886	16.744	15.1051
spk_ver/v05/v0532	SES104	-6.1874	8.24242	14.4298
spk_ver/v05/v0533	SES149	2.37046	19.3799	17.0094
spk_ver/v05/v0534	SES104	-4.59657	10.955	15.5515
spk_ver/v05/v0535	SES187	0.8164	14.901	14.0846
spk_ver/v05/v0536	SES104	-2.30904	12.6959	15.005
spk_ver/v05/v0537	SES104	-2.85088	11.1065	13.9574
spk_ver/v05/v0538	SES167	1.93818	17.2222	15.284
spk_ver/v05/v0539	SES104	-1.85677	10.2987	12.1555
spk_ver/v05/v0540	SES104	-6.32747	11.1928	17.5202
spk_ver/v05/v0541	SES183	1.67625	14.6071	12.9309
spk_ver/v05/v0542	SES104	-1.64092	12.7179	14.3588
spk_ver/v05/v0543	SES104	-5.77216	9.87619	15.6484
spk_ver/v05/v0544	SES105	-4.68702	10.8049	15.4919
spk_ver/v05/v0545	SES105	-2.62369	12.0445	14.6682
spk_ver/v05/v0546	SES105	-4.04828	10.5145	14.5628
spk_ver/v05/v0547	SES105	-4.11729	9.85954	13.9768
spk_ver/v05/v0548	SES019	3.64765	17.3063	13.6586
spk_ver/v05/v0549	SES105	-2.56114	12.543	15.1042
spk_ver/v05/v0550	SES105	-4.58306	8.94337	13.5264
spk_ver/v05/v0551	SES202	2.23491	14.2989	12.064
spk_ver/v05/v0552	SES105	-4.37273	10.8009	15.1737
spk_ver/v05/v0553	SES105	-1.78184	13.6563	15.4382
spk_ver/v05/v0554	SES105	-2.20658	13.6393	15.8459
spk_ver/v05/v0555	SES105	-3.25835	10.4192	13.6775
spk_ver/v05/v0556	SES082	1.0048	16.5649	15.5601
spk_ver/v05/v0557	SES105	-4.8251	10.8286	15.6537
spk_ver/v05/v0558	SES014	1.368	17.3985	16.0305
spk_ver/v05/v0559	SES105	-2.51828	12.9767	15.495
spk_ver/v05/v0560	SES177	0.0632172	15.5135	15.4503
spk_ver/v05/v0561	SES189	3.33495	11.8991	8.56419
spk_ver/v05/v0562	SES105	-3.57678	9.68143	13.2582
spk_ver/v05/v0563	SES099	2.00173	15.2159	13.2142
spk_ver/v05/v0564	SES105	-2.53838	13.5807	16.1191
spk_ver/v05/v0565	SES105	-3.80723	10.4863	14.2935
spk_ver/v05/v0566	SES105	-5.33502	8.80785	14.1429
spk_ver/v05/v0567	SES142	2.00777	15.5635	13.5557
spk_ver/v05/v0568	SES048	0.619933	15.0551	14.4351
spk_ver/v05/v0569	SES105	-4.0849	11.5829	15.6678
spk_ver/v05/v0570	SES105	-1.9269	13.2817	15.2086
spk_ver/v05/v0571	SES105	-3.39513	10.8753	14.2705
spk_ver/v05/v0572	SES105	-5.42405	7.53178	12.9558
spk_ver/v05/v0573	SES105	-5.42196	8.06247	13.4844
spk_ver/v05/v0574	SES105	-1.01543	14.1748	15.1902
spk_ver/v05/v0575	SES105	-0.729014	14.0288	14.7578
spk_ver/v05/v0576	SES106	-4.64015	9.42728	14.0674
spk_ver/v05/v0577	SES106	-5.56784	8.72629	14.2941
spk_ver/v05/v0578	SES106	-4.70999	10.97	15.68
spk_ver/v05/v0579	SES106	-4.94042	9.97862	14.919
spk_ver/v05/v0580	SES106	-2.032	14.2107	16.2427
spk_ver/v05/v0581	SES106	-7.41961	7.56846	14.9881
spk_ver/v05/v0582	SES106	-1.84427	11.3815	13.2258
spk_ver/v05/v0583	SES106	-1.45872	14.4333	15.892
spk_ver/v05/v0584	SES106	-4.61863	8.94694	13.5656
spk_ver/v05/v0585	SES106	0.0755758	11.9821	11.9066
spk_ver/v05/v0586	SES106	-4.49968	9.8976	14.3973
spk_ver/v05/v0587	SES106	-3.3857	9.91475	13.3004
spk_ver/v05/v0588	SES106	-5.50382	10.2986	15.8025
spk_ver/v05/v0589	SES106	-5.83216	10.3194	16.1516
spk_ver/v05/v0590	SES082	1.24423	15.4992	14.2549
spk_ver/v05/v0591	SES180	0.877776	16.1121	15.2343
spk_ver/v05/v0592	SES106	-2.13507	12.1807	14.3158
spk_ver/v05/v0593	SES106	-6.31157	7.80259	14.1142
spk_ver/v05/v0594	SES292	0.627141	16.1358	15.5086
spk_ver/v05/v0595	SES106	-1.4528	13.2263	14.6791
spk_ver/v05/v0596	SES106	-5.58098	9.61983	15.2008
spk_ver/v05/v0597	SES106	-6.03021	8.61605	14.6463
spk_ver/v05/v0598	SES042	2.13606	17.6206	15.4846
spk_ver/v05/v0599	SES106	-5.97314	7.93139	13.9045
spk_ver/v06/v0600	SES106	-0.194697	12.3428	12.5375
spk_ver/v06/v0601	SES106	-2.15358	11.6296	13.7832
spk_ver/v06/v0602	SES106	-3.67791	11.1131	14.791
spk_ver/v06/v0603	SES106	-4.45566	9.95958	14.4152
spk_ver/v06/v0604	SES106	-4.48621	10.0196	14.5058
spk_ver/v06/v0605	SES106	-5.9418	8.04682	13.9886
spk_ver/v06/v0606	SES048	2.10601	17.933	15.8269
spk_ver/v06/v0607	SES167	2.46864	18.6889	16.2203
spk_ver/v06/v0608	SES106	-4.75573	9.78132	14.5371
spk_ver/v06/v0609	SES143	1.60058	15.9475	14.3469
spk_ver/v06/v0610	SES106	-8.6864	4.67965	13.366
spk_ver/v06/v0611	SES106	-3.61828	11.0289	14.6471
spk_ver/v06/v0612	SES106	-5.99109	7.93926	13.9304
spk_ver/v06/v0613	SES117	-1.09084	14.5633	15.6542
spk_ver/v06/v0614	SES117	-4.03468	11.1829	15.2176
spk_ver/v06/v0615	SES117	-1.96524	12.6572	14.6225
spk_ver/v06/v0616	SES106	2.65573	18.9917	16.336
spk_ver/v06/v0617	SES142	2.54576	14.646	12.1002
spk_ver/v06/v0618	SES048	1.82565	17.7253	15.8997
spk_ver/v06/v0619	SES175	0.440932	14.8501	14.4092
spk_ver/v06/v0620	SES180	1.08214	17.177	16.0949
spk_ver/v06/v0621	SES117	-0.837644	12.0723	12.9099
spk_ver/v06/v0622	SES029	0.63057	15.8375	15.2069
spk_ver/v06/v0623	SES117	-1.92535	13.2461	15.1714
spk_ver/v06/v0624	SES117	-3.97602	10.1805	14.1565
spk_ver/v06/v0625	SES117	-1.63046	11.6516	13.282
spk_ver/v06/v0626	SES106	1.65374	16.6003	14.9466
spk_ver/v06/v0627	SES226	2.48334	17.8859	15.4026
spk_ver/v06/v0628	SES117	-0.699428	14.7405	15.4399
spk_ver/v06/v0629	SES117	-3.40354	13.1065	16.51
spk_ver/v06/v0630	SES117	-3.91061	10.7005	14.6111
spk_ver/v06/v0631	SES117	-4.64309	7.5313	12.1744
spk_ver/v06/v0632	SES117	-1.83595	14.1166	15.9525
spk_ver/v06/v0633	SES099	3.14723	17.293	14.1457
spk_ver/v06/v0634	SES105	1.9526	16.0446	14.092
spk_ver/v06/v0635	SES167	0.729644	16.3627	15.633
spk_ver/v06/v0636	SES117	-0.622564	14.4059	15.0285
spk_ver/v06/v0637	SES202	1.75416	15.3192	13.565
spk_ver/v06/v0638	SES117	-2.91295	12.492	15.405
spk_ver/v06/v0639	SES167	1.32992	15.1212	13.7913
spk_ver/v06/v0640	SES117	-1.93788	13.128	15.0659
spk_ver/v06/v0641	SES117	-3.59548	11.3384	14.9339
spk_ver/v06/v0642	SES101	1.03314	16.8874	15.8543
spk_ver/v06/v0643	SES068	1.33689	17.3191	15.9822
spk_ver/v06/v0644	SES120	-2.69352	10.66	13.3535
spk_ver/v06/v0645	SES120	-1.30346	12.6262	13.9297
spk_ver/v06/v0646	SES172	0.717295	15.4902	14.7729
spk_ver/v06/v0647	SES120	-3.44773	12.7184	16.1661
spk_ver/v06/v0648	SES120	-0.536635	15.3037	15.8403
spk_ver/v06/v0649	SES120	-2.19924	9.74695	11.9462
spk_ver/v06/v0650	SES087	1.96917	17.0364	15.0673
spk_ver/v06/v0651	SES120	-1.61831	12.6321	14.2504
spk_ver/v06/v0652	SES104	0.912083	14.0921	13.18
spk_ver/v06/v0653	SES129	1.70855	17.5957	15.8872
spk_ver/v06/v0654	SES120	-2.97109	11.197	14.1681
spk_ver/v06/v0655	SES120	-1.38144	11.5214	12.9028
spk_ver/v06/v0656	SES120	-2.07597	13.3795	15.4555
spk_ver/v06/v0657	SES147	0.584407	13.7976	13.2132
spk_ver/v06/v0658	SES120	-2.38464	11.952	14.3367
spk_ver/v06/v0659	SES120	-2.33413	13.2282	15.5623
spk_ver/v06/v0660	SES120	-1.50844	13.6722	15.1807
spk_ver/v06/v0661	SES120	-2.08132	10.6775	12.7588
spk_ver/v06/v0662	SES120	-2.07999	14.1959	16.2759
spk_ver/v06/v0663	SES120	-2.48901	10.6281	13.1171
spk_ver/v06/v0664	SES147	1.21243	15.7562	14.5438
spk_ver/v06/v0665	SES162	1.58758	16.2856	14.6981
spk_ver/v06/v0666	SES120	-1.86074	13.5239	15.3846
spk_ver/v06/v0667	SES120	-0.928006	14.5439	15.4719
spk_ver/v06/v0668	SES120	1.3028	16.1134	14.8106
spk_ver/v06/v0669	SES142	2.04236	16.1493	14.1069
spk_ver/v06/v0670	SES106	2.72281	18.0715	15.3487
spk_ver/v06/v0671	SES183	1.89414	15.1206	13.2264
spk_ver/v06/v0672	SES120	-0.537259	12.7026	13.2399
spk_ver/v06/v0673	SES029	-0.105962	14.9857	15.0917
spk_ver/v06/v0674	SES120	-1.6662	12.4331	14.0993
spk_ver/v06/v0675	SES008	2.26681	17.6913	15.4245
spk_ver/v06/v0676	SES125	-4.88624	7.67629	12.5625
spk_ver/v06/v0677	SES143	0.994143	14.7038	13.7096
spk_ver/v06/v0678	SES125	-6.15395	7.46688	13.6208
spk_ver/v06/v0679	SES162	0.77536	15.2757	14.5003
spk_ver/v06/v0680	SES125	-3.04572	11.85	14.8957
spk_ver/v06/v0681	SES125	-2.48363	12.052	14.5356
spk_ver/v06/v0682	SES125	-5.6005	11.1289	16.7294
spk_ver/v06/v0683	SES226	1.56489	16.634	15.0691
spk_ver/v06/v0684	SES125	-3.7634	9.89136	13.6548
spk_ver/v06/v0685	SES125	-5.79919	8.33424	14.1334
spk_ver/v06/v0686	SES120	1.22124	16.7115	15.4902
spk_ver/v06/v0687	SES125	-4.54918	8.08882	12.638
spk_ver/v06/v0688	SES158	2.02647	15.8176	13.7912
spk_ver/v06/v0689	SES125	-6.97872	7.96789	14.9466
spk_ver/v06/v0690	SES105	1.91541	15.986	14.0705
spk_ver/v06/v0691	SES125	-1.75021	12.3604	14.1106
spk_ver/v06/v0692	SES125	-2.87914	12.2753	15.1545
spk_ver/v06/v0693	SES180	1.772	16.8528	15.0808
spk_ver/v06/v0694	SES125	-7.46048	7.86051	15.321
spk_ver/v06/v0695	SES125	-3.70063	11.8993	15.5999
spk_ver/v06/v0696	SES125	-7.2074	9.41699	16.6244
spk_ver/v06/v0697	SES125	-6.92786	6.94516	13.873
spk_ver/v06/v0698	SES083	0.504061	17.2054	16.7014
spk_ver/v06/v0699	SES125	-4.76643	10.414	15.1804
spk_ver/v07/v0700	SES014	2.00033	18.8973	16.897
spk_ver/v07/v0701	SES125	-4.64735	12.2426	16.8899
spk_ver/v07/v0702	SES127	-1.44077	14.252	15.6927
spk_ver/v07/v0703	SES127	-1.25224	11.9649	13.2171
spk_ver/v07/v0704	SES206	2.04613	17.9545	15.9083
spk_ver/v07/v0705	SES127	-2.77444	11.9053	14.6797
spk_ver/v07/v0706	SES127	-1.86759	14.6935	16.5611
spk_ver/v07/v0707	SES127	-4.60477	10.4908	15.0956
spk_ver/v07/v0708	SES275	0.82958	16.0492	15.2196
spk_ver/v07/v0709	SES127	-3.37344	11.7401	15.1136
spk_ver/v07/v0710	SES105	1.45189	15.1959	13.744
spk_ver/v07/v0711	SES127	-2.48192	10.9467	13.4286
spk_ver/v07/v0712	SES127	-3.13192	11.5536	14.6855
spk_ver/v07/v0713	SES127	-3.11913	10.2993	13.4185
spk_ver/v07/v0714	SES019	5.49633	18.0008	12.5045
spk_ver/v07/v0715	SES127	-3.94852	8.80193	12.7505
spk_ver/v07/v0716	SES148	1.27886	15.4925	14.2136
spk_ver/v07/v0717	SES162	1.24929	16.6571	15.4078
spk_ver/v07/v0718	SES189	0.644728	14.3693	13.7246
spk_ver/v07/v0719	SES149	0.650661	17.3248	16.6742
spk_ver/v07/v0720	SES175	1.06796	16.2313	15.1634
spk_ver/v07/v0721	SES127	-3.7286	11.1966	14.9252
spk_ver/v07/v0722	SES127	-1.23209	13.6337	14.8658
spk_ver/v07/v0723	SES127	-3.1757	12.213	15.3887
spk_ver/v07/v0724	SES127	-2.15005	13.9839	16.134
spk_ver/v07/v0725	SES127	-2.71661	11.6042	14.3208
spk_ver/v07/v0726	SES259	2.70258	18.2139	15.5113
spk_ver/v07/v0727	SES127	-2.24716	12.7288	14.976
spk_ver/v07/v0728	SES127	-1.04194	15.6876	16.7296
spk_ver/v07/v0729	SES127	-4.85796	8.75206	13.61
spk_ver/v07/v0730	SES127	-2.97899	10.5003	13.4793
spk_ver/v07/v0731	SES129	-2.88448	13.9379	16.8224
spk_ver/v07/v0732	SES129	-1.9566	12.6267	14.5833
spk_ver/v07/v0733	SES129	-4.74613	8.61478	13.3609
spk_ver/v07/v0734	SES129	-7.16651	6.42673	13.5932
spk_ver/v07/v0735	SES183	1.23658	15.5941	14.3575
spk_ver/v07/v0736	SES129	-3.16288	11.0581	14.221
spk_ver/v07/v0737	SES129	-2.93337	11.7409	14.6743
spk_ver/v07/v0738	SES129	-6.11531	7.98931	14.1046
spk_ver/v07/v0739	SES129	-3.72569	10.4724	14.1981
spk_ver/v07/v0740	SES167	0.213131	16.061	15.8479
spk_ver/v07/v0741	SES129	-2.79156	11.0157	13.8073
spk_ver/v07/v0742	SES129	-4.00097	13.4676	17.4685
spk_ver/v07/v0743	SES129	-2.91854	12.5071	15.4257
spk_ver/v07/v0744	SES129	-4.6318	8.68195	13.3138
spk_ver/v07/v0745	SES180	1.94645	17.1404	15.1939
spk_ver/v07/v0746	SES129	-2.28191	14.0646	16.3465
spk_ver/v07/v0747	SES292	-0.118151	15.6238	15.7419
spk_ver/v07/v0748	SES202	1.4015	14.5348	13.1333
spk_ver/v07/v0749	SES270	1.1752	15.8456	14.6704
spk_ver/v07/v0750	SES129	-4.16971	12.9632	17.1329
spk_ver/v07/v0751	SES129	-5.27438	10.8342	16.1086
spk_ver/v07/v0752	SES060	0.215345	15.2149	14.9995
spk_ver/v07/v0753	SES129	-3.03861	11.6573	14.6959
spk_ver/v07/v0754	SES129	-6.33606	5.86827	12.2043
spk_ver/v07/v0755	SES129	-4.29949	10.4897	14.7892
spk_ver/v07/v0756	SES175	0.779827	14.752	13.9722
spk_ver/v07/v0757	SES129	-4.91492	7.91961	12.8345
spk_ver/v07/v0758	SES129	-4.82905	7.84825	12.6773
spk_ver/v07/v0759	SES129	-4.64757	11.0442	15.6918
spk_ver/v07/v0760	SES129	-3.40118	12.3834	15.7846
spk_ver/v07/v0761	SES129	-4.24339	12.1647	16.4081
spk_ver/v07/v0762	SES172	0.301264	15.8556	15.5543
spk_ver/v07/v0763	SES129	-4.87432	7.70211	12.5764
spk_ver/v07/v0764	SES129	-3.7062	12.327	16.0332
spk_ver/v07/v0765	SES175	0.889638	15.8443	14.9546
spk_ver/v07/v0766	SES129	-3.67294	12.5776	16.2505
spk_ver/v07/v0767	SES129	-3.24527	10.9944	14.2397
spk_ver/v07/v0768	SES042	2.38292	18.2295	15.8466
spk_ver/v07/v0769	SES099	1.67412	15.6597	13.9855
spk_ver/v07/v0770	SES142	-3.03372	11.0588	14.0925
spk_ver/v07/v0771	SES142	-2.17056	13.8056	15.9762
spk_ver/v07/v0772	SES101	1.62544	17.8749	16.2495
spk_ver/v07/v0773	SES142	-8.07557	4.94558	13.0211
spk_ver/v07/v0774	SES142	-5.52073	7.35797	12.8787
spk_ver/v07/v0775	SES142	-2.24624	12.7856	15.0318
spk_ver/v07/v0776	SES142	-3.44802	13.2151	16.6631
spk_ver/v07/v0777	SES142	-5.31504	8.94394	14.259
spk_ver/v07/v0778	SES142	-1.82292	11.4675	13.2904
spk_ver/v07/v0779	SES142	-9.51989	5.15115	14.671
spk_ver/v07/v0780	SES142	-4.82841	6.50717	11.3356
spk_ver/v07/v0781	SES142	-9.19396	5.39425	14.5882
spk_ver/v07/v0782	SES101	0.901578	15.5951	14.6935
spk_ver/v07/v0783	SES142	-4.69958	9.11145	13.811
spk_ver/v07/v0784	SES187	1.77876	16.3179	14.5392
spk_ver/v07/v0785	SES143	1.02584	13.1467	12.1209
spk_ver/v07/v0786	SES142	-4.76858	11.4787	16.2473
spk_ver/v07/v0787	SES144	0.839902	15.9301	15.0902
spk_ver/v07/v0788	SES275	0.619081	14.9578	14.3388
spk_ver/v07/v0789	SES142	-3.4554	11.7042	15.1596
spk_ver/v07/v0790	SES099	2.68582	18.2275	15.5417
spk_ver/v07/v0791	SES142	-6.98438	6.79627	13.7807
spk_ver/v07/v0792	SES142	-5.07105	12.5513	17.6224
spk_ver/v07/v0793	SES142	-6.34848	7.87267	14.2212
spk_ver/v07/v0794	SES014	1.85303	18.2802	16.4272
spk_ver/v07/v0795	SES142	-7.07113	8.23657	15.3077
spk_ver/v07/v0796	SES142	-3.66102	12.0756	15.7366
spk_ver/v07/v0797	SES143	-1.20451	14.1699	15.3744
spk_ver/v07/v0798	SES206	1.49235	17.9357	16.4433
spk_ver/v07/v0799	SES143	-3.03773	8.79229	11.83
spk_ver/v08/v0800	SES143	-1.78271	12.2411	14.0238
spk_ver/v08/v0801	SES143	-2.27257	14.3932	16.6658
spk_ver/v08/v0802	SES143	-2.58052	10.3674	12.9479
spk_ver/v08/v0803	SES143	-1.7519	12.1465	13.8984
spk_ver/v08/v0804	SES143	-1.92441	10.371	12.2954
spk_ver/v08/v0805	SES143	-2.34969	11.3379	13.6876
spk_ver/v08/v0806	SES143	-2.88804	10.4201	13.3081
spk_ver/v08/v0807	SES177	-0.250278	14.297	14.5472
spk_ver/v08/v0808	SES149	0.980827	17.1979	16.2171
spk_ver/v08/v0809	SES143	-4.24208	11.3507	15.5928
spk_ver/v08/v0810	SES158	1.83859	15.5752	13.7366
spk_ver/v08/v0811	SES143	-2.10674	11.0049	13.1117
spk_ver/v08/v0812	SES062	1.89182	19.592	17.7002
spk_ver/v08/v0813	SES259	2.2706	18.0215	15.7509
spk_ver/v08/v0814	SES143	-4.6719	11.6135	16.2854
spk_ver/v08/v0815	SES143	-2.82186	11.6748	14.4967
spk_ver/v08/v0816	SES143	-1.59062	13.726	15.3166
spk_ver/v08/v0817	SES144	0.453166	15.9888	15.5356
spk_ver/v08/v0818	SES143	-2.55012	12.2324	14.7825
spk_ver/v08/v0819	SES143	-2.72574	12.4966	15.2224
spk_ver/v08/v0820	SES143	-1.70094	14.1765	15.8775
spk_ver/v08/v0821	SES143	-1.93729	13.0815	15.0188
spk_ver/v08/v0822	SES143	-3.32031	11.3141	14.6344
spk_ver/v08/v0823	SES104	2.15853	17.9785	15.8199
spk_ver/v08/v0824	SES143	-4.07106	11.1145	15.1856
spk_ver/v08/v0825	SES143	-2.27679	11.9947	14.2715
spk_ver/v08/v0826	SES144	-4.03888	10.9014	14.9403
spk_ver/v08/v0827	SES144	-2.02687	13.2477	15.2745
spk_ver/v08/v0828	SES144	-1.05012	15.2332	16.2833
spk_ver/v08/v0829	SES172	0.579489	15.5204	14.9409
spk_ver/v08/v0830	SES144	-0.57233	13.9216	14.4939
spk_ver/v08/v0831	SES183	1.68422	16.1192	14.435
spk_ver/v08/v0832	SES144	-4.99076	8.62137	13.6121
spk_ver/v08/v0833	SES144	-4.63934	10.5599	15.1992
spk_ver/v08/v0834	SES144	-1.5109	12.9706	14.4815
spk_ver/v08/v0835	SES144	-2.81665	11.3587	14.1754
spk_ver/v08/v0836	SES144	-2.39301	12.4693	14.8623
spk_ver/v08/v0837	SES144	-2.24269	14.2915	16.5342
spk_ver/v08/v0838	SES144	-3.76818	10.4471	14.2153
spk_ver/v08/v0839	SES085	0.790997	16.6516	15.8606
spk_ver/v08/v0840	SES144	-0.506736	14.4235	14.9302
spk_ver/v08/v0841	SES144	-4.22956	7.78104	12.0106
spk_ver/v08/v0842	SES144	-3.88315	11.4485	15.3317
spk_ver/v08/v0843	SES144	-1.03558	14.3866	15.4222
spk_ver/v08/v0844	SES144	-3.29724	11.937	15.2343
spk_ver/v08/v0845	SES144	-3.89616	13.2217	17.1178
spk_ver/v08/v0846	SES104	1.3215	16.2526	14.9311
spk_ver/v08/v0847	SES144	-3.81233	10.917	14.7293
spk_ver/v08/v0848	SES144	-2.86299	11.0225	13.8855
spk_ver/v08/v0849	SES144	-6.16673	8.70149	14.8682
spk_ver/v08/v0850	SES144	-3.28255	12.0608	15.3434
spk_ver/v08/v0851	SES144	-1.93574	12.8135	14.7493
spk_ver/v08/v0852	SES144	-0.740168	15.4431	16.1833
spk_ver/v08/v0853	SES144	-5.53943	8.73421	14.2736
spk_ver/v08/v0854	SES144	-1.78127	13.6853	15.4666
spk_ver/v08/v0855	SES144	-0.302271	16.3339	16.6362
spk_ver/v08/v0856	SES082	0.108975	12.689	12.58
spk_ver/v08/v0857	SES142	2.11568	16.7284	14.6127
spk_ver/v08/v0858	SES144	-1.08353	12.521	13.6045
spk_ver/v08/v0859	SES144	-1.4449	13.0789	14.5238
spk_ver/v08/v0860	SES146	-4.5533	9.73137	14.2847
spk_ver/v08/v0861	SES146	-3.90238	10.1576	14.06
spk_ver/v08/v0862	SES146	-4.4489	9.49349	13.9424
spk_ver/v08/v0863	SES146	-1.86843	11.4714	13.3398
spk_ver/v08/v0864	SES146	-3.61779	12.1382	15.756
spk_ver/v08/v0865	SES008	2.41512	16.9263	14.5112
spk_ver/v08/v0866	SES142	1.43924	15.8256	14.3863
spk_ver/v08/v0867	SES146	-3.60898	11.5367	15.1457
spk_ver/v08/v0868	SES082	2.51951	18.7991	16.2796
spk_ver/v08/v0869	SES146	-1.99581	13.2324	15.2282
spk_ver/v08/v0870	SES146	-4.22502	8.0246	12.2496
spk_ver/v08/v0871	SES146	-4.51551	9.98022	14.4957
spk_ver/v08/v0872	SES146	-4.03236	8.09665	12.129
spk_ver/v08/v0873	SES082	1.77593	18.3089	16.533
spk_ver/v08/v0874	SES146	-3.42966	11.5287	14.9583
spk_ver/v08/v0875	SES144	0.200092	14.5318	14.3317
spk_ver/v08/v0876	SES146	-2.85153	14.367	17.2186
spk_ver/v08/v0877	SES146	-3.54681	10.6271	14.1739
spk_ver/v08/v0878	SES146	-3.02675	11.9888	15.0156
spk_ver/v08/v0879	SES146	-2.26299	12.5299	14.7929
spk_ver/v08/v0880	SES146	-2.6279	11.0998	13.7277
spk_ver/v08/v0881	SES143	1.39643	14.6508	13.2543
spk_ver/v08/v0882	SES146	-1.30153	14.7736	16.0751
spk_ver/v08/v0883	SES147	-1.6271	14.2343	15.8614
spk_ver/v08/v0884	SES147	-1.28457	14.0376	15.3222
spk_ver/v08/v0885	SES016	1.82694	17.7198	15.8929
spk_ver/v08/v0886	SES147	-1.57191	12.8349	14.4068
spk_ver/v08/v0887	SES147	-2.93449	11.8905	14.825
spk_ver/v08/v0888	SES147	-2.87378	10.4593	13.3331
spk_ver/v08/v0889	SES019	2.0151	16.0068	13.9917
spk_ver/v08/v0890	SES147	-2.22765	11.6402	13.8678
spk_ver/v08/v0891	SES147	-2.50236	12.8277	15.33
spk_ver/v08/v0892	SES147	-1.66477	12.0872	13.7519
spk_ver/v08/v0893	SES270	2.80319	15.1127	12.3095
spk_ver/v08/v0894	SES029	0.742537	15.7095	14.9669
spk_ver/v08/v0895	SES147	-2.77143	10.8794	13.6508
spk_ver/v08/v0896	SES117	0.816174	14.2808	13.4646
spk_ver/v08/v0897	SES183	2.24647	13.7254	11.4789
spk_ver/v08/v0898	SES147	-4.74162	11.109	15.8506
spk_ver/v08/v0899	SES147	-3.78543	9.52448	13.3099
spk_ver/v09/v0900	SES087	1.44734	16.5344	15.0871
spk_ver/v09/v0901	SES147	-6.31066	7.6766	13.9873
spk_ver/v09/v0902	SES147	-3.74839	10.057	13.8054
spk_ver/v09/v0903	SES147	-1.58592	12.7321	14.318
spk_ver/v09/v0904	SES147	-2.80211	12.5804	15.3825
spk_ver/v09/v0905	SES143	1.14679	15.0512	13.9045
spk_ver/v09/v0906	SES149	0.300579	16.9883	16.6877
spk_ver/v09/v0907	SES148	-1.6785	13.4587	15.1372
spk_ver/v09/v0908	SES148	-0.988256	14.4405	15.4287
spk_ver/v09/v0909	SES106	3.30836	16.1364	12.8281
spk_ver/v09/v0910	SES148	-0.795771	12.2596	13.0554
spk_ver/v09/v0911	SES148	-3.05424	11.7215	14.7758
spk_ver/v09/v0912	SES142	0.565085	15.7256	15.1605
spk_ver/v09/v0913	SES148	-3.18115	10.1414	13.3226
spk_ver/v09/v0914	SES148	-3.65272	11.3398	14.9926
spk_ver/v09/v0915	SES148	-3.16472	9.9323	13.097
spk_ver/v09/v0916	SES148	-2.71466	10.5921	13.3067
spk_ver/v09/v0917	SES148	1.3895	15.9477	14.5582
spk_ver/v09/v0918	SES148	-1.16956	13.9494	15.1189
spk_ver/v09/v0919	SES270	1.99671	15.5689	13.5721
spk_ver/v09/v0920	SES148	-2.06836	13.3509	15.4192
spk_ver/v09/v0921	SES148	-3.644	11.461	15.105
spk_ver/v09/v0922	SES129	1.52773	17.7358	16.2081
spk_ver/v09/v0923	SES117	1.20429	16.4348	15.2305
spk_ver/v09/v0924	SES042	3.29017	19.098	15.8079
spk_ver/v09/v0925	SES148	-4.32945	9.16289	13.4923
spk_ver/v09/v0926	SES148	-6.01687	6.74487	12.7617
spk_ver/v09/v0927	SES144	0.960546	16.0615	15.1009
spk_ver/v09/v0928	SES007	1.67917	16.5218	14.8426
spk_ver/v09/v0929	SES148	-2.15516	14.9672	17.1224
spk_ver/v09/v0930	SES148	-1.33975	14.4698	15.8096
spk_ver/v09/v0931	SES148	-2.78074	11.0349	13.8156
spk_ver/v09/v0932	SES202	1.56778	16.5709	15.0031
spk_ver/v09/v0933	SES148	-0.754696	15.5013	16.256
spk_ver/v09/v0934	SES148	-4.02035	11.0537	15.0741
spk_ver/v09/v0935	SES060	1.26307	17.4636	16.2006
spk_ver/v09/v0936	SES060	1.05251	16.3012	15.2486
spk_ver/v09/v0937	SES148	-2.12573	13.8003	15.926
spk_ver/v09/v0938	SES148	-1.49675	14.341	15.8378
spk_ver/v09/v0939	SES148	-3.38785	12.3404	15.7283
spk_ver/v09/v0940	SES148	-2.94358	12.6924	15.636
spk_ver/v09/v0941	SES149	-3.59725	9.91033	13.5076
spk_ver/v09/v0942	SES149	-3.44749	12.834	16.2815
spk_ver/v09/v0943	SES149	-1.41919	13.5584	14.9776
spk_ver/v09/v0944	SES149	-2.88665	11.1586	14.0452
spk_ver/v09/v0945	SES105	1.25562	16.0538	14.7982
spk_ver/v09/v0946	SES149	-4.11591	11.8015	15.9174
spk_ver/v09/v0947	SES149	-3.10114	10.5646	13.6658
spk_ver/v09/v0948	SES149	-4.02347	11.6376	15.6611
spk_ver/v09/v0949	SES149	-1.85646	14.8734	16.7298
spk_ver/v09/v0950	SES226	1.39375	17.4996	16.1059
spk_ver/v09/v0951	SES149	-3.0533	10.868	13.9213
spk_ver/v09/v0952	SES149	-4.44079	8.52616	12.967
spk_ver/v09/v0953	SES062	1.82743	17.8381	16.0107
spk_ver/v09/v0954	SES149	-3.24246	11.3556	14.5981
spk_ver/v09/v0955	SES048	0.138985	16.3322	16.1932
spk_ver/v09/v0956	SES158	-1.85289	13.4614	15.3143
spk_ver/v09/v0957	SES158	-6.74725	7.55993	14.3072
spk_ver/v09/v0958	SES158	-1.47647	14.9489	16.4254
spk_ver/v09/v0959	SES158	-2.98592	11.4844	14.4703
spk_ver/v09/v0960	SES158	-4.60387	8.98827	13.5921
spk_ver/v09/v0961	SES147	1.14892	14.9923	13.8434
spk_ver/v09/v0962	SES158	-7.73865	6.54042	14.2791
spk_ver/v09/v0963	SES292	0.684965	16.3329	15.6479
spk_ver/v09/v0964	SES060	1.47264	17.8841	16.4115
spk_ver/v09/v0965	SES002	1.51406	16.357	14.8429
spk_ver/v09/v0966	SES149	1.83335	18.726	16.8927
spk_ver/v09/v0967	SES158	-6.71275	8.171	14.8838
spk_ver/v09/v0968	SES158	-4.10297	9.15189	13.2549
spk_ver/v09/v0969	SES275	-0.0439472	13.7727	13.8167
spk_ver/v09/v0970	SES158	-5.20077	10.7518	15.9525
spk_ver/v09/v0971	SES158	-4.15499	10.545	14.7
spk_ver/v09/v0972	SES002	1.44505	17.1177	15.6726
spk_ver/v09/v0973	SES158	-5.31469	9.82146	15.1362
spk_ver/v09/v0974	SES202	1.0859	15.2696	14.1837
spk_ver/v09/v0975	SES158	-6.77078	6.80427	13.575
spk_ver/v09/v0976	SES158	-0.80061	14.8751	15.6757
spk_ver/v09/v0977	SES162	-2.44099	13.4801	15.9211
spk_ver/v09/v0978	SES162	-4.91109	7.98797	12.8991
spk_ver/v09/v0979	SES162	-6.15169	8.43217	14.5839
spk_ver/v09/v0980	SES162	-1.71149	12.2248	13.9363
spk_ver/v09/v0981	SES162	-3.25691	9.44816	12.7051
spk_ver/v09/v0982	SES259	3.35124	18.5301	15.1789
spk_ver/v09/v0983	SES162	-4.21781	6.43387	10.6517
spk_ver/v09/v0984	SES162	-1.65546	14.6101	16.2655
spk_ver/v09/v0985	SES162	-1.51765	13.4458	14.9635
spk_ver/v09/v0986	SES062	1.45178	18.3079	16.8561
spk_ver/v09/v0987	SES162	-1.01501	13.6679	14.6829
spk_ver/v09/v0988	SES162	-4.48215	10.3291	14.8112
spk_ver/v09/v0989	SES162	-5.48614	7.11777	12.6039
spk_ver/v09/v0990	SES162	-3.79327	12.3908	16.1841
spk_ver/v09/v0991	SES087	1.52792	16.6993	15.1714
spk_ver/v09/v0992	SES120	0.229154	14.1575	13.9283
spk_ver/v09/v0993	SES162	-4.3739	11.3002	15.6741
spk_ver/v09/v0994	SES162	-2.14829	13.5268	15.6751
spk_ver/v09/v0995	SES162	-5.19028	11.5442	16.7345
spk_ver/v09/v0996	SES162	-3.01154	14.6354	17.647
spk_ver/v09/v0997	SES162	-4.64212	10.025	14.6671
spk_ver/v09/v0998	SES162	-3.3146	9.74733	13.0619
spk_ver/v09/v0999	SES162	-2.47068	15.7353	18.206
spk_ver/v10/v1000	SES162	-5.02088	9.90868	14.9296
spk_ver/v10/v1001	SES148	1.72647	14.925	13.1985
spk_ver/v10/v1002	SES162	-1.4203	12.1842	13.6045
spk_ver/v10/v1003	SES162	-2.20098	14.1192	16.3202
spk_ver/v10/v1004	SES162	-2.38974	11.3552	13.745
spk_ver/v10/v1005	SES162	-4.70232	9.38961	14.0919
spk_ver/v10/v1006	SES162	-4.35674	10.8236	15.1804
spk_ver/v10/v1007	SES162	-1.91698	11.8163	13.7332
spk_ver/v10/v1008	SES162	-5.53621	6.66205	12.1983
spk_ver/v10/v1009	SES162	-6.28633	8.9574	15.2437
spk_ver/v10/v1010	SES167	-2.87681	10.0643	12.9411
spk_ver/v10/v1011	SES167	-0.737865	13.4327	14.1706
spk_ver/v10/v1012	SES167	-2.44184	10.6444	13.0863
spk_ver/v10/v1013	SES167	-5.79656	8.57327	14.3698
spk_ver/v10/v1014	SES167	-1.12887	15.1259	16.2548
spk_ver/v10/v1015	SES167	-2.01165	13.2637	15.2753
spk_ver/v10/v1016	SES167	-1.95622	14.2871	16.2433
spk_ver/v10/v1017	SES167	-1.54078	13.4013	14.942
spk_ver/v10/v1018	SES167	-3.24636	12.1801	15.4264
spk_ver/v10/v1019	SES167	-3.06651	11.5962	14.6627
spk_ver/v10/v1020	SES167	-6.19108	7.16616	13.3572
spk_ver/v10/v1021	SES167	-2.13467	10.7102	12.8448
spk_ver/v10/v1022	SES167	-4.37744	9.95089	14.3283
spk_ver/v10/v1023	SES167	-2.97568	11.1033	14.079
spk_ver/v10/v1024	SES167	-4.75315	8.43081	13.184
spk_ver/v10/v1025	SES167	-2.06728	14.0829	16.1502
spk_ver/v10/v1026	SES167	-3.45089	11.4743	14.9252
spk_ver/v10/v1027	SES167	-2.1607	14.435	16.5957
spk_ver/v10/v1028	SES167	-5.39346	8.66007	14.0535
spk_ver/v10/v1029	SES167	-4.5633	9.94307	14.5064
spk_ver/v10/v1030	SES167	-3.38146	12.117	15.4985
spk_ver/v10/v1031	SES167	-5.0277	8.85249	13.8802
spk_ver/v10/v1032	SES167	-4.5423	12.0651	16.6075
spk_ver/v10/v1033	SES167	-5.27909	11.2062	16.4852
spk_ver/v10/v1034	SES002	1.8188	17.9487	16.1299
spk_ver/v10/v1035	SES167	-1.04522	15.0109	16.0562
spk_ver/v10/v1036	SES083	1.32131	17.6155	16.2941
spk_ver/v10/v1037	SES167	-3.40813	10.9311	14.3393
spk_ver/v10/v1038	SES167	-2.54447	11.2394	13.7839
spk_ver/v10/v1039	SES167	-3.17878	11.5659	14.7446
spk_ver/v10/v1040	SES167	-5.14114	7.81468	12.9558
spk_ver/v10/v1041	SES167	-1.22687	13.0748	14.3017
spk_ver/v10/v1042	SES087	1.53206	16.1775	14.6454
spk_ver/v10/v1043	SES029	1.33664	16.7976	15.461
spk_ver/v10/v1044	SES206	0.807169	17.18	16.3728
spk_ver/v10/v1045	SES172	-2.21398	11.7693	13.9833
spk_ver/v10/v1046	SES172	1.14729	16.8787	15.7314
spk_ver/v10/v1047	SES172	-1.32317	14.1237	15.4469
spk_ver/v10/v1048	SES259	3.82019	19.1973	15.3771
spk_ver/v10/v1049	SES172	-4.40041	11.4435	15.8439
spk_ver/v10/v1050	SES120	1.14438	15.108	13.9636
spk_ver/v10/v1051	SES172	-2.78395	13.0674	15.8513
spk_ver/v10/v1052	SES172	-1.69505	13.2611	14.9561
spk_ver/v10/v1053	SES172	-3.30946	12.132	15.4414
spk_ver/v10/v1054	SES172	-2.46859	12.1192	14.5878
spk_ver/v10/v1055	SES189	1.82413	14.0072	12.1831
spk_ver/v10/v1056	SES172	-2.56823	11.899	14.4672
spk_ver/v10/v1057	SES172	-2.05634	12.5718	14.6282
spk_ver/v10/v1058	SES172	-1.47071	14.0068	15.4775
spk_ver/v10/v1059	SES172	-3.21376	12.3176	15.5314
spk_ver/v10/v1060	SES029	0.575222	17.229	16.6538
spk_ver/v10/v1061	SES175	-7.02909	7.50531	14.5344
spk_ver/v10/v1062	SES187	0.823856	17.4499	16.6261
spk_ver/v10/v1063	SES019	3.32583	16.4067	13.0809
spk_ver/v10/v1064	SES175	-4.1102	10.5236	14.6338
spk_ver/v10/v1065	SES175	-4.8207	9.86171	14.6824
spk_ver/v10/v1066	SES175	-6.78002	5.31454	12.0946
spk_ver/v10/v1067	SES175	-2.65818	11.6622	14.3204
spk_ver/v10/v1068	SES175	-3.29616	9.8528	13.149
spk_ver/v10/v1069	SES016	2.98421	18.7534	15.7692
spk_ver/v10/v1070	SES175	-2.44517	12.5751	15.0203
spk_ver/v10/v1071	SES175	-2.07258	14.5106	16.5831
spk_ver/v10/v1072	SES175	-4.16444	10.3857	14.5502
spk_ver/v10/v1073	SES029	0.564811	16.0988	15.534
spk_ver/v10/v1074	SES175	-2.3655	12.5742	14.9397
spk_ver/v10/v1075	SES175	-1.27231	15.1917	16.464
spk_ver/v10/v1076	SES175	-1.15989	15.9565	17.1164
spk_ver/v10/v1077	SES175	-2.98343	13.5999	16.5833
spk_ver/v10/v1078	SES127	1.2944	18.2679	16.9735
spk_ver/v10/v1079	SES175	-3.65063	13.229	16.8796
spk_ver/v10/v1080	SES175	-2.70348	10.5836	13.2871
spk_ver/v10/v1081	SES175	-4.47217	9.62377	14.0959
spk_ver/v10/v1082	SES175	-3.26783	13.0641	16.332
spk_ver/v10/v1083	SES007	1.18623	15.0445	13.8582
spk_ver/v10/v1084	SES068	1.01713	17.885	16.8679
spk_ver/v10/v1085	SES008	0.81843	17.6823	16.8639
spk_ver/v10/v1086	SES175	-1.83581	14.38	16.2158
spk_ver/v10/v1087	SES175	-2.58627	12.8405	15.4267
spk_ver/v10/v1088	SES008	1.73354	17.4839	15.7504
spk_ver/v10/v1089	SES177	-2.18821	14.4094	16.5976
spk_ver/v10/v1090	SES177	-3.75828	10.9333	14.6915
spk_ver/v10/v1091	SES177	-3.86478	9.81499	13.6798
spk_ver/v10/v1092	SES177	-0.957479	13.3405	14.298
spk_ver/v10/v1093	SES177	-4.36328	10.6396	15.0029
spk_ver/v10/v1094	SES002	1.75793	17.6674	15.9094
spk_ver/v10/v1095	SES104	1.63903	17.4649	15.8259
spk_ver/v10/v1096	SES177	-1.70931	13.3254	15.0347
spk_ver/v10/v1097	SES177	-2.30945	9.92739	12.2368
spk_ver/v10/v1098	SES177	-3.00066	13.6503	16.651
spk_ver/v10/v1099	SES177	-0.638667	14.2457	14.8843
spk_ver/v11/v1100	SES177	-3.11542	10.523	13.6384
spk_ver/v11/v1101	SES085	1.03948	17.0865	16.047
spk_ver/v11/v1102	SES187	1.08613	16.6347	15.5486
spk_ver/v11/v1103	SES177	-1.5787	13.1467	14.7254
spk_ver/v11/v1104	SES177	0.674873	16.7822	16.1073
spk_ver/v11/v1105	SES177	-0.638641	14.537	15.1757
spk_ver/v11/v1106	SES177	-2.54221	12.7137	15.2559
spk_ver/v11/v1107	SES177	-1.06048	14.6801	15.7406
spk_ver/v11/v1108	SES177	-0.893025	15.2063	16.0994
spk_ver/v11/v1109	SES125	1.70357	16.5169	14.8133
spk_ver/v11/v1110	SES177	-3.20198	11.8892	15.0912
spk_ver/v11/v1111	SES177	-1.51231	14.5828	16.0951
spk_ver/v11/v1112	SES177	-3.62029	11.5518	15.1721
spk_ver/v11/v1113	SES177	-4.85806	10.7921	15.6501
spk_ver/v11/v1114	SES177	-1.09465	13.0166	14.1112
spk_ver/v11/v1115	SES177	-2.15228	10.749	12.9012
spk_ver/v11/v1116	SES085	0.991005	18.5416	17.5506
spk_ver/v11/v1117	SES147	0.914793	15.0312	14.1164
spk_ver/v11/v1118	SES177	-1.37515	12.6578	14.0329
spk_ver/v11/v1119	SES177	-3.32998	10.5974	13.9274
spk_ver/v11/v1120	SES180	-6.77356	7.99836	14.7719
spk_ver/v11/v1121	SES189	0.698853	14.2952	13.5964
spk_ver/v11/v1122	SES117	1.25901	13.3346	12.0756
spk_ver/v11/v1123	SES129	2.06082	17.8709	15.8101
spk_ver/v11/v1124	SES180	-2.13678	13.2543	15.3911
spk_ver/v11/v1125	SES180	-1.20867	14.9621	16.1708
spk_ver/v11/v1126	SES180	-1.61044	14.4643	16.0747
spk_ver/v11/v1127	SES180	-3.48748	11.8416	15.3291
spk_ver/v11/v1128	SES016	1.23628	15.7126	14.4763
spk_ver/v11/v1129	SES158	0.786981	15.3856	14.5986
spk_ver/v11/v1130	SES180	-2.86108	12.0347	14.8958
spk_ver/v11/v1131	SES180	-4.06377	13.6487	17.7124
spk_ver/v11/v1132	SES180	-1.28268	13.2345	14.5172
spk_ver/v11/v1133	SES180	-4.14177	12.0689	16.2107
spk_ver/v11/v1134	SES180	-2.53814	11.0731	13.6113
spk_ver/v11/v1135	SES180	-2.40912	13.6277	16.0368
spk_ver/v11/v1136	SES180	-5.58426	5.8037	11.388
spk_ver/v11/v1137	SES148	0.548469	15.7781	15.2297
spk_ver/v11/v1138	SES104	2.08356	20.1444	18.0609
spk_ver/v11/v1139	SES180	-5.02256	7.60948	12.632
spk_ver/v11/v1140	SES083	1.13809	16.2314	15.0933
spk_ver/v11/v1141	SES180	-5.00404	9.74152	14.7456
spk_ver/v11/v1142	SES180	-3.12892	10.9929	14.1218
spk_ver/v11/v1143	SES180	-3.5972	10.5959	14.1931
spk_ver/v11/v1144	SES099	2.02775	16.1958	14.1681
spk_ver/v11/v1145	SES180	-2.2518	13.0491	15.3009
spk_ver/v11/v1146	SES183	-3.52569	12.2892	15.8149
spk_ver/v11/v1147	SES183	-1.806	14.3457	16.1517
spk_ver/v11/v1148	SES183	-5.10888	8.0488	13.1577
spk_ver/v11/v1149	SES183	-6.90587	9.35145	16.2573
spk_ver/v11/v1150	SES183	-6.27945	8.18749	14.4669
spk_ver/v11/v1151	SES082	1.58201	16.23	14.648
spk_ver/v11/v1152	SES183	-2.50924	10.4313	12.9406
spk_ver/v11/v1153	SES183	-1.70842	12.799	14.5074
spk_ver/v11/v1154	SES002	1.71796	18.2007	16.4827
spk_ver/v11/v1155	SES183	-2.6317	11.8341	14.4658
spk_ver/v11/v1156	SES183	-5.37847	7.7275	13.106
spk_ver/v11/v1157	SES183	-3.1314	12.957	16.0884
spk_ver/v11/v1158	SES183	-1.39316	14.2037	15.5968
spk_ver/v11/v1159	SES183	-1.96418	13.1798	15.144
spk_ver/v11/v1160	SES183	-6.76875	7.13362	13.9024
spk_ver/v11/v1161	SES183	-3.67788	7.77465	11.4525
spk_ver/v11/v1162	SES105	1.65743	16.2353	14.5779
spk_ver/v11/v1163	SES183	-4.88411	10.537	15.4212
spk_ver/v11/v1164	SES259	3.20607	17.8368	14.6307
spk_ver/v11/v1165	SES183	-2.28076	12.6146	14.8954
spk_ver/v11/v1166	SES183	-5.75723	9.48917	15.2464
spk_ver/v11/v1167	SES183	-2.21434	11.2691	13.4835
spk_ver/v11/v1168	SES183	-2.3309	14.1691	16.5
spk_ver/v11/v1169	SES183	-5.80119	9.72725	15.5284
spk_ver/v11/v1170	SES183	-3.97507	12.3227	16.2977
spk_ver/v11/v1171	SES183	-9.56378	4.11747	13.6812
spk_ver/v11/v1172	SES187	-3.04039	11.5076	14.548
spk_ver/v11/v1173	SES019	3.98368	15.9601	11.9765
spk_ver/v11/v1174	SES187	-3.33062	9.06098	12.3916
spk_ver/v11/v1175	SES187	-3.08233	10.4443	13.5266
spk_ver/v11/v1176	SES083	1.00242	17.7522	16.7498
spk_ver/v11/v1177	SES187	-5.69554	7.92418	13.6197
spk_ver/v11/v1178	SES187	-4.6874	9.47093	14.1583
spk_ver/v11/v1179	SES187	-2.05769	12.3477	14.4054
spk_ver/v11/v1180	SES187	-1.44481	12.5552	14
spk_ver/v11/v1181	SES187	-4.98364	11.5355	16.5191
spk_ver/v11/v1182	SES187	-1.29775	15.0247	16.3225
spk_ver/v11/v1183	SES187	-2.85903	10.1691	13.0281
spk_ver/v11/v1184	SES187	-0.653549	14.1206	14.7741
spk_ver/v11/v1185	SES127	1.95099	17.7512	15.8002
spk_ver/v11/v1186	SES187	-1.45363	13.4819	14.9356
spk_ver/v11/v1187	SES187	-1.82511	14.6238	16.4489
spk_ver/v11/v1188	SES187	-2.14955	11.6952	13.8448
spk_ver/v11/v1189	SES042	2.07818	18.2727	16.1945
spk_ver/v11/v1190	SES187	-1.60773	13.0265	14.6343
spk_ver/v11/v1191	SES187	-4.3742	8.42463	12.7988
spk_ver/v11/v1192	SES187	-4.03426	9.0796	13.1139
spk_ver/v11/v1193	SES183	0.854903	15.3692	14.5143
spk_ver/v11/v1194	SES187	-2.58756	11.3508	13.9384
spk_ver/v11/v1195	SES187	-3.45422	10.5554	14.0097
spk_ver/v11/v1196	SES146	1.71675	14.6756	12.9588
spk_ver/v11/v1197	SES189	-4.82099	11.3073	16.1283
spk_ver/v11/v1198	SES175	1.75087	16.4335	14.6827
spk_ver/v11/v1199	SES189	-4.60839	8.53003	13.1384
spk_ver/v12/v1200	SES189	-2.36073	15.1387	17.4994
spk_ver/v12/v1201	SES177	1.3666	17.2992	15.9326
spk_ver/v12/v1202	SES189	-2.2942	11.5289	13.8231
spk_ver/v12/v1203	SES143	0.745346	15.1158	14.3705
spk_ver/v12/v1204	SES189	-2.65584	12.6245	15.2804
spk_ver/v12/v1205	SES189	-2.19347	14.9048	17.0982
spk_ver/v12/v1206	SES189	-4.23606	8.20252	12.4386
spk_ver/v12/v1207	SES189	-3.73731	11.0489	14.7862
spk_ver/v12/v1208	SES189	-3.83202	14.1083	17.9403
spk_ver/v12/v1209	SES189	-5.26305	7.80574	13.0688
spk_ver/v12/v1210	SES189	-1.22531	13.2941	14.5194
spk_ver/v12/v1211	SES062	1.84372	18.3049	16.4612
spk_ver/v12/v1212	SES189	-2.90187	12.4451	15.347
spk_ver/v12/v1213	SES048	1.72564	17.542	15.8164
spk_ver/v12/v1214	SES042	3.68736	19.7577	16.0703
spk_ver/v12/v1215	SES008	2.40311	18.0153	15.6122
spk_ver/v12/v1216	SES202	-6.19687	10.6552	16.852
spk_ver/v12/v1217	SES202	-3.22752	10.472	13.6996
spk_ver/v12/v1218	SES085	0.995817	18.5593	17.5635
spk_ver/v12/v1219	SES202	-2.96894	13.1692	16.1381
spk_ver/v12/v1220	SES202	-2.36422	13.814	16.1782
spk_ver/v12/v1221	SES202	-1.70454	12.577	14.2815
spk_ver/v12/v1222	SES202	-7.01475	6.97144	13.9862
spk_ver/v12/v1223	SES158	1.05794	15.8046	14.7467
spk_ver/v12/v1224	SES202	-2.41742	11.5447	13.9622
spk_ver/v12/v1225	SES202	-3.74825	11.1149	14.8632
spk_ver/v12/v1226	SES202	-4.49876	11.5863	16.085
spk_ver/v12/v1227	SES202	-3.46637	11.5401	15.0065
spk_ver/v12/v1228	SES177	0.757131	15.9116	15.1545
spk_ver/v12/v1229	SES202	-3.79884	12.0236	15.8225
spk_ver/v12/v1230	SES202	-2.85542	12.0078	14.8632
spk_ver/v12/v1231	SES202	-3.55279	11.6355	15.1883
spk_ver/v12/v1232	SES202	-2.97546	10.1514	13.1269
spk_ver/v12/v1233	SES206	1.47737	17.9762	16.4989
spk_ver/v12/v1234	SES202	-5.93071	7.19016	13.1209
spk_ver/v12/v1235	SES202	-3.01244	12.9873	15.9997
spk_ver/v12/v1236	SES125	2.65854	16.8089	14.1503
spk_ver/v12/v1237	SES127	0.979468	16.1939	15.2144
spk_ver/v12/v1238	SES202	2.63931	16.6924	14.0531
spk_ver/v12/v1239	SES167	1.60174	17.6913	16.0895
spk_ver/v12/v1240	SES206	-5.40061	8.89788	14.2985
spk_ver/v12/v1241	SES206	-5.36506	9.17416	14.5392
spk_ver/v12/v1242	SES206	-1.17597	14.9822	16.1582
spk_ver/v12/v1243	SES206	-3.27806	11.0999	14.3779
spk_ver/v12/v1244	SES259	2.99892	17.2382	14.2393
spk_ver/v12/v1245	SES206	-3.71131	12.1669	15.8783
spk_ver/v12/v1246	SES206	-2.80483	13.3771	16.182
spk_ver/v12/v1247	SES206	-1.78227	13.4372	15.2195
spk_ver/v12/v1248	SES206	-6.11862	7.33271	13.4513
spk_ver/v12/v1249	SES270	2.77826	15.6109	12.8326
spk_ver/v12/v1250	SES206	-4.61747	9.5849	14.2024
spk_ver/v12/v1251	SES206	-2.68193	13.6243	16.3062
spk_ver/v12/v1252	SES206	-2.19189	12.7825	14.9744
spk_ver/v12/v1253	SES206	-1.47707	13.6541	15.1312
spk_ver/v12/v1254	SES206	-2.49919	11.0681	13.5673
spk_ver/v12/v1255	SES125	2.0524	17.4181	15.3657
spk_ver/v12/v1256	SES206	-6.24252	9.67442	15.9169
spk_ver/v12/v1257	SES206	-4.87213	11.0042	15.8763
spk_ver/v12/v1258	SES206	-2.42968	12.4413	14.871
spk_ver/v12/v1259	SES206	-5.35986	9.68293	15.0428
spk_ver/v12/v1260	SES206	-5.35403	8.9946	14.3486
spk_ver/v12/v1261	SES206	-5.25413	10.7799	16.0341
spk_ver/v12/v1262	SES206	-6.22497	8.80771	15.0327
spk_ver/v12/v1263	SES206	-3.03575	12.4414	15.4772
spk_ver/v12/v1264	SES149	1.29627	17.652	16.3558
spk_ver/v12/v1265	SES206	-1.22157	11.2453	12.4669
spk_ver/v12/v1266	SES206	-5.0556	9.66805	14.7236
spk_ver/v12/v1267	SES206	-1.46319	9.93724	11.4004
spk_ver/v12/v1268	SES206	-3.6567	10.087	13.7437
spk_ver/v12/v1269	SES206	-6.35464	7.24841	13.6031
spk_ver/v12/v1270	SES206	-7.72545	3.92797	11.6534
spk_ver/v12/v1271	SES226	-5.47276	8.06904	13.5418
spk_ver/v12/v1272	SES226	-1.44579	15.8463	17.2921
spk_ver/v12/v1273	SES226	-5.33234	11.1862	16.5186
spk_ver/v12/v1274	SES226	-5.11701	9.13176	14.2488
spk_ver/v12/v1275	SES226	-0.874471	11.9264	12.8009
spk_ver/v12/v1276	SES226	-5.19607	9.0997	14.2958
spk_ver/v12/v1277	SES226	-0.986676	14.8054	15.7921
spk_ver/v12/v1278	SES226	-0.838053	13.4065	14.2445
spk_ver/v12/v1279	SES226	-5.05013	11.3622	16.4124
spk_ver/v12/v1280	SES226	-3.32794	12.1769	15.5049
spk_ver/v12/v1281	SES226	-1.72713	13.116	14.8432
spk_ver/v12/v1282	SES226	-2.57967	11.871	14.4506
spk_ver/v12/v1283	SES143	1.8282	16.0263	14.1981
spk_ver/v12/v1284	SES226	-5.00286	11.9478	16.9507
spk_ver/v12/v1285	SES226	-2.17097	13.2594	15.4304
spk_ver/v12/v1286	SES226	-2.33238	11.0108	13.3431
spk_ver/v12/v1287	SES226	-3.29575	12.2052	15.5009
spk_ver/v12/v1288	SES226	-5.55567	9.73171	15.2874
spk_ver/v12/v1289	SES104	1.97349	16.6905	14.717
spk_ver/v12/v1290	SES008	3.11738	17.1378	14.0205
spk_ver/v12/v1291	SES226	-2.24598	12.8975	15.1435
spk_ver/v12/v1292	SES259	-4.8834	9.32489	14.2083
spk_ver/v12/v1293	SES062	1.38749	17.8457	16.4582
spk_ver/v12/v1294	SES099	2.14976	15.4563	13.3065
spk_ver/v12/v1295	SES158	1.20382	14.3361	13.1323
spk_ver/v12/v1296	SES259	-4.40257	12.2305	16.633
spk_ver/v12/v1297	SES259	-5.72814	9.25562	14.9838
spk_ver/v12/v1298	SES259	-4.08243	11.7887	15.8712
spk_ver/v12/v1299	SES259	-5.3254	9.28611	14.6115
spk_ver/v13/v1300	SES120	1.48424	15.0522	13.568
spk_ver/v13/v1301	SES259	-7.71951	7.23209	14.9516
spk_ver/v13/v1302	SES259	-6.72285	7.27462	13.9975
spk_ver/v13/v1303	SES129	1.6032	16.8694	15.2662
spk_ver/v13/v1304	SES259	-3.51072	10.5949	14.1056
spk_ver/v13/v1305	SES259	-7.09134	7.02693	14.1183
spk_ver/v13/v1306	SES106	1.2922	16.0048	14.7126
spk_ver/v13/v1307	SES259	-4.71275	9.97566	14.6884
spk_ver/v13/v1308	SES259	-2.16557	12.4623	14.6278
spk_ver/v13/v1309	SES259	-5.96285	9.88334	15.8462
spk_ver/v13/v1310	SES259	-5.81203	10.6815	16.4935
spk_ver/v13/v1311	SES259	-4.28792	11.2785	15.5664
spk_ver/v13/v1312	SES259	-4.65925	11.1248	15.7841
spk_ver/v13/v1313	SES144	0.969985	16.4146	15.4446
spk_ver/v13/v1314	SES259	-5.78711	9.16762	14.9547
spk_ver/v13/v1315	SES162	1.74901	16.5863	14.8373
spk_ver/v13/v1316	SES206	0.938453	16.8169	15.8785
spk_ver/v13/v1317	SES175	1.10436	15.4102	14.3058
spk_ver/v13/v1318	SES259	-5.9339	8.23613	14.17
spk_ver/v13/v1319	SES259	-5.3177	9.59429	14.912
spk_ver/v13/v1320	SES270	-0.433198	14.6339	15.0671
spk_ver/v13/v1321	SES101	0.746666	16.3691	15.6224
spk_ver/v13/v1322	SES177	0.943569	17.6173	16.6737
spk_ver/v13/v1323	SES127	1.25499	18.0396	16.7846
spk_ver/v13/v1324	SES270	-5.0287	9.4412	14.4699
spk_ver/v13/v1325	SES062	0.795643	17.3073	16.5117
spk_ver/v13/v1326	SES270	0.45998	14.1072	13.6472
spk_ver/v13/v1327	SES120	0.492272	13.1898	12.6976
spk_ver/v13/v1328	SES270	-4.62366	9.29983	13.9235
spk_ver/v13/v1329	SES270	-5.11348	11.9272	17.0407
spk_ver/v13/v1330	SES270	-0.13299	13.8709	14.0039
spk_ver/v13/v1331	SES270	-4.43203	12.5499	16.9819
spk_ver/v13/v1332	SES270	-1.18358	15.2096	16.3932
spk_ver/v13/v1333	SES270	-2.90649	11.6134	14.5199
spk_ver/v13/v1334	SES270	-3.71652	11.9346	15.6511
spk_ver/v13/v1335	SES270	0.132144	15.4473	15.3152
spk_ver/v13/v1336	SES270	-1.59741	12.5717	14.1691
spk_ver/v13/v1337	SES016	1.84758	17.505	15.6574
spk_ver/v13/v1338	SES270	-5.22719	11.3917	16.6189
spk_ver/v13/v1339	SES002	1.52639	17.3406	15.8142
spk_ver/v13/v1340	SES105	2.58785	16.268	13.6802
spk_ver/v13/v1341	SES275	-3.15607	11.7084	14.8645
spk_ver/v13/v1342	SES187	0.779861	15.8068	15.027
spk_ver/v13/v1343	SES275	-2.20883	12.1598	14.3687
spk_ver/v13/v1344	SES275	-4.27085	9.50527	13.7761
spk_ver/v13/v1345	SES275	-2.56629	11.4529	14.0192
spk_ver/v13/v1346	SES275	-5.70145	9.53655	15.238
spk_ver/v13/v1347	SES275	-3.34972	10.7945	14.1442
spk_ver/v13/v1348	SES180	0.983364	16.7476	15.7643
spk_ver/v13/v1349	SES275	-2.71303	10.3547	13.0677
spk_ver/v13/v1350	SES275	-1.56802	14.5022	16.0702
spk_ver/v13/v1351	SES275	-3.74503	7.03894	10.784
spk_ver/v13/v1352	SES275	-2.43646	13.3698	15.8062
spk_ver/v13/v1353	SES275	-2.14527	9.36625	11.5115
spk_ver/v13/v1354	SES189	0.884026	13.1343	12.2503
spk_ver/v13/v1355	SES068	1.00995	17.9655	16.9555
spk_ver/v13/v1356	SES275	-2.8246	9.7118	12.5364
spk_ver/v13/v1357	SES048	-0.00323009	15.5229	15.5261
spk_ver/v13/v1358	SES226	2.68712	19.3847	16.6976
spk_ver/v13/v1359	SES016	1.62192	18.097	16.4751
spk_ver/v13/v1360	SES275	-2.92215	11.4002	14.3223
spk_ver/v13/v1361	SES068	0.930445	17.7311	16.8007
spk_ver/v13/v1362	SES275	-3.7492	10.4817	14.2309
spk_ver/v13/v1363	SES275	-3.26305	11.2016	14.4647
spk_ver/v13/v1364	SES275	-3.50503	10.5353	14.0403
spk_ver/v13/v1365	SES275	-1.60862	14.4008	16.0095
spk_ver/v13/v1366	SES187	1.04303	16.7677	15.7247
spk_ver/v13/v1367	SES275	-3.65235	9.45463	13.107
spk_ver/v13/v1368	SES125	1.75213	16.4424	14.6903
spk_ver/v13/v1369	SES275	-2.38405	9.27228	11.6563
spk_ver/v13/v1370	SES292	-2.29111	12.3547	14.6458
spk_ver/v13/v1371	SES292	-1.94327	13.2653	15.2085
spk_ver/v13/v1372	SES292	-1.9466	11.0527	12.9993
spk_ver/v13/v1373	SES292	-2.18603	12.3994	14.5854
spk_ver/v13/v1374	SES101	1.86778	16.2967	14.4289
spk_ver/v13/v1375	SES292	-2.42943	12.9082	15.3377
spk_ver/v13/v1376	SES292	-2.22346	13.3853	15.6088
spk_ver/v13/v1377	SES292	-3.98135	8.98767	12.969
spk_ver/v13/v1378	SES292	-1.40636	13.9568	15.3632
spk_ver/v13/v1379	SES292	-1.83885	12.3134	14.1522
spk_ver/v13/v1380	SES292	-2.26171	13.1479	15.4096
spk_ver/v13/v1381	SES292	-1.23502	16.6153	17.8504
spk_ver/v13/v1382	SES292	-2.16704	11.9834	14.1505
spk_ver/v13/v1383	SES292	-1.65054	12.3516	14.0021
spk_ver/v13/v1384	SES292	-1.87713	13.1528	15.0299
spk_ver/v13/v1385	SES292	-1.45777	13.9005	15.3583
spk_ver/v13/v1386	SES292	-1.35611	12.9106	14.2667
spk_ver/v13/v1387	SES158	2.07936	13.7262	11.6469
spk_ver/v13/v1388	SES292	-1.20339	15.9636	17.167
spk_ver/v13/v1389	SES292	-1.01195	17.4133	18.4253
spk_ver/v13/v1390	SES292	-1.19578	14.9713	16.1671
spk_ver/v13/v1391	SES292	-2.07718	13.2998	15.3769
spk_ver/v13/v1392	SES292	-2.62647	12.0491	14.6756
spk_ver/v13/v1393	SES292	-2.12662	13.1858	15.3124
spk_ver/v13/v1394	SES292	-2.28903	13.5513	15.8404
spk_ver/v13/v1395	SES292	-1.97084	13.0866	15.0574
spk_ver/v13/v1396	SES117	1.3568	14.1631	12.8063
spk_ver/v13/v1397	SES292	-3.02545	12.5658	15.5912
spk_ver/v13/v1398	SES292	-2.66022	10.8476	13.5078
spk_ver/v13/v1399	SES292	-0.281668	15.0152	15.2969
