BLOCK00/SES002/SA002S12	SES002	1.91024	-61.9998	-63.9101
BLOCK00/SES002/SA002S13	SES002	2.30222	-61.8593	-64.1615
BLOCK00/SES002/SA002S23	SES002	2.21336	-61.471	-63.6843
BLOCK00/SES002/SA002S26	SES002	2.61319	-60.6883	-63.3015
BLOCK00/SES002/SA002S28	SES002	1.85581	-63.87	-65.7258
BLOCK00/SES007/SA007S14	SES007	1.64542	-62.7923	-64.4377
BLOCK00/SES007/SA007S15	SES007	0.904518	-65.0131	-65.9176
BLOCK00/SES007/SA007S24	SES007	1.11334	-64.9751	-66.0884
BLOCK00/SES007/SA007S27	SES007	0.877808	-65.0618	-65.9397
BLOCK00/SES007/SA007S29	SES007	0.696701	-64.4209	-65.1176
BLOCK00/SES008/SA008S11	SES008	1.68542	-63.8957	-65.5811
BLOCK00/SES008/SA008S12	SES008	0.872902	-64.8127	-65.6856
BLOCK00/SES008/SA008S19	SES008	2.30262	-62.4781	-64.7807
BLOCK00/SES008/SA008S22	SES008	1.31812	-65.0072	-66.3254
BLOCK00/SES008/SA008S29	SES008	1.78833	-63.317	-65.1053
BLOCK01/SES014/SA014S10	SES014	2.96666	-63.008	-65.9747
BLOCK01/SES014/SA014S12	SES014	4.04558	-59.4185	-63.4641
BLOCK01/SES014/SA014S24	SES014	2.20406	-61.773	-63.977
BLOCK01/SES014/SA014S26	SES014	3.44777	-58.3578	-61.8056
BLOCK01/SES014/SA014S28	SES014	4.39583	-59.0225	-63.4184
BLOCK01/SES016/SA016S12	SES016	0.344208	-68.2543	-68.5985
BLOCK01/SES016/SA016S13	SES016	1.47845	-65.5886	-67.067
BLOCK01/SES016/SA016S22	SES016	0.877632	-66.2623	-67.1399
BLOCK01/SES016/SA016S25	SES016	2.28172	-62.8627	-65.1444
BLOCK01/SES016/SA016S27	SES016	1.49438	-63.4243	-64.9187
BLOCK01/SES019/SA019S13	SES019	3.43496	-63.1912	-66.6261
BLOCK01/SES019/SA019S14	SES019	2.72446	-63.0923	-65.8167
BLOCK01/SES019/SA019S22	SES019	3.25807	-62.8636	-66.1217
BLOCK01/SES019/SA019S25	SES019	3.13875	-63.0724	-66.2111
BLOCK01/SES019/SA019S29	SES019	3.80567	-62.3783	-66.184
BLOCK02/SES029/SA029S11	SES029	1.68563	-64.2845	-65.9701
BLOCK02/SES029/SA029S12	SES029	0.694	-64.9482	-65.6422
BLOCK02/SES029/SA029S20	SES029	0.858948	-65.7882	-66.6471
BLOCK02/SES029/SA029S25	SES029	0.590805	-64.3895	-64.9803
BLOCK02/SES029/SA029S28	SES029	0.560699	-64.4073	-64.968
BLOCK04/SES042/SA042S12	SES042	2.66422	-61.0056	-63.6698
BLOCK04/SES042/SA042S15	SES042	2.61319	-61.945	-64.5582
BLOCK04/SES042/SA042S22	SES042	3.60555	-58.489	-62.0946
BLOCK04/SES042/SA042S25	SES042	2.52351	-62.2531	-64.7766
BLOCK04/SES042/SA042S27	SES042	2.44218	-60.4568	-62.899
BLOCK04/SES048/SA048S11	SES048	1.19043	-63.6992	-64.8896
BLOCK04/SES048/SA048S12	SES048	0.652119	-63.7607	-64.4129
BLOCK04/SES048/SA048S20	SES048	1.19757	-63.2388	-64.4364
BLOCK04/SES048/SA048S23	SES048	1.88856	-64.1428	-66.0314
BLOCK04/SES048/SA048S27	SES048	1.87998	-61.7445	-63.6245
BLOCK06/SES060/SA060S11	SES060	1.87517	-64.2738	-66.1489
BLOCK06/SES060/SA060S12	SES060	-0.677872	-67.0817	-66.4038
BLOCK06/SES060/SA060S22	SES060	-0.0736694	-67.5351	-67.4614
BLOCK06/SES060/SA060S24	SES060	1.18198	-64.4062	-65.5882
BLOCK06/SES060/SA060S28	SES060	1.14861	-61.7399	-62.8885
BLOCK06/SES062/SA062S10	SES062	1.74112	-63.0615	-64.8027
BLOCK06/SES062/SA062S11	SES062	1.8712	-63.9302	-65.8014
BLOCK06/SES062/SA062S21	SES062	2.8683	-59.756	-62.6243
BLOCK06/SES062/SA062S26	SES062	0.95892	-63.459	-64.4179
BLOCK06/SES062/SA062S29	SES062	1.8647	-61.9238	-63.7885
BLOCK06/SES068/SA068S14	SES068	0.643303	-64.5862	-65.2295
BLOCK06/SES068/SA068S15	SES068	1.72668	-62.4085	-64.1352
BLOCK06/SES068/SA068S23	SES068	1.01057	-65.2099	-66.2205
BLOCK06/SES068/SA068S27	SES068	2.07547	-62.7956	-64.8711
BLOCK06/SES068/SA068S29	SES068	1.32528	-63.9929	-65.3182
BLOCK08/SES082/SA082S12	SES082	1.24941	-64.0737	-65.3232
BLOCK08/SES082/SA082S14	SES082	1.19881	-64.763	-65.9618
BLOCK08/SES082/SA082S21	SES082	0.71949	-64.5611	-65.2806
BLOCK08/SES082/SA082S24	SES082	1.21789	-62.8507	-64.0686
BLOCK08/SES082/SA082S28	SES082	0.436974	-64.4632	-64.9002
BLOCK08/SES083/SA083S14	SES083	-0.0706253	-65.1736	-65.103
BLOCK08/SES083/SA083S15	SES083	0.56337	-64.0031	-64.5665
BLOCK08/SES083/SA083S24	SES083	0.359695	-64.9069	-65.2665
BLOCK08/SES083/SA083S26	SES083	0.629585	-64.6775	-65.307
BLOCK08/SES083/SA083S29	SES083	0.0480118	-65.1102	-65.1582
BLOCK08/SES085/SA085S10	SES085	0.45076	-65.29	-65.7407
BLOCK08/SES085/SA085S13	SES085	1.15041	-64.8809	-66.0313
BLOCK08/SES085/SA085S22	SES085	-4.27726	-69.5953	-65.318
BLOCK08/SES085/SA085S26	SES085	-0.153221	-65.7282	-65.575
BLOCK08/SES085/SA085S28	SES085	1.31011	-64.3679	-65.678
BLOCK08/SES087/SA087S15	SES087	2.19895	-62.7586	-64.9575
BLOCK08/SES087/SA087S16	SES087	2.09622	-62.7231	-64.8193
BLOCK08/SES087/SA087S24	SES087	1.93515	-62.3544	-64.2895
BLOCK08/SES087/SA087S26	SES087	2.16576	-61.0757	-63.2415
BLOCK08/SES087/SA087S29	SES087	2.18344	-63.0961	-65.2796
BLOCK09/SES099/SA099S15	SES099	2.55223	-63.2126	-65.7649
BLOCK09/SES099/SA099S16	SES099	2.25566	-62.9863	-65.2419
BLOCK09/SES099/SA099S24	SES099	2.62141	-62.313	-64.9345
BLOCK09/SES099/SA099S26	SES099	2.3255	-62.7914	-65.1169
BLOCK09/SES099/SA099S29	SES099	2.57814	-62.0823	-64.6605
BLOCK10/SES101/SA101S11	SES101	-0.306992	-65.2193	-64.9123
BLOCK10/SES101/SA101S13	SES101	1.37068	-63.5496	-64.9203
BLOCK10/SES101/SA101S22	SES101	0.790627	-65.525	-66.3157
BLOCK10/SES101/SA101S24	SES101	0.873299	-64.5485	-65.4218
BLOCK10/SES101/SA101S28	SES101	-0.187935	-66.5232	-66.3353
BLOCK10/SES104/SA104S11	SES104	0.866787	-61.8796	-62.7464
BLOCK10/SES104/SA104S12	SES104	1.50798	-62.8319	-64.3399
BLOCK10/SES104/SA104S21	SES104	1.51104	-62.9198	-64.4308
BLOCK10/SES104/SA104S24	SES104	0.90321	-62.8875	-63.7908
BLOCK10/SES104/SA104S28	SES104	1.62235	-62.2667	-63.8891
BLOCK10/SES105/SA105S12	SES105	1.03587	-65.5266	-66.5625
BLOCK10/SES105/SA105S13	SES105	1.19868	-65.113	-66.3116
BLOCK10/SES105/SA105S22	SES105	1.01515	-66.2561	-67.2712
BLOCK10/SES105/SA105S26	SES105	1.68769	-64.9472	-66.6349
BLOCK10/SES105/SA105S29	SES105	0.887825	-65.3076	-66.1954
BLOCK10/SES106/SA106S09	SES106	1.37489	-64.5365	-65.9114
BLOCK10/SES106/SA106S11	SES106	1.76124	-62.0646	-63.8258
BLOCK10/SES106/SA106S22	SES106	2.97054	-62.0584	-65.0289
BLOCK10/SES106/SA106S27	SES106	1.57523	-63.826	-65.4012
BLOCK10/SES106/SA106S29	SES106	1.32238	-63.1545	-64.4769
BLOCK11/SES117/SA117S12	SES117	0.115776	-66.9615	-67.0773
BLOCK11/SES117/SA117S13	SES117	0.771912	-65.0863	-65.8582
BLOCK11/SES117/SA117S23	SES117	2.06074	-67.6509	-69.7117
BLOCK11/SES117/SA117S25	SES117	1.94893	-66.159	-68.1079
BLOCK11/SES117/SA117S28	SES117	1.29259	-67.3315	-68.6241
BLOCK12/SES120/SA120S08	SES120	1.88206	-66.2491	-68.1312
BLOCK12/SES120/SA120S11	SES120	0.761368	-68.0035	-68.7649
BLOCK12/SES120/SA120S22	SES120	0.732208	-65.266	-65.9982
BLOCK12/SES120/SA120S24	SES120	0.888069	-65.3149	-66.2029
BLOCK12/SES120/SA120S28	SES120	1.33629	-67.002	-68.3383
BLOCK12/SES125/SA125S13	SES125	2.66278	-61.9289	-64.5917
BLOCK12/SES125/SA125S14	SES125	1.49342	-63.1003	-64.5937
BLOCK12/SES125/SA125S25	SES125	2.78991	-61.7393	-64.5292
BLOCK12/SES125/SA125S27	SES125	2.90551	-60.9112	-63.8167
BLOCK12/SES125/SA125S29	SES125	2.1222	-62.7112	-64.8334
BLOCK12/SES127/SA127S11	SES127	1.42788	-64.6739	-66.1018
BLOCK12/SES127/SA127S12	SES127	0.0749435	-65.0585	-65.1335
BLOCK12/SES127/SA127S23	SES127	1.01098	-64.7092	-65.7202
BLOCK12/SES127/SA127S25	SES127	0.0588608	-65.8477	-65.9065
BLOCK12/SES127/SA127S27	SES127	1.35904	-64.818	-66.1771
BLOCK12/SES129/SA129S11	SES129	1.59251	-63.7282	-65.3207
BLOCK12/SES129/SA129S12	SES129	1.9614	-63.5329	-65.4943
BLOCK12/SES129/SA129S22	SES129	1.53503	-64.0734	-65.6084
BLOCK12/SES129/SA129S27	SES129	2.43672	-62.5425	-64.9792
BLOCK12/SES129/SA129S29	SES129	2.34803	-62.2528	-64.6009
BLOCK14/SES142/SA142S11	SES142	3.70612	-64.4871	-68.1932
BLOCK14/SES142/SA142S12	SES142	1.65413	-67.2809	-68.935
BLOCK14/SES142/SA142S24	SES142	3.4165	-63.9195	-67.336
BLOCK14/SES142/SA142S27	SES142	3.34271	-64.3421	-67.6849
BLOCK14/SES142/SA142S29	SES142	3.9534	-63.6611	-67.6145
BLOCK14/SES143/SA143S12	SES143	1.3241	-66.0649	-67.389
BLOCK14/SES143/SA143S13	SES143	0.731079	-66.2318	-66.9629
BLOCK14/SES143/SA143S23	SES143	1.42073	-65.8265	-67.2472
BLOCK14/SES143/SA143S25	SES143	0.838585	-65.8808	-66.7194
BLOCK14/SES143/SA143S28	SES143	1.06567	-65.5155	-66.5812
BLOCK14/SES144/SA144S09	SES144	0.893448	-65.1139	-66.0074
BLOCK14/SES144/SA144S11	SES144	1.14983	-65.9676	-67.1174
BLOCK14/SES144/SA144S21	SES144	0.556374	-65.6158	-66.1721
BLOCK14/SES144/SA144S25	SES144	0.874664	-66.0317	-66.9064
BLOCK14/SES144/SA144S29	SES144	0.208473	-65.4486	-65.6571
BLOCK14/SES146/SA146S14	SES146	1.26457	-65.6352	-66.8998
BLOCK14/SES146/SA146S15	SES146	0.600189	-65.8795	-66.4797
BLOCK14/SES146/SA146S24	SES146	0.747192	-65.8983	-66.6455
BLOCK14/SES146/SA146S26	SES146	0.943932	-65.9123	-66.8562
BLOCK14/SES146/SA146S29	SES146	0.963379	-66.2008	-67.1641
BLOCK14/SES147/SA147S11	SES147	2.09366	-65.8732	-67.9669
BLOCK14/SES147/SA147S13	SES147	2.57098	-64.6177	-67.1887
BLOCK14/SES147/SA147S23	SES147	2.08464	-65.8435	-67.9282
BLOCK14/SES147/SA147S26	SES147	2.18366	-65.8819	-68.0655
BLOCK14/SES147/SA147S28	SES147	2.46912	-64.794	-67.2631
BLOCK14/SES148/SA148S10	SES148	1.68727	-64.5911	-66.2784
BLOCK14/SES148/SA148S12	SES148	0.813835	-65.794	-66.6078
BLOCK14/SES148/SA148S22	SES148	1.6881	-63.6377	-65.3258
BLOCK14/SES148/SA148S26	SES148	0.986992	-64.6645	-65.6515
BLOCK14/SES148/SA148S29	SES148	0.908813	-65.3193	-66.2281
BLOCK14/SES149/SA149S13	SES149	0.0297623	-64.6249	-64.6547
BLOCK14/SES149/SA149S14	SES149	0.596237	-64.3484	-64.9446
BLOCK14/SES149/SA149S24	SES149	1.60814	-63.3823	-64.9905
BLOCK14/SES149/SA149S26	SES149	2.80498	-62.2048	-65.0098
BLOCK14/SES149/SA149S28	SES149	3.42703	-61.2337	-64.6607
BLOCK15/SES158/SA158S13	SES158	1.34773	-64.1463	-65.4941
BLOCK15/SES158/SA158S14	SES158	2.68352	-63.4715	-66.155
BLOCK15/SES158/SA158S23	SES158	1.59267	-63.7868	-65.3795
BLOCK15/SES158/SA158S26	SES158	2.17489	-63.6065	-65.7814
BLOCK15/SES158/SA158S28	SES158	1.73352	-64.233	-65.9665
BLOCK16/SES162/SA162S10	SES162	1.42906	-65.9617	-67.3908
BLOCK16/SES162/SA162S11	SES162	1.31788	-65.0537	-66.3716
BLOCK16/SES162/SA162S21	SES162	2.14684	-64.8652	-67.0121
BLOCK16/SES162/SA162S24	SES162	1.69772	-65.0808	-66.7785
BLOCK16/SES162/SA162S27	SES162	2.23089	-65.3522	-67.5831
BLOCK16/SES167/SA167S14	SES167	1.28625	-63.6676	-64.9539
BLOCK16/SES167/SA167S15	SES167	1.55026	-64.9347	-66.4849
BLOCK16/SES167/SA167S21	SES167	2.02945	-63.9414	-65.9709
BLOCK16/SES167/SA167S25	SES167	2.41123	-64.6042	-67.0154
BLOCK16/SES167/SA167S29	SES167	2.74311	-62.5539	-65.297
BLOCK17/SES172/SA172S12	SES172	1.92496	-64.2043	-66.1293
BLOCK17/SES172/SA172S13	SES172	1.86192	-65.6637	-67.5257
BLOCK17/SES172/SA172S23	SES172	0.86578	-63.7473	-64.6131
BLOCK17/SES172/SA172S27	SES172	1.29406	-64.6922	-65.9863
BLOCK17/SES172/SA172S29	SES172	2.02358	-63.967	-65.9905
BLOCK17/SES175/SA175S11	SES175	1.67065	-64.976	-66.6466
BLOCK17/SES175/SA175S13	SES175	1.16814	-65.1213	-66.2895
BLOCK17/SES175/SA175S23	SES175	2.3643	-64.3393	-66.7036
BLOCK17/SES175/SA175S25	SES175	1.13265	-67.1754	-68.3081
BLOCK17/SES175/SA175S28	SES175	1.86755	-64.513	-66.3806
BLOCK17/SES177/SA177S15	SES177	0.468338	-65.4437	-65.9121
BLOCK17/SES177/SA177S17	SES177	0.701134	-64.9101	-65.6112
BLOCK17/SES177/SA177S23	SES177	0.323318	-65.6701	-65.9934
BLOCK17/SES177/SA177S26	SES177	1.31393	-63.1534	-64.4674
BLOCK17/SES177/SA177S28	SES177	0.863731	-63.9344	-64.7981
BLOCK18/SES180/SA180S13	SES180	1.55811	-65.2459	-66.804
BLOCK18/SES180/SA180S15	SES180	0.772263	-65.9574	-66.7297
BLOCK18/SES180/SA180S24	SES180	1.40942	-63.9651	-65.3745
BLOCK18/SES180/SA180S26	SES180	1.36008	-64.3485	-65.7086
BLOCK18/SES180/SA180S29	SES180	1.74509	-65.8285	-67.5735
BLOCK18/SES183/SA183S13	SES183	1.38677	-66.1897	-67.5764
BLOCK18/SES183/SA183S14	SES183	0.793495	-66.2646	-67.0581
BLOCK18/SES183/SA183S24	SES183	1.68803	-66.6958	-68.3839
BLOCK18/SES183/SA183S27	SES183	1.75736	-65.1609	-66.9183
BLOCK18/SES183/SA183S29	SES183	1.70549	-64.3263	-66.0318
BLOCK18/SES187/SA187S13	SES187	1.94603	-65.4249	-67.371
BLOCK18/SES187/SA187S14	SES187	1.28424	-66.2469	-67.5312
BLOCK18/SES187/SA187S24	SES187	2.39585	-64.7266	-67.1225
BLOCK18/SES187/SA187S27	SES187	2.26071	-64.5665	-66.8273
BLOCK18/SES187/SA187S29	SES187	1.34619	-65.2736	-66.6198
BLOCK18/SES189/SA189S10	SES189	3.15862	-67.3331	-70.4917
BLOCK18/SES189/SA189S13	SES189	4.43427	-67.2423	-71.6766
BLOCK18/SES189/SA189S24	SES189	4.06131	-67.2839	-71.3453
BLOCK18/SES189/SA189S26	SES189	2.44643	-66.6076	-69.054
BLOCK18/SES189/SA189S29	SES189	3.82577	-66.0812	-69.907
BLOCK20/SES202/SA202S12	SES202	2.33559	-66.683	-69.0186
BLOCK20/SES202/SA202S14	SES202	3.82106	-63.7194	-67.5405
BLOCK20/SES202/SA202S24	SES202	2.04994	-65.0965	-67.1464
BLOCK20/SES202/SA202S27	SES202	2.84956	-62.8959	-65.7455
BLOCK20/SES202/SA202S29	SES202	3.32176	-63.0767	-66.3985
BLOCK20/SES206/SA206S15	SES206	0.463444	-63.2767	-63.7401
BLOCK20/SES206/SA206S17	SES206	2.20358	-61.005	-63.2086
BLOCK20/SES206/SA206S24	SES206	1.83073	-61.5582	-63.3889
BLOCK20/SES206/SA206S27	SES206	1.98009	-61.8655	-63.8456
BLOCK20/SES206/SA206S29	SES206	1.83711	-60.5537	-62.3908
BLOCK22/SES226/SA226S12	SES226	1.6995	-63.5003	-65.1998
BLOCK22/SES226/SA226S13	SES226	-0.503334	-64.8729	-64.3696
BLOCK22/SES226/SA226S20	SES226	1.11983	-63.8135	-64.9333
BLOCK22/SES226/SA226S23	SES226	1.80009	-62.9551	-64.7552
BLOCK22/SES226/SA226S28	SES226	1.79626	-62.8293	-64.6256
BLOCK25/SES259/SA259S13	SES259	3.94329	-61.1661	-65.1094
BLOCK25/SES259/SA259S14	SES259	2.49651	-62.2871	-64.7837
BLOCK25/SES259/SA259S22	SES259	2.39107	-62.2773	-64.6684
BLOCK25/SES259/SA259S24	SES259	3.14426	-60.4335	-63.5778
BLOCK25/SES259/SA259S28	SES259	2.35214	-61.9258	-64.278
BLOCK27/SES270/SA270S14	SES270	2.96256	-63.0256	-65.9881
BLOCK27/SES270/SA270S16	SES270	1.36579	-64.0167	-65.3825
BLOCK27/SES270/SA270S22	SES270	2.86399	-62.69	-65.554
BLOCK27/SES270/SA270S26	SES270	2.12695	-64.3155	-66.4425
BLOCK27/SES270/SA270S28	SES270	1.49666	-63.2511	-64.7477
BLOCK27/SES275/SA275S17	SES275	1.42316	-65.3684	-66.7916
BLOCK27/SES275/SA275S18	SES275	1.02889	-65.5635	-66.5924
BLOCK27/SES275/SA275S24	SES275	1.31715	-66.3605	-67.6777
BLOCK27/SES275/SA275S26	SES275	1.5397	-64.6974	-66.2371
BLOCK27/SES275/SA275S28	SES275	0.836273	-65.6278	-66.4641
BLOCK29/SES292/SA292S10	SES292	0.576393	-65.5757	-66.1521
BLOCK29/SES292/SA292S12	SES292	0.946152	-66.1767	-67.1228
BLOCK29/SES292/SA292S22	SES292	1.6015	-64.1936	-65.7951
BLOCK29/SES292/SA292S24	SES292	0.579575	-65.1264	-65.706
BLOCK29/SES292/SA292S27	SES292	0.666275	-64.639	-65.3053
BLOCK00/SES001/SA001S14	SES062	-1.70881	-69.4902	-67.7814
BLOCK00/SES001/SA001S14	SES082	-2.32397	-70.1054	-67.7814
BLOCK00/SES001/SA001S14	SES106	-3.43778	-71.2192	-67.7814
BLOCK00/SES001/SA001S14	SES206	-5.48273	-73.2642	-67.7814
BLOCK00/SES001/SA001S15	SES062	-2.58971	-67.729	-65.1393
BLOCK00/SES001/SA001S15	SES104	-4.04395	-69.1833	-65.1393
BLOCK00/SES001/SA001S15	SES106	-3.24127	-68.3806	-65.1393
BLOCK00/SES001/SA001S15	SES206	-4.9153	-70.0546	-65.1393
BLOCK00/SES001/SA001S24	SES062	-3.6237	-70.5998	-66.9761
BLOCK00/SES001/SA001S24	SES082	-2.64256	-69.6187	-66.9761
BLOCK00/SES001/SA001S24	SES087	-4.98446	-71.9606	-66.9761
BLOCK00/SES001/SA001S24	SES206	-3.42254	-70.3987	-66.9761
BLOCK00/SES001/SA001S27	SES062	-2.11703	-67.053	-64.936
BLOCK00/SES001/SA001S27	SES082	-3.1007	-68.0367	-64.936
BLOCK00/SES001/SA001S27	SES087	-4.53797	-69.4739	-64.936
BLOCK00/SES001/SA001S27	SES206	-3.91802	-68.854	-64.936
BLOCK00/SES001/SA001S29	SES062	-2.66982	-70.1815	-67.5116
BLOCK00/SES001/SA001S29	SES082	-2.44094	-69.9526	-67.5116
BLOCK00/SES001/SA001S29	SES158	-2.34236	-69.854	-67.5116
BLOCK00/SES001/SA001S29	SES206	-5.33778	-72.8494	-67.5116
BLOCK00/SES003/SA003S11	SES002	-1.83037	-67.0974	-65.267
BLOCK00/SES003/SA003S11	SES019	-2.03172	-67.2987	-65.267
BLOCK00/SES003/SA003S11	SES082	-0.129318	-65.3963	-65.267
BLOCK00/SES003/SA003S11	SES125	-1.4747	-66.7417	-65.267
BLOCK00/SES003/SA003S15	SES016	-5.42054	-70.118	-64.6974
BLOCK00/SES003/SA003S15	SES019	-2.07245	-66.7699	-64.6974
BLOCK00/SES003/SA003S15	SES062	-3.24905	-67.9465	-64.6974
BLOCK00/SES003/SA003S15	SES206	-2.01717	-66.7146	-64.6974
BLOCK00/SES003/SA003S22	SES002	-2.91196	-67.9786	-65.0666
BLOCK00/SES003/SA003S22	SES062	-2.07632	-67.143	-65.0666
BLOCK00/SES003/SA003S22	SES082	-1.81848	-66.8851	-65.0666
BLOCK00/SES003/SA003S22	SES087	-2.25842	-67.3251	-65.0666
BLOCK00/SES003/SA003S25	SES062	-3.73915	-69.9066	-66.1674
BLOCK00/SES003/SA003S25	SES082	-0.46833	-66.6357	-66.1674
BLOCK00/SES003/SA003S25	SES087	-2.70106	-68.8685	-66.1674
BLOCK00/SES003/SA003S25	SES206	-2.8998	-69.0672	-66.1674
BLOCK00/SES003/SA003S29	SES002	-2.48151	-68.0964	-65.6149
BLOCK00/SES003/SA003S29	SES062	-2.80652	-68.4214	-65.6149
BLOCK00/SES003/SA003S29	SES082	-0.981422	-66.5963	-65.6149
BLOCK00/SES003/SA003S29	SES087	-2.34455	-67.9594	-65.6149
BLOCK00/SES004/SA004S12	SES083	-1.91965	-69.0339	-67.1143
BLOCK00/SES004/SA004S12	SES148	-1.86076	-68.975	-67.1143
BLOCK00/SES004/SA004S12	SES172	-2.07219	-69.1864	-67.1143
BLOCK00/SES004/SA004S12	SES292	-1.9676	-69.0818	-67.1143
BLOCK00/SES004/SA004S17	SES083	-1.32651	-69.1329	-67.8064
BLOCK00/SES004/SA004S17	SES162	-0.844551	-68.651	-67.8064
BLOCK00/SES004/SA004S17	SES172	-1.72803	-69.5345	-67.8064
BLOCK00/SES004/SA004S17	SES292	-1.57867	-69.3851	-67.8064
BLOCK00/SES004/SA004S24	SES083	-1.10012	-67.9997	-66.8996
BLOCK00/SES004/SA004S24	SES148	-1.95074	-68.8504	-66.8996
BLOCK00/SES004/SA004S24	SES172	-1.28864	-68.1883	-66.8996
BLOCK00/SES004/SA004S24	SES292	-1.26706	-68.1667	-66.8996
BLOCK00/SES004/SA004S26	SES083	-0.690697	-66.949	-66.2583
BLOCK00/SES004/SA004S26	SES127	-1.22491	-67.4832	-66.2583
BLOCK00/SES004/SA004S26	SES148	-2.40117	-68.6595	-66.2583
BLOCK00/SES004/SA004S26	SES292	-1.46217	-67.7205	-66.2583
BLOCK00/SES004/SA004S28	SES083	-1.11874	-67.3384	-66.2196
BLOCK00/SES004/SA004S28	SES127	-1.55271	-67.7724	-66.2196
BLOCK00/SES004/SA004S28	SES187	-1.52099	-67.7406	-66.2196
BLOCK00/SES004/SA004S28	SES292	-2.21725	-68.4369	-66.2196
BLOCK00/SES006/SA006S10	SES014	-3.81004	-71.9589	-68.1488
BLOCK00/SES006/SA006S10	SES158	-0.75531	-68.9041	-68.1488
BLOCK00/SES006/SA006S10	SES226	-2.96268	-71.1115	-68.1488
BLOCK00/SES006/SA006S10	SES270	-1.28869	-69.4375	-68.1488
BLOCK00/SES006/SA006S11	SES158	-0.798866	-68.687	-67.8881
BLOCK00/SES006/SA006S11	SES226	-2.49126	-70.3793	-67.8881
BLOCK00/SES006/SA006S11	SES270	-0.801552	-68.6896	-67.8881
BLOCK00/SES006/SA006S11	SES275	-4.29543	-72.1835	-67.8881
BLOCK00/SES006/SA006S23	SES062	-2.40721	-68.3337	-65.9265
BLOCK00/SES006/SA006S23	SES105	-2.604	-68.5305	-65.9265
BLOCK00/SES006/SA006S23	SES158	-1.08464	-67.0112	-65.9265
BLOCK00/SES006/SA006S23	SES275	-2.93755	-68.8641	-65.9265
BLOCK00/SES006/SA006S26	SES104	-2.4966	-69.1891	-66.6925
BLOCK00/SES006/SA006S26	SES158	-0.317726	-67.0102	-66.6925
BLOCK00/SES006/SA006S26	SES270	-0.406219	-67.0987	-66.6925
BLOCK00/SES006/SA006S26	SES275	-3.72468	-70.4172	-66.6925
BLOCK00/SES006/SA006S28	SES007	-3.4205	-71.1172	-67.6967
BLOCK00/SES006/SA006S28	SES105	-2.83167	-70.5284	-67.6967
BLOCK00/SES006/SA006S28	SES158	-0.887695	-68.5844	-67.6967
BLOCK00/SES006/SA006S28	SES275	-4.03223	-71.7289	-67.6967
BLOCK00/SES009/SA009S12	SES083	-1.95205	-67.1398	-65.1877
BLOCK00/SES009/SA009S12	SES148	-2.1362	-67.3239	-65.1877
BLOCK00/SES009/SA009S12	SES177	-2.54137	-67.7291	-65.1877
BLOCK00/SES009/SA009S12	SES292	-0.693718	-65.8815	-65.1877
BLOCK00/SES009/SA009S15	SES007	0.791317	-63.6049	-64.3962
BLOCK00/SES009/SA009S15	SES099	-10.4315	-74.8278	-64.3962
BLOCK00/SES009/SA009S15	SES148	-2.33672	-66.733	-64.3962
BLOCK00/SES009/SA009S15	SES172	-1.56166	-65.9579	-64.3962
BLOCK00/SES009/SA009S24	SES146	-0.831596	-65.8147	-64.9831
BLOCK00/SES009/SA009S24	SES148	-1.89194	-66.875	-64.9831
BLOCK00/SES009/SA009S24	SES177	-2.11505	-67.0982	-64.9831
BLOCK00/SES009/SA009S24	SES292	-0.456024	-65.4391	-64.9831
BLOCK00/SES009/SA009S26	SES083	-1.33502	-66.7239	-65.3889
BLOCK00/SES009/SA009S26	SES101	-1.76118	-67.1501	-65.3889
BLOCK00/SES009/SA009S26	SES120	-1.29556	-66.6844	-65.3889
BLOCK00/SES009/SA009S26	SES177	-2.51828	-67.9072	-65.3889
BLOCK00/SES009/SA009S29	SES083	-0.938156	-65.5944	-64.6563
BLOCK00/SES009/SA009S29	SES101	-1.19428	-65.8505	-64.6563
BLOCK00/SES009/SA009S29	SES177	-2.15237	-66.8086	-64.6563
BLOCK00/SES009/SA009S29	SES292	-0.868004	-65.5243	-64.6563
BLOCK01/SES011/SA011S10	SES019	-1.0787	-65.5295	-64.4508
BLOCK01/SES011/SA011S10	SES042	-0.642319	-65.0932	-64.4508
BLOCK01/SES011/SA011S10	SES082	-1.5489	-65.9997	-64.4508
BLOCK01/SES011/SA011S10	SES206	-1.47071	-65.9215	-64.4508
BLOCK01/SES011/SA011S11	SES019	-1.34619	-67.605	-66.2589
BLOCK01/SES011/SA011S11	SES042	-1.0248	-67.2837	-66.2589
BLOCK01/SES011/SA011S11	SES082	-0.694557	-66.9534	-66.2589
BLOCK01/SES011/SA011S11	SES206	-0.921051	-67.1799	-66.2589
BLOCK01/SES011/SA011S22	SES019	-0.0754623	-65.7014	-65.6259
BLOCK01/SES011/SA011S22	SES042	-0.767555	-66.3934	-65.6259
BLOCK01/SES011/SA011S22	SES082	-0.528015	-66.1539	-65.6259
BLOCK01/SES011/SA011S22	SES206	-1.50256	-67.1284	-65.6259
BLOCK01/SES011/SA011S24	SES019	-1.31679	-65.8333	-64.5165
BLOCK01/SES011/SA011S24	SES042	-0.401222	-64.9177	-64.5165
BLOCK01/SES011/SA011S24	SES104	-1.25951	-65.776	-64.5165
BLOCK01/SES011/SA011S24	SES206	-0.695473	-65.212	-64.5165
BLOCK01/SES011/SA011S27	SES082	0.0388947	-65.3031	-65.342
BLOCK01/SES011/SA011S27	SES087	-1.58379	-66.9258	-65.342
BLOCK01/SES011/SA011S27	SES125	-0.927483	-66.2695	-65.342
BLOCK01/SES011/SA011S27	SES206	-0.887253	-66.2292	-65.342
BLOCK01/SES012/SA012S11	SES007	-3.1622	-66.196	-63.0338
BLOCK01/SES012/SA012S11	SES082	-1.06387	-64.0977	-63.0338
BLOCK01/SES012/SA012S11	SES083	-3.08804	-66.1218	-63.0338
BLOCK01/SES012/SA012S11	SES206	-0.530689	-63.5645	-63.0338
BLOCK01/SES012/SA012S14	SES082	-0.90601	-64.7205	-63.8144
BLOCK01/SES012/SA012S14	SES087	-1.98336	-65.7978	-63.8144
BLOCK01/SES012/SA012S14	SES206	-0.71571	-64.5302	-63.8144
BLOCK01/SES012/SA012S14	SES292	-4.38831	-68.2028	-63.8144
BLOCK01/SES012/SA012S24	SES082	-0.0960007	-64.5852	-64.4892
BLOCK01/SES012/SA012S24	SES087	-1.17484	-65.6641	-64.4892
BLOCK01/SES012/SA012S24	SES120	-4.66495	-69.1542	-64.4892
BLOCK01/SES012/SA012S24	SES206	-0.016922	-64.5062	-64.4892
BLOCK01/SES012/SA012S26	SES019	-2.72872	-65.8735	-63.1448
BLOCK01/SES012/SA012S26	SES082	-1.56433	-64.7092	-63.1448
BLOCK01/SES012/SA012S26	SES206	-0.361191	-63.506	-63.1448
BLOCK01/SES012/SA012S26	SES292	-4.74891	-67.8937	-63.1448
BLOCK01/SES012/SA012S29	SES062	-3.04103	-66.3312	-63.2902
BLOCK01/SES012/SA012S29	SES082	-0.889385	-64.1796	-63.2902
BLOCK01/SES012/SA012S29	SES083	-3.20316	-66.4934	-63.2902
BLOCK01/SES012/SA012S29	SES206	-0.573475	-63.8637	-63.2902
BLOCK01/SES013/SA013S16	SES062	-4.76386	-69.285	-64.5211
BLOCK01/SES013/SA013S16	SES106	-1.04697	-65.5681	-64.5211
BLOCK01/SES013/SA013S16	SES206	-1.41029	-65.9314	-64.5211
BLOCK01/SES013/SA013S16	SES226	-0.650642	-65.1718	-64.5211
BLOCK01/SES013/SA013S17	SES062	-4.64973	-68.0391	-63.3893
BLOCK01/SES013/SA013S17	SES106	-1.01534	-64.4047	-63.3893
BLOCK01/SES013/SA013S17	SES206	-0.434311	-63.8237	-63.3893
BLOCK01/SES013/SA013S17	SES226	-0.0898399	-63.4792	-63.3893
BLOCK01/SES013/SA013S23	SES104	-1.537	-65.7593	-64.2223
BLOCK01/SES013/SA013S23	SES106	-0.915672	-65.1379	-64.2223
BLOCK01/SES013/SA013S23	SES206	-1.14598	-65.3682	-64.2223
BLOCK01/SES013/SA013S23	SES270	-0.584053	-64.8063	-64.2223
BLOCK01/SES013/SA013S25	SES042	-1.91636	-65.4413	-63.5249
BLOCK01/SES013/SA013S25	SES104	-1.44348	-64.9684	-63.5249
BLOCK01/SES013/SA013S25	SES106	-0.635487	-64.1604	-63.5249
BLOCK01/SES013/SA013S25	SES206	-1.30455	-64.8295	-63.5249
BLOCK01/SES013/SA013S29	SES062	-5.17593	-69.0603	-63.8844
BLOCK01/SES013/SA013S29	SES104	-1.66769	-65.5521	-63.8844
BLOCK01/SES013/SA013S29	SES106	-0.524475	-64.4089	-63.8844
BLOCK01/SES013/SA013S29	SES206	-1.35817	-65.2426	-63.8844
BLOCK02/SES021/SA021S13	SES016	-4.66466	-68.4859	-63.8213
BLOCK02/SES021/SA021S13	SES029	-5.74258	-69.5639	-63.8213
BLOCK02/SES021/SA021S13	SES087	-1.94769	-65.769	-63.8213
BLOCK02/SES021/SA021S13	SES206	-0.938416	-64.7597	-63.8213
BLOCK02/SES021/SA021S15	SES087	-1.07676	-63.4593	-62.3825
BLOCK02/SES021/SA021S15	SES125	-0.182388	-62.5649	-62.3825
BLOCK02/SES021/SA021S15	SES206	-0.406147	-62.7887	-62.3825
BLOCK02/SES021/SA021S15	SES226	-0.575706	-62.9582	-62.3825
BLOCK02/SES021/SA021S23	SES062	-4.45603	-69.7931	-65.3371
BLOCK02/SES021/SA021S23	SES087	-2.23259	-67.5697	-65.3371
BLOCK02/SES021/SA021S23	SES206	-2.2377	-67.5748	-65.3371
BLOCK02/SES021/SA021S23	SES226	-0.676674	-66.0138	-65.3371
BLOCK02/SES021/SA021S27	SES002	-2.19555	-66.2721	-64.0766
BLOCK02/SES021/SA021S27	SES016	-4.78044	-68.857	-64.0766
BLOCK02/SES021/SA021S27	SES019	-1.90015	-65.9767	-64.0766
BLOCK02/SES021/SA021S27	SES062	-2.43039	-66.507	-64.0766
BLOCK02/SES021/SA021S29	SES087	-2.29178	-65.6164	-63.3246
BLOCK02/SES021/SA021S29	SES125	-1.19873	-64.5233	-63.3246
BLOCK02/SES021/SA021S29	SES206	-1.79604	-65.1206	-63.3246
BLOCK02/SES021/SA021S29	SES226	-1.20555	-64.5301	-63.3246
BLOCK04/SES043/SA043S09	SES083	-1.70454	-69.3568	-67.6523
BLOCK04/SES043/SA043S09	SES101	-3.22854	-70.8808	-67.6523
BLOCK04/SES043/SA043S09	SES144	-0.180397	-67.8327	-67.6523
BLOCK04/SES043/SA043S09	SES172	-4.90861	-72.5609	-67.6523
BLOCK04/SES043/SA043S11	SES083	-0.716141	-66.4518	-65.7356
BLOCK04/SES043/SA043S11	SES101	-1.63946	-67.3751	-65.7356
BLOCK04/SES043/SA043S11	SES144	-0.337555	-66.0732	-65.7356
BLOCK04/SES043/SA043S11	SES172	-2.10838	-67.844	-65.7356
BLOCK04/SES043/SA043S23	SES083	-0.306648	-66.648	-66.3413
BLOCK04/SES043/SA043S23	SES144	0.0880432	-66.2533	-66.3413
BLOCK04/SES043/SA043S23	SES177	-3.47823	-69.8196	-66.3413
BLOCK04/SES043/SA043S23	SES275	-0.697723	-67.0391	-66.3413
BLOCK04/SES043/SA043S26	SES083	-0.838593	-67.3594	-66.5208
BLOCK04/SES043/SA043S26	SES101	-1.5217	-68.0425	-66.5208
BLOCK04/SES043/SA043S26	SES144	0.0186996	-66.5021	-66.5208
BLOCK04/SES043/SA043S26	SES177	-1.99909	-68.5199	-66.5208
BLOCK04/SES043/SA043S28	SES016	-1.58651	-66.7092	-65.1227
BLOCK04/SES043/SA043S28	SES083	-0.989105	-66.1118	-65.1227
BLOCK04/SES043/SA043S28	SES101	-1.4712	-66.5939	-65.1227
BLOCK04/SES043/SA043S28	SES144	-0.981667	-66.1043	-65.1227
BLOCK04/SES044/SA044S10	SES127	-2.5261	-72.0496	-69.5235
BLOCK04/SES044/SA044S10	SES144	-0.576942	-70.1004	-69.5235
BLOCK04/SES044/SA044S10	SES147	-3.50374	-73.0272	-69.5235
BLOCK04/SES044/SA044S10	SES148	-2.51337	-72.0369	-69.5235
BLOCK04/SES044/SA044S11	SES101	-1.93687	-70.2622	-68.3254
BLOCK04/SES044/SA044S11	SES144	-0.23172	-68.5571	-68.3254
BLOCK04/SES044/SA044S11	SES147	-3.07168	-71.397	-68.3254
BLOCK04/SES044/SA044S11	SES177	-2.28898	-70.6143	-68.3254
BLOCK04/SES044/SA044S24	SES007	-2.7906	-70.2641	-67.4735
BLOCK04/SES044/SA044S24	SES101	-1.37	-68.8435	-67.4735
BLOCK04/SES044/SA044S24	SES147	-4.74887	-72.2224	-67.4735
BLOCK04/SES044/SA044S24	SES177	-2.57579	-70.0493	-67.4735
BLOCK04/SES044/SA044S26	SES007	-2.47707	-69.7694	-67.2923
BLOCK04/SES044/SA044S26	SES016	-1.25813	-68.5505	-67.2923
BLOCK04/SES044/SA044S26	SES101	-0.799904	-68.0922	-67.2923
BLOCK04/SES044/SA044S26	SES147	-1.6713	-68.9636	-67.2923
BLOCK04/SES044/SA044S29	SES007	-1.56768	-67.9524	-66.3847
BLOCK04/SES044/SA044S29	SES101	-0.221222	-66.6059	-66.3847
BLOCK04/SES044/SA044S29	SES147	-1.80264	-68.1873	-66.3847
BLOCK04/SES044/SA044S29	SES177	-2.07854	-68.4632	-66.3847
BLOCK04/SES046/SA046S13	SES101	-3.4474	-70.9084	-67.461
BLOCK04/SES046/SA046S13	SES144	-1.08493	-68.5459	-67.461
BLOCK04/SES046/SA046S13	SES147	-2.62375	-70.0847	-67.461
BLOCK04/SES046/SA046S13	SES177	-1.11127	-68.5722	-67.461
BLOCK04/SES046/SA046S15	SES048	-3.3408	-69.9809	-66.6401
BLOCK04/SES046/SA046S15	SES083	-0.337936	-66.978	-66.6401
BLOCK04/SES046/SA046S15	SES120	-1.56216	-68.2023	-66.6401
BLOCK04/SES046/SA046S15	SES148	-1.08306	-67.7232	-66.6401
BLOCK04/SES046/SA046S22	SES101	-0.877495	-68.5463	-67.6688
BLOCK04/SES046/SA046S22	SES144	-0.258408	-67.9272	-67.6688
BLOCK04/SES046/SA046S22	SES147	-1.70133	-69.3702	-67.6688
BLOCK04/SES046/SA046S22	SES172	-2.03655	-69.7054	-67.6688
BLOCK04/SES046/SA046S25	SES083	-1.17638	-67.9313	-66.7549
BLOCK04/SES046/SA046S25	SES127	-1.60715	-68.362	-66.7549
BLOCK04/SES046/SA046S25	SES144	-1.57156	-68.3264	-66.7549
BLOCK04/SES046/SA046S25	SES148	-1.81466	-68.5695	-66.7549
BLOCK04/SES046/SA046S28	SES007	-2.79195	-70.3569	-67.565
BLOCK04/SES046/SA046S28	SES105	-2.81711	-70.3821	-67.565
BLOCK04/SES046/SA046S28	SES147	-2.67833	-70.2433	-67.565
BLOCK04/SES046/SA046S28	SES148	-1.11457	-68.6795	-67.565
BLOCK04/SES049/SA049S16	SES104	-1.47903	-66.8625	-65.3835
BLOCK04/SES049/SA049S16	SES106	-1.09293	-66.4764	-65.3835
BLOCK04/SES049/SA049S16	SES120	-3.75095	-69.1345	-65.3835
BLOCK04/SES049/SA049S16	SES206	-1.51782	-66.9013	-65.3835
BLOCK04/SES049/SA049S18	SES099	-1.01671	-67.3071	-66.2904
BLOCK04/SES049/SA049S18	SES104	-1.47403	-67.7645	-66.2904
BLOCK04/SES049/SA049S18	SES125	-2.30489	-68.5953	-66.2904
BLOCK04/SES049/SA049S18	SES206	-1.78227	-68.0727	-66.2904
BLOCK04/SES049/SA049S25	SES087	-1.34882	-66.1964	-64.8476
BLOCK04/SES049/SA049S25	SES104	-0.22052	-65.0681	-64.8476
BLOCK04/SES049/SA049S25	SES125	-1.98075	-66.8283	-64.8476
BLOCK04/SES049/SA049S25	SES206	-0.825432	-65.673	-64.8476
BLOCK04/SES049/SA049S27	SES099	-1.29394	-66.2444	-64.9504
BLOCK04/SES049/SA049S27	SES104	-0.140289	-65.0907	-64.9504
BLOCK04/SES049/SA049S27	SES125	-1.42603	-66.3765	-64.9504
BLOCK04/SES049/SA049S27	SES206	-1.27565	-66.2261	-64.9504
BLOCK04/SES049/SA049S29	SES099	-1.42294	-65.5572	-64.1343
BLOCK04/SES049/SA049S29	SES104	0.183449	-63.9508	-64.1343
BLOCK04/SES049/SA049S29	SES125	-1.29833	-65.4326	-64.1343
BLOCK04/SES049/SA049S29	SES206	-0.472939	-64.6072	-64.1343
BLOCK06/SES063/SA063S09	SES068	-1.83781	-67.722	-65.8842
BLOCK06/SES063/SA063S09	SES083	-0.200233	-66.0845	-65.8842
BLOCK06/SES063/SA063S09	SES177	-0.884247	-66.7685	-65.8842
BLOCK06/SES063/SA063S09	SES187	-0.666252	-66.5505	-65.8842
BLOCK06/SES063/SA063S10	SES068	-1.72704	-68.2076	-66.4806
BLOCK06/SES063/SA063S10	SES083	-0.191208	-66.6718	-66.4806
BLOCK06/SES063/SA063S10	SES172	-0.916351	-67.3969	-66.4806
BLOCK06/SES063/SA063S10	SES187	-1.03108	-67.5117	-66.4806
BLOCK06/SES063/SA063S20	SES068	-3.50993	-70.2484	-66.7385
BLOCK06/SES063/SA063S20	SES083	-0.64666	-67.3851	-66.7385
BLOCK06/SES063/SA063S20	SES172	-1.6601	-68.3986	-66.7385
BLOCK06/SES063/SA063S20	SES187	0.328178	-66.4103	-66.7385
BLOCK06/SES063/SA063S24	SES029	-1.86261	-67.2371	-65.3744
BLOCK06/SES063/SA063S24	SES083	-0.518257	-65.8927	-65.3744
BLOCK06/SES063/SA063S24	SES177	-0.551361	-65.9258	-65.3744
BLOCK06/SES063/SA063S24	SES189	-1.61462	-66.9891	-65.3744
BLOCK06/SES063/SA063S27	SES083	0.0867996	-67.0298	-67.1166
BLOCK06/SES063/SA063S27	SES172	-0.187424	-67.304	-67.1166
BLOCK06/SES063/SA063S27	SES187	-1.37367	-68.4902	-67.1166
BLOCK06/SES063/SA063S27	SES292	-1.81134	-68.9279	-67.1166
BLOCK06/SES067/SA067S12	SES083	-1.13644	-66.7104	-65.5739
BLOCK06/SES067/SA067S12	SES172	-3.6026	-69.1765	-65.5739
BLOCK06/SES067/SA067S12	SES202	0.323723	-65.2502	-65.5739
BLOCK06/SES067/SA067S12	SES292	-1.88882	-67.4627	-65.5739
BLOCK06/SES067/SA067S14	SES085	-2.60371	-67.8027	-65.199
BLOCK06/SES067/SA067S14	SES177	-1.77983	-66.9789	-65.199
BLOCK06/SES067/SA067S14	SES183	-2.50879	-67.7078	-65.199
BLOCK06/SES067/SA067S14	SES202	-0.649353	-65.8484	-65.199
BLOCK06/SES067/SA067S21	SES144	-0.816689	-67.8917	-67.0751
BLOCK06/SES067/SA067S21	SES177	-1.58117	-68.6562	-67.0751
BLOCK06/SES067/SA067S21	SES183	-3.81519	-70.8902	-67.0751
BLOCK06/SES067/SA067S21	SES189	-0.0832367	-67.1583	-67.0751
BLOCK06/SES067/SA067S25	SES085	-1.3608	-67.7934	-66.4326
BLOCK06/SES067/SA067S25	SES177	-0.787071	-67.2197	-66.4326
BLOCK06/SES067/SA067S25	SES183	-2.0989	-68.5315	-66.4326
BLOCK06/SES067/SA067S25	SES202	-0.24881	-66.6814	-66.4326
BLOCK06/SES067/SA067S29	SES085	-1.21088	-67.5722	-66.3613
BLOCK06/SES067/SA067S29	SES177	-0.952438	-67.3138	-66.3613
BLOCK06/SES067/SA067S29	SES183	-1.17418	-67.5355	-66.3613
BLOCK06/SES067/SA067S29	SES202	0.294754	-66.0666	-66.3613
BLOCK06/SES069/SA069S12	SES029	-3.36626	-67.7853	-64.4191
BLOCK06/SES069/SA069S12	SES082	-0.389961	-64.809	-64.4191
BLOCK06/SES069/SA069S12	SES087	-2.56119	-66.9803	-64.4191
BLOCK06/SES069/SA069S12	SES206	-2.03191	-66.451	-64.4191
BLOCK06/SES069/SA069S13	SES029	-4.06932	-68.5936	-64.5243
BLOCK06/SES069/SA069S13	SES087	-3.14927	-67.6736	-64.5243
BLOCK06/SES069/SA069S13	SES206	-2.89161	-67.4159	-64.5243
BLOCK06/SES069/SA069S13	SES226	-2.01867	-66.543	-64.5243
BLOCK06/SES069/SA069S23	SES029	-2.84754	-65.6869	-62.8393
BLOCK06/SES069/SA069S23	SES087	-2.9002	-65.7395	-62.8393
BLOCK06/SES069/SA069S23	SES206	-2.11581	-64.9551	-62.8393
BLOCK06/SES069/SA069S23	SES226	-1.11235	-63.9517	-62.8393
BLOCK06/SES069/SA069S25	SES087	-1.99466	-65.0532	-63.0585
BLOCK06/SES069/SA069S25	SES206	-2.39748	-65.456	-63.0585
BLOCK06/SES069/SA069S25	SES226	-1.28331	-64.3418	-63.0585
BLOCK06/SES069/SA069S25	SES270	-1.81758	-64.8761	-63.0585
BLOCK06/SES069/SA069S27	SES087	-2.86012	-66.0733	-63.2132
BLOCK06/SES069/SA069S27	SES206	-1.69879	-64.912	-63.2132
BLOCK06/SES069/SA069S27	SES226	-0.403015	-63.6162	-63.2132
BLOCK06/SES069/SA069S27	SES270	-1.99899	-65.2122	-63.2132
BLOCK08/SES081/SA081S11	SES060	-2.03706	-68.2904	-66.2534
BLOCK08/SES081/SA081S11	SES062	-3.04406	-69.2974	-66.2534
BLOCK08/SES081/SA081S11	SES117	-1.95023	-68.2036	-66.2534
BLOCK08/SES081/SA081S11	SES162	-1.62505	-67.8784	-66.2534
BLOCK08/SES081/SA081S13	SES016	-0.697281	-65.6929	-64.9956
BLOCK08/SES081/SA081S13	SES060	-0.426155	-65.4217	-64.9956
BLOCK08/SES081/SA081S13	SES068	0.0244904	-64.9711	-64.9956
BLOCK08/SES081/SA081S13	SES129	-1.93523	-66.9308	-64.9956
BLOCK08/SES081/SA081S24	SES060	-0.32943	-66.7459	-66.4165
BLOCK08/SES081/SA081S24	SES068	-0.615448	-67.0319	-66.4165
BLOCK08/SES081/SA081S24	SES117	-1.67445	-68.0909	-66.4165
BLOCK08/SES081/SA081S24	SES275	-2.10483	-68.5213	-66.4165
BLOCK08/SES081/SA081S27	SES007	-2.12692	-67.9741	-65.8472
BLOCK08/SES081/SA081S27	SES060	-2.05079	-67.898	-65.8472
BLOCK08/SES081/SA081S27	SES117	-0.644028	-66.4912	-65.8472
BLOCK08/SES081/SA081S27	SES275	-3.00576	-68.8529	-65.8472
BLOCK08/SES081/SA081S29	SES007	-1.47012	-67.0565	-65.5864
BLOCK08/SES081/SA081S29	SES060	-0.934708	-66.5211	-65.5864
BLOCK08/SES081/SA081S29	SES117	-1.12797	-66.7143	-65.5864
BLOCK08/SES081/SA081S29	SES275	-2.31305	-67.8994	-65.5864
BLOCK08/SES086/SA086S11	SES029	-5.49248	-72.0535	-66.561
BLOCK08/SES086/SA086S11	SES082	-1.91255	-68.4736	-66.561
BLOCK08/SES086/SA086S11	SES087	-0.891296	-67.4523	-66.561
BLOCK08/SES086/SA086S11	SES206	-1.75774	-68.3188	-66.561
BLOCK08/SES086/SA086S12	SES029	-5.32764	-70.7368	-65.4092
BLOCK08/SES086/SA086S12	SES082	-1.36832	-66.7775	-65.4092
BLOCK08/SES086/SA086S12	SES087	0.695984	-64.7132	-65.4092
BLOCK08/SES086/SA086S12	SES206	-0.647156	-66.0564	-65.4092
BLOCK08/SES086/SA086S20	SES029	-5.21745	-68.6748	-63.4574
BLOCK08/SES086/SA086S20	SES082	-1.51695	-64.9743	-63.4574
BLOCK08/SES086/SA086S20	SES087	0.467621	-62.9897	-63.4574
BLOCK08/SES086/SA086S20	SES206	-0.586826	-64.0442	-63.4574
BLOCK08/SES086/SA086S24	SES087	0.303589	-64.6482	-64.9518
BLOCK08/SES086/SA086S24	SES104	-0.97097	-65.9228	-64.9518
BLOCK08/SES086/SA086S24	SES120	-4.56133	-69.5131	-64.9518
BLOCK08/SES086/SA086S24	SES206	0.144936	-64.8068	-64.9518
BLOCK08/SES086/SA086S28	SES029	-4.00259	-68.2557	-64.2531
BLOCK08/SES086/SA086S28	SES082	-1.37146	-65.6245	-64.2531
BLOCK08/SES086/SA086S28	SES087	0.0689697	-64.1841	-64.2531
BLOCK08/SES086/SA086S28	SES206	-0.356796	-64.6099	-64.2531
BLOCK08/SES089/SA089S13	SES087	-2.81721	-68.2154	-65.3982
BLOCK08/SES089/SA089S13	SES206	-2.86619	-68.2643	-65.3982
BLOCK08/SES089/SA089S13	SES226	-1.56399	-66.9621	-65.3982
BLOCK08/SES089/SA089S13	SES270	-2.88589	-68.284	-65.3982
BLOCK08/SES089/SA089S14	SES062	-2.62959	-67.9591	-65.3295
BLOCK08/SES089/SA089S14	SES087	-1.22937	-66.5589	-65.3295
BLOCK08/SES089/SA089S14	SES206	-1.23848	-66.568	-65.3295
BLOCK08/SES089/SA089S14	SES226	-0.534897	-65.8644	-65.3295
BLOCK08/SES089/SA089S23	SES087	-2.2328	-69.2886	-67.0558
BLOCK08/SES089/SA089S23	SES206	-2.53181	-69.5876	-67.0558
BLOCK08/SES089/SA089S23	SES226	-0.943802	-67.9996	-67.0558
BLOCK08/SES089/SA089S23	SES270	-2.46949	-69.5253	-67.0558
BLOCK08/SES089/SA089S25	SES062	-3.73899	-68.7909	-65.0519
BLOCK08/SES089/SA089S25	SES087	-1.75012	-66.802	-65.0519
BLOCK08/SES089/SA089S25	SES206	-2.15595	-67.2078	-65.0519
BLOCK08/SES089/SA089S25	SES226	-0.39257	-65.4444	-65.0519
BLOCK08/SES089/SA089S28	SES062	-3.33932	-68.9672	-65.6278
BLOCK08/SES089/SA089S28	SES087	-1.56548	-67.1933	-65.6278
BLOCK08/SES089/SA089S28	SES206	-1.25857	-66.8864	-65.6278
BLOCK08/SES089/SA089S28	SES226	-0.013855	-65.6417	-65.6278
BLOCK09/SES097/SA097S11	SES099	-0.655495	-66.0605	-65.405
BLOCK09/SES097/SA097S11	SES125	-1.89332	-67.2983	-65.405
BLOCK09/SES097/SA097S11	SES206	-1.52207	-66.927	-65.405
BLOCK09/SES097/SA097S11	SES226	-0.7686	-66.1736	-65.405
BLOCK09/SES097/SA097S14	SES062	-4.56705	-70.319	-65.752
BLOCK09/SES097/SA097S14	SES099	-1.18321	-66.9352	-65.752
BLOCK09/SES097/SA097S14	SES104	-1.08199	-66.834	-65.752
BLOCK09/SES097/SA097S14	SES206	-1.88405	-67.636	-65.752
BLOCK09/SES097/SA097S22	SES099	-0.735451	-65.9765	-65.2411
BLOCK09/SES097/SA097S22	SES206	-1.27842	-66.5195	-65.2411
BLOCK09/SES097/SA097S22	SES226	-1.51015	-66.7512	-65.2411
BLOCK09/SES097/SA097S22	SES270	-0.299515	-65.5406	-65.2411
BLOCK09/SES097/SA097S26	SES099	-1.20416	-65.1973	-63.9931
BLOCK09/SES097/SA097S26	SES120	-4.59212	-68.5853	-63.9931
BLOCK09/SES097/SA097S26	SES206	-1.4292	-65.4223	-63.9931
BLOCK09/SES097/SA097S26	SES226	-2.27628	-66.2694	-63.9931
BLOCK09/SES097/SA097S28	SES099	-1.51986	-66.5901	-65.0703
BLOCK09/SES097/SA097S28	SES120	-3.31255	-68.3828	-65.0703
BLOCK09/SES097/SA097S28	SES206	-1.68448	-66.7547	-65.0703
BLOCK09/SES097/SA097S28	SES226	-2.11423	-67.1845	-65.0703
BLOCK09/SES098/SA098S11	SES127	-2.83919	-71.3252	-68.486
BLOCK09/SES098/SA098S11	SES144	-1.01314	-69.4992	-68.486
BLOCK09/SES098/SA098S11	SES147	0.105835	-68.3802	-68.486
BLOCK09/SES098/SA098S11	SES148	-3.05682	-71.5428	-68.486
BLOCK09/SES098/SA098S12	SES127	-5.64754	-75.7467	-70.0991
BLOCK09/SES098/SA098S12	SES144	-1.81822	-71.9174	-70.0991
BLOCK09/SES098/SA098S12	SES147	-0.600136	-70.6993	-70.0991
BLOCK09/SES098/SA098S12	SES189	-0.0429993	-70.1421	-70.0991
BLOCK09/SES098/SA098S20	SES127	-5.34814	-73.9213	-68.5731
BLOCK09/SES098/SA098S20	SES147	0.140251	-68.4329	-68.5731
BLOCK09/SES098/SA098S20	SES148	-4.58647	-73.1596	-68.5731
BLOCK09/SES098/SA098S20	SES292	-4.66792	-73.2411	-68.5731
BLOCK09/SES098/SA098S23	SES127	-2.7318	-70.2314	-67.4996
BLOCK09/SES098/SA098S23	SES147	0.161957	-67.3376	-67.4996
BLOCK09/SES098/SA098S23	SES187	-0.250916	-67.7505	-67.4996
BLOCK09/SES098/SA098S23	SES292	-3.34788	-70.8475	-67.4996
BLOCK09/SES098/SA098S27	SES127	-3.06918	-71.5696	-68.5004
BLOCK09/SES098/SA098S27	SES147	-1.17261	-69.673	-68.5004
BLOCK09/SES098/SA098S27	SES148	-3.41714	-71.9175	-68.5004
BLOCK09/SES098/SA098S27	SES292	-3.06877	-71.5692	-68.5004
BLOCK10/SES102/SA102S13	SES101	-0.303932	-67.8287	-67.5248
BLOCK10/SES102/SA102S13	SES105	-1.29731	-68.8221	-67.5248
BLOCK10/SES102/SA102S13	SES120	-1.83349	-69.3583	-67.5248
BLOCK10/SES102/SA102S13	SES158	-9.33623	-76.861	-67.5248
BLOCK10/SES102/SA102S14	SES007	-0.0961304	-65.402	-65.3059
BLOCK10/SES102/SA102S14	SES101	-0.254921	-65.5608	-65.3059
BLOCK10/SES102/SA102S14	SES105	-0.311401	-65.6173	-65.3059
BLOCK10/SES102/SA102S14	SES147	-3.50462	-68.8105	-65.3059
BLOCK10/SES102/SA102S22	SES007	-0.899666	-66.6776	-65.7779
BLOCK10/SES102/SA102S22	SES101	-0.163925	-65.9418	-65.7779
BLOCK10/SES102/SA102S22	SES105	-0.836464	-66.6144	-65.7779
BLOCK10/SES102/SA102S22	SES158	-5.269	-71.0469	-65.7779
BLOCK10/SES102/SA102S25	SES007	-0.698662	-66.3303	-65.6317
BLOCK10/SES102/SA102S25	SES101	-0.800941	-66.4326	-65.6317
BLOCK10/SES102/SA102S25	SES105	-1.12341	-66.7551	-65.6317
BLOCK10/SES102/SA102S25	SES147	-4.8026	-70.4342	-65.6317
BLOCK10/SES102/SA102S27	SES007	-1.35468	-67.8939	-66.5392
BLOCK10/SES102/SA102S27	SES101	-0.653511	-67.1927	-66.5392
BLOCK10/SES102/SA102S27	SES105	-1.05985	-67.599	-66.5392
BLOCK10/SES102/SA102S27	SES147	-3.11829	-69.6575	-66.5392
BLOCK10/SES103/SA103S14	SES105	-3.69945	-70.2013	-66.5018
BLOCK10/SES103/SA103S14	SES106	-0.963127	-67.465	-66.5018
BLOCK10/SES103/SA103S14	SES120	-4.20292	-70.7048	-66.5018
BLOCK10/SES103/SA103S14	SES206	-1.68421	-68.1861	-66.5018
BLOCK10/SES103/SA103S15	SES099	-1.26324	-69.0373	-67.774
BLOCK10/SES103/SA103S15	SES101	-4.90998	-72.684	-67.774
BLOCK10/SES103/SA103S15	SES104	-1.32701	-69.101	-67.774
BLOCK10/SES103/SA103S15	SES125	-0.885567	-68.6596	-67.774
BLOCK10/SES103/SA103S24	SES104	-1.64546	-67.0502	-65.4047
BLOCK10/SES103/SA103S24	SES125	-1.64504	-67.0498	-65.4047
BLOCK10/SES103/SA103S24	SES148	-4.20716	-69.6119	-65.4047
BLOCK10/SES103/SA103S24	SES158	-0.842896	-66.2476	-65.4047
BLOCK10/SES103/SA103S26	SES104	-1.74181	-69.2957	-67.5539
BLOCK10/SES103/SA103S26	SES106	-0.858414	-68.4123	-67.5539
BLOCK10/SES103/SA103S26	SES125	-1.54753	-69.1014	-67.5539
BLOCK10/SES103/SA103S26	SES148	-3.77727	-71.3311	-67.5539
BLOCK10/SES103/SA103S28	SES104	-2.28018	-70.4019	-68.1217
BLOCK10/SES103/SA103S28	SES106	-2.43258	-70.5543	-68.1217
BLOCK10/SES103/SA103S28	SES125	-3.07957	-71.2013	-68.1217
BLOCK10/SES103/SA103S28	SES206	-3.5627	-71.6844	-68.1217
BLOCK12/SES121/SA121S12	SES042	-2.28749	-70.9822	-68.6947
BLOCK12/SES121/SA121S12	SES087	-2.00439	-70.6991	-68.6947
BLOCK12/SES121/SA121S12	SES105	-2.55418	-71.2489	-68.6947
BLOCK12/SES121/SA121S12	SES206	-1.86864	-70.5633	-68.6947
BLOCK12/SES121/SA121S14	SES007	-3.85698	-72.6329	-68.776
BLOCK12/SES121/SA121S14	SES105	-3.20607	-71.982	-68.776
BLOCK12/SES121/SA121S14	SES106	-1.7335	-70.5095	-68.776
BLOCK12/SES121/SA121S14	SES206	-2.32279	-71.0988	-68.776
BLOCK12/SES121/SA121S23	SES105	-2.65646	-71.8538	-69.1973
BLOCK12/SES121/SA121S23	SES106	-1.23256	-70.4299	-69.1973
BLOCK12/SES121/SA121S23	SES120	-3.41096	-72.6083	-69.1973
BLOCK12/SES121/SA121S23	SES206	-1.61588	-70.8132	-69.1973
BLOCK12/SES121/SA121S25	SES007	-3.44849	-73.5827	-70.1342
BLOCK12/SES121/SA121S25	SES105	-3.67708	-73.8113	-70.1342
BLOCK12/SES121/SA121S25	SES106	-1.41772	-71.5519	-70.1342
BLOCK12/SES121/SA121S25	SES206	-2.49242	-72.6266	-70.1342
BLOCK12/SES121/SA121S27	SES087	-1.29757	-69.5751	-68.2775
BLOCK12/SES121/SA121S27	SES105	-4.73728	-73.0148	-68.2775
BLOCK12/SES121/SA121S27	SES120	-4.28371	-72.5612	-68.2775
BLOCK12/SES121/SA121S27	SES206	-2.23502	-70.5126	-68.2775
BLOCK12/SES124/SA124S16	SES042	-0.771255	-67.5702	-66.799
BLOCK12/SES124/SA124S16	SES082	-1.09393	-67.8929	-66.799
BLOCK12/SES124/SA124S16	SES183	-4.90426	-71.7032	-66.799
BLOCK12/SES124/SA124S16	SES206	-1.7384	-68.5374	-66.799
BLOCK12/SES124/SA124S17	SES105	-3.36066	-71.3175	-67.9569
BLOCK12/SES124/SA124S17	SES149	-2.44238	-70.3993	-67.9569
BLOCK12/SES124/SA124S17	SES158	-1.95671	-69.9136	-67.9569
BLOCK12/SES124/SA124S17	SES275	-4.30502	-72.2619	-67.9569
BLOCK12/SES124/SA124S23	SES105	-3.48189	-67.4614	-63.9795
BLOCK12/SES124/SA124S23	SES125	0.03825	-63.9412	-63.9795
BLOCK12/SES124/SA124S23	SES129	-4.12383	-68.1033	-63.9795
BLOCK12/SES124/SA124S23	SES158	-0.585426	-64.5649	-63.9795
BLOCK12/SES124/SA124S26	SES105	-4.30112	-69.354	-65.0529
BLOCK12/SES124/SA124S26	SES125	-0.183632	-65.2365	-65.0529
BLOCK12/SES124/SA124S26	SES129	-4.61189	-69.6648	-65.0529
BLOCK12/SES124/SA124S26	SES158	-1.18849	-66.2414	-65.0529
BLOCK12/SES124/SA124S28	SES104	-0.664391	-65.2831	-64.6187
BLOCK12/SES124/SA124S28	SES106	-0.38871	-65.0074	-64.6187
BLOCK12/SES124/SA124S28	SES125	-0.11792	-64.7366	-64.6187
BLOCK12/SES124/SA124S28	SES275	-5.77013	-70.3889	-64.6187
BLOCK12/SES126/SA126S13	SES007	-2.1226	-71.5415	-69.4189
BLOCK12/SES126/SA126S13	SES162	-0.86377	-70.2827	-69.4189
BLOCK12/SES126/SA126S13	SES177	-0.46666	-69.8856	-69.4189
BLOCK12/SES126/SA126S13	SES180	-1.46629	-70.8852	-69.4189
BLOCK12/SES126/SA126S14	SES144	-1.68004	-68.4243	-66.7443
BLOCK12/SES126/SA126S14	SES148	-2.4364	-69.1807	-66.7443
BLOCK12/SES126/SA126S14	SES177	-0.648659	-67.3929	-66.7443
BLOCK12/SES126/SA126S14	SES180	-1.32513	-68.0694	-66.7443
BLOCK12/SES126/SA126S20	SES007	-3.58807	-71.1264	-67.5384
BLOCK12/SES126/SA126S20	SES162	-2.08957	-69.6279	-67.5384
BLOCK12/SES126/SA126S20	SES172	-5.81718	-73.3555	-67.5384
BLOCK12/SES126/SA126S20	SES180	-2.31355	-69.8519	-67.5384
BLOCK12/SES126/SA126S24	SES120	-0.75499	-67.8007	-67.0457
BLOCK12/SES126/SA126S24	SES162	-0.752022	-67.7977	-67.0457
BLOCK12/SES126/SA126S24	SES177	-0.562897	-67.6086	-67.0457
BLOCK12/SES126/SA126S24	SES180	-0.34848	-67.3941	-67.0457
BLOCK12/SES126/SA126S26	SES120	-0.677071	-67.9678	-67.2907
BLOCK12/SES126/SA126S26	SES177	-0.779472	-68.0702	-67.2907
BLOCK12/SES126/SA126S26	SES180	-1.442	-68.7327	-67.2907
BLOCK12/SES126/SA126S26	SES202	-2.53207	-69.8228	-67.2907
BLOCK12/SES128/SA128S10	SES087	-2.78009	-67.9066	-65.1265
BLOCK12/SES128/SA128S10	SES206	-1.94025	-67.0668	-65.1265
BLOCK12/SES128/SA128S10	SES226	-0.959351	-66.0859	-65.1265
BLOCK12/SES128/SA128S10	SES270	-1.29311	-66.4197	-65.1265
BLOCK12/SES128/SA128S12	SES120	-3.3336	-68.8283	-65.4947
BLOCK12/SES128/SA128S12	SES158	-1.46799	-66.9627	-65.4947
BLOCK12/SES128/SA128S12	SES206	-1.48245	-66.9771	-65.4947
BLOCK12/SES128/SA128S12	SES226	-1.37755	-66.8722	-65.4947
BLOCK12/SES128/SA128S21	SES106	-3.79915	-70.4377	-66.6385
BLOCK12/SES128/SA128S21	SES120	-2.72896	-69.3675	-66.6385
BLOCK12/SES128/SA128S21	SES206	-2.97128	-69.6098	-66.6385
BLOCK12/SES128/SA128S21	SES226	-2.50652	-69.145	-66.6385
BLOCK12/SES128/SA128S24	SES087	-3.88761	-70.655	-66.7674
BLOCK12/SES128/SA128S24	SES120	-1.69395	-68.4614	-66.7674
BLOCK12/SES128/SA128S24	SES206	-3.5899	-70.3573	-66.7674
BLOCK12/SES128/SA128S24	SES226	-2.21223	-68.9796	-66.7674
BLOCK12/SES128/SA128S27	SES099	-2.43865	-67.7993	-65.3607
BLOCK12/SES128/SA128S27	SES120	-2.13474	-67.4954	-65.3607
BLOCK12/SES128/SA128S27	SES206	-2.83421	-68.1949	-65.3607
BLOCK12/SES128/SA128S27	SES226	-1.45204	-66.8127	-65.3607
BLOCK13/SES130/SA130S13	SES143	-4.23833	-71.8684	-67.6301
BLOCK13/SES130/SA130S13	SES144	-0.451935	-68.082	-67.6301
BLOCK13/SES130/SA130S13	SES146	-1.44513	-69.0752	-67.6301
BLOCK13/SES130/SA130S13	SES275	-4.35283	-71.9829	-67.6301
BLOCK13/SES130/SA130S15	SES143	-2.28019	-68.7001	-66.4199
BLOCK13/SES130/SA130S15	SES144	-0.370514	-66.7904	-66.4199
BLOCK13/SES130/SA130S15	SES146	-0.578842	-66.9987	-66.4199
BLOCK13/SES130/SA130S15	SES275	-1.28622	-67.7061	-66.4199
BLOCK13/SES130/SA130S23	SES127	-3.38727	-71.4683	-68.0811
BLOCK13/SES130/SA130S23	SES144	-0.836037	-68.9171	-68.0811
BLOCK13/SES130/SA130S23	SES146	-0.322044	-68.4031	-68.0811
BLOCK13/SES130/SA130S23	SES162	-1.63313	-69.7142	-68.0811
BLOCK13/SES130/SA130S25	SES127	-2.71411	-69.1729	-66.4588
BLOCK13/SES130/SA130S25	SES144	-0.186111	-66.6449	-66.4588
BLOCK13/SES130/SA130S25	SES146	-0.785126	-67.2439	-66.4588
BLOCK13/SES130/SA130S25	SES275	-0.757736	-67.2165	-66.4588
BLOCK13/SES130/SA130S28	SES127	-1.97952	-68.7794	-66.7999
BLOCK13/SES130/SA130S28	SES144	-0.82975	-67.6297	-66.7999
BLOCK13/SES130/SA130S28	SES146	-1.21378	-68.0137	-66.7999
BLOCK13/SES130/SA130S28	SES275	-0.700974	-67.5009	-66.7999
BLOCK13/SES131/SA131S13	SES002	-2.54231	-70.7841	-68.2418
BLOCK13/SES131/SA131S13	SES007	-4.6671	-72.9089	-68.2418
BLOCK13/SES131/SA131S13	SES099	-2.28852	-70.5303	-68.2418
BLOCK13/SES131/SA131S13	SES105	-3.34556	-71.5873	-68.2418
BLOCK13/SES131/SA131S14	SES104	-0.98233	-67.2178	-66.2355
BLOCK13/SES131/SA131S14	SES106	-0.746078	-66.9816	-66.2355
BLOCK13/SES131/SA131S14	SES125	-1.30782	-67.5433	-66.2355
BLOCK13/SES131/SA131S14	SES148	-2.76972	-69.0052	-66.2355
BLOCK13/SES131/SA131S20	SES104	-1.49007	-69.3794	-67.8893
BLOCK13/SES131/SA131S20	SES106	-0.965721	-68.855	-67.8893
BLOCK13/SES131/SA131S20	SES125	-1.57435	-69.4636	-67.8893
BLOCK13/SES131/SA131S20	SES148	-3.50092	-71.3902	-67.8893
BLOCK13/SES131/SA131S22	SES099	-1.57294	-68.3759	-66.803
BLOCK13/SES131/SA131S22	SES104	-1.42386	-68.2268	-66.803
BLOCK13/SES131/SA131S22	SES125	-1.70094	-68.5039	-66.803
BLOCK13/SES131/SA131S22	SES206	-2.1284	-68.9314	-66.803
BLOCK13/SES131/SA131S29	SES087	-1.66612	-69.3997	-67.7336
BLOCK13/SES131/SA131S29	SES104	-2.25467	-69.9883	-67.7336
BLOCK13/SES131/SA131S29	SES125	-1.56959	-69.3032	-67.7336
BLOCK13/SES131/SA131S29	SES206	-2.166	-69.8996	-67.7336
BLOCK13/SES132/SA132S11	SES083	-1.66979	-67.5873	-65.9175
BLOCK13/SES132/SA132S11	SES120	0.0759735	-65.8416	-65.9175
BLOCK13/SES132/SA132S11	SES127	-0.710167	-66.6277	-65.9175
BLOCK13/SES132/SA132S11	SES275	-1.78059	-67.6981	-65.9175
BLOCK13/SES132/SA132S12	SES083	-1.53594	-67.3405	-65.8046
BLOCK13/SES132/SA132S12	SES143	-1.19217	-66.9967	-65.8046
BLOCK13/SES132/SA132S12	SES144	-0.879463	-66.684	-65.8046
BLOCK13/SES132/SA132S12	SES148	-1.63858	-67.4431	-65.8046
BLOCK13/SES132/SA132S22	SES062	-0.940018	-66.6721	-65.7321
BLOCK13/SES132/SA132S22	SES083	-0.706863	-66.4389	-65.7321
BLOCK13/SES132/SA132S22	SES127	-0.708328	-66.4404	-65.7321
BLOCK13/SES132/SA132S22	SES275	-1.43334	-67.1654	-65.7321
BLOCK13/SES132/SA132S24	SES007	-0.87822	-66.4838	-65.6056
BLOCK13/SES132/SA132S24	SES083	-1.37972	-66.9853	-65.6056
BLOCK13/SES132/SA132S24	SES127	-0.775352	-66.3809	-65.6056
BLOCK13/SES132/SA132S24	SES275	-1.42357	-67.0292	-65.6056
BLOCK13/SES132/SA132S27	SES083	-1.62562	-68.144	-66.5184
BLOCK13/SES132/SA132S27	SES120	0.00820923	-66.5102	-66.5184
BLOCK13/SES132/SA132S27	SES127	-1.58093	-68.0993	-66.5184
BLOCK13/SES132/SA132S27	SES275	-1.85655	-68.375	-66.5184
BLOCK14/SES141/SA141S09	SES143	-0.209473	-67.6876	-67.4781
BLOCK14/SES141/SA141S09	SES144	-0.344612	-67.8227	-67.4781
BLOCK14/SES141/SA141S09	SES162	-0.362282	-67.8404	-67.4781
BLOCK14/SES141/SA141S09	SES180	-1.10009	-68.5782	-67.4781
BLOCK14/SES141/SA141S15	SES127	-1.25232	-68.4799	-67.2276
BLOCK14/SES141/SA141S15	SES144	-0.703247	-67.9309	-67.2276
BLOCK14/SES141/SA141S15	SES162	-0.709908	-67.9375	-67.2276
BLOCK14/SES141/SA141S15	SES180	-0.774139	-68.0018	-67.2276
BLOCK14/SES141/SA141S24	SES127	-0.570137	-67.5356	-66.9654
BLOCK14/SES141/SA141S24	SES144	-1.32854	-68.294	-66.9654
BLOCK14/SES141/SA141S24	SES162	0.206772	-66.7587	-66.9654
BLOCK14/SES141/SA141S24	SES183	-1.89043	-68.8559	-66.9654
BLOCK14/SES141/SA141S26	SES142	-2.31839	-69.0818	-66.7634
BLOCK14/SES141/SA141S26	SES144	-1.46012	-68.2235	-66.7634
BLOCK14/SES141/SA141S26	SES172	-2.16342	-68.9268	-66.7634
BLOCK14/SES141/SA141S26	SES180	-0.860123	-67.6235	-66.7634
BLOCK14/SES141/SA141S29	SES127	0.103508	-66.4486	-66.5521
BLOCK14/SES141/SA141S29	SES142	-0.579041	-67.1312	-66.5521
BLOCK14/SES141/SA141S29	SES144	-1.17824	-67.7304	-66.5521
BLOCK14/SES141/SA141S29	SES180	-0.0585403	-66.6107	-66.5521
BLOCK15/SES157/SA157S08	SES083	-2.33309	-68.5835	-66.2504
BLOCK15/SES157/SA157S08	SES127	-2.26839	-68.5188	-66.2504
BLOCK15/SES157/SA157S08	SES148	-1.54615	-67.7965	-66.2504
BLOCK15/SES157/SA157S08	SES292	-2.47843	-68.7288	-66.2504
BLOCK15/SES157/SA157S11	SES083	-1.90373	-67.8528	-65.9491
BLOCK15/SES157/SA157S11	SES127	-3.03664	-68.9857	-65.9491
BLOCK15/SES157/SA157S11	SES148	-1.64563	-67.5947	-65.9491
BLOCK15/SES157/SA157S11	SES292	-1.86448	-67.8136	-65.9491
BLOCK15/SES157/SA157S21	SES127	-2.78531	-68.5062	-65.7209
BLOCK15/SES157/SA157S21	SES148	-0.595413	-66.3163	-65.7209
BLOCK15/SES157/SA157S21	SES158	-6.54656	-72.2674	-65.7209
BLOCK15/SES157/SA157S21	SES292	-1.10997	-66.8309	-65.7209
BLOCK15/SES157/SA157S24	SES127	-2.6357	-68.0686	-65.4329
BLOCK15/SES157/SA157S24	SES148	-1.26366	-66.6965	-65.4329
BLOCK15/SES157/SA157S24	SES183	-1.968	-67.4009	-65.4329
BLOCK15/SES157/SA157S24	SES292	-1.64222	-67.0751	-65.4329
BLOCK15/SES157/SA157S26	SES007	-0.778893	-66.8116	-66.0327
BLOCK15/SES157/SA157S26	SES127	-1.31756	-67.3503	-66.0327
BLOCK15/SES157/SA157S26	SES147	-3.8531	-69.8858	-66.0327
BLOCK15/SES157/SA157S26	SES148	-1.07578	-67.1085	-66.0327
BLOCK16/SES161/SA161S10	SES007	-2.89905	-70.8357	-67.9367
BLOCK16/SES161/SA161S10	SES105	-1.75729	-69.6939	-67.9367
BLOCK16/SES161/SA161S10	SES158	-2.74101	-70.6777	-67.9367
BLOCK16/SES161/SA161S10	SES275	-2.64037	-70.577	-67.9367
BLOCK16/SES161/SA161S12	SES007	-2.25419	-69.8584	-67.6042
BLOCK16/SES161/SA161S12	SES105	-1.87756	-69.4817	-67.6042
BLOCK16/SES161/SA161S12	SES158	-1.16193	-68.7661	-67.6042
BLOCK16/SES161/SA161S12	SES275	-1.98838	-69.5925	-67.6042
BLOCK16/SES161/SA161S20	SES007	-2.53011	-71.3653	-68.8352
BLOCK16/SES161/SA161S20	SES105	-2.30716	-71.1423	-68.8352
BLOCK16/SES161/SA161S20	SES158	-2.07835	-70.9135	-68.8352
BLOCK16/SES161/SA161S20	SES275	-2.68848	-71.5237	-68.8352
BLOCK16/SES161/SA161S23	SES007	-2.5899	-69.7483	-67.1584
BLOCK16/SES161/SA161S23	SES105	-1.74808	-68.9064	-67.1584
BLOCK16/SES161/SA161S23	SES148	-3.0689	-70.2273	-67.1584
BLOCK16/SES161/SA161S23	SES158	-1.34072	-68.4991	-67.1584
BLOCK16/SES161/SA161S28	SES007	-3.56937	-70.5586	-66.9893
BLOCK16/SES161/SA161S28	SES105	-2.55478	-69.544	-66.9893
BLOCK16/SES161/SA161S28	SES158	-0.911598	-67.9009	-66.9893
BLOCK16/SES161/SA161S28	SES206	-2.50521	-69.4945	-66.9893
BLOCK16/SES164/SA164S11	SES104	-1.73868	-66.2457	-64.507
BLOCK16/SES164/SA164S11	SES125	-0.811821	-65.3188	-64.507
BLOCK16/SES164/SA164S11	SES158	-0.663712	-65.1707	-64.507
BLOCK16/SES164/SA164S11	SES206	-1.38632	-65.8933	-64.507
BLOCK16/SES164/SA164S13	SES099	-0.769104	-66.9772	-66.2081
BLOCK16/SES164/SA164S13	SES104	-2.38434	-68.5925	-66.2081
BLOCK16/SES164/SA164S13	SES125	-1.75002	-67.9582	-66.2081
BLOCK16/SES164/SA164S13	SES206	-1.42056	-67.6287	-66.2081
BLOCK16/SES164/SA164S24	SES002	-0.248589	-65.6718	-65.4232
BLOCK16/SES164/SA164S24	SES099	-0.378754	-65.802	-65.4232
BLOCK16/SES164/SA164S24	SES125	-1.766	-67.1892	-65.4232
BLOCK16/SES164/SA164S24	SES226	-0.724762	-66.148	-65.4232
BLOCK16/SES164/SA164S27	SES087	-2.47086	-67.904	-65.4332
BLOCK16/SES164/SA164S27	SES125	-1.46841	-66.9016	-65.4332
BLOCK16/SES164/SA164S27	SES206	-1.37992	-66.8131	-65.4332
BLOCK16/SES164/SA164S27	SES226	-1.59889	-67.0321	-65.4332
BLOCK16/SES164/SA164S29	SES002	0.0755844	-64.9182	-64.9937
BLOCK16/SES164/SA164S29	SES019	-1.61209	-66.6058	-64.9937
BLOCK16/SES164/SA164S29	SES125	-0.977638	-65.9714	-64.9937
BLOCK16/SES164/SA164S29	SES226	-1.2094	-66.2031	-64.9937
BLOCK16/SES169/SA169S13	SES117	-2.03194	-69.0677	-67.0357
BLOCK16/SES169/SA169S13	SES144	-0.690964	-67.7267	-67.0357
BLOCK16/SES169/SA169S13	SES146	-1.10355	-68.1393	-67.0357
BLOCK16/SES169/SA169S13	SES162	-2.12412	-69.1599	-67.0357
BLOCK16/SES169/SA169S14	SES144	-0.835266	-66.4939	-65.6586
BLOCK16/SES169/SA169S14	SES148	-1.02698	-66.6856	-65.6586
BLOCK16/SES169/SA169S14	SES177	-2.0844	-67.743	-65.6586
BLOCK16/SES169/SA169S14	SES180	-3.73703	-69.3957	-65.6586
BLOCK16/SES169/SA169S24	SES117	-1.61916	-69.0913	-67.4721
BLOCK16/SES169/SA169S24	SES144	-0.537941	-68.01	-67.4721
BLOCK16/SES169/SA169S24	SES146	-1.02015	-68.4922	-67.4721
BLOCK16/SES169/SA169S24	SES162	-2.35019	-69.8223	-67.4721
BLOCK16/SES169/SA169S27	SES127	-1.93111	-68.6932	-66.7621
BLOCK16/SES169/SA169S27	SES129	-1.31151	-68.0736	-66.7621
BLOCK16/SES169/SA169S27	SES144	-1.83035	-68.5924	-66.7621
BLOCK16/SES169/SA169S27	SES146	-0.724693	-67.4868	-66.7621
BLOCK16/SES169/SA169S29	SES144	-0.766281	-66.576	-65.8097
BLOCK16/SES169/SA169S29	SES162	-1.95322	-67.7629	-65.8097
BLOCK16/SES169/SA169S29	SES177	-2.99635	-68.8061	-65.8097
BLOCK16/SES169/SA169S29	SES180	-2.51749	-68.3272	-65.8097
BLOCK17/SES171/SA171S12	SES083	-1.32075	-68.7923	-67.4715
BLOCK17/SES171/SA171S12	SES148	-1.70773	-69.1793	-67.4715
BLOCK17/SES171/SA171S12	SES172	-1.923	-69.3945	-67.4715
BLOCK17/SES171/SA171S12	SES292	-1.59619	-69.0677	-67.4715
BLOCK17/SES171/SA171S15	SES148	-1.86994	-69.8801	-68.0101
BLOCK17/SES171/SA171S15	SES177	-1.42408	-69.4342	-68.0101
BLOCK17/SES171/SA171S15	SES180	-4.38345	-72.3936	-68.0101
BLOCK17/SES171/SA171S15	SES292	-3.38457	-71.3947	-68.0101
BLOCK17/SES171/SA171S22	SES007	-1.95235	-67.7692	-65.8169
BLOCK17/SES171/SA171S22	SES148	-1.51168	-67.3286	-65.8169
BLOCK17/SES171/SA171S22	SES177	-0.538292	-66.3552	-65.8169
BLOCK17/SES171/SA171S22	SES180	-2.33681	-68.1537	-65.8169
BLOCK17/SES171/SA171S25	SES101	-3.04662	-71.5822	-68.5356
BLOCK17/SES171/SA171S25	SES120	-3.16608	-71.7016	-68.5356
BLOCK17/SES171/SA171S25	SES177	-1.05871	-69.5943	-68.5356
BLOCK17/SES171/SA171S25	SES180	-2.77626	-71.3118	-68.5356
BLOCK17/SES171/SA171S27	SES177	-0.373833	-67.6345	-67.2607
BLOCK17/SES171/SA171S27	SES180	-2.69766	-69.9583	-67.2607
BLOCK17/SES171/SA171S27	SES189	-0.60685	-67.8675	-67.2607
BLOCK17/SES171/SA171S27	SES292	-2.54456	-69.8052	-67.2607
BLOCK17/SES173/SA173S13	SES162	-2.82587	-71.3661	-68.5402
BLOCK17/SES173/SA173S13	SES177	-2.0437	-70.5839	-68.5402
BLOCK17/SES173/SA173S13	SES180	-2.21607	-70.7563	-68.5402
BLOCK17/SES173/SA173S13	SES292	-2.39803	-70.9383	-68.5402
BLOCK17/SES173/SA173S14	SES007	-4.26547	-73.2371	-68.9716
BLOCK17/SES173/SA173S14	SES162	-2.07518	-71.0468	-68.9716
BLOCK17/SES173/SA173S14	SES177	-1.09987	-70.0715	-68.9716
BLOCK17/SES173/SA173S14	SES180	-2.61295	-71.5846	-68.9716
BLOCK17/SES173/SA173S24	SES144	-1.15728	-70.6469	-69.4896
BLOCK17/SES173/SA173S24	SES162	-2.23251	-71.7221	-69.4896
BLOCK17/SES173/SA173S24	SES177	-1.76852	-71.2581	-69.4896
BLOCK17/SES173/SA173S24	SES180	-2.04281	-71.5324	-69.4896
BLOCK17/SES173/SA173S27	SES162	-3.62187	-72.2737	-68.6519
BLOCK17/SES173/SA173S27	SES177	-0.855011	-69.5069	-68.6519
BLOCK17/SES173/SA173S27	SES180	-2.14957	-70.8014	-68.6519
BLOCK17/SES173/SA173S27	SES292	-3.1637	-71.8156	-68.6519
BLOCK17/SES173/SA173S29	SES162	-1.89721	-70.3455	-68.4483
BLOCK17/SES173/SA173S29	SES175	-0.242035	-68.6903	-68.4483
BLOCK17/SES173/SA173S29	SES177	-1.48709	-69.9354	-68.4483
BLOCK17/SES173/SA173S29	SES292	-3.23008	-71.6784	-68.4483
BLOCK18/SES182/SA182S10	SES144	-1.14037	-67.6726	-66.5323
BLOCK18/SES182/SA182S10	SES177	-1.05807	-67.5903	-66.5323
BLOCK18/SES182/SA182S10	SES180	-2.03193	-68.5642	-66.5323
BLOCK18/SES182/SA182S10	SES275	-1.20341	-67.7357	-66.5323
BLOCK18/SES182/SA182S12	SES144	-0.644394	-66.9817	-66.3373
BLOCK18/SES182/SA182S12	SES177	-1.25668	-67.594	-66.3373
BLOCK18/SES182/SA182S12	SES180	-1.62694	-67.9643	-66.3373
BLOCK18/SES182/SA182S12	SES275	-1.81689	-68.1542	-66.3373
BLOCK18/SES182/SA182S21	SES117	-0.755371	-68.5599	-67.8045
BLOCK18/SES182/SA182S21	SES144	-1.41797	-69.2225	-67.8045
BLOCK18/SES182/SA182S21	SES162	-0.590714	-68.3952	-67.8045
BLOCK18/SES182/SA182S21	SES180	-1.48872	-69.2932	-67.8045
BLOCK18/SES182/SA182S23	SES117	-0.8806	-67.5894	-66.7088
BLOCK18/SES182/SA182S23	SES144	-1.5826	-68.2914	-66.7088
BLOCK18/SES182/SA182S23	SES180	-2.1861	-68.8949	-66.7088
BLOCK18/SES182/SA182S23	SES275	-2.37861	-69.0874	-66.7088
BLOCK18/SES182/SA182S25	SES007	-1.08896	-68.0333	-66.9443
BLOCK18/SES182/SA182S25	SES162	-0.500999	-67.4453	-66.9443
BLOCK18/SES182/SA182S25	SES177	-0.342171	-67.2865	-66.9443
BLOCK18/SES182/SA182S25	SES180	-1.21803	-68.1624	-66.9443
BLOCK18/SES184/SA184S12	SES177	-1.54115	-68.4657	-66.9246
BLOCK18/SES184/SA184S12	SES180	-1.38012	-68.3047	-66.9246
BLOCK18/SES184/SA184S12	SES189	-2.86012	-69.7847	-66.9246
BLOCK18/SES184/SA184S12	SES292	-1.64194	-68.5665	-66.9246
BLOCK18/SES184/SA184S13	SES101	-1.74669	-68.6422	-66.8955
BLOCK18/SES184/SA184S13	SES177	-1.45192	-68.3474	-66.8955
BLOCK18/SES184/SA184S13	SES180	-2.01953	-68.915	-66.8955
BLOCK18/SES184/SA184S13	SES292	-1.30484	-68.2003	-66.8955
BLOCK18/SES184/SA184S22	SES177	-1.70943	-67.873	-66.1635
BLOCK18/SES184/SA184S22	SES180	-1.9678	-68.1313	-66.1635
BLOCK18/SES184/SA184S22	SES189	-2.40874	-68.5723	-66.1635
BLOCK18/SES184/SA184S22	SES292	-1.92047	-68.084	-66.1635
BLOCK18/SES184/SA184S25	SES101	-0.608192	-65.4274	-64.8192
BLOCK18/SES184/SA184S25	SES177	-1.38355	-66.2028	-64.8192
BLOCK18/SES184/SA184S25	SES180	-1.81274	-66.632	-64.8192
BLOCK18/SES184/SA184S25	SES292	-1.35243	-66.1717	-64.8192
BLOCK18/SES184/SA184S27	SES083	-1.333	-67.5616	-66.2286
BLOCK18/SES184/SA184S27	SES177	-1.26146	-67.4901	-66.2286
BLOCK18/SES184/SA184S27	SES202	-3.70464	-69.9333	-66.2286
BLOCK18/SES184/SA184S27	SES292	-1.5888	-67.8174	-66.2286
BLOCK20/SES204/SA204S12	SES062	-2.85051	-67.1474	-64.2969
BLOCK20/SES204/SA204S12	SES083	-2.78685	-67.0838	-64.2969
BLOCK20/SES204/SA204S12	SES206	-0.912643	-65.2096	-64.2969
BLOCK20/SES204/SA204S12	SES226	-1.52647	-65.8234	-64.2969
BLOCK20/SES204/SA204S14	SES068	-4.06378	-67.7984	-63.7347
BLOCK20/SES204/SA204S14	SES087	-1.02502	-64.7597	-63.7347
BLOCK20/SES204/SA204S14	SES206	-1.83112	-65.5658	-63.7347
BLOCK20/SES204/SA204S14	SES226	-1.8369	-65.5716	-63.7347
BLOCK20/SES204/SA204S22	SES068	-4.25236	-68.1692	-63.9168
BLOCK20/SES204/SA204S22	SES082	-2.60204	-66.5189	-63.9168
BLOCK20/SES204/SA204S22	SES083	-4.01844	-67.9353	-63.9168
BLOCK20/SES204/SA204S22	SES206	-1.69257	-65.6094	-63.9168
BLOCK20/SES204/SA204S25	SES062	-4.68552	-69.139	-64.4535
BLOCK20/SES204/SA204S25	SES083	-3.93869	-68.3922	-64.4535
BLOCK20/SES204/SA204S25	SES206	-1.23219	-65.6857	-64.4535
BLOCK20/SES204/SA204S25	SES226	-1.81171	-66.2652	-64.4535
BLOCK20/SES204/SA204S27	SES068	-4.59898	-69.5425	-64.9436
BLOCK20/SES204/SA204S27	SES082	-2.00441	-66.948	-64.9436
BLOCK20/SES204/SA204S27	SES087	-0.62957	-65.5731	-64.9436
BLOCK20/SES204/SA204S27	SES206	-1.07835	-66.0219	-64.9436
BLOCK20/SES207/SA207S10	SES127	-0.778877	-67.4118	-66.633
BLOCK20/SES207/SA207S10	SES183	-1.43629	-68.0693	-66.633
BLOCK20/SES207/SA207S10	SES189	-1.38619	-68.0192	-66.633
BLOCK20/SES207/SA207S10	SES292	-1.28284	-67.9158	-66.633
BLOCK20/SES207/SA207S11	SES127	-2.21495	-68.5791	-66.3642
BLOCK20/SES207/SA207S11	SES183	-2.04057	-68.4047	-66.3642
BLOCK20/SES207/SA207S11	SES187	-1.19137	-67.5555	-66.3642
BLOCK20/SES207/SA207S11	SES292	-1.20932	-67.5735	-66.3642
BLOCK20/SES207/SA207S25	SES068	-1.78436	-68.7086	-66.9243
BLOCK20/SES207/SA207S25	SES083	-1.97702	-68.9013	-66.9243
BLOCK20/SES207/SA207S25	SES127	-1.08743	-68.0117	-66.9243
BLOCK20/SES207/SA207S25	SES187	-0.406296	-67.3306	-66.9243
BLOCK20/SES207/SA207S27	SES127	-0.943253	-68.3455	-67.4023
BLOCK20/SES207/SA207S27	SES183	-0.829697	-68.2319	-67.4023
BLOCK20/SES207/SA207S27	SES187	-1.01749	-68.4197	-67.4023
BLOCK20/SES207/SA207S27	SES292	-1.70949	-69.1117	-67.4023
BLOCK20/SES207/SA207S29	SES083	-1.45544	-67.3795	-65.924
BLOCK20/SES207/SA207S29	SES085	-1.14964	-67.0737	-65.924
BLOCK20/SES207/SA207S29	SES172	-2.86239	-68.7864	-65.924
BLOCK20/SES207/SA207S29	SES189	-1.95564	-67.8797	-65.924
BLOCK22/SES221/SA221S12	SES068	-1.36194	-68.5397	-67.1777
BLOCK22/SES221/SA221S12	SES143	-1.321	-68.4987	-67.1777
BLOCK22/SES221/SA221S12	SES175	-0.516861	-67.6946	-67.1777
BLOCK22/SES221/SA221S12	SES202	0.0291138	-67.1486	-67.1777
BLOCK22/SES221/SA221S15	SES085	-5.74889	-74.4807	-68.7318
BLOCK22/SES221/SA221S15	SES143	-2.27425	-71.0061	-68.7318
BLOCK22/SES221/SA221S15	SES175	-2.02277	-70.7546	-68.7318
BLOCK22/SES221/SA221S15	SES187	-0.36113	-69.093	-68.7318
BLOCK22/SES221/SA221S23	SES068	-2.34518	-69.8422	-67.497
BLOCK22/SES221/SA221S23	SES143	-2.0273	-69.5243	-67.497
BLOCK22/SES221/SA221S23	SES175	-0.549637	-68.0467	-67.497
BLOCK22/SES221/SA221S23	SES189	0.883408	-66.6136	-67.497
BLOCK22/SES221/SA221S27	SES085	-7.25718	-74.832	-67.5749
BLOCK22/SES221/SA221S27	SES143	-0.886452	-68.4613	-67.5749
BLOCK22/SES221/SA221S27	SES175	-0.523422	-68.0983	-67.5749
BLOCK22/SES221/SA221S27	SES189	1.41212	-66.1627	-67.5749
BLOCK22/SES221/SA221S29	SES085	-9.79714	-79.663	-69.8659
BLOCK22/SES221/SA221S29	SES143	-2.98994	-72.8559	-69.8659
BLOCK22/SES221/SA221S29	SES175	-2.72216	-72.5881	-69.8659
BLOCK22/SES221/SA221S29	SES187	-0.0307999	-69.8967	-69.8659
BLOCK22/SES223/SA223S11	SES143	-0.955452	-69.0388	-68.0834
BLOCK22/SES223/SA223S11	SES144	-1.86512	-69.9485	-68.0834
BLOCK22/SES223/SA223S11	SES175	-0.787102	-68.8705	-68.0834
BLOCK22/SES223/SA223S11	SES187	-1.20652	-69.2899	-68.0834
BLOCK22/SES223/SA223S13	SES068	-0.687561	-70.587	-69.8994
BLOCK22/SES223/SA223S13	SES143	-1.25121	-71.1506	-69.8994
BLOCK22/SES223/SA223S13	SES146	-2.23605	-72.1354	-69.8994
BLOCK22/SES223/SA223S13	SES202	-1.48409	-71.3835	-69.8994
BLOCK22/SES223/SA223S22	SES143	-0.998337	-69.1274	-68.129
BLOCK22/SES223/SA223S22	SES144	-1.74061	-69.8696	-68.129
BLOCK22/SES223/SA223S22	SES175	-1.39536	-69.5244	-68.129
BLOCK22/SES223/SA223S22	SES187	-0.40329	-68.5323	-68.129
BLOCK22/SES223/SA223S25	SES068	-2.14871	-70.3704	-68.2216
BLOCK22/SES223/SA223S25	SES143	-1.31669	-69.5383	-68.2216
BLOCK22/SES223/SA223S25	SES175	-0.709625	-68.9313	-68.2216
BLOCK22/SES223/SA223S25	SES187	-0.657288	-68.8789	-68.2216
BLOCK22/SES223/SA223S27	SES143	-1.41161	-69.7196	-68.308
BLOCK22/SES223/SA223S27	SES146	-1.34512	-69.6531	-68.308
BLOCK22/SES223/SA223S27	SES187	-0.991753	-69.2998	-68.308
BLOCK22/SES223/SA223S27	SES292	-3.59325	-71.9013	-68.308
BLOCK27/SES273/SA273S12	SES099	-0.988827	-63.3165	-62.3277
BLOCK27/SES273/SA273S12	SES104	0.0406609	-62.287	-62.3277
BLOCK27/SES273/SA273S12	SES125	-1.12138	-63.449	-62.3277
BLOCK27/SES273/SA273S12	SES206	-0.0388641	-62.3665	-62.3277
BLOCK27/SES273/SA273S13	SES099	-1.12075	-63.608	-62.4873
BLOCK27/SES273/SA273S13	SES104	-0.378891	-62.8662	-62.4873
BLOCK27/SES273/SA273S13	SES206	-0.668945	-63.1562	-62.4873
BLOCK27/SES273/SA273S13	SES292	-4.77775	-67.265	-62.4873
BLOCK27/SES273/SA273S21	SES099	-0.780407	-63.2154	-62.435
BLOCK27/SES273/SA273S21	SES148	-4.07558	-66.5106	-62.435
BLOCK27/SES273/SA273S21	SES149	-0.93919	-63.3742	-62.435
BLOCK27/SES273/SA273S21	SES177	-5.63378	-68.0688	-62.435
BLOCK27/SES273/SA273S25	SES104	-0.827297	-63.6315	-62.8042
BLOCK27/SES273/SA273S25	SES125	-1.20642	-64.0106	-62.8042
BLOCK27/SES273/SA273S25	SES158	-0.871418	-63.6756	-62.8042
BLOCK27/SES273/SA273S25	SES206	0.339973	-62.4642	-62.8042
BLOCK27/SES273/SA273S27	SES099	-0.358971	-63.8786	-63.5196
BLOCK27/SES273/SA273S27	SES104	-0.619194	-64.1388	-63.5196
BLOCK27/SES273/SA273S27	SES149	-1.03046	-64.55	-63.5196
BLOCK27/SES273/SA273S27	SES275	-2.95891	-66.4785	-63.5196
BLOCK27/SES274/SA274S10	SES105	-2.11251	-67.0827	-64.9701
BLOCK27/SES274/SA274S10	SES125	-0.632599	-65.6027	-64.9701
BLOCK27/SES274/SA274S10	SES129	-1.80418	-66.7743	-64.9701
BLOCK27/SES274/SA274S10	SES158	-1.95415	-66.9243	-64.9701
BLOCK27/SES274/SA274S11	SES105	-2.8969	-67.7794	-64.8825
BLOCK27/SES274/SA274S11	SES149	-1.21252	-66.095	-64.8825
BLOCK27/SES274/SA274S11	SES158	-1.53973	-66.4222	-64.8825
BLOCK27/SES274/SA274S11	SES275	-3.28002	-68.1625	-64.8825
BLOCK27/SES274/SA274S21	SES105	-2.11451	-67.2928	-65.1783
BLOCK27/SES274/SA274S21	SES129	-2.15914	-67.3375	-65.1783
BLOCK27/SES274/SA274S21	SES149	-0.854248	-66.0326	-65.1783
BLOCK27/SES274/SA274S21	SES158	-1.87675	-67.0551	-65.1783
BLOCK27/SES274/SA274S24	SES105	-3.1433	-67.2495	-64.1062
BLOCK27/SES274/SA274S24	SES129	-2.92165	-67.0278	-64.1062
BLOCK27/SES274/SA274S24	SES149	-1.33034	-65.4365	-64.1062
BLOCK27/SES274/SA274S24	SES158	-2.32764	-66.4338	-64.1062
BLOCK27/SES274/SA274S29	SES105	-2.67258	-67.8235	-65.1509
BLOCK27/SES274/SA274S29	SES106	-1.76286	-66.9138	-65.1509
BLOCK27/SES274/SA274S29	SES120	-2.5057	-67.6566	-65.1509
BLOCK27/SES274/SA274S29	SES275	-2.88306	-68.034	-65.1509
BLOCK27/SES276/SA276S16	SES148	-1.66117	-68.3895	-66.7283
BLOCK27/SES276/SA276S16	SES172	-2.60074	-69.3291	-66.7283
BLOCK27/SES276/SA276S16	SES180	-3.78072	-70.509	-66.7283
BLOCK27/SES276/SA276S16	SES292	-0.279663	-67.008	-66.7283
BLOCK27/SES276/SA276S17	SES101	-1.68619	-68.2058	-66.5196
BLOCK27/SES276/SA276S17	SES177	-2.52478	-69.0444	-66.5196
BLOCK27/SES276/SA276S17	SES180	-2.73019	-69.2498	-66.5196
BLOCK27/SES276/SA276S17	SES292	-1.45634	-67.976	-66.5196
BLOCK27/SES276/SA276S24	SES101	-0.738846	-66.2499	-65.5111
BLOCK27/SES276/SA276S24	SES177	-2.01366	-67.5247	-65.5111
BLOCK27/SES276/SA276S24	SES180	-2.82224	-68.3333	-65.5111
BLOCK27/SES276/SA276S24	SES292	-1.81898	-67.3301	-65.5111
BLOCK27/SES276/SA276S26	SES101	-1.56901	-67.4104	-65.8414
BLOCK27/SES276/SA276S26	SES177	-1.53239	-67.3738	-65.8414
BLOCK27/SES276/SA276S26	SES180	-1.48423	-67.3256	-65.8414
BLOCK27/SES276/SA276S26	SES292	-1.05791	-66.8993	-65.8414
BLOCK27/SES276/SA276S28	SES101	-1.67715	-67.8706	-66.1935
BLOCK27/SES276/SA276S28	SES177	-1.55456	-67.748	-66.1935
BLOCK27/SES276/SA276S28	SES180	-1.88849	-68.0819	-66.1935
BLOCK27/SES276/SA276S28	SES292	-1.22864	-67.4221	-66.1935
BLOCK27/SES277/SA277S12	SES101	-1.41994	-69.2879	-67.8679
BLOCK27/SES277/SA277S12	SES177	-2.16167	-70.0296	-67.8679
BLOCK27/SES277/SA277S12	SES180	-2.11827	-69.9862	-67.8679
BLOCK27/SES277/SA277S12	SES292	-3.00546	-70.8734	-67.8679
BLOCK27/SES277/SA277S14	SES177	-1.37415	-69.4237	-68.0495
BLOCK27/SES277/SA277S14	SES180	-2.48862	-70.5382	-68.0495
BLOCK27/SES277/SA277S14	SES189	-0.172371	-68.2219	-68.0495
BLOCK27/SES277/SA277S14	SES292	-3.28094	-71.3305	-68.0495
BLOCK27/SES277/SA277S21	SES177	-0.672379	-67.5928	-66.9204
BLOCK27/SES277/SA277S21	SES180	-1.96201	-68.8824	-66.9204
BLOCK27/SES277/SA277S21	SES189	-0.985718	-67.9061	-66.9204
BLOCK27/SES277/SA277S21	SES292	-2.79366	-69.714	-66.9204
BLOCK27/SES277/SA277S24	SES144	-1.36196	-69.7191	-68.3571
BLOCK27/SES277/SA277S24	SES177	-1.51886	-69.876	-68.3571
BLOCK27/SES277/SA277S24	SES180	-2.68697	-71.0441	-68.3571
BLOCK27/SES277/SA277S24	SES189	-0.906761	-69.2639	-68.3571
BLOCK27/SES277/SA277S29	SES177	-0.773445	-66.5927	-65.8193
BLOCK27/SES277/SA277S29	SES180	-1.58787	-67.4071	-65.8193
BLOCK27/SES277/SA277S29	SES202	-1.99947	-67.8187	-65.8193
BLOCK27/SES277/SA277S29	SES292	-1.74454	-67.5638	-65.8193
BLOCK27/SES279/SA279S09	SES120	-1.81693	-67.1076	-65.2907
BLOCK27/SES279/SA279S09	SES146	-1.81642	-67.1071	-65.2907
BLOCK27/SES279/SA279S09	SES206	-2.63171	-67.9224	-65.2907
BLOCK27/SES279/SA279S09	SES226	-2.58612	-67.8768	-65.2907
BLOCK27/SES279/SA279S10	SES099	-2.53368	-67.7547	-65.221
BLOCK27/SES279/SA279S10	SES206	-2.36244	-67.5835	-65.221
BLOCK27/SES279/SA279S10	SES226	-2.42422	-67.6453	-65.221
BLOCK27/SES279/SA279S10	SES292	-1.52245	-66.7435	-65.221
BLOCK27/SES279/SA279S20	SES099	-3.50497	-69.399	-65.894
BLOCK27/SES279/SA279S20	SES206	-2.80473	-68.6987	-65.894
BLOCK27/SES279/SA279S20	SES226	-2.9263	-68.8203	-65.894
BLOCK27/SES279/SA279S20	SES292	-0.445312	-66.3393	-65.894
BLOCK27/SES279/SA279S26	SES099	-3.44864	-69.3203	-65.8717
BLOCK27/SES279/SA279S26	SES206	-2.06495	-67.9366	-65.8717
BLOCK27/SES279/SA279S26	SES226	-2.13891	-68.0106	-65.8717
BLOCK27/SES279/SA279S26	SES292	-1.23794	-67.1096	-65.8717
BLOCK27/SES279/SA279S28	SES099	-3.14589	-67.1657	-64.0198
BLOCK27/SES279/SA279S28	SES120	-1.77194	-65.7917	-64.0198
BLOCK27/SES279/SA279S28	SES177	-4.31699	-68.3368	-64.0198
BLOCK27/SES279/SA279S28	SES206	-2.61385	-66.6336	-64.0198
BLOCK29/SES290/SA290S12	SES162	-2.04468	-68.6667	-66.622
BLOCK29/SES290/SA290S12	SES177	-1.14435	-67.7664	-66.622
BLOCK29/SES290/SA290S12	SES180	-2.37092	-68.993	-66.622
BLOCK29/SES290/SA290S12	SES292	-2.54409	-69.1661	-66.622
BLOCK29/SES290/SA290S13	SES007	-4.21651	-71.7439	-67.5274
BLOCK29/SES290/SA290S13	SES162	-2.40635	-69.9337	-67.5274
BLOCK29/SES290/SA290S13	SES177	-0.825661	-68.353	-67.5274
BLOCK29/SES290/SA290S13	SES180	-2.25904	-69.7864	-67.5274
BLOCK29/SES290/SA290S22	SES177	-1.00713	-67.9066	-66.8995
BLOCK29/SES290/SA290S22	SES180	-1.18684	-68.0863	-66.8995
BLOCK29/SES290/SA290S22	SES202	-1.21178	-68.1113	-66.8995
BLOCK29/SES290/SA290S22	SES292	-2.68875	-69.5882	-66.8995
BLOCK29/SES290/SA290S25	SES162	-1.4501	-68.2949	-66.8448
BLOCK29/SES290/SA290S25	SES177	-0.971344	-67.8161	-66.8448
BLOCK29/SES290/SA290S25	SES180	-1.74986	-68.5946	-66.8448
BLOCK29/SES290/SA290S25	SES292	-2.14536	-68.9901	-66.8448
BLOCK29/SES290/SA290S29	SES177	-0.0171967	-66.2542	-66.237
BLOCK29/SES290/SA290S29	SES180	-0.165466	-66.4025	-66.237
BLOCK29/SES290/SA290S29	SES275	-2.02701	-68.264	-66.237
BLOCK29/SES290/SA290S29	SES292	-1.72218	-67.9592	-66.237
BLOCK29/SES291/SA291S11	SES105	-3.66722	-69.5211	-65.8539
BLOCK29/SES291/SA291S11	SES125	-0.850372	-66.7043	-65.8539
BLOCK29/SES291/SA291S11	SES158	-1.24006	-67.094	-65.8539
BLOCK29/SES291/SA291S11	SES275	-5.13679	-70.9907	-65.8539
BLOCK29/SES291/SA291S12	SES158	-0.429955	-64.766	-64.336
BLOCK29/SES291/SA291S12	SES226	-1.83809	-66.1741	-64.336
BLOCK29/SES291/SA291S12	SES270	0.149193	-64.1869	-64.336
BLOCK29/SES291/SA291S12	SES275	-6.61113	-70.9472	-64.336
BLOCK29/SES291/SA291S22	SES082	-1.45717	-65.9576	-64.5004
BLOCK29/SES291/SA291S22	SES158	-1.00088	-65.5013	-64.5004
BLOCK29/SES291/SA291S22	SES259	-1.84126	-66.3417	-64.5004
BLOCK29/SES291/SA291S22	SES275	-5.24486	-69.7453	-64.5004
BLOCK29/SES291/SA291S24	SES104	-0.507641	-63.8243	-63.3167
BLOCK29/SES291/SA291S24	SES125	-0.66391	-63.9806	-63.3167
BLOCK29/SES291/SA291S24	SES158	-0.807922	-64.1246	-63.3167
BLOCK29/SES291/SA291S24	SES275	-5.66971	-68.9864	-63.3167
BLOCK29/SES291/SA291S27	SES158	-0.21637	-64.5312	-64.3149
BLOCK29/SES291/SA291S27	SES172	-5.34029	-69.6552	-64.3149
BLOCK29/SES291/SA291S27	SES275	-5.20452	-69.5194	-64.3149
BLOCK29/SES291/SA291S27	SES292	-4.36298	-68.6779	-64.3149
Threshold search:
THR	-10.43151486577	9	0(0)	1(1000)
THR	-10.2828570171123	8.991	0(0)	0.999(999)
THR	-10.1341991684546	8.991	0(0)	0.999(999)
THR	-9.9855413197969	8.991	0(0)	0.999(999)
THR	-9.8368834711392	8.991	0(0)	0.999(999)
THR	-9.6882256224815	8.982	0(0)	0.998(998)
THR	-9.5395677738238	8.982	0(0)	0.998(998)
THR	-9.3909099251661	8.982	0(0)	0.998(998)
THR	-9.24225207650839	8.973	0(0)	0.997(997)
THR	-9.09359422785069	8.973	0(0)	0.997(997)
THR	-8.94493637919299	8.973	0(0)	0.997(997)
THR	-8.79627853053529	8.973	0(0)	0.997(997)
THR	-8.64762068187759	8.973	0(0)	0.997(997)
THR	-8.49896283321989	8.973	0(0)	0.997(997)
THR	-8.35030498456219	8.973	0(0)	0.997(997)
THR	-8.20164713590449	8.973	0(0)	0.997(997)
THR	-8.05298928724679	8.973	0(0)	0.997(997)
THR	-7.90433143858909	8.973	0(0)	0.997(997)
THR	-7.75567358993139	8.973	0(0)	0.997(997)
THR	-7.60701574127369	8.973	0(0)	0.997(997)
THR	-7.45835789261599	8.973	0(0)	0.997(997)
THR	-7.30970004395829	8.973	0(0)	0.997(997)
THR	-7.16104219530059	8.964	0(0)	0.996(996)
THR	-7.01238434664289	8.964	0(0)	0.996(996)
THR	-6.86372649798519	8.964	0(0)	0.996(996)
THR	-6.71506864932749	8.964	0(0)	0.996(996)
THR	-6.56641080066979	8.955	0(0)	0.995(995)
THR	-6.41775295201209	8.946	0(0)	0.994(994)
THR	-6.26909510335439	8.946	0(0)	0.994(994)
THR	-6.12043725469669	8.946	0(0)	0.994(994)
THR	-5.97177940603899	8.946	0(0)	0.994(994)
THR	-5.82312155738129	8.946	0(0)	0.994(994)
THR	-5.67446370872359	8.91	0(0)	0.99(990)
THR	-5.5258058600659	8.883	0(0)	0.987(987)
THR	-5.3771480114082	8.856	0(0)	0.984(984)
THR	-5.2284901627505	8.802	0(0)	0.978(978)
THR	-5.0798323140928	8.766	0(0)	0.974(974)
THR	-4.9311744654351	8.757	0(0)	0.973(973)
THR	-4.7825166167774	8.712	0(0)	0.968(968)
THR	-4.6338587681197	8.604	0(0)	0.956(956)
THR	-4.485200919462	8.541	0(0)	0.949(949)
THR	-4.3365430708043	8.496	0(0)	0.944(944)
THR	-4.1878852221466	8.401	0.004(1)	0.933(933)
THR	-4.0392273734889	8.356	0.004(1)	0.928(928)
THR	-3.8905695248312	8.311	0.004(1)	0.923(923)
THR	-3.7419116761735	8.23	0.004(1)	0.914(914)
THR	-3.5932538275158	8.131	0.004(1)	0.903(903)
THR	-3.4445959788581	7.996	0.004(1)	0.888(888)
THR	-3.2959381302004	7.861	0.004(1)	0.873(873)
THR	-3.1472802815427	7.753	0.004(1)	0.861(861)
THR	-2.998622432885	7.6	0.004(1)	0.844(844)
THR	-2.8499645842273	7.411	0.004(1)	0.823(823)
THR	-2.7013067355696	7.186	0.004(1)	0.798(798)
THR	-2.5526488869119	6.934	0.004(1)	0.77(770)
THR	-2.4039910382542	6.61	0.004(1)	0.734(734)
THR	-2.2553331895965	6.313	0.004(1)	0.701(701)
THR	-2.1066753409388	5.971	0.004(1)	0.663(663)
THR	-1.9580174922811	5.575	0.004(1)	0.619(619)
THR	-1.8093596436234	5.08	0.004(1)	0.564(564)
THR	-1.6607017949657	4.639	0.004(1)	0.515(515)
THR	-1.512043946308	4.126	0.004(1)	0.458(458)
THR	-1.3633860976503	3.622	0.004(1)	0.402(402)
THR	-1.2147282489926	3.1	0.004(1)	0.344(344)
THR	-1.0660704003349	2.605	0.004(1)	0.289(289)
THR	-0.917412551677196	2.218	0.004(1)	0.246(246)
THR	-0.768754703019497	1.705	0.004(1)	0.189(189)
THR	-0.620096854361797	1.232	0.008(2)	0.136(136)
THR	-0.471439005704097	0.957	0.012(3)	0.105(105)
THR	-0.322781157046397	0.669	0.012(3)	0.073(73)
THR	-0.174123308388697	0.452	0.02(5)	0.048(48)
THR	-0.0254654597309967	0.329	0.032(8)	0.033(33)
THR	0.123192388926703	0.196	0.052(13)	0.016(16)
THR	0.271850237584403	0.146	0.056(14)	0.01(10)
THR	0.420508086242103	0.113	0.068(17)	0.005(5)
THR	0.569165934899803	0.132	0.096(24)	0.004(4)
THR	0.717823783557503	0.171	0.144(36)	0.003(3)
THR	0.866481632215203	0.222	0.204(51)	0.002(2)
THR	1.0151394808729	0.289	0.28(70)	0.001(1)
THR	1.1637973295306	0.329	0.32(80)	0.001(1)
THR	1.3124551781883	0.385	0.376(94)	0.001(1)
THR	1.461113026846	0.46	0.46(115)	0(0)
THR	1.6097708755037	0.52	0.52(130)	0(0)
THR	1.7584287241614	0.592	0.592(148)	0(0)
THR	1.9070865728191	0.652	0.652(163)	0(0)
THR	2.0557444214768	0.692	0.692(173)	0(0)
THR	2.2044022701345	0.752	0.752(188)	0(0)
THR	2.3530601187922	0.796	0.796(199)	0(0)
THR	2.5017179674499	0.832	0.832(208)	0(0)
THR	2.6503758161076	0.86	0.86(215)	0(0)
THR	2.7990336647653	0.884	0.884(221)	0(0)
THR	2.947691513423	0.904	0.904(226)	0(0)
THR	3.0963493620807	0.916	0.916(229)	0(0)
THR	3.2450072107384	0.928	0.928(232)	0(0)
THR	3.3936650593961	0.94	0.94(235)	0(0)
THR	3.5423229080538	0.956	0.956(239)	0(0)
THR	3.6909807567115	0.96	0.96(240)	0(0)
THR	3.8396386053692	0.976	0.976(244)	0(0)
THR	3.9882964540269	0.984	0.984(246)	0(0)
THR	4.1369543026846	0.992	0.992(248)	0(0)
THR	4.2856121513423	0.992	0.992(248)	0(0)
THR	4.43427	1	1(250)	0(0)


==============================================
THR: 0.420508086242103
Missed:     17/250=0.0680
FalseAlarm: 5/1000=0.0050
----------------------------------------------
==> CostDetection: 11.3
==============================================
