BLOCK00/SES002/SA002S12	SES002	1.00605	-3.26287	-4.26892
BLOCK00/SES002/SA002S13	SES002	1.47543	-3.22802	-4.70345
BLOCK00/SES002/SA002S23	SES002	0.394913	-4.96682	-5.36174
BLOCK00/SES002/SA002S26	SES002	0.0936375	-8.52948	-8.62312
BLOCK00/SES002/SA002S28	SES002	0.346356	-6.48606	-6.83241
BLOCK00/SES007/SA007S14	SES007	0.698351	-3.21465	-3.913
BLOCK00/SES007/SA007S15	SES007	0.19278	-4.36663	-4.55941
BLOCK00/SES007/SA007S24	SES007	0.426429	-3.59461	-4.02104
BLOCK00/SES007/SA007S27	SES007	-0.584466	-6.50583	-5.92136
BLOCK00/SES007/SA007S29	SES007	-0.0332944	-2.39398	-2.36068
BLOCK00/SES008/SA008S11	SES008	1.56871	0.363242	-1.20547
BLOCK00/SES008/SA008S12	SES008	0.997144	-0.765429	-1.76257
BLOCK00/SES008/SA008S19	SES008	1.74857	-0.641794	-2.39036
BLOCK00/SES008/SA008S22	SES008	0.244852	-3.13118	-3.37603
BLOCK00/SES008/SA008S29	SES008	0.756465	0.0610119	-0.695453
BLOCK01/SES014/SA014S10	SES014	0.310567	-2.83764	-3.1482
BLOCK01/SES014/SA014S12	SES014	1.84225	-1.49373	-3.33598
BLOCK01/SES014/SA014S24	SES014	1.55619	-2.03462	-3.59082
BLOCK01/SES014/SA014S26	SES014	1.88484	-3.00002	-4.88486
BLOCK01/SES014/SA014S28	SES014	3.19389	1.80809	-1.3858
BLOCK01/SES016/SA016S12	SES016	0.266195	-5.99581	-6.26201
BLOCK01/SES016/SA016S13	SES016	1.00122	-4.88053	-5.88175
BLOCK01/SES016/SA016S22	SES016	0.628956	-4.69576	-5.32472
BLOCK01/SES016/SA016S25	SES016	1.00902	-3.97483	-4.98385
BLOCK01/SES016/SA016S27	SES016	1.6385	-7.61748	-9.25598
BLOCK01/SES019/SA019S13	SES019	2.5226	-4.52193	-7.04453
BLOCK01/SES019/SA019S14	SES019	1.5206	-3.58278	-5.10338
BLOCK01/SES019/SA019S22	SES019	2.47277	-2.63007	-5.10284
BLOCK01/SES019/SA019S25	SES019	1.3883	-5.24446	-6.63276
BLOCK01/SES019/SA019S29	SES019	2.13108	-5.81719	-7.94827
BLOCK02/SES029/SA029S11	SES029	0.860739	-2.57186	-3.4326
BLOCK02/SES029/SA029S12	SES029	-0.0411901	-4.39324	-4.35205
BLOCK02/SES029/SA029S20	SES029	0.934207	-1.53249	-2.46669
BLOCK02/SES029/SA029S25	SES029	-0.00995111	-4.04782	-4.03787
BLOCK02/SES029/SA029S28	SES029	-0.145597	-4.43248	-4.28688
BLOCK04/SES042/SA042S12	SES042	1.32209	-4.62433	-5.94642
BLOCK04/SES042/SA042S15	SES042	0.827302	-5.92906	-6.75636
BLOCK04/SES042/SA042S22	SES042	3.88795	-10.4754	-14.3633
BLOCK04/SES042/SA042S25	SES042	1.2502	-7.5839	-8.8341
BLOCK04/SES042/SA042S27	SES042	1.99056	-9.40996	-11.4005
BLOCK04/SES048/SA048S11	SES048	1.04791	-1.94671	-2.99463
BLOCK04/SES048/SA048S12	SES048	0.400838	-4.93389	-5.33473
BLOCK04/SES048/SA048S20	SES048	0.739379	-3.95104	-4.69041
BLOCK04/SES048/SA048S23	SES048	1.18147	-0.878936	-2.06041
BLOCK04/SES048/SA048S27	SES048	-0.4951	-4.93597	-4.44087
BLOCK06/SES060/SA060S11	SES060	0.608386	-6.27157	-6.87996
BLOCK06/SES060/SA060S12	SES060	0.504581	-8.40251	-8.90709
BLOCK06/SES060/SA060S22	SES060	-1.58147	-7.35301	-5.77154
BLOCK06/SES060/SA060S24	SES060	0.902994	-1.58388	-2.48687
BLOCK06/SES060/SA060S28	SES060	0.653899	-1.2807	-1.9346
BLOCK06/SES062/SA062S10	SES062	-0.210171	-4.62206	-4.41189
BLOCK06/SES062/SA062S11	SES062	0.227186	-5.97922	-6.2064
BLOCK06/SES062/SA062S21	SES062	0.342492	-0.0572435	-0.399735
BLOCK06/SES062/SA062S26	SES062	0.24694	-3.44427	-3.69121
BLOCK06/SES062/SA062S29	SES062	1.19771	-0.930899	-2.12861
BLOCK06/SES068/SA068S14	SES068	-0.0490379	-3.28557	-3.23653
BLOCK06/SES068/SA068S15	SES068	1.14325	-3.28356	-4.42681
BLOCK06/SES068/SA068S23	SES068	-0.100744	-5.09037	-4.98962
BLOCK06/SES068/SA068S27	SES068	1.04827	-4.16415	-5.21243
BLOCK06/SES068/SA068S29	SES068	-0.114161	-5.0806	-4.96644
BLOCK08/SES082/SA082S12	SES082	-0.894218	-3.71079	-2.81657
BLOCK08/SES082/SA082S14	SES082	0.524594	-2.15806	-2.68266
BLOCK08/SES082/SA082S21	SES082	0.300122	-1.24172	-1.54184
BLOCK08/SES082/SA082S24	SES082	-0.164096	-4.44837	-4.28427
BLOCK08/SES082/SA082S28	SES082	0.246579	-5.10755	-5.35413
BLOCK08/SES083/SA083S14	SES083	0.159655	-2.00648	-2.16613
BLOCK08/SES083/SA083S15	SES083	-0.0604091	-5.00979	-4.94938
BLOCK08/SES083/SA083S24	SES083	0.0459118	-3.68109	-3.727
BLOCK08/SES083/SA083S26	SES083	-0.325262	-6.41623	-6.09096
BLOCK08/SES083/SA083S29	SES083	0.303301	-4.95112	-5.25442
BLOCK08/SES085/SA085S10	SES085	0.755517	-1.40897	-2.16449
BLOCK08/SES085/SA085S13	SES085	-0.248531	-6.00701	-5.75847
BLOCK08/SES085/SA085S22	SES085	0.662626	-2.71729	-3.37992
BLOCK08/SES085/SA085S26	SES085	0.48411	-7.54468	-8.02879
BLOCK08/SES085/SA085S28	SES085	0.768901	-2.34578	-3.11468
BLOCK08/SES087/SA087S15	SES087	1.10822	-2.99863	-4.10685
BLOCK08/SES087/SA087S16	SES087	1.84232	-1.55451	-3.39683
BLOCK08/SES087/SA087S24	SES087	1.27914	-7.52751	-8.80665
BLOCK08/SES087/SA087S26	SES087	0.990793	-3.61851	-4.60931
BLOCK08/SES087/SA087S29	SES087	1.0697	-0.611001	-1.6807
BLOCK09/SES099/SA099S15	SES099	1.8596	-3.76173	-5.62133
BLOCK09/SES099/SA099S16	SES099	1.45421	0.324696	-1.12951
BLOCK09/SES099/SA099S24	SES099	1.27707	-1.86358	-3.14065
BLOCK09/SES099/SA099S26	SES099	1.40176	-3.55599	-4.95775
BLOCK09/SES099/SA099S29	SES099	1.70878	-3.81629	-5.52507
BLOCK10/SES101/SA101S11	SES101	0.657761	-3.3546	-4.01236
BLOCK10/SES101/SA101S13	SES101	0.806394	0.849281	0.0428871
BLOCK10/SES101/SA101S22	SES101	0.821841	-3.12968	-3.95152
BLOCK10/SES101/SA101S24	SES101	0.217508	-3.55439	-3.7719
BLOCK10/SES101/SA101S28	SES101	1.03884	-2.85774	-3.89658
BLOCK10/SES104/SA104S11	SES104	1.49373	-1.16298	-2.65671
BLOCK10/SES104/SA104S12	SES104	0.785577	-2.77868	-3.56425
BLOCK10/SES104/SA104S21	SES104	0.863272	-3.0397	-3.90297
BLOCK10/SES104/SA104S24	SES104	-0.00211859	-7.36972	-7.36761
BLOCK10/SES104/SA104S28	SES104	0.33039	-5.97026	-6.30065
BLOCK10/SES105/SA105S12	SES105	1.16209	-4.59098	-5.75308
BLOCK10/SES105/SA105S13	SES105	0.0598164	-5.72616	-5.78598
BLOCK10/SES105/SA105S22	SES105	0.662843	-5.06607	-5.72891
BLOCK10/SES105/SA105S26	SES105	0.711816	-4.99473	-5.70655
BLOCK10/SES105/SA105S29	SES105	1.40762	-1.82696	-3.23458
BLOCK10/SES106/SA106S09	SES106	0.547523	-7.44717	-7.99469
BLOCK10/SES106/SA106S11	SES106	1.75396	-3.34847	-5.10243
BLOCK10/SES106/SA106S22	SES106	2.0389	-7.22704	-9.26594
BLOCK10/SES106/SA106S27	SES106	1.27023	-2.89863	-4.16886
BLOCK10/SES106/SA106S29	SES106	1.11273	-3.62551	-4.73824
BLOCK11/SES117/SA117S12	SES117	-0.859605	-5.56097	-4.70137
BLOCK11/SES117/SA117S13	SES117	-0.182724	-2.64804	-2.46532
BLOCK11/SES117/SA117S23	SES117	0.708258	-7.32878	-8.03704
BLOCK11/SES117/SA117S25	SES117	1.15513	-3.7386	-4.89373
BLOCK11/SES117/SA117S28	SES117	0.490036	-7.36832	-7.85836
BLOCK12/SES120/SA120S08	SES120	0.343967	-7.64838	-7.99235
BLOCK12/SES120/SA120S11	SES120	0.481708	-12.691	-13.1727
BLOCK12/SES120/SA120S22	SES120	0.435523	-4.62252	-5.05804
BLOCK12/SES120/SA120S24	SES120	-0.488169	-10.6909	-10.2027
BLOCK12/SES120/SA120S28	SES120	-0.352626	-7.64892	-7.2963
BLOCK12/SES125/SA125S13	SES125	1.2006	-7.24208	-8.44268
BLOCK12/SES125/SA125S14	SES125	0.657575	-8.24364	-8.90122
BLOCK12/SES125/SA125S25	SES125	1.3808	-4.38096	-5.76175
BLOCK12/SES125/SA125S27	SES125	1.24053	-5.47636	-6.71689
BLOCK12/SES125/SA125S29	SES125	0.866884	-3.46873	-4.33561
BLOCK12/SES127/SA127S11	SES127	0.65353	-2.45461	-3.10814
BLOCK12/SES127/SA127S12	SES127	0.770323	0.974917	0.204594
BLOCK12/SES127/SA127S23	SES127	0.122949	-1.48387	-1.60682
BLOCK12/SES127/SA127S25	SES127	-0.338102	-1.20668	-0.868573
BLOCK12/SES127/SA127S27	SES127	0.529924	-1.75083	-2.28076
BLOCK12/SES129/SA129S11	SES129	0.766878	-0.0818823	-0.848761
BLOCK12/SES129/SA129S12	SES129	0.802503	-1.06568	-1.86818
BLOCK12/SES129/SA129S22	SES129	0.350595	-0.839665	-1.19026
BLOCK12/SES129/SA129S27	SES129	0.913825	-1.03172	-1.94554
BLOCK12/SES129/SA129S29	SES129	0.251867	-7.59212	-7.84399
BLOCK14/SES142/SA142S11	SES142	1.52748	-1.96549	-3.49297
BLOCK14/SES142/SA142S12	SES142	0.774887	-7.54216	-8.31705
BLOCK14/SES142/SA142S24	SES142	1.0554	-6.19238	-7.24778
BLOCK14/SES142/SA142S27	SES142	0.725938	-5.30428	-6.03022
BLOCK14/SES142/SA142S29	SES142	0.428188	-6.57669	-7.00488
BLOCK14/SES143/SA143S12	SES143	1.2225	-3.09187	-4.31437
BLOCK14/SES143/SA143S13	SES143	1.21951	-2.40523	-3.62474
BLOCK14/SES143/SA143S23	SES143	0.915295	-3.22093	-4.13623
BLOCK14/SES143/SA143S25	SES143	0.663364	-7.27531	-7.93867
BLOCK14/SES143/SA143S28	SES143	1.09139	-5.60747	-6.69886
BLOCK14/SES144/SA144S09	SES144	0.505173	-2.69576	-3.20093
BLOCK14/SES144/SA144S11	SES144	0.518082	-2.35491	-2.87299
BLOCK14/SES144/SA144S21	SES144	-0.393971	-2.5141	-2.12012
BLOCK14/SES144/SA144S25	SES144	0.546073	-2.95966	-3.50573
BLOCK14/SES144/SA144S29	SES144	-0.451727	-5.62029	-5.16856
BLOCK14/SES146/SA146S14	SES146	0.477307	-3.82884	-4.30614
BLOCK14/SES146/SA146S15	SES146	0.123014	-5.19036	-5.31337
BLOCK14/SES146/SA146S24	SES146	0.422644	-5.54	-5.96264
BLOCK14/SES146/SA146S26	SES146	-0.0100965	-5.47041	-5.46031
BLOCK14/SES146/SA146S29	SES146	0.0312204	-5.66565	-5.69687
BLOCK14/SES147/SA147S11	SES147	0.995708	-4.83655	-5.83226
BLOCK14/SES147/SA147S13	SES147	1.4101	-1.28879	-2.69889
BLOCK14/SES147/SA147S23	SES147	1.01275	-1.23867	-2.25142
BLOCK14/SES147/SA147S26	SES147	0.97598	-2.14517	-3.12115
BLOCK14/SES147/SA147S28	SES147	1.60098	0.69978	-0.901195
BLOCK14/SES148/SA148S10	SES148	1.08759	-0.750918	-1.8385
BLOCK14/SES148/SA148S12	SES148	0.123739	-3.88636	-4.0101
BLOCK14/SES148/SA148S22	SES148	0.375683	-0.690382	-1.06607
BLOCK14/SES148/SA148S26	SES148	-0.0309651	-0.363615	-0.332649
BLOCK14/SES148/SA148S29	SES148	0.230428	-3.75286	-3.98328
BLOCK14/SES149/SA149S13	SES149	-0.494443	-4.2608	-3.76636
BLOCK14/SES149/SA149S14	SES149	0.12767	-1.65922	-1.78689
BLOCK14/SES149/SA149S24	SES149	0.777099	-2.51291	-3.29001
BLOCK14/SES149/SA149S26	SES149	1.14372	-3.35064	-4.49436
BLOCK14/SES149/SA149S28	SES149	1.63204	2.76025	1.12822
BLOCK15/SES158/SA158S13	SES158	1.58257	-8.18926	-9.77182
BLOCK15/SES158/SA158S14	SES158	2.37086	-7.60378	-9.97464
BLOCK15/SES158/SA158S23	SES158	1.67832	-5.35965	-7.03798
BLOCK15/SES158/SA158S26	SES158	1.93284	-8.19954	-10.1324
BLOCK15/SES158/SA158S28	SES158	0.65038	-6.41206	-7.06244
BLOCK16/SES162/SA162S10	SES162	0.259495	-5.80934	-6.06883
BLOCK16/SES162/SA162S11	SES162	0.397898	-1.88027	-2.27816
BLOCK16/SES162/SA162S21	SES162	0.419126	-2.38686	-2.80599
BLOCK16/SES162/SA162S24	SES162	0.948114	-1.77512	-2.72324
BLOCK16/SES162/SA162S27	SES162	0.527213	-6.67057	-7.19778
BLOCK16/SES167/SA167S14	SES167	1.45517	0.14987	-1.3053
BLOCK16/SES167/SA167S15	SES167	2.14115	1.73598	-0.405166
BLOCK16/SES167/SA167S21	SES167	2.73037	2.29101	-0.439366
BLOCK16/SES167/SA167S25	SES167	2.74843	-0.152305	-2.90073
BLOCK16/SES167/SA167S29	SES167	3.49261	2.90931	-0.583301
BLOCK17/SES172/SA172S12	SES172	0.382367	-4.51404	-4.8964
BLOCK17/SES172/SA172S13	SES172	0.527338	-4.56474	-5.09208
BLOCK17/SES172/SA172S23	SES172	0.720137	-1.56499	-2.28513
BLOCK17/SES172/SA172S27	SES172	-0.330771	-6.30003	-5.96926
BLOCK17/SES172/SA172S29	SES172	1.19672	-1.73737	-2.93409
BLOCK17/SES175/SA175S11	SES175	0.347481	-6.3046	-6.65208
BLOCK17/SES175/SA175S13	SES175	1.33976	1.08074	-0.259022
BLOCK17/SES175/SA175S23	SES175	1.03985	-1.26704	-2.30689
BLOCK17/SES175/SA175S25	SES175	1.19422	-3.53123	-4.72545
BLOCK17/SES175/SA175S28	SES175	1.28615	-3.15377	-4.43993
BLOCK17/SES177/SA177S15	SES177	-0.196383	-4.88641	-4.69002
BLOCK17/SES177/SA177S17	SES177	0.119772	-4.31086	-4.43064
BLOCK17/SES177/SA177S23	SES177	-0.100382	-4.05923	-3.95884
BLOCK17/SES177/SA177S26	SES177	0.726275	-0.0215621	-0.747837
BLOCK17/SES177/SA177S28	SES177	-0.152656	-7.38276	-7.2301
BLOCK18/SES180/SA180S13	SES180	-0.0742974	-8.02982	-7.95552
BLOCK18/SES180/SA180S15	SES180	0.331649	-1.83947	-2.17112
BLOCK18/SES180/SA180S24	SES180	0.334676	-2.37064	-2.70532
BLOCK18/SES180/SA180S26	SES180	0.000610828	-3.58417	-3.58478
BLOCK18/SES180/SA180S29	SES180	-0.527714	-7.64751	-7.11979
BLOCK18/SES183/SA183S13	SES183	0.860342	-3.75937	-4.61971
BLOCK18/SES183/SA183S14	SES183	-0.153607	-4.7087	-4.55509
BLOCK18/SES183/SA183S24	SES183	0.6538	-6.10034	-6.75414
BLOCK18/SES183/SA183S27	SES183	1.16478	-3.34878	-4.51356
BLOCK18/SES183/SA183S29	SES183	1.185	-1.85732	-3.04233
BLOCK18/SES187/SA187S13	SES187	0.50832	-5.21502	-5.72334
BLOCK18/SES187/SA187S14	SES187	0.0882144	-5.99166	-6.07988
BLOCK18/SES187/SA187S24	SES187	1.44093	-3.62956	-5.07049
BLOCK18/SES187/SA187S27	SES187	0.745812	-2.83397	-3.57979
BLOCK18/SES187/SA187S29	SES187	0.642215	-8.69226	-9.33447
BLOCK18/SES189/SA189S10	SES189	2.08792	-4.99962	-7.08754
BLOCK18/SES189/SA189S13	SES189	2.0914	-10.6345	-12.7259
BLOCK18/SES189/SA189S24	SES189	1.67555	-5.01517	-6.69072
BLOCK18/SES189/SA189S26	SES189	1.16787	-5.26699	-6.43486
BLOCK18/SES189/SA189S29	SES189	2.30803	-4.30446	-6.61249
BLOCK20/SES202/SA202S12	SES202	1.14978	-8.19943	-9.34921
BLOCK20/SES202/SA202S14	SES202	1.36536	-6.16129	-7.52665
BLOCK20/SES202/SA202S24	SES202	1.01707	-6.4967	-7.51377
BLOCK20/SES202/SA202S27	SES202	0.982239	-2.91643	-3.89867
BLOCK20/SES202/SA202S29	SES202	1.35344	-4.78593	-6.13937
BLOCK20/SES206/SA206S15	SES206	-0.712739	-1.89574	-1.183
BLOCK20/SES206/SA206S17	SES206	1.22512	-4.95488	-6.18
BLOCK20/SES206/SA206S24	SES206	1.2624	-1.71454	-2.97694
BLOCK20/SES206/SA206S27	SES206	1.75357	-5.45858	-7.21216
BLOCK20/SES206/SA206S29	SES206	1.17273	-5.91038	-7.08311
BLOCK22/SES226/SA226S12	SES226	0.682995	-3.41347	-4.09646
BLOCK22/SES226/SA226S13	SES226	-0.510416	-3.40643	-2.89601
BLOCK22/SES226/SA226S20	SES226	0.744524	-2.88197	-3.62649
BLOCK22/SES226/SA226S23	SES226	0.4682	-1.71634	-2.18454
BLOCK22/SES226/SA226S28	SES226	1.3774	-0.746482	-2.12388
BLOCK25/SES259/SA259S13	SES259	2.23556	-3.7874	-6.02296
BLOCK25/SES259/SA259S14	SES259	1.5843	-3.72535	-5.30965
BLOCK25/SES259/SA259S22	SES259	0.800389	-3.62081	-4.4212
BLOCK25/SES259/SA259S24	SES259	1.53506	-4.2912	-5.82626
BLOCK25/SES259/SA259S28	SES259	0.949326	-3.65736	-4.60668
BLOCK27/SES270/SA270S14	SES270	1.82056	-1.86365	-3.68421
BLOCK27/SES270/SA270S16	SES270	0.0317314	-2.43113	-2.46286
BLOCK27/SES270/SA270S22	SES270	1.79075	-1.5826	-3.37335
BLOCK27/SES270/SA270S26	SES270	1.90852	-3.11244	-5.02096
BLOCK27/SES270/SA270S28	SES270	1.99862	0.464217	-1.5344
BLOCK27/SES275/SA275S17	SES275	0.578547	-3.11612	-3.69466
BLOCK27/SES275/SA275S18	SES275	0.208634	-4.2365	-4.44514
BLOCK27/SES275/SA275S24	SES275	0.541363	-3.80872	-4.35008
BLOCK27/SES275/SA275S26	SES275	0.422338	-3.40082	-3.82316
BLOCK27/SES275/SA275S28	SES275	0.179518	-3.91291	-4.09243
BLOCK29/SES292/SA292S10	SES292	-0.27163	-3.35755	-3.08592
BLOCK29/SES292/SA292S12	SES292	0.0321274	-4.76836	-4.80049
BLOCK29/SES292/SA292S22	SES292	-0.445774	-4.26016	-3.81438
BLOCK29/SES292/SA292S24	SES292	0.234543	-1.00143	-1.23597
BLOCK29/SES292/SA292S27	SES292	0.160067	-2.3996	-2.55967
BLOCK00/SES001/SA001S14	SES062	-2.56399	-9.64502	-7.08103
BLOCK00/SES001/SA001S14	SES082	-0.758319	-7.83935	-7.08103
BLOCK00/SES001/SA001S14	SES106	-0.948364	-8.02939	-7.08103
BLOCK00/SES001/SA001S14	SES206	-2.00005	-9.08108	-7.08103
BLOCK00/SES001/SA001S15	SES062	-2.57358	-7.56589	-4.99231
BLOCK00/SES001/SA001S15	SES104	-0.478933	-5.47125	-4.99231
BLOCK00/SES001/SA001S15	SES106	-1.00325	-5.99556	-4.99231
BLOCK00/SES001/SA001S15	SES206	-2.30671	-7.29903	-4.99231
BLOCK00/SES001/SA001S24	SES062	-2.92438	-11.2713	-8.34694
BLOCK00/SES001/SA001S24	SES082	-1.72669	-10.0736	-8.34694
BLOCK00/SES001/SA001S24	SES087	-3.60834	-11.9553	-8.34694
BLOCK00/SES001/SA001S24	SES206	-2.02666	-10.3736	-8.34694
BLOCK00/SES001/SA001S27	SES062	-1.45279	-2.90397	-1.45118
BLOCK00/SES001/SA001S27	SES082	-0.76008	-2.21126	-1.45118
BLOCK00/SES001/SA001S27	SES087	-1.64404	-3.09522	-1.45118
BLOCK00/SES001/SA001S27	SES206	-1.87593	-3.32711	-1.45118
BLOCK00/SES001/SA001S29	SES062	-3.27745	-9.0125	-5.73505
BLOCK00/SES001/SA001S29	SES082	-1.03062	-6.76567	-5.73505
BLOCK00/SES001/SA001S29	SES158	-0.980682	-6.71573	-5.73505
BLOCK00/SES001/SA001S29	SES206	-2.4205	-8.15555	-5.73505
BLOCK00/SES003/SA003S11	SES002	-0.0249196	-1.44338	-1.41846
BLOCK00/SES003/SA003S11	SES019	-1.59275	-3.01121	-1.41846
BLOCK00/SES003/SA003S11	SES082	-0.521719	-1.94018	-1.41846
BLOCK00/SES003/SA003S11	SES125	-1.29024	-2.7087	-1.41846
BLOCK00/SES003/SA003S15	SES016	-1.77266	-5.95335	-4.1807
BLOCK00/SES003/SA003S15	SES019	-1.88638	-6.06707	-4.1807
BLOCK00/SES003/SA003S15	SES062	-0.788371	-4.96907	-4.1807
BLOCK00/SES003/SA003S15	SES206	-0.826861	-5.00756	-4.1807
BLOCK00/SES003/SA003S22	SES002	-0.780642	-3.14461	-2.36397
BLOCK00/SES003/SA003S22	SES062	-1.17	-3.53397	-2.36397
BLOCK00/SES003/SA003S22	SES082	-0.969935	-3.33391	-2.36397
BLOCK00/SES003/SA003S22	SES087	-2.07664	-4.44061	-2.36397
BLOCK00/SES003/SA003S25	SES062	-0.830455	-5.38314	-4.55268
BLOCK00/SES003/SA003S25	SES082	-0.344493	-4.89718	-4.55268
BLOCK00/SES003/SA003S25	SES087	-0.0806618	-4.63334	-4.55268
BLOCK00/SES003/SA003S25	SES206	-1.06596	-5.61864	-4.55268
BLOCK00/SES003/SA003S29	SES002	-0.825797	-3.00263	-2.17683
BLOCK00/SES003/SA003S29	SES062	-1.78656	-3.96339	-2.17683
BLOCK00/SES003/SA003S29	SES082	-1.0913	-3.26813	-2.17683
BLOCK00/SES003/SA003S29	SES087	-1.36566	-3.54249	-2.17683
BLOCK00/SES004/SA004S12	SES083	-1.07193	-3.11707	-2.04514
BLOCK00/SES004/SA004S12	SES148	-1.41538	-3.46052	-2.04514
BLOCK00/SES004/SA004S12	SES172	-0.0515027	-2.09664	-2.04514
BLOCK00/SES004/SA004S12	SES292	-1.76676	-3.8119	-2.04514
BLOCK00/SES004/SA004S17	SES083	-1.17074	-3.70112	-2.53038
BLOCK00/SES004/SA004S17	SES162	-0.461557	-2.99194	-2.53038
BLOCK00/SES004/SA004S17	SES172	-0.451303	-2.98169	-2.53038
BLOCK00/SES004/SA004S17	SES292	-1.19209	-3.72247	-2.53038
BLOCK00/SES004/SA004S24	SES083	-0.513752	-4.31355	-3.7998
BLOCK00/SES004/SA004S24	SES148	-2.34949	-6.14929	-3.7998
BLOCK00/SES004/SA004S24	SES172	-0.524148	-4.32395	-3.7998
BLOCK00/SES004/SA004S24	SES292	-1.18787	-4.98767	-3.7998
BLOCK00/SES004/SA004S26	SES083	-0.611839	-5.11306	-4.50122
BLOCK00/SES004/SA004S26	SES127	-1.15903	-5.66025	-4.50122
BLOCK00/SES004/SA004S26	SES148	-2.29023	-6.79145	-4.50122
BLOCK00/SES004/SA004S26	SES292	-1.49773	-5.99896	-4.50122
BLOCK00/SES004/SA004S28	SES083	-1.07919	0.0482185	1.12741
BLOCK00/SES004/SA004S28	SES127	0.18041	1.30782	1.12741
BLOCK00/SES004/SA004S28	SES187	0.523828	1.65123	1.12741
BLOCK00/SES004/SA004S28	SES292	-0.175065	0.952342	1.12741
BLOCK00/SES006/SA006S10	SES014	-2.78996	-12.3375	-9.5475
BLOCK00/SES006/SA006S10	SES158	-4.8256	-14.3731	-9.5475
BLOCK00/SES006/SA006S10	SES226	-2.55623	-12.1037	-9.5475
BLOCK00/SES006/SA006S10	SES270	-2.83172	-12.3792	-9.5475
BLOCK00/SES006/SA006S11	SES158	-4.42687	-11.4877	-7.06087
BLOCK00/SES006/SA006S11	SES226	-2.62899	-9.68986	-7.06087
BLOCK00/SES006/SA006S11	SES270	-2.24048	-9.30135	-7.06087
BLOCK00/SES006/SA006S11	SES275	-1.7267	-8.78758	-7.06087
BLOCK00/SES006/SA006S23	SES062	-3.31117	-9.53535	-6.22418
BLOCK00/SES006/SA006S23	SES105	-2.70875	-8.93293	-6.22418
BLOCK00/SES006/SA006S23	SES158	-4.50714	-10.7313	-6.22418
BLOCK00/SES006/SA006S23	SES275	-2.36603	-8.5902	-6.22418
BLOCK00/SES006/SA006S26	SES104	-5.63661	-13.3659	-7.72932
BLOCK00/SES006/SA006S26	SES158	-4.79304	-12.5224	-7.72932
BLOCK00/SES006/SA006S26	SES270	-2.13563	-9.86494	-7.72932
BLOCK00/SES006/SA006S26	SES275	-1.99706	-9.72638	-7.72932
BLOCK00/SES006/SA006S28	SES007	-2.04534	-9.85854	-7.81319
BLOCK00/SES006/SA006S28	SES105	-1.87946	-9.69266	-7.81319
BLOCK00/SES006/SA006S28	SES158	-2.50784	-10.321	-7.81319
BLOCK00/SES006/SA006S28	SES275	-1.67408	-9.48727	-7.81319
BLOCK00/SES009/SA009S12	SES083	-1.66333	-8.51995	-6.85661
BLOCK00/SES009/SA009S12	SES148	-3.287	-10.1436	-6.85661
BLOCK00/SES009/SA009S12	SES177	-0.621747	-7.47836	-6.85661
BLOCK00/SES009/SA009S12	SES292	-0.991894	-7.84851	-6.85661
BLOCK00/SES009/SA009S15	SES007	-0.512589	-6.40047	-5.88788
BLOCK00/SES009/SA009S15	SES099	-3.81711	-9.70499	-5.88788
BLOCK00/SES009/SA009S15	SES148	-3.33583	-9.22371	-5.88788
BLOCK00/SES009/SA009S15	SES172	-1.23421	-7.12209	-5.88788
BLOCK00/SES009/SA009S24	SES146	-0.721981	-8.10699	-7.38501
BLOCK00/SES009/SA009S24	SES148	-3.91064	-11.2956	-7.38501
BLOCK00/SES009/SA009S24	SES177	-0.321168	-7.70617	-7.38501
BLOCK00/SES009/SA009S24	SES292	-1.37583	-8.76083	-7.38501
BLOCK00/SES009/SA009S26	SES083	-2.23709	-6.69558	-4.45849
BLOCK00/SES009/SA009S26	SES101	-2.83846	-7.29695	-4.45849
BLOCK00/SES009/SA009S26	SES120	-1.63243	-6.09093	-4.45849
BLOCK00/SES009/SA009S26	SES177	-1.2479	-5.7064	-4.45849
BLOCK00/SES009/SA009S29	SES083	-1.3298	-5.9436	-4.61381
BLOCK00/SES009/SA009S29	SES101	-2.58882	-7.20263	-4.61381
BLOCK00/SES009/SA009S29	SES177	-0.863654	-5.47746	-4.61381
BLOCK00/SES009/SA009S29	SES292	-1.06829	-5.6821	-4.61381
BLOCK01/SES011/SA011S10	SES019	-1.75183	-12.4435	-10.6916
BLOCK01/SES011/SA011S10	SES042	0.18691	-10.5047	-10.6916
BLOCK01/SES011/SA011S10	SES082	-0.964093	-11.6557	-10.6916
BLOCK01/SES011/SA011S10	SES206	-0.420387	-11.112	-10.6916
BLOCK01/SES011/SA011S11	SES019	-1.78179	-10.4448	-8.66304
BLOCK01/SES011/SA011S11	SES042	-0.263444	-8.92648	-8.66304
BLOCK01/SES011/SA011S11	SES082	-0.58898	-9.25202	-8.66304
BLOCK01/SES011/SA011S11	SES206	-1.75757	-10.4206	-8.66304
BLOCK01/SES011/SA011S22	SES019	-0.49478	-10.6081	-10.1133
BLOCK01/SES011/SA011S22	SES042	1.05027	-9.06306	-10.1133
BLOCK01/SES011/SA011S22	SES082	-1.25291	-11.3662	-10.1133
BLOCK01/SES011/SA011S22	SES206	-1.2443	-11.3576	-10.1133
BLOCK01/SES011/SA011S24	SES019	-1.83843	-9.86318	-8.02475
BLOCK01/SES011/SA011S24	SES042	0.10118	-7.92357	-8.02475
BLOCK01/SES011/SA011S24	SES104	-0.674276	-8.69903	-8.02475
BLOCK01/SES011/SA011S24	SES206	-0.437089	-8.46184	-8.02475
BLOCK01/SES011/SA011S27	SES082	-0.957682	-8.64599	-7.68831
BLOCK01/SES011/SA011S27	SES087	-4.26737	-11.9557	-7.68831
BLOCK01/SES011/SA011S27	SES125	-1.67978	-9.36809	-7.68831
BLOCK01/SES011/SA011S27	SES206	-1.47645	-9.16476	-7.68831
BLOCK01/SES012/SA012S11	SES007	-0.67359	-3.78064	-3.10705
BLOCK01/SES012/SA012S11	SES082	-0.361278	-3.46833	-3.10705
BLOCK01/SES012/SA012S11	SES083	-0.819494	-3.92655	-3.10705
BLOCK01/SES012/SA012S11	SES206	-0.156418	-3.26347	-3.10705
BLOCK01/SES012/SA012S14	SES082	-0.153538	-6.52845	-6.37491
BLOCK01/SES012/SA012S14	SES087	-1.95739	-8.3323	-6.37491
BLOCK01/SES012/SA012S14	SES206	-0.0268683	-6.40178	-6.37491
BLOCK01/SES012/SA012S14	SES292	-0.893295	-7.26821	-6.37491
BLOCK01/SES012/SA012S24	SES082	-1.13669	-9.60772	-8.47103
BLOCK01/SES012/SA012S24	SES087	-1.58729	-10.0583	-8.47103
BLOCK01/SES012/SA012S24	SES120	-2.1929	-10.6639	-8.47103
BLOCK01/SES012/SA012S24	SES206	-1.77406	-10.2451	-8.47103
BLOCK01/SES012/SA012S26	SES019	-4.90429	-12.917	-8.01269
BLOCK01/SES012/SA012S26	SES082	-1.55768	-9.57037	-8.01269
BLOCK01/SES012/SA012S26	SES206	0.520491	-7.4922	-8.01269
BLOCK01/SES012/SA012S26	SES292	-0.947616	-8.96031	-8.01269
BLOCK01/SES012/SA012S29	SES062	-1.5751	-2.19908	-0.623989
BLOCK01/SES012/SA012S29	SES082	-0.664324	-1.28831	-0.623989
BLOCK01/SES012/SA012S29	SES083	-1.21162	-1.83561	-0.623989
BLOCK01/SES012/SA012S29	SES206	-0.306758	-0.930747	-0.623989
BLOCK01/SES013/SA013S16	SES062	-2.52536	-9.28124	-6.75587
BLOCK01/SES013/SA013S16	SES106	-2.5434	-9.29928	-6.75587
BLOCK01/SES013/SA013S16	SES206	-1.76707	-8.52294	-6.75587
BLOCK01/SES013/SA013S16	SES226	-2.32066	-9.07653	-6.75587
BLOCK01/SES013/SA013S17	SES062	-1.56102	-4.86019	-3.29917
BLOCK01/SES013/SA013S17	SES106	-1.69579	-4.99496	-3.29917
BLOCK01/SES013/SA013S17	SES206	-0.0377827	-3.33695	-3.29917
BLOCK01/SES013/SA013S17	SES226	-0.228396	-3.52757	-3.29917
BLOCK01/SES013/SA013S23	SES104	0.188007	-4.9096	-5.0976
BLOCK01/SES013/SA013S23	SES106	-0.82885	-5.92645	-5.0976
BLOCK01/SES013/SA013S23	SES206	-0.665169	-5.76277	-5.0976
BLOCK01/SES013/SA013S23	SES270	-1.54587	-6.64347	-5.0976
BLOCK01/SES013/SA013S25	SES042	-3.80891	-8.19687	-4.38796
BLOCK01/SES013/SA013S25	SES104	0.126536	-4.26143	-4.38796
BLOCK01/SES013/SA013S25	SES106	-0.474417	-4.86238	-4.38796
BLOCK01/SES013/SA013S25	SES206	-1.02912	-5.41709	-4.38796
BLOCK01/SES013/SA013S29	SES062	-2.97297	-8.35206	-5.37908
BLOCK01/SES013/SA013S29	SES104	-0.615357	-5.99444	-5.37908
BLOCK01/SES013/SA013S29	SES106	-1.26305	-6.64213	-5.37908
BLOCK01/SES013/SA013S29	SES206	-0.775149	-6.15423	-5.37908
BLOCK02/SES021/SA021S13	SES016	-1.73836	-5.94019	-4.20183
BLOCK02/SES021/SA021S13	SES029	-2.05604	-6.25787	-4.20183
BLOCK02/SES021/SA021S13	SES087	-2.74215	-6.94398	-4.20183
BLOCK02/SES021/SA021S13	SES206	-0.972496	-5.17433	-4.20183
BLOCK02/SES021/SA021S15	SES087	-1.58963	-4.8187	-3.22907
BLOCK02/SES021/SA021S15	SES125	-1.07714	-4.30622	-3.22907
BLOCK02/SES021/SA021S15	SES206	-0.561763	-3.79084	-3.22907
BLOCK02/SES021/SA021S15	SES226	-1.05798	-4.28705	-3.22907
BLOCK02/SES021/SA021S23	SES062	-1.92118	-6.33729	-4.41611
BLOCK02/SES021/SA021S23	SES087	-0.645564	-5.06168	-4.41611
BLOCK02/SES021/SA021S23	SES206	-0.627512	-5.04362	-4.41611
BLOCK02/SES021/SA021S23	SES226	0.177875	-4.23824	-4.41611
BLOCK02/SES021/SA021S27	SES002	-1.39024	-2.91488	-1.52464
BLOCK02/SES021/SA021S27	SES016	-3.91173	-5.43637	-1.52464
BLOCK02/SES021/SA021S27	SES019	-1.45255	-2.97719	-1.52464
BLOCK02/SES021/SA021S27	SES062	-1.13037	-2.65501	-1.52464
BLOCK02/SES021/SA021S29	SES087	-1.03703	-4.82369	-3.78666
BLOCK02/SES021/SA021S29	SES125	-0.689728	-4.47639	-3.78666
BLOCK02/SES021/SA021S29	SES206	0.0787733	-3.70789	-3.78666
BLOCK02/SES021/SA021S29	SES226	-0.832598	-4.61926	-3.78666
BLOCK04/SES043/SA043S09	SES083	-0.237938	-6.4804	-6.24246
BLOCK04/SES043/SA043S09	SES101	-0.70787	-6.95033	-6.24246
BLOCK04/SES043/SA043S09	SES144	-0.500005	-6.74247	-6.24246
BLOCK04/SES043/SA043S09	SES172	-0.889436	-7.1319	-6.24246
BLOCK04/SES043/SA043S11	SES083	-0.150146	-2.00169	-1.85154
BLOCK04/SES043/SA043S11	SES101	-0.785359	-2.6369	-1.85154
BLOCK04/SES043/SA043S11	SES144	-0.414906	-2.26645	-1.85154
BLOCK04/SES043/SA043S11	SES172	-1.29144	-3.14298	-1.85154
BLOCK04/SES043/SA043S23	SES083	-0.74556	-3.94549	-3.19993
BLOCK04/SES043/SA043S23	SES144	-0.1378	-3.33773	-3.19993
BLOCK04/SES043/SA043S23	SES177	-1.29289	-4.49282	-3.19993
BLOCK04/SES043/SA043S23	SES275	-0.926443	-4.12637	-3.19993
BLOCK04/SES043/SA043S26	SES083	-0.10056	-8.8128	-8.71224
BLOCK04/SES043/SA043S26	SES101	-0.554491	-9.26673	-8.71224
BLOCK04/SES043/SA043S26	SES144	0.10268	-8.60956	-8.71224
BLOCK04/SES043/SA043S26	SES177	-1.57046	-10.2827	-8.71224
BLOCK04/SES043/SA043S28	SES016	-1.73103	-6.01685	-4.28582
BLOCK04/SES043/SA043S28	SES083	-0.624692	-4.91051	-4.28582
BLOCK04/SES043/SA043S28	SES101	-0.960652	-5.24647	-4.28582
BLOCK04/SES043/SA043S28	SES144	-1.36805	-5.65387	-4.28582
BLOCK04/SES044/SA044S10	SES127	-3.41186	-11.7652	-8.35335
BLOCK04/SES044/SA044S10	SES144	-0.570978	-8.92433	-8.35335
BLOCK04/SES044/SA044S10	SES147	-3.38154	-11.7349	-8.35335
BLOCK04/SES044/SA044S10	SES148	-2.31656	-10.6699	-8.35335
BLOCK04/SES044/SA044S11	SES101	-1.54323	-7.69189	-6.14866
BLOCK04/SES044/SA044S11	SES144	-0.624092	-6.77275	-6.14866
BLOCK04/SES044/SA044S11	SES147	-1.71255	-7.86122	-6.14866
BLOCK04/SES044/SA044S11	SES177	-1.99575	-8.14441	-6.14866
BLOCK04/SES044/SA044S24	SES007	-2.30742	-8.32115	-6.01374
BLOCK04/SES044/SA044S24	SES101	-0.996141	-7.00988	-6.01374
BLOCK04/SES044/SA044S24	SES147	-2.21587	-8.2296	-6.01374
BLOCK04/SES044/SA044S24	SES177	-1.52039	-7.53412	-6.01374
BLOCK04/SES044/SA044S26	SES007	-1.48152	-3.55363	-2.07211
BLOCK04/SES044/SA044S26	SES016	-0.75832	-2.83043	-2.07211
BLOCK04/SES044/SA044S26	SES101	-1.16996	-3.24207	-2.07211
BLOCK04/SES044/SA044S26	SES147	-0.246688	-2.3188	-2.07211
BLOCK04/SES044/SA044S29	SES007	-2.14123	-7.4999	-5.35866
BLOCK04/SES044/SA044S29	SES101	-1.71914	-7.0778	-5.35866
BLOCK04/SES044/SA044S29	SES147	-1.08563	-6.4443	-5.35866
BLOCK04/SES044/SA044S29	SES177	-2.35691	-7.71557	-5.35866
BLOCK04/SES046/SA046S13	SES101	-0.192726	-6.74169	-6.54896
BLOCK04/SES046/SA046S13	SES144	-0.593484	-7.14245	-6.54896
BLOCK04/SES046/SA046S13	SES147	-0.856851	-7.40581	-6.54896
BLOCK04/SES046/SA046S13	SES177	-0.61583	-7.16479	-6.54896
BLOCK04/SES046/SA046S15	SES048	-0.00376797	-3.0805	-3.07673
BLOCK04/SES046/SA046S15	SES083	-0.608728	-3.68546	-3.07673
BLOCK04/SES046/SA046S15	SES120	-1.60974	-4.68648	-3.07673
BLOCK04/SES046/SA046S15	SES148	-1.2733	-4.35003	-3.07673
BLOCK04/SES046/SA046S22	SES101	-0.734241	-5.73823	-5.00399
BLOCK04/SES046/SA046S22	SES144	-0.623199	-5.62719	-5.00399
BLOCK04/SES046/SA046S22	SES147	-1.05586	-6.05985	-5.00399
BLOCK04/SES046/SA046S22	SES172	-1.15769	-6.16168	-5.00399
BLOCK04/SES046/SA046S25	SES083	-0.769761	-2.41543	-1.64567
BLOCK04/SES046/SA046S25	SES127	-1.07079	-2.71645	-1.64567
BLOCK04/SES046/SA046S25	SES144	-0.468472	-2.11414	-1.64567
BLOCK04/SES046/SA046S25	SES148	-0.658134	-2.3038	-1.64567
BLOCK04/SES046/SA046S28	SES007	-1.66487	-5.16592	-3.50105
BLOCK04/SES046/SA046S28	SES105	-1.40178	-4.90283	-3.50105
BLOCK04/SES046/SA046S28	SES147	-0.652827	-4.15388	-3.50105
BLOCK04/SES046/SA046S28	SES148	-1.96025	-5.4613	-3.50105
BLOCK04/SES049/SA049S16	SES104	-0.59094	-7.11558	-6.52464
BLOCK04/SES049/SA049S16	SES106	-2.9014	-9.42604	-6.52464
BLOCK04/SES049/SA049S16	SES120	-1.82861	-8.35325	-6.52464
BLOCK04/SES049/SA049S16	SES206	-1.79519	-8.31982	-6.52464
BLOCK04/SES049/SA049S18	SES099	0.192994	-4.90539	-5.09838
BLOCK04/SES049/SA049S18	SES104	-0.483517	-5.5819	-5.09838
BLOCK04/SES049/SA049S18	SES125	-1.61143	-6.70981	-5.09838
BLOCK04/SES049/SA049S18	SES206	-1.33919	-6.43757	-5.09838
BLOCK04/SES049/SA049S25	SES087	-1.19766	-6.09285	-4.89519
BLOCK04/SES049/SA049S25	SES104	-0.198881	-5.09407	-4.89519
BLOCK04/SES049/SA049S25	SES125	-0.685262	-5.58045	-4.89519
BLOCK04/SES049/SA049S25	SES206	-0.549904	-5.44509	-4.89519
BLOCK04/SES049/SA049S27	SES099	-1.23826	-0.597669	0.64059
BLOCK04/SES049/SA049S27	SES104	0.286389	0.926979	0.64059
BLOCK04/SES049/SA049S27	SES125	-1.582	-0.941414	0.64059
BLOCK04/SES049/SA049S27	SES206	-1.0446	-0.40401	0.64059
BLOCK04/SES049/SA049S29	SES099	0.173225	-0.313671	-0.486895
BLOCK04/SES049/SA049S29	SES104	0.460814	-0.0260811	-0.486895
BLOCK04/SES049/SA049S29	SES125	0.267641	-0.219254	-0.486895
BLOCK04/SES049/SA049S29	SES206	-0.380134	-0.867029	-0.486895
BLOCK06/SES063/SA063S09	SES068	-1.51002	-8.63517	-7.12515
BLOCK06/SES063/SA063S09	SES083	-0.376572	-7.50172	-7.12515
BLOCK06/SES063/SA063S09	SES177	-0.436643	-7.56179	-7.12515
BLOCK06/SES063/SA063S09	SES187	-1.50758	-8.63273	-7.12515
BLOCK06/SES063/SA063S10	SES068	-1.66943	-7.32503	-5.6556
BLOCK06/SES063/SA063S10	SES083	-1.13034	-6.78595	-5.6556
BLOCK06/SES063/SA063S10	SES172	-1.77352	-7.42912	-5.6556
BLOCK06/SES063/SA063S10	SES187	-1.50928	-7.16488	-5.6556
BLOCK06/SES063/SA063S20	SES068	-2.34588	-9.70285	-7.35697
BLOCK06/SES063/SA063S20	SES083	-1.12886	-8.48583	-7.35697
BLOCK06/SES063/SA063S20	SES172	-1.46965	-8.82662	-7.35697
BLOCK06/SES063/SA063S20	SES187	-1.00245	-8.35942	-7.35697
BLOCK06/SES063/SA063S24	SES029	-2.5904	-9.99398	-7.40358
BLOCK06/SES063/SA063S24	SES083	-0.438781	-7.84236	-7.40358
BLOCK06/SES063/SA063S24	SES177	-1.48573	-8.88931	-7.40358
BLOCK06/SES063/SA063S24	SES189	-0.921701	-8.32528	-7.40358
BLOCK06/SES063/SA063S27	SES083	-0.704541	-7.57508	-6.87054
BLOCK06/SES063/SA063S27	SES172	-1.5135	-8.38405	-6.87054
BLOCK06/SES063/SA063S27	SES187	-1.31747	-8.18801	-6.87054
BLOCK06/SES063/SA063S27	SES292	-1.24324	-8.11378	-6.87054
BLOCK06/SES067/SA067S12	SES083	-0.97787	-4.49635	-3.51848
BLOCK06/SES067/SA067S12	SES172	-1.92366	-5.44214	-3.51848
BLOCK06/SES067/SA067S12	SES202	-1.08329	-4.60177	-3.51848
BLOCK06/SES067/SA067S12	SES292	-1.34586	-4.86434	-3.51848
BLOCK06/SES067/SA067S14	SES085	-1.02997	-1.64175	-0.611783
BLOCK06/SES067/SA067S14	SES177	-1.65161	-2.26339	-0.611783
BLOCK06/SES067/SA067S14	SES183	0.617301	0.00551792	-0.611783
BLOCK06/SES067/SA067S14	SES202	-0.952708	-1.56449	-0.611783
BLOCK06/SES067/SA067S21	SES144	-0.791597	-5.7205	-4.9289
BLOCK06/SES067/SA067S21	SES177	-0.918083	-5.84698	-4.9289
BLOCK06/SES067/SA067S21	SES183	0.179142	-4.74976	-4.9289
BLOCK06/SES067/SA067S21	SES189	-1.11443	-6.04333	-4.9289
BLOCK06/SES067/SA067S25	SES085	-1.18506	-6.92465	-5.73959
BLOCK06/SES067/SA067S25	SES177	-0.819493	-6.55908	-5.73959
BLOCK06/SES067/SA067S25	SES183	-0.674612	-6.4142	-5.73959
BLOCK06/SES067/SA067S25	SES202	-1.30376	-7.04335	-5.73959
BLOCK06/SES067/SA067S29	SES085	-2.37191	-10.2707	-7.89875
BLOCK06/SES067/SA067S29	SES177	-2.31203	-10.2108	-7.89875
BLOCK06/SES067/SA067S29	SES183	0.0649576	-7.83379	-7.89875
BLOCK06/SES067/SA067S29	SES202	-1.7323	-9.63105	-7.89875
BLOCK06/SES069/SA069S12	SES029	-2.17608	-4.46833	-2.29224
BLOCK06/SES069/SA069S12	SES082	-0.342661	-2.6349	-2.29224
BLOCK06/SES069/SA069S12	SES087	-1.60138	-3.89362	-2.29224
BLOCK06/SES069/SA069S12	SES206	-0.0869999	-2.37924	-2.29224
BLOCK06/SES069/SA069S13	SES029	-2.37999	-3.78827	-1.40827
BLOCK06/SES069/SA069S13	SES087	-0.197903	-1.60618	-1.40827
BLOCK06/SES069/SA069S13	SES206	-0.612167	-2.02044	-1.40827
BLOCK06/SES069/SA069S13	SES226	0.322684	-1.08559	-1.40827
BLOCK06/SES069/SA069S23	SES029	-0.355913	1.1025	1.45841
BLOCK06/SES069/SA069S23	SES087	0.651109	2.10952	1.45841
BLOCK06/SES069/SA069S23	SES206	-0.0141063	1.44431	1.45841
BLOCK06/SES069/SA069S23	SES226	1.29854	2.75695	1.45841
BLOCK06/SES069/SA069S25	SES087	-0.604584	-2.24	-1.63541
BLOCK06/SES069/SA069S25	SES206	-1.93809	-3.57351	-1.63541
BLOCK06/SES069/SA069S25	SES226	-0.421315	-2.05673	-1.63541
BLOCK06/SES069/SA069S25	SES270	-1.8222	-3.45761	-1.63541
BLOCK06/SES069/SA069S27	SES087	-1.72591	-5.45518	-3.72926
BLOCK06/SES069/SA069S27	SES206	-0.566473	-4.29574	-3.72926
BLOCK06/SES069/SA069S27	SES226	-0.216225	-3.94549	-3.72926
BLOCK06/SES069/SA069S27	SES270	-1.36989	-5.09915	-3.72926
BLOCK08/SES081/SA081S11	SES060	-1.8585	-9.01105	-7.15255
BLOCK08/SES081/SA081S11	SES062	-2.0243	-9.17686	-7.15255
BLOCK08/SES081/SA081S11	SES117	-1.62661	-8.77916	-7.15255
BLOCK08/SES081/SA081S11	SES162	-2.01393	-9.16649	-7.15255
BLOCK08/SES081/SA081S13	SES016	-1.60877	-5.51791	-3.90914
BLOCK08/SES081/SA081S13	SES060	-0.980793	-4.88994	-3.90914
BLOCK08/SES081/SA081S13	SES068	-1.18653	-5.09568	-3.90914
BLOCK08/SES081/SA081S13	SES129	-2.16977	-6.07892	-3.90914
BLOCK08/SES081/SA081S24	SES060	-0.16911	-5.4784	-5.30929
BLOCK08/SES081/SA081S24	SES068	-0.983023	-6.29232	-5.30929
BLOCK08/SES081/SA081S24	SES117	-1.18861	-6.49791	-5.30929
BLOCK08/SES081/SA081S24	SES275	-1.27274	-6.58204	-5.30929
BLOCK08/SES081/SA081S27	SES007	-1.08601	-11.8803	-10.7943
BLOCK08/SES081/SA081S27	SES060	-1.52448	-12.3188	-10.7943
BLOCK08/SES081/SA081S27	SES117	-1.65017	-12.4444	-10.7943
BLOCK08/SES081/SA081S27	SES275	-3.65114	-14.4454	-10.7943
BLOCK08/SES081/SA081S29	SES007	-0.698782	-10.3208	-9.62198
BLOCK08/SES081/SA081S29	SES060	-0.966894	-10.5889	-9.62198
BLOCK08/SES081/SA081S29	SES117	-1.03712	-10.6591	-9.62198
BLOCK08/SES081/SA081S29	SES275	-2.06048	-11.6825	-9.62198
BLOCK08/SES086/SA086S11	SES029	-3.25619	-11.8146	-8.55846
BLOCK08/SES086/SA086S11	SES082	-0.693672	-9.25213	-8.55846
BLOCK08/SES086/SA086S11	SES087	0.315847	-8.24261	-8.55846
BLOCK08/SES086/SA086S11	SES206	-0.789577	-9.34804	-8.55846
BLOCK08/SES086/SA086S12	SES029	-1.73415	-8.36336	-6.6292
BLOCK08/SES086/SA086S12	SES082	-1.03273	-7.66193	-6.6292
BLOCK08/SES086/SA086S12	SES087	1.08255	-5.54665	-6.6292
BLOCK08/SES086/SA086S12	SES206	-0.84464	-7.47384	-6.6292
BLOCK08/SES086/SA086S20	SES029	-1.89186	-7.72513	-5.83327
BLOCK08/SES086/SA086S20	SES082	-1.15408	-6.98736	-5.83327
BLOCK08/SES086/SA086S20	SES087	-0.0490541	-5.88233	-5.83327
BLOCK08/SES086/SA086S20	SES206	-1.05482	-6.88809	-5.83327
BLOCK08/SES086/SA086S24	SES087	0.159999	-6.56105	-6.72105
BLOCK08/SES086/SA086S24	SES104	-0.510982	-7.23203	-6.72105
BLOCK08/SES086/SA086S24	SES120	-0.227974	-6.94902	-6.72105
BLOCK08/SES086/SA086S24	SES206	0.498897	-6.22215	-6.72105
BLOCK08/SES086/SA086S28	SES029	-2.15341	-5.64584	-3.49243
BLOCK08/SES086/SA086S28	SES082	-1.33686	-4.82929	-3.49243
BLOCK08/SES086/SA086S28	SES087	-0.0542634	-3.54669	-3.49243
BLOCK08/SES086/SA086S28	SES206	-0.640502	-4.13293	-3.49243
BLOCK08/SES089/SA089S13	SES087	-0.795091	-6.96494	-6.16985
BLOCK08/SES089/SA089S13	SES206	-1.62216	-7.79202	-6.16985
BLOCK08/SES089/SA089S13	SES226	-0.104426	-6.27428	-6.16985
BLOCK08/SES089/SA089S13	SES270	-0.506489	-6.67634	-6.16985
BLOCK08/SES089/SA089S14	SES062	-1.46393	-6.10634	-4.64241
BLOCK08/SES089/SA089S14	SES087	-0.171013	-4.81342	-4.64241
BLOCK08/SES089/SA089S14	SES206	-0.86453	-5.50694	-4.64241
BLOCK08/SES089/SA089S14	SES226	-1.0514	-5.6938	-4.64241
BLOCK08/SES089/SA089S23	SES087	-1.29314	-9.20502	-7.91188
BLOCK08/SES089/SA089S23	SES206	-1.16753	-9.07941	-7.91188
BLOCK08/SES089/SA089S23	SES226	-0.943772	-8.85565	-7.91188
BLOCK08/SES089/SA089S23	SES270	-1.3575	-9.26938	-7.91188
BLOCK08/SES089/SA089S25	SES062	-2.59592	-7.81237	-5.21644
BLOCK08/SES089/SA089S25	SES087	-0.861755	-6.0782	-5.21644
BLOCK08/SES089/SA089S25	SES206	-2.40341	-7.61986	-5.21644
BLOCK08/SES089/SA089S25	SES226	-0.739316	-5.95576	-5.21644
BLOCK08/SES089/SA089S28	SES062	-2.06874	-5.9318	-3.86305
BLOCK08/SES089/SA089S28	SES087	-0.220899	-4.08395	-3.86305
BLOCK08/SES089/SA089S28	SES206	-1.72021	-5.58327	-3.86305
BLOCK08/SES089/SA089S28	SES226	-0.523686	-4.38674	-3.86305
BLOCK09/SES097/SA097S11	SES099	0.044389	-2.63559	-2.67998
BLOCK09/SES097/SA097S11	SES125	-0.0800962	-2.76007	-2.67998
BLOCK09/SES097/SA097S11	SES206	-0.654251	-3.33423	-2.67998
BLOCK09/SES097/SA097S11	SES226	-0.221462	-2.90144	-2.67998
BLOCK09/SES097/SA097S14	SES062	-1.8202	-3.83893	-2.01873
BLOCK09/SES097/SA097S14	SES099	-1.75828	-3.77701	-2.01873
BLOCK09/SES097/SA097S14	SES104	-2.67692	-4.69564	-2.01873
BLOCK09/SES097/SA097S14	SES206	-3.24054	-5.25927	-2.01873
BLOCK09/SES097/SA097S22	SES099	0.496738	-2.77935	-3.27608
BLOCK09/SES097/SA097S22	SES206	-1.20667	-4.48275	-3.27608
BLOCK09/SES097/SA097S22	SES226	-1.46758	-4.74366	-3.27608
BLOCK09/SES097/SA097S22	SES270	-1.74427	-5.02035	-3.27608
BLOCK09/SES097/SA097S26	SES099	0.359821	-4.9751	-5.33493
BLOCK09/SES097/SA097S26	SES120	-1.38457	-6.7195	-5.33493
BLOCK09/SES097/SA097S26	SES206	-1.82255	-7.15748	-5.33493
BLOCK09/SES097/SA097S26	SES226	-0.478494	-5.81342	-5.33493
BLOCK09/SES097/SA097S28	SES099	0.815093	-2.32441	-3.1395
BLOCK09/SES097/SA097S28	SES120	-0.862849	-4.00235	-3.1395
BLOCK09/SES097/SA097S28	SES206	-1.36705	-4.50655	-3.1395
BLOCK09/SES097/SA097S28	SES226	-0.988963	-4.12847	-3.1395
BLOCK09/SES098/SA098S11	SES127	-1.9073	-6.89037	-4.98306
BLOCK09/SES098/SA098S11	SES144	-1.25851	-6.24157	-4.98306
BLOCK09/SES098/SA098S11	SES147	-1.20037	-6.18343	-4.98306
BLOCK09/SES098/SA098S11	SES148	-2.68652	-7.66959	-4.98306
BLOCK09/SES098/SA098S12	SES127	-3.10998	-11.2555	-8.1455
BLOCK09/SES098/SA098S12	SES144	-1.87603	-10.0215	-8.1455
BLOCK09/SES098/SA098S12	SES147	-1.63462	-9.78012	-8.1455
BLOCK09/SES098/SA098S12	SES189	-1.13684	-9.28234	-8.1455
BLOCK09/SES098/SA098S20	SES127	-3.86917	-14.7906	-10.9214
BLOCK09/SES098/SA098S20	SES147	-2.65995	-13.5814	-10.9214
BLOCK09/SES098/SA098S20	SES148	-4.69272	-15.6142	-10.9214
BLOCK09/SES098/SA098S20	SES292	-0.838693	-11.7601	-10.9214
BLOCK09/SES098/SA098S23	SES127	-1.88885	-8.35219	-6.46334
BLOCK09/SES098/SA098S23	SES147	-2.06324	-8.52658	-6.46334
BLOCK09/SES098/SA098S23	SES187	-0.3914	-6.85474	-6.46334
BLOCK09/SES098/SA098S23	SES292	-1.68917	-8.15251	-6.46334
BLOCK09/SES098/SA098S27	SES127	-2.91885	-10.1394	-7.22057
BLOCK09/SES098/SA098S27	SES147	-2.49718	-9.71775	-7.22057
BLOCK09/SES098/SA098S27	SES148	-3.38249	-10.6031	-7.22057
BLOCK09/SES098/SA098S27	SES292	-1.25508	-8.47565	-7.22057
BLOCK10/SES102/SA102S13	SES101	-0.627588	-8.13428	-7.5067
BLOCK10/SES102/SA102S13	SES105	-1.16522	-8.67191	-7.5067
BLOCK10/SES102/SA102S13	SES120	-1.54497	-9.05167	-7.5067
BLOCK10/SES102/SA102S13	SES158	-0.651094	-8.15779	-7.5067
BLOCK10/SES102/SA102S14	SES007	0.295223	-3.56705	-3.86227
BLOCK10/SES102/SA102S14	SES101	-1.12782	-4.99009	-3.86227
BLOCK10/SES102/SA102S14	SES105	-0.74618	-4.60845	-3.86227
BLOCK10/SES102/SA102S14	SES147	-2.55745	-6.41972	-3.86227
BLOCK10/SES102/SA102S22	SES007	-0.957058	-5.28755	-4.33049
BLOCK10/SES102/SA102S22	SES101	-1.45924	-5.78973	-4.33049
BLOCK10/SES102/SA102S22	SES105	-0.643522	-4.97402	-4.33049
BLOCK10/SES102/SA102S22	SES158	-0.973611	-5.30411	-4.33049
BLOCK10/SES102/SA102S25	SES007	-0.772028	-4.9568	-4.18477
BLOCK10/SES102/SA102S25	SES101	-1.65359	-5.83836	-4.18477
BLOCK10/SES102/SA102S25	SES105	-1.57324	-5.75801	-4.18477
BLOCK10/SES102/SA102S25	SES147	-3.0523	-7.23708	-4.18477
BLOCK10/SES102/SA102S27	SES007	-0.149311	-2.80797	-2.65866
BLOCK10/SES102/SA102S27	SES101	-0.384903	-3.04357	-2.65866
BLOCK10/SES102/SA102S27	SES105	-0.90115	-3.55981	-2.65866
BLOCK10/SES102/SA102S27	SES147	-1.87392	-4.53258	-2.65866
BLOCK10/SES103/SA103S14	SES105	-1.44072	-11.714	-10.2733
BLOCK10/SES103/SA103S14	SES106	-2.60275	-12.876	-10.2733
BLOCK10/SES103/SA103S14	SES120	-2.6309	-12.9042	-10.2733
BLOCK10/SES103/SA103S14	SES206	-1.76823	-12.0415	-10.2733
BLOCK10/SES103/SA103S15	SES099	-2.73119	-12.2323	-9.50114
BLOCK10/SES103/SA103S15	SES101	-3.18656	-12.6877	-9.50114
BLOCK10/SES103/SA103S15	SES104	-1.83086	-11.332	-9.50114
BLOCK10/SES103/SA103S15	SES125	-4.66805	-14.1692	-9.50114
BLOCK10/SES103/SA103S24	SES104	-1.56354	-6.38446	-4.82092
BLOCK10/SES103/SA103S24	SES125	-4.79353	-9.61445	-4.82092
BLOCK10/SES103/SA103S24	SES148	-2.94316	-7.76408	-4.82092
BLOCK10/SES103/SA103S24	SES158	-2.59681	-7.41773	-4.82092
BLOCK10/SES103/SA103S26	SES104	-1.34197	-9.78267	-8.44069
BLOCK10/SES103/SA103S26	SES106	-1.38004	-9.82073	-8.44069
BLOCK10/SES103/SA103S26	SES125	-2.15793	-10.5986	-8.44069
BLOCK10/SES103/SA103S26	SES148	-3.54618	-11.9869	-8.44069
BLOCK10/SES103/SA103S28	SES104	-3.10377	-13.188	-10.0842
BLOCK10/SES103/SA103S28	SES106	-2.54347	-12.6277	-10.0842
BLOCK10/SES103/SA103S28	SES125	-4.25789	-14.3421	-10.0842
BLOCK10/SES103/SA103S28	SES206	-2.39327	-12.4775	-10.0842
BLOCK12/SES121/SA121S12	SES042	-1.96087	-7.85321	-5.89234
BLOCK12/SES121/SA121S12	SES087	-1.22679	-7.11913	-5.89234
BLOCK12/SES121/SA121S12	SES105	-0.305806	-6.19815	-5.89234
BLOCK12/SES121/SA121S12	SES206	-0.789845	-6.68219	-5.89234
BLOCK12/SES121/SA121S14	SES007	-1.71873	-13.3978	-11.6791
BLOCK12/SES121/SA121S14	SES105	-1.65985	-13.3389	-11.6791
BLOCK12/SES121/SA121S14	SES106	-1.76008	-13.4392	-11.6791
BLOCK12/SES121/SA121S14	SES206	-0.578371	-12.2575	-11.6791
BLOCK12/SES121/SA121S23	SES105	-1.18855	-10.763	-9.57447
BLOCK12/SES121/SA121S23	SES106	-1.82894	-11.4034	-9.57447
BLOCK12/SES121/SA121S23	SES120	-1.33356	-10.908	-9.57447
BLOCK12/SES121/SA121S23	SES206	0.547862	-9.0266	-9.57447
BLOCK12/SES121/SA121S25	SES007	-0.807125	-13.0191	-12.212
BLOCK12/SES121/SA121S25	SES105	-1.77656	-13.9885	-12.212
BLOCK12/SES121/SA121S25	SES106	-1.06168	-13.2737	-12.212
BLOCK12/SES121/SA121S25	SES206	-0.0627127	-12.2747	-12.212
BLOCK12/SES121/SA121S27	SES087	0.0664024	-11.2968	-11.3632
BLOCK12/SES121/SA121S27	SES105	-2.45475	-13.818	-11.3632
BLOCK12/SES121/SA121S27	SES120	-0.235362	-11.5986	-11.3632
BLOCK12/SES121/SA121S27	SES206	-0.151148	-11.5144	-11.3632
BLOCK12/SES124/SA124S16	SES042	-0.0216825	-3.81269	-3.791
BLOCK12/SES124/SA124S16	SES082	-0.740136	-4.53114	-3.791
BLOCK12/SES124/SA124S16	SES183	-0.685229	-4.47623	-3.791
BLOCK12/SES124/SA124S16	SES206	-2.21037	-6.00138	-3.791
BLOCK12/SES124/SA124S17	SES105	-2.08757	-10.3514	-8.26383
BLOCK12/SES124/SA124S17	SES149	-1.60169	-9.86552	-8.26383
BLOCK12/SES124/SA124S17	SES158	-1.89312	-10.1569	-8.26383
BLOCK12/SES124/SA124S17	SES275	-2.78594	-11.0498	-8.26383
BLOCK12/SES124/SA124S23	SES105	-1.86107	-4.0108	-2.14974
BLOCK12/SES124/SA124S23	SES125	1.22651	-0.923223	-2.14974
BLOCK12/SES124/SA124S23	SES129	-1.60522	-3.75495	-2.14974
BLOCK12/SES124/SA124S23	SES158	-0.837153	-2.98689	-2.14974
BLOCK12/SES124/SA124S26	SES105	-2.41157	-8.18008	-5.76851
BLOCK12/SES124/SA124S26	SES125	-0.771127	-6.53964	-5.76851
BLOCK12/SES124/SA124S26	SES129	-2.17632	-7.94484	-5.76851
BLOCK12/SES124/SA124S26	SES158	-0.543053	-6.31157	-5.76851
BLOCK12/SES124/SA124S28	SES104	0.151782	-3.44243	-3.59421
BLOCK12/SES124/SA124S28	SES106	-0.351584	-3.9458	-3.59421
BLOCK12/SES124/SA124S28	SES125	0.575169	-3.01904	-3.59421
BLOCK12/SES124/SA124S28	SES275	-1.95762	-5.55184	-3.59421
BLOCK12/SES126/SA126S13	SES007	-1.06426	-7.75517	-6.69091
BLOCK12/SES126/SA126S13	SES162	-1.4732	-8.16411	-6.69091
BLOCK12/SES126/SA126S13	SES177	-0.306976	-6.99789	-6.69091
BLOCK12/SES126/SA126S13	SES180	-1.36785	-8.05876	-6.69091
BLOCK12/SES126/SA126S14	SES144	-1.16607	-5.21349	-4.04742
BLOCK12/SES126/SA126S14	SES148	-1.48732	-5.53474	-4.04742
BLOCK12/SES126/SA126S14	SES177	-0.835817	-4.88323	-4.04742
BLOCK12/SES126/SA126S14	SES180	-1.55087	-5.59829	-4.04742
BLOCK12/SES126/SA126S20	SES007	-1.35419	-3.68693	-2.33273
BLOCK12/SES126/SA126S20	SES162	-0.634257	-2.96699	-2.33273
BLOCK12/SES126/SA126S20	SES172	-1.32678	-3.65951	-2.33273
BLOCK12/SES126/SA126S20	SES180	-0.0546269	-2.38736	-2.33273
BLOCK12/SES126/SA126S24	SES120	-0.189715	-3.71949	-3.52978
BLOCK12/SES126/SA126S24	SES162	-0.798326	-4.3281	-3.52978
BLOCK12/SES126/SA126S24	SES177	-0.258363	-3.78814	-3.52978
BLOCK12/SES126/SA126S24	SES180	-1.13178	-4.66156	-3.52978
BLOCK12/SES126/SA126S26	SES120	-0.218177	-2.98294	-2.76476
BLOCK12/SES126/SA126S26	SES177	-1.54927	-4.31403	-2.76476
BLOCK12/SES126/SA126S26	SES180	-0.336287	-3.10105	-2.76476
BLOCK12/SES126/SA126S26	SES202	-0.90676	-3.67152	-2.76476
BLOCK12/SES128/SA128S10	SES087	-1.26675	-5.14289	-3.87613
BLOCK12/SES128/SA128S10	SES206	-0.831246	-4.70738	-3.87613
BLOCK12/SES128/SA128S10	SES226	-0.867774	-4.7439	-3.87613
BLOCK12/SES128/SA128S10	SES270	-1.60981	-5.48594	-3.87613
BLOCK12/SES128/SA128S12	SES120	-1.18568	-7.61884	-6.43316
BLOCK12/SES128/SA128S12	SES158	-1.51732	-7.95049	-6.43316
BLOCK12/SES128/SA128S12	SES206	-0.570943	-7.0041	-6.43316
BLOCK12/SES128/SA128S12	SES226	-1.90852	-8.34168	-6.43316
BLOCK12/SES128/SA128S21	SES106	-3.55731	-7.86169	-4.30438
BLOCK12/SES128/SA128S21	SES120	-1.2502	-5.55458	-4.30438
BLOCK12/SES128/SA128S21	SES206	-2.39337	-6.69775	-4.30438
BLOCK12/SES128/SA128S21	SES226	-1.27892	-5.5833	-4.30438
BLOCK12/SES128/SA128S24	SES087	-0.202763	-6.80108	-6.59831
BLOCK12/SES128/SA128S24	SES120	-0.515038	-7.11335	-6.59831
BLOCK12/SES128/SA128S24	SES206	-0.582174	-7.18049	-6.59831
BLOCK12/SES128/SA128S24	SES226	-1.25178	-7.85009	-6.59831
BLOCK12/SES128/SA128S27	SES099	-1.00677	-5.81259	-4.80583
BLOCK12/SES128/SA128S27	SES120	-1.06156	-5.86739	-4.80583
BLOCK12/SES128/SA128S27	SES206	-1.26918	-6.07501	-4.80583
BLOCK12/SES128/SA128S27	SES226	-1.8016	-6.60743	-4.80583
BLOCK13/SES130/SA130S13	SES143	-0.529785	-6.20933	-5.67955
BLOCK13/SES130/SA130S13	SES144	0.168089	-5.51146	-5.67955
BLOCK13/SES130/SA130S13	SES146	-1.62902	-7.30857	-5.67955
BLOCK13/SES130/SA130S13	SES275	-1.50149	-7.18104	-5.67955
BLOCK13/SES130/SA130S15	SES143	-0.408528	-3.19477	-2.78624
BLOCK13/SES130/SA130S15	SES144	0.292588	-2.49365	-2.78624
BLOCK13/SES130/SA130S15	SES146	-0.475877	-3.26211	-2.78624
BLOCK13/SES130/SA130S15	SES275	-0.756167	-3.5424	-2.78624
BLOCK13/SES130/SA130S23	SES127	0.053755	-2.34419	-2.39794
BLOCK13/SES130/SA130S23	SES144	0.90082	-1.49712	-2.39794
BLOCK13/SES130/SA130S23	SES146	-0.686617	-3.08456	-2.39794
BLOCK13/SES130/SA130S23	SES162	0.346275	-2.05167	-2.39794
BLOCK13/SES130/SA130S25	SES127	-0.940592	-1.08457	-0.143982
BLOCK13/SES130/SA130S25	SES144	-0.395353	-0.539334	-0.143982
BLOCK13/SES130/SA130S25	SES146	-0.284357	-0.428339	-0.143982
BLOCK13/SES130/SA130S25	SES275	-0.676196	-0.820178	-0.143982
BLOCK13/SES130/SA130S28	SES127	-1.24498	-4.41994	-3.17495
BLOCK13/SES130/SA130S28	SES144	-1.35081	-4.52576	-3.17495
BLOCK13/SES130/SA130S28	SES146	-0.782211	-3.95716	-3.17495
BLOCK13/SES130/SA130S28	SES275	-0.632953	-3.80791	-3.17495
BLOCK13/SES131/SA131S13	SES002	-2.59952	-7.40248	-4.80295
BLOCK13/SES131/SA131S13	SES007	-1.49938	-6.30233	-4.80295
BLOCK13/SES131/SA131S13	SES099	-0.976966	-5.77992	-4.80295
BLOCK13/SES131/SA131S13	SES105	-0.679494	-5.48245	-4.80295
BLOCK13/SES131/SA131S14	SES104	-0.825751	-0.392549	0.433201
BLOCK13/SES131/SA131S14	SES106	-2.54917	-2.11597	0.433201
BLOCK13/SES131/SA131S14	SES125	-1.7624	-1.3292	0.433201
BLOCK13/SES131/SA131S14	SES148	-0.0973281	0.335873	0.433201
BLOCK13/SES131/SA131S20	SES104	-2.94267	-9.94366	-7.00099
BLOCK13/SES131/SA131S20	SES106	-2.09152	-9.09251	-7.00099
BLOCK13/SES131/SA131S20	SES125	-2.52431	-9.5253	-7.00099
BLOCK13/SES131/SA131S20	SES148	-2.57728	-9.57827	-7.00099
BLOCK13/SES131/SA131S22	SES099	-2.21522	-6.22643	-4.01121
BLOCK13/SES131/SA131S22	SES104	-1.01999	-5.03121	-4.01121
BLOCK13/SES131/SA131S22	SES125	-0.746271	-4.75748	-4.01121
BLOCK13/SES131/SA131S22	SES206	-1.75809	-5.76931	-4.01121
BLOCK13/SES131/SA131S29	SES087	-1.16323	-7.39675	-6.23352
BLOCK13/SES131/SA131S29	SES104	-3.98468	-10.2182	-6.23352
BLOCK13/SES131/SA131S29	SES125	-4.45592	-10.6894	-6.23352
BLOCK13/SES131/SA131S29	SES206	-2.51379	-8.74731	-6.23352
BLOCK13/SES132/SA132S11	SES083	-0.963685	-9.21464	-8.25096
BLOCK13/SES132/SA132S11	SES120	-0.0439539	-8.29491	-8.25096
BLOCK13/SES132/SA132S11	SES127	-2.57115	-10.8221	-8.25096
BLOCK13/SES132/SA132S11	SES275	-1.13713	-9.38809	-8.25096
BLOCK13/SES132/SA132S12	SES083	-0.948494	-4.55426	-3.60576
BLOCK13/SES132/SA132S12	SES143	-1.66424	-5.27	-3.60576
BLOCK13/SES132/SA132S12	SES144	-0.765506	-4.37127	-3.60576
BLOCK13/SES132/SA132S12	SES148	-1.3556	-4.96137	-3.60576
BLOCK13/SES132/SA132S22	SES062	-1.59507	-8.30159	-6.70652
BLOCK13/SES132/SA132S22	SES083	-0.905726	-7.61225	-6.70652
BLOCK13/SES132/SA132S22	SES127	-1.51485	-8.22137	-6.70652
BLOCK13/SES132/SA132S22	SES275	-1.23571	-7.94223	-6.70652
BLOCK13/SES132/SA132S24	SES007	-0.761399	-4.89427	-4.13287
BLOCK13/SES132/SA132S24	SES083	-0.929527	-5.0624	-4.13287
BLOCK13/SES132/SA132S24	SES127	-2.13168	-6.26455	-4.13287
BLOCK13/SES132/SA132S24	SES275	-0.693678	-4.82655	-4.13287
BLOCK13/SES132/SA132S27	SES083	-2.23318	-9.75059	-7.51741
BLOCK13/SES132/SA132S27	SES120	0.00649786	-7.51091	-7.51741
BLOCK13/SES132/SA132S27	SES127	-4.27636	-11.7938	-7.51741
BLOCK13/SES132/SA132S27	SES275	-2.12719	-9.6446	-7.51741
BLOCK14/SES141/SA141S09	SES143	-0.630397	-4.24347	-3.61307
BLOCK14/SES141/SA141S09	SES144	-0.111453	-3.72453	-3.61307
BLOCK14/SES141/SA141S09	SES162	-0.292727	-3.9058	-3.61307
BLOCK14/SES141/SA141S09	SES180	-0.248412	-3.86149	-3.61307
BLOCK14/SES141/SA141S15	SES127	-0.575706	-6.06395	-5.48825
BLOCK14/SES141/SA141S15	SES144	-1.13498	-6.62322	-5.48825
BLOCK14/SES141/SA141S15	SES162	-1.28983	-6.77808	-5.48825
BLOCK14/SES141/SA141S15	SES180	-0.802094	-6.29034	-5.48825
BLOCK14/SES141/SA141S24	SES127	-1.48107	-7.05848	-5.57741
BLOCK14/SES141/SA141S24	SES144	-1.93437	-7.51179	-5.57741
BLOCK14/SES141/SA141S24	SES162	-0.822221	-6.39963	-5.57741
BLOCK14/SES141/SA141S24	SES183	-1.53804	-7.11545	-5.57741
BLOCK14/SES141/SA141S26	SES142	-0.185669	-5.81564	-5.62997
BLOCK14/SES141/SA141S26	SES144	-1.52183	-7.1518	-5.62997
BLOCK14/SES141/SA141S26	SES172	-1.16442	-6.79439	-5.62997
BLOCK14/SES141/SA141S26	SES180	-0.368719	-5.99869	-5.62997
BLOCK14/SES141/SA141S29	SES127	-0.16533	-3.49559	-3.33026
BLOCK14/SES141/SA141S29	SES142	0.0793545	-3.25091	-3.33026
BLOCK14/SES141/SA141S29	SES144	-0.711756	-4.04202	-3.33026
BLOCK14/SES141/SA141S29	SES180	0.556275	-2.77399	-3.33026
BLOCK15/SES157/SA157S08	SES083	-1.57331	-3.55245	-1.97914
BLOCK15/SES157/SA157S08	SES127	-1.91569	-3.89483	-1.97914
BLOCK15/SES157/SA157S08	SES148	-1.44919	-3.42833	-1.97914
BLOCK15/SES157/SA157S08	SES292	-2.03224	-4.01138	-1.97914
BLOCK15/SES157/SA157S11	SES083	-1.616	-4.48784	-2.87184
BLOCK15/SES157/SA157S11	SES127	-2.40208	-5.27393	-2.87184
BLOCK15/SES157/SA157S11	SES148	-2.24534	-5.11719	-2.87184
BLOCK15/SES157/SA157S11	SES292	-1.65507	-4.52691	-2.87184
BLOCK15/SES157/SA157S21	SES127	0.117758	0.124327	0.00656905
BLOCK15/SES157/SA157S21	SES148	-0.629063	-0.622494	0.00656905
BLOCK15/SES157/SA157S21	SES158	-5.13483	-5.12826	0.00656905
BLOCK15/SES157/SA157S21	SES292	-1.06789	-1.06132	0.00656905
BLOCK15/SES157/SA157S24	SES127	-1.46234	-5.71912	-4.25678
BLOCK15/SES157/SA157S24	SES148	-1.62888	-5.88566	-4.25678
BLOCK15/SES157/SA157S24	SES183	-1.94277	-6.19955	-4.25678
BLOCK15/SES157/SA157S24	SES292	-1.81771	-6.0745	-4.25678
BLOCK15/SES157/SA157S26	SES007	-0.974927	-3.94141	-2.96648
BLOCK15/SES157/SA157S26	SES127	-1.04058	-4.00707	-2.96648
BLOCK15/SES157/SA157S26	SES147	-1.73609	-4.70257	-2.96648
BLOCK15/SES157/SA157S26	SES148	-1.47672	-4.4432	-2.96648
BLOCK16/SES161/SA161S10	SES007	-1.30301	-6.52241	-5.2194
BLOCK16/SES161/SA161S10	SES105	-0.335997	-5.5554	-5.2194
BLOCK16/SES161/SA161S10	SES158	-1.22246	-6.44186	-5.2194
BLOCK16/SES161/SA161S10	SES275	-1.24143	-6.46083	-5.2194
BLOCK16/SES161/SA161S12	SES007	-3.01849	-12.1311	-9.11263
BLOCK16/SES161/SA161S12	SES105	-2.49176	-11.6044	-9.11263
BLOCK16/SES161/SA161S12	SES158	-2.79091	-11.9035	-9.11263
BLOCK16/SES161/SA161S12	SES275	-2.51352	-11.6262	-9.11263
BLOCK16/SES161/SA161S20	SES007	-1.65144	-11.1965	-9.54506
BLOCK16/SES161/SA161S20	SES105	-1.83232	-11.3774	-9.54506
BLOCK16/SES161/SA161S20	SES158	-0.743232	-10.2883	-9.54506
BLOCK16/SES161/SA161S20	SES275	-2.65595	-12.201	-9.54506
BLOCK16/SES161/SA161S23	SES007	-3.85443	-13.1107	-9.25626
BLOCK16/SES161/SA161S23	SES105	-0.992518	-10.2488	-9.25626
BLOCK16/SES161/SA161S23	SES148	-0.840034	-10.0963	-9.25626
BLOCK16/SES161/SA161S23	SES158	-2.97431	-12.2306	-9.25626
BLOCK16/SES161/SA161S28	SES007	-1.64038	-11.2625	-9.6221
BLOCK16/SES161/SA161S28	SES105	-2.31295	-11.9351	-9.6221
BLOCK16/SES161/SA161S28	SES158	-0.386151	-10.0083	-9.6221
BLOCK16/SES161/SA161S28	SES206	-1.02991	-10.652	-9.6221
BLOCK16/SES164/SA164S11	SES104	-0.789139	-2.22575	-1.43661
BLOCK16/SES164/SA164S11	SES125	-0.173868	-1.61048	-1.43661
BLOCK16/SES164/SA164S11	SES158	-3.82979	-5.26639	-1.43661
BLOCK16/SES164/SA164S11	SES206	-1.50272	-2.93933	-1.43661
BLOCK16/SES164/SA164S13	SES099	-2.60648	-5.44212	-2.83564
BLOCK16/SES164/SA164S13	SES104	-1.71465	-4.55029	-2.83564
BLOCK16/SES164/SA164S13	SES125	-2.33506	-5.17069	-2.83564
BLOCK16/SES164/SA164S13	SES206	-2.46395	-5.29959	-2.83564
BLOCK16/SES164/SA164S24	SES002	0.538742	-1.58042	-2.11917
BLOCK16/SES164/SA164S24	SES099	-0.82749	-2.94666	-2.11917
BLOCK16/SES164/SA164S24	SES125	-0.989255	-3.10842	-2.11917
BLOCK16/SES164/SA164S24	SES226	0.913765	-1.2054	-2.11917
BLOCK16/SES164/SA164S27	SES087	-0.954993	-3.48204	-2.52705
BLOCK16/SES164/SA164S27	SES125	-1.50274	-4.0298	-2.52705
BLOCK16/SES164/SA164S27	SES206	-2.20879	-4.73584	-2.52705
BLOCK16/SES164/SA164S27	SES226	-1.47791	-4.00496	-2.52705
BLOCK16/SES164/SA164S29	SES002	-0.950655	-2.29987	-1.34922
BLOCK16/SES164/SA164S29	SES019	-1.94782	-3.29704	-1.34922
BLOCK16/SES164/SA164S29	SES125	-1.67783	-3.02705	-1.34922
BLOCK16/SES164/SA164S29	SES226	-1.12505	-2.47427	-1.34922
BLOCK16/SES169/SA169S13	SES117	-1.98179	-7.40523	-5.42344
BLOCK16/SES169/SA169S13	SES144	-1.41266	-6.8361	-5.42344
BLOCK16/SES169/SA169S13	SES146	-1.04196	-6.4654	-5.42344
BLOCK16/SES169/SA169S13	SES162	-1.2244	-6.64784	-5.42344
BLOCK16/SES169/SA169S14	SES144	-0.589183	-2.12693	-1.53775
BLOCK16/SES169/SA169S14	SES148	-0.717044	-2.2548	-1.53775
BLOCK16/SES169/SA169S14	SES177	0.270456	-1.2673	-1.53775
BLOCK16/SES169/SA169S14	SES180	-0.591872	-2.12962	-1.53775
BLOCK16/SES169/SA169S24	SES117	-0.36229	-4.78915	-4.42686
BLOCK16/SES169/SA169S24	SES144	-0.59798	-5.02484	-4.42686
BLOCK16/SES169/SA169S24	SES146	-0.420972	-4.84783	-4.42686
BLOCK16/SES169/SA169S24	SES162	-0.222549	-4.6494	-4.42686
BLOCK16/SES169/SA169S27	SES127	-0.675848	-5.9343	-5.25845
BLOCK16/SES169/SA169S27	SES129	-0.615848	-5.8743	-5.25845
BLOCK16/SES169/SA169S27	SES144	-1.25084	-6.50929	-5.25845
BLOCK16/SES169/SA169S27	SES146	-0.547077	-5.80553	-5.25845
BLOCK16/SES169/SA169S29	SES144	-0.440751	-1.9448	-1.50405
BLOCK16/SES169/SA169S29	SES162	-0.345838	-1.84989	-1.50405
BLOCK16/SES169/SA169S29	SES177	-0.860288	-2.36434	-1.50405
BLOCK16/SES169/SA169S29	SES180	-0.592283	-2.09633	-1.50405
BLOCK17/SES171/SA171S12	SES083	-1.19431	-5.49159	-4.29728
BLOCK17/SES171/SA171S12	SES148	-1.82218	-6.11946	-4.29728
BLOCK17/SES171/SA171S12	SES172	-1.56	-5.85728	-4.29728
BLOCK17/SES171/SA171S12	SES292	-1.91665	-6.21393	-4.29728
BLOCK17/SES171/SA171S15	SES148	-1.68541	-6.60404	-4.91863
BLOCK17/SES171/SA171S15	SES177	-1.24704	-6.16567	-4.91863
BLOCK17/SES171/SA171S15	SES180	-3.43351	-8.35214	-4.91863
BLOCK17/SES171/SA171S15	SES292	-2.27514	-7.19376	-4.91863
BLOCK17/SES171/SA171S22	SES007	-1.10137	-1.77088	-0.669514
BLOCK17/SES171/SA171S22	SES148	-0.556773	-1.22629	-0.669514
BLOCK17/SES171/SA171S22	SES177	-0.546678	-1.21619	-0.669514
BLOCK17/SES171/SA171S22	SES180	-2.39976	-3.06927	-0.669514
BLOCK17/SES171/SA171S25	SES101	-2.19234	-7.30258	-5.11024
BLOCK17/SES171/SA171S25	SES120	-2.80259	-7.91283	-5.11024
BLOCK17/SES171/SA171S25	SES177	-0.748181	-5.85842	-5.11024
BLOCK17/SES171/SA171S25	SES180	-1.84732	-6.95756	-5.11024
BLOCK17/SES171/SA171S27	SES177	-1.55531	-6.73409	-5.17878
BLOCK17/SES171/SA171S27	SES180	-2.60316	-7.78194	-5.17878
BLOCK17/SES171/SA171S27	SES189	-1.22472	-6.4035	-5.17878
BLOCK17/SES171/SA171S27	SES292	-2.10301	-7.28179	-5.17878
BLOCK17/SES173/SA173S13	SES162	-2.63921	-7.93028	-5.29107
BLOCK17/SES173/SA173S13	SES177	-0.914889	-6.20596	-5.29107
BLOCK17/SES173/SA173S13	SES180	-2.00585	-7.29692	-5.29107
BLOCK17/SES173/SA173S13	SES292	-0.649339	-5.94041	-5.29107
BLOCK17/SES173/SA173S14	SES007	-1.8822	-5.67434	-3.79214
BLOCK17/SES173/SA173S14	SES162	-2.06544	-5.85758	-3.79214
BLOCK17/SES173/SA173S14	SES177	-0.832394	-4.62453	-3.79214
BLOCK17/SES173/SA173S14	SES180	-2.23507	-6.02721	-3.79214
BLOCK17/SES173/SA173S24	SES144	-2.06329	-7.46549	-5.4022
BLOCK17/SES173/SA173S24	SES162	-2.09534	-7.49754	-5.4022
BLOCK17/SES173/SA173S24	SES177	-0.0600772	-5.46228	-5.4022
BLOCK17/SES173/SA173S24	SES180	-3.1875	-8.5897	-5.4022
BLOCK17/SES173/SA173S27	SES162	-2.61573	-9.30103	-6.68529
BLOCK17/SES173/SA173S27	SES177	-1.25492	-7.94022	-6.68529
BLOCK17/SES173/SA173S27	SES180	-2.03405	-8.71935	-6.68529
BLOCK17/SES173/SA173S27	SES292	-0.518005	-7.2033	-6.68529
BLOCK17/SES173/SA173S29	SES162	-1.9211	-3.51662	-1.59553
BLOCK17/SES173/SA173S29	SES175	-0.547936	-2.14346	-1.59553
BLOCK17/SES173/SA173S29	SES177	-0.385006	-1.98053	-1.59553
BLOCK17/SES173/SA173S29	SES292	-1.29082	-2.88635	-1.59553
BLOCK18/SES182/SA182S10	SES144	-1.77495	-6.32993	-4.55498
BLOCK18/SES182/SA182S10	SES177	-1.70626	-6.26123	-4.55498
BLOCK18/SES182/SA182S10	SES180	-2.80963	-7.3646	-4.55498
BLOCK18/SES182/SA182S10	SES275	-2.04188	-6.59686	-4.55498
BLOCK18/SES182/SA182S12	SES144	-1.30543	-5.85142	-4.54598
BLOCK18/SES182/SA182S12	SES177	-1.18782	-5.7338	-4.54598
BLOCK18/SES182/SA182S12	SES180	-3.12137	-7.66735	-4.54598
BLOCK18/SES182/SA182S12	SES275	-1.45437	-6.00035	-4.54598
BLOCK18/SES182/SA182S21	SES117	-1.46619	-9.51128	-8.04509
BLOCK18/SES182/SA182S21	SES144	-0.942554	-8.98764	-8.04509
BLOCK18/SES182/SA182S21	SES162	-0.650969	-8.69606	-8.04509
BLOCK18/SES182/SA182S21	SES180	-2.70757	-10.7527	-8.04509
BLOCK18/SES182/SA182S23	SES117	-1.91085	-11.4039	-9.49305
BLOCK18/SES182/SA182S23	SES144	-2.51362	-12.0067	-9.49305
BLOCK18/SES182/SA182S23	SES180	-5.08338	-14.5764	-9.49305
BLOCK18/SES182/SA182S23	SES275	-2.53612	-12.0292	-9.49305
BLOCK18/SES182/SA182S25	SES007	-0.255756	-5.90607	-5.65031
BLOCK18/SES182/SA182S25	SES162	-0.964356	-6.61467	-5.65031
BLOCK18/SES182/SA182S25	SES177	-0.608344	-6.25866	-5.65031
BLOCK18/SES182/SA182S25	SES180	-2.33655	-7.98687	-5.65031
BLOCK18/SES184/SA184S12	SES177	-1.06066	-3.6674	-2.60674
BLOCK18/SES184/SA184S12	SES180	-0.951269	-3.55801	-2.60674
BLOCK18/SES184/SA184S12	SES189	-2.67731	-5.28405	-2.60674
BLOCK18/SES184/SA184S12	SES292	-1.30993	-3.91667	-2.60674
BLOCK18/SES184/SA184S13	SES101	-1.25466	-5.55569	-4.30103
BLOCK18/SES184/SA184S13	SES177	-1.34902	-5.65005	-4.30103
BLOCK18/SES184/SA184S13	SES180	-0.655711	-4.95674	-4.30103
BLOCK18/SES184/SA184S13	SES292	-0.920487	-5.22151	-4.30103
BLOCK18/SES184/SA184S22	SES177	-0.682002	-3.54586	-2.86385
BLOCK18/SES184/SA184S22	SES180	0.0935283	-2.77033	-2.86385
BLOCK18/SES184/SA184S22	SES189	-2.44342	-5.30727	-2.86385
BLOCK18/SES184/SA184S22	SES292	-1.29186	-4.15572	-2.86385
BLOCK18/SES184/SA184S25	SES101	-0.709709	-3.1844	-2.47469
BLOCK18/SES184/SA184S25	SES177	-1.32002	-3.79471	-2.47469
BLOCK18/SES184/SA184S25	SES180	-0.670416	-3.1451	-2.47469
BLOCK18/SES184/SA184S25	SES292	-0.947355	-3.42204	-2.47469
BLOCK18/SES184/SA184S27	SES083	-1.23308	-3.98749	-2.75441
BLOCK18/SES184/SA184S27	SES177	-1.34404	-4.09845	-2.75441
BLOCK18/SES184/SA184S27	SES202	-1.42633	-4.18074	-2.75441
BLOCK18/SES184/SA184S27	SES292	-1.43147	-4.18588	-2.75441
BLOCK20/SES204/SA204S12	SES062	-1.12305	-4.69823	-3.57518
BLOCK20/SES204/SA204S12	SES083	-1.42331	-4.9985	-3.57518
BLOCK20/SES204/SA204S12	SES206	-1.07293	-4.64811	-3.57518
BLOCK20/SES204/SA204S12	SES226	-1.6492	-5.22438	-3.57518
BLOCK20/SES204/SA204S14	SES068	-1.36787	-3.94152	-2.57365
BLOCK20/SES204/SA204S14	SES087	-0.130358	-2.70401	-2.57365
BLOCK20/SES204/SA204S14	SES206	-1.73974	-4.3134	-2.57365
BLOCK20/SES204/SA204S14	SES226	-1.47547	-4.04913	-2.57365
BLOCK20/SES204/SA204S22	SES068	-1.41591	-5.3099	-3.89399
BLOCK20/SES204/SA204S22	SES082	-1.45965	-5.35364	-3.89399
BLOCK20/SES204/SA204S22	SES083	-2.16576	-6.05975	-3.89399
BLOCK20/SES204/SA204S22	SES206	-1.13163	-5.02561	-3.89399
BLOCK20/SES204/SA204S25	SES062	-1.14603	-5.31533	-4.1693
BLOCK20/SES204/SA204S25	SES083	-2.00927	-6.17857	-4.1693
BLOCK20/SES204/SA204S25	SES206	-0.768795	-4.9381	-4.1693
BLOCK20/SES204/SA204S25	SES226	-0.805816	-4.97512	-4.1693
BLOCK20/SES204/SA204S27	SES068	-1.40279	-6.27991	-4.87712
BLOCK20/SES204/SA204S27	SES082	-1.3878	-6.26492	-4.87712
BLOCK20/SES204/SA204S27	SES087	0.599705	-4.27741	-4.87712
BLOCK20/SES204/SA204S27	SES206	-1.35353	-6.23065	-4.87712
BLOCK20/SES207/SA207S10	SES127	-1.7626	-3.97602	-2.21342
BLOCK20/SES207/SA207S10	SES183	-1.63164	-3.84506	-2.21342
BLOCK20/SES207/SA207S10	SES189	-1.39827	-3.61169	-2.21342
BLOCK20/SES207/SA207S10	SES292	-1.67762	-3.89103	-2.21342
BLOCK20/SES207/SA207S11	SES127	-0.887905	-3.84702	-2.95911
BLOCK20/SES207/SA207S11	SES183	-0.84925	-3.80836	-2.95911
BLOCK20/SES207/SA207S11	SES187	-0.861252	-3.82036	-2.95911
BLOCK20/SES207/SA207S11	SES292	-0.98837	-3.94748	-2.95911
BLOCK20/SES207/SA207S25	SES068	-1.38248	-6.28663	-4.90415
BLOCK20/SES207/SA207S25	SES083	-1.45957	-6.36372	-4.90415
BLOCK20/SES207/SA207S25	SES127	-0.383478	-5.28763	-4.90415
BLOCK20/SES207/SA207S25	SES187	-1.10174	-6.0059	-4.90415
BLOCK20/SES207/SA207S27	SES127	-1.8459	-8.70102	-6.85512
BLOCK20/SES207/SA207S27	SES183	-1.7202	-8.57532	-6.85512
BLOCK20/SES207/SA207S27	SES187	-1.33283	-8.18795	-6.85512
BLOCK20/SES207/SA207S27	SES292	-1.82353	-8.67865	-6.85512
BLOCK20/SES207/SA207S29	SES083	-1.52903	-3.5574	-2.02837
BLOCK20/SES207/SA207S29	SES085	-1.59435	-3.62272	-2.02837
BLOCK20/SES207/SA207S29	SES172	-0.038455	-2.06682	-2.02837
BLOCK20/SES207/SA207S29	SES189	-3.09665	-5.12502	-2.02837
BLOCK22/SES221/SA221S12	SES068	0.0360205	-3.40626	-3.44228
BLOCK22/SES221/SA221S12	SES143	-0.838567	-4.28085	-3.44228
BLOCK22/SES221/SA221S12	SES175	-0.437042	-3.87932	-3.44228
BLOCK22/SES221/SA221S12	SES202	-0.195587	-3.63787	-3.44228
BLOCK22/SES221/SA221S15	SES085	-0.345057	-4.42014	-4.07508
BLOCK22/SES221/SA221S15	SES143	-0.657348	-4.73243	-4.07508
BLOCK22/SES221/SA221S15	SES175	-0.68225	-4.75733	-4.07508
BLOCK22/SES221/SA221S15	SES187	-0.932243	-5.00733	-4.07508
BLOCK22/SES221/SA221S23	SES068	-0.560349	-5.55208	-4.99173
BLOCK22/SES221/SA221S23	SES143	-0.882349	-5.87408	-4.99173
BLOCK22/SES221/SA221S23	SES175	-0.950952	-5.94269	-4.99173
BLOCK22/SES221/SA221S23	SES189	-1.21551	-6.20724	-4.99173
BLOCK22/SES221/SA221S27	SES085	0.00454426	-4.7443	-4.74884
BLOCK22/SES221/SA221S27	SES143	-0.69223	-5.44107	-4.74884
BLOCK22/SES221/SA221S27	SES175	-0.868553	-5.61739	-4.74884
BLOCK22/SES221/SA221S27	SES189	-1.60806	-6.3569	-4.74884
BLOCK22/SES221/SA221S29	SES085	0.37095	-7.34631	-7.71726
BLOCK22/SES221/SA221S29	SES143	-0.234323	-7.95159	-7.71726
BLOCK22/SES221/SA221S29	SES175	0.659976	-7.05729	-7.71726
BLOCK22/SES221/SA221S29	SES187	-0.127201	-7.84447	-7.71726
BLOCK22/SES223/SA223S11	SES143	-0.218287	-6.6563	-6.43801
BLOCK22/SES223/SA223S11	SES144	-1.69446	-8.13247	-6.43801
BLOCK22/SES223/SA223S11	SES175	-0.536399	-6.97441	-6.43801
BLOCK22/SES223/SA223S11	SES187	-0.687666	-7.12568	-6.43801
BLOCK22/SES223/SA223S13	SES068	-0.339544	-8.43532	-8.09577
BLOCK22/SES223/SA223S13	SES143	-1.25517	-9.35094	-8.09577
BLOCK22/SES223/SA223S13	SES146	-0.952432	-9.0482	-8.09577
BLOCK22/SES223/SA223S13	SES202	-0.527565	-8.62334	-8.09577
BLOCK22/SES223/SA223S22	SES143	-0.849865	-5.36494	-4.51507
BLOCK22/SES223/SA223S22	SES144	-1.78125	-6.29632	-4.51507
BLOCK22/SES223/SA223S22	SES175	-1.06456	-5.57963	-4.51507
BLOCK22/SES223/SA223S22	SES187	-1.04445	-5.55952	-4.51507
BLOCK22/SES223/SA223S25	SES068	-0.587696	-5.41067	-4.82297
BLOCK22/SES223/SA223S25	SES143	-0.122722	-4.94569	-4.82297
BLOCK22/SES223/SA223S25	SES175	-0.0240898	-4.84706	-4.82297
BLOCK22/SES223/SA223S25	SES187	-0.838245	-5.66121	-4.82297
BLOCK22/SES223/SA223S27	SES143	-0.181311	-8.90802	-8.72671
BLOCK22/SES223/SA223S27	SES146	-0.644418	-9.37112	-8.72671
BLOCK22/SES223/SA223S27	SES187	-0.403905	-9.13061	-8.72671
BLOCK22/SES223/SA223S27	SES292	-0.385254	-9.11196	-8.72671
BLOCK27/SES273/SA273S12	SES099	0.0189576	-5.76296	-5.78192
BLOCK27/SES273/SA273S12	SES104	-0.564233	-6.34615	-5.78192
BLOCK27/SES273/SA273S12	SES125	-0.805011	-6.58693	-5.78192
BLOCK27/SES273/SA273S12	SES206	0.772814	-5.0091	-5.78192
BLOCK27/SES273/SA273S13	SES099	-0.520175	-1.31343	-0.793252
BLOCK27/SES273/SA273S13	SES104	-0.8119	-1.60515	-0.793252
BLOCK27/SES273/SA273S13	SES206	-0.645517	-1.43877	-0.793252
BLOCK27/SES273/SA273S13	SES292	-1.01856	-1.81182	-0.793252
BLOCK27/SES273/SA273S21	SES099	-0.875208	-3.59349	-2.71828
BLOCK27/SES273/SA273S21	SES148	-3.11974	-5.83802	-2.71828
BLOCK27/SES273/SA273S21	SES149	-1.79554	-4.51382	-2.71828
BLOCK27/SES273/SA273S21	SES177	-1.23583	-3.95412	-2.71828
BLOCK27/SES273/SA273S25	SES104	-0.365892	-6.50306	-6.13717
BLOCK27/SES273/SA273S25	SES125	-0.573664	-6.71083	-6.13717
BLOCK27/SES273/SA273S25	SES158	0.105266	-6.0319	-6.13717
BLOCK27/SES273/SA273S25	SES206	0.111619	-6.02555	-6.13717
BLOCK27/SES273/SA273S27	SES099	-0.929369	-1.01887	-0.0894964
BLOCK27/SES273/SA273S27	SES104	-1.67992	-1.76942	-0.0894964
BLOCK27/SES273/SA273S27	SES149	-1.14477	-1.23426	-0.0894964
BLOCK27/SES273/SA273S27	SES275	-0.978407	-1.0679	-0.0894964
BLOCK27/SES274/SA274S10	SES105	-1.90977	-2.37571	-0.465943
BLOCK27/SES274/SA274S10	SES125	-2.94092	-3.40686	-0.465943
BLOCK27/SES274/SA274S10	SES129	-0.123048	-0.588991	-0.465943
BLOCK27/SES274/SA274S10	SES158	-5.89226	-6.3582	-0.465943
BLOCK27/SES274/SA274S11	SES105	-0.972025	-4.96692	-3.99489
BLOCK27/SES274/SA274S11	SES149	-1.29854	-5.29343	-3.99489
BLOCK27/SES274/SA274S11	SES158	-2.30456	-6.29946	-3.99489
BLOCK27/SES274/SA274S11	SES275	-1.06171	-5.0566	-3.99489
BLOCK27/SES274/SA274S21	SES105	-1.31105	-5.01932	-3.70827
BLOCK27/SES274/SA274S21	SES129	-0.691506	-4.39977	-3.70827
BLOCK27/SES274/SA274S21	SES149	-1.47215	-5.18042	-3.70827
BLOCK27/SES274/SA274S21	SES158	-2.85434	-6.56261	-3.70827
BLOCK27/SES274/SA274S24	SES105	-1.87756	-5.19523	-3.31767
BLOCK27/SES274/SA274S24	SES129	-0.378553	-3.69622	-3.31767
BLOCK27/SES274/SA274S24	SES149	-2.39121	-5.70887	-3.31767
BLOCK27/SES274/SA274S24	SES158	-4.0036	-7.32127	-3.31767
BLOCK27/SES274/SA274S29	SES105	-2.12384	-4.84414	-2.7203
BLOCK27/SES274/SA274S29	SES106	-2.74224	-5.46254	-2.7203
BLOCK27/SES274/SA274S29	SES120	-1.52175	-4.24206	-2.7203
BLOCK27/SES274/SA274S29	SES275	-0.898561	-3.61886	-2.7203
BLOCK27/SES276/SA276S16	SES148	-2.33189	-6.9219	-4.59001
BLOCK27/SES276/SA276S16	SES172	-0.752318	-5.34232	-4.59001
BLOCK27/SES276/SA276S16	SES180	-0.619543	-5.20955	-4.59001
BLOCK27/SES276/SA276S16	SES292	-0.548931	-5.13894	-4.59001
BLOCK27/SES276/SA276S17	SES101	-0.992226	-3.74133	-2.74911
BLOCK27/SES276/SA276S17	SES177	-0.930764	-3.67987	-2.74911
BLOCK27/SES276/SA276S17	SES180	-1.07314	-3.82224	-2.74911
BLOCK27/SES276/SA276S17	SES292	-1.03072	-3.77983	-2.74911
BLOCK27/SES276/SA276S24	SES101	-0.568449	-3.1459	-2.57745
BLOCK27/SES276/SA276S24	SES177	-0.353404	-2.93086	-2.57745
BLOCK27/SES276/SA276S24	SES180	-0.911989	-3.48944	-2.57745
BLOCK27/SES276/SA276S24	SES292	-0.894035	-3.47149	-2.57745
BLOCK27/SES276/SA276S26	SES101	-1.23138	-0.552587	0.678794
BLOCK27/SES276/SA276S26	SES177	-0.518944	0.159851	0.678794
BLOCK27/SES276/SA276S26	SES180	-0.678617	0.000177468	0.678794
BLOCK27/SES276/SA276S26	SES292	-0.0730656	0.605729	0.678794
BLOCK27/SES276/SA276S28	SES101	-0.964537	-1.00276	-0.0382194
BLOCK27/SES276/SA276S28	SES177	-0.935953	-0.974172	-0.0382194
BLOCK27/SES276/SA276S28	SES180	-0.1696	-0.20782	-0.0382194
BLOCK27/SES276/SA276S28	SES292	-0.689551	-0.727771	-0.0382194
BLOCK27/SES277/SA277S12	SES101	-0.94383	-7.68266	-6.73883
BLOCK27/SES277/SA277S12	SES177	-1.85644	-8.59526	-6.73883
BLOCK27/SES277/SA277S12	SES180	-2.04786	-8.78669	-6.73883
BLOCK27/SES277/SA277S12	SES292	-1.29977	-8.0386	-6.73883
BLOCK27/SES277/SA277S14	SES177	-1.27336	-6.53757	-5.2642
BLOCK27/SES277/SA277S14	SES180	-2.57457	-7.83877	-5.2642
BLOCK27/SES277/SA277S14	SES189	-0.596037	-5.86024	-5.2642
BLOCK27/SES277/SA277S14	SES292	-2.06248	-7.32668	-5.2642
BLOCK27/SES277/SA277S21	SES177	-0.867966	-6.47978	-5.61181
BLOCK27/SES277/SA277S21	SES180	-1.04619	-6.658	-5.61181
BLOCK27/SES277/SA277S21	SES189	-0.837586	-6.4494	-5.61181
BLOCK27/SES277/SA277S21	SES292	-1.47098	-7.08279	-5.61181
BLOCK27/SES277/SA277S24	SES144	-1.34603	-8.27161	-6.92558
BLOCK27/SES277/SA277S24	SES177	-1.66408	-8.58965	-6.92558
BLOCK27/SES277/SA277S24	SES180	-2.50906	-9.43463	-6.92558
BLOCK27/SES277/SA277S24	SES189	-0.838816	-7.76439	-6.92558
BLOCK27/SES277/SA277S29	SES177	-0.618606	-1.76096	-1.14235
BLOCK27/SES277/SA277S29	SES180	-0.758686	-1.90104	-1.14235
BLOCK27/SES277/SA277S29	SES202	-1.08508	-2.22742	-1.14235
BLOCK27/SES277/SA277S29	SES292	-1.14453	-2.28688	-1.14235
BLOCK27/SES279/SA279S09	SES120	-1.7059	-3.80779	-2.10189
BLOCK27/SES279/SA279S09	SES146	-1.15698	-3.25887	-2.10189
BLOCK27/SES279/SA279S09	SES206	-0.0704267	-2.17232	-2.10189
BLOCK27/SES279/SA279S09	SES226	-1.42047	-3.52236	-2.10189
BLOCK27/SES279/SA279S10	SES099	-0.268135	-3.53042	-3.26229
BLOCK27/SES279/SA279S10	SES206	-1.02522	-4.28751	-3.26229
BLOCK27/SES279/SA279S10	SES226	-2.06543	-5.32772	-3.26229
BLOCK27/SES279/SA279S10	SES292	-0.236901	-3.49919	-3.26229
BLOCK27/SES279/SA279S20	SES099	-2.65398	-8.13606	-5.48208
BLOCK27/SES279/SA279S20	SES206	-1.34867	-6.83075	-5.48208
BLOCK27/SES279/SA279S20	SES226	-2.85765	-8.33973	-5.48208
BLOCK27/SES279/SA279S20	SES292	-0.55465	-6.03673	-5.48208
BLOCK27/SES279/SA279S26	SES099	0.69734	-5.35736	-6.0547
BLOCK27/SES279/SA279S26	SES206	0.181537	-5.87316	-6.0547
BLOCK27/SES279/SA279S26	SES226	-2.67636	-8.73106	-6.0547
BLOCK27/SES279/SA279S26	SES292	-0.202328	-6.25703	-6.0547
BLOCK27/SES279/SA279S28	SES099	-0.403614	-0.266755	0.136859
BLOCK27/SES279/SA279S28	SES120	-1.04926	-0.912404	0.136859
BLOCK27/SES279/SA279S28	SES177	-1.29499	-1.15813	0.136859
BLOCK27/SES279/SA279S28	SES206	-1.61172	-1.47486	0.136859
BLOCK29/SES290/SA290S12	SES162	-0.623134	-4.57668	-3.95355
BLOCK29/SES290/SA290S12	SES177	-1.14237	-5.09592	-3.95355
BLOCK29/SES290/SA290S12	SES180	-1.04567	-4.99922	-3.95355
BLOCK29/SES290/SA290S12	SES292	-1.4957	-5.44925	-3.95355
BLOCK29/SES290/SA290S13	SES007	-1.00334	-4.38145	-3.37811
BLOCK29/SES290/SA290S13	SES162	-1.08127	-4.45937	-3.37811
BLOCK29/SES290/SA290S13	SES177	-0.77926	-4.15737	-3.37811
BLOCK29/SES290/SA290S13	SES180	-1.22539	-4.6035	-3.37811
BLOCK29/SES290/SA290S22	SES177	-0.601421	-4.26956	-3.66814
BLOCK29/SES290/SA290S22	SES180	-1.32306	-4.9912	-3.66814
BLOCK29/SES290/SA290S22	SES202	-0.125796	-3.79394	-3.66814
BLOCK29/SES290/SA290S22	SES292	-1.22033	-4.88847	-3.66814
BLOCK29/SES290/SA290S25	SES162	-0.860161	-5.52254	-4.66238
BLOCK29/SES290/SA290S25	SES177	-0.39726	-5.05964	-4.66238
BLOCK29/SES290/SA290S25	SES180	-1.55717	-6.21955	-4.66238
BLOCK29/SES290/SA290S25	SES292	-0.89789	-5.56027	-4.66238
BLOCK29/SES290/SA290S29	SES177	-0.0717063	-1.36545	-1.29374
BLOCK29/SES290/SA290S29	SES180	0.538133	-0.755612	-1.29374
BLOCK29/SES290/SA290S29	SES275	0.110379	-1.18337	-1.29374
BLOCK29/SES290/SA290S29	SES292	-0.422357	-1.7161	-1.29374
BLOCK29/SES291/SA291S11	SES105	-1.30465	-7.31829	-6.01363
BLOCK29/SES291/SA291S11	SES125	-1.49443	-7.50806	-6.01363
BLOCK29/SES291/SA291S11	SES158	-1.07405	-7.08768	-6.01363
BLOCK29/SES291/SA291S11	SES275	-1.42373	-7.43736	-6.01363
BLOCK29/SES291/SA291S12	SES158	1.04336	-7.39034	-8.4337
BLOCK29/SES291/SA291S12	SES226	-1.6347	-10.0684	-8.4337
BLOCK29/SES291/SA291S12	SES270	-0.483472	-8.91718	-8.4337
BLOCK29/SES291/SA291S12	SES275	-3.19033	-11.624	-8.4337
BLOCK29/SES291/SA291S22	SES082	-0.59353	-4.47012	-3.87659
BLOCK29/SES291/SA291S22	SES158	-0.677756	-4.55435	-3.87659
BLOCK29/SES291/SA291S22	SES259	-0.617343	-4.49394	-3.87659
BLOCK29/SES291/SA291S22	SES275	-1.92126	-5.79785	-3.87659
BLOCK29/SES291/SA291S24	SES104	-0.294475	-5.94459	-5.65012
BLOCK29/SES291/SA291S24	SES125	-0.830542	-6.48066	-5.65012
BLOCK29/SES291/SA291S24	SES158	-0.308202	-5.95832	-5.65012
BLOCK29/SES291/SA291S24	SES275	-2.40518	-8.0553	-5.65012
BLOCK29/SES291/SA291S27	SES158	-0.0932248	-2.70617	-2.61295
BLOCK29/SES291/SA291S27	SES172	-3.26399	-5.87694	-2.61295
BLOCK29/SES291/SA291S27	SES275	-1.56789	-4.18084	-2.61295
BLOCK29/SES291/SA291S27	SES292	-1.13066	-3.7436	-2.61295
Threshold search:
THR	-5.89226978021	9	0(0)	1(1000)
THR	-5.7944675824079	8.991	0(0)	0.999(999)
THR	-5.6966653846058	8.991	0(0)	0.999(999)
THR	-5.5988631868037	8.982	0(0)	0.998(998)
THR	-5.5010609890016	8.982	0(0)	0.998(998)
THR	-5.4032587911995	8.982	0(0)	0.998(998)
THR	-5.3054565933974	8.982	0(0)	0.998(998)
THR	-5.2076543955953	8.982	0(0)	0.998(998)
THR	-5.1098521977932	8.973	0(0)	0.997(997)
THR	-5.0120499999911	8.964	0(0)	0.996(996)
THR	-4.914247802189	8.964	0(0)	0.996(996)
THR	-4.8164456043869	8.946	0(0)	0.994(994)
THR	-4.7186434065848	8.928	0(0)	0.992(992)
THR	-4.6208412087827	8.91	0(0)	0.99(990)
THR	-4.5230390109806	8.91	0(0)	0.99(990)
THR	-4.4252368131785	8.883	0(0)	0.987(987)
THR	-4.3274346153764	8.883	0(0)	0.987(987)
THR	-4.2296324175743	8.856	0(0)	0.984(984)
THR	-4.1318302197722	8.856	0(0)	0.984(984)
THR	-4.03402802197011	8.856	0(0)	0.984(984)
THR	-3.936225824168	8.838	0(0)	0.982(982)
THR	-3.8384236263659	8.802	0(0)	0.978(978)
THR	-3.7406214285638	8.775	0(0)	0.975(975)
THR	-3.6428192307617	8.766	0(0)	0.974(974)
THR	-3.5450170329596	8.739	0(0)	0.971(971)
THR	-3.4472148351575	8.739	0(0)	0.971(971)
THR	-3.3494126373554	8.703	0(0)	0.967(967)
THR	-3.2516104395533	8.649	0(0)	0.961(961)
THR	-3.1538082417512	8.613	0(0)	0.957(957)
THR	-3.0560060439491	8.568	0(0)	0.952(952)
THR	-2.958203846147	8.532	0(0)	0.948(948)
THR	-2.8604016483449	8.478	0(0)	0.942(942)
THR	-2.7625994505428	8.397	0(0)	0.933(933)
THR	-2.6647972527407	8.316	0(0)	0.924(924)
THR	-2.5669950549386	8.145	0(0)	0.905(905)
THR	-2.4691928571365	8.001	0(0)	0.889(889)
THR	-2.3713906593344	7.875	0(0)	0.875(875)
THR	-2.2735884615323	7.731	0(0)	0.859(859)
THR	-2.1757862637302	7.614	0(0)	0.846(846)
THR	-2.0779840659281	7.497	0(0)	0.833(833)
THR	-1.980181868126	7.29	0(0)	0.81(810)
THR	-1.8823796703239	7.092	0(0)	0.788(788)
THR	-1.7845774725218	6.858	0(0)	0.762(762)
THR	-1.6867752747197	6.516	0(0)	0.724(724)
THR	-1.5889730769176	6.138	0(0)	0.682(682)
THR	-1.4911708791155	5.809	0.004(1)	0.645(645)
THR	-1.3933686813134	5.494	0.004(1)	0.61(610)
THR	-1.2955664835113	5.134	0.004(1)	0.57(570)
THR	-1.1977642857092	4.72	0.004(1)	0.524(524)
THR	-1.0999620879071	4.342	0.004(1)	0.482(482)
THR	-1.002159890105	3.91	0.004(1)	0.434(434)
THR	-0.904357692302901	3.433	0.004(1)	0.381(381)
THR	-0.806555494500801	3.027	0.012(3)	0.335(335)
THR	-0.708753296698701	2.68	0.016(4)	0.296(296)
THR	-0.610951098896601	2.158	0.016(4)	0.238(238)
THR	-0.513148901094501	1.761	0.024(6)	0.193(193)
THR	-0.415346703292401	1.578	0.048(12)	0.17(170)
THR	-0.317544505490301	1.328	0.068(17)	0.14(140)
THR	-0.219742307688201	1.138	0.076(19)	0.118(118)
THR	-0.121940109886101	0.905	0.104(26)	0.089(89)
THR	-0.0241379120840014	0.743	0.14(35)	0.067(67)
THR	0.0736642857180986	0.671	0.176(44)	0.055(55)
THR	0.171466483520199	0.59	0.212(53)	0.042(42)
THR	0.269268681322299	0.561	0.264(66)	0.033(33)
THR	0.367070879124399	0.533	0.308(77)	0.025(25)
THR	0.464873076926499	0.559	0.352(88)	0.023(23)
THR	0.562675274728599	0.551	0.416(104)	0.015(15)
THR	0.660477472530699	0.546	0.456(114)	0.01(10)
THR	0.758279670332799	0.597	0.516(129)	0.009(9)
THR	0.856081868134899	0.623	0.56(140)	0.007(7)
THR	0.953884065936998	0.645	0.6(150)	0.005(5)
THR	1.0516862637391	0.683	0.656(164)	0.003(3)
THR	1.1494884615412	0.706	0.688(172)	0.002(2)
THR	1.2472906593433	0.761	0.752(188)	0.001(1)
THR	1.3450928571454	0.784	0.784(196)	0(0)
THR	1.4428950549475	0.82	0.82(205)	0(0)
THR	1.5406972527496	0.848	0.848(212)	0(0)
THR	1.6384994505517	0.872	0.872(218)	0(0)
THR	1.7363016483538	0.888	0.888(222)	0(0)
THR	1.8341038461559	0.908	0.908(227)	0(0)
THR	1.931906043958	0.928	0.928(232)	0(0)
THR	2.0297082417601	0.94	0.94(235)	0(0)
THR	2.1275104395622	0.952	0.952(238)	0(0)
THR	2.2253126373643	0.96	0.96(240)	0(0)
THR	2.3231148351664	0.968	0.968(242)	0(0)
THR	2.4209170329685	0.972	0.972(243)	0(0)
THR	2.5187192307706	0.976	0.976(244)	0(0)
THR	2.6165214285727	0.98	0.98(245)	0(0)
THR	2.7143236263748	0.98	0.98(245)	0(0)
THR	2.8121258241769	0.988	0.988(247)	0(0)
THR	2.909928021979	0.988	0.988(247)	0(0)
THR	3.0077302197811	0.988	0.988(247)	0(0)
THR	3.1055324175832	0.988	0.988(247)	0(0)
THR	3.2033346153853	0.992	0.992(248)	0(0)
THR	3.3011368131874	0.992	0.992(248)	0(0)
THR	3.3989390109895	0.992	0.992(248)	0(0)
THR	3.4967412087916	0.996	0.996(249)	0(0)
THR	3.5945434065937	0.996	0.996(249)	0(0)
THR	3.6923456043958	0.996	0.996(249)	0(0)
THR	3.7901478021979	0.996	0.996(249)	0(0)
THR	3.88795	1	1(250)	0(0)


==============================================
THR: 0.367070879124399
Missed:     77/250=0.3080
FalseAlarm: 25/1000=0.0250
----------------------------------------------
==> CostDetection: 53.3
==============================================
