BLOCK00/SES002/SA002S12	SES002	1.99006	17.1412	15.1511
BLOCK00/SES002/SA002S13	SES002	2.77462	17.0484	14.2738
BLOCK00/SES002/SA002S23	SES002	1.5171	16.8762	15.3591
BLOCK00/SES002/SA002S26	SES002	1.85398	17.7762	15.9222
BLOCK00/SES002/SA002S28	SES002	1.44924	15.5043	14.0551
BLOCK00/SES007/SA007S14	SES007	1.98306	18.282	16.299
BLOCK00/SES007/SA007S15	SES007	0.81151	16.0056	15.1941
BLOCK00/SES007/SA007S24	SES007	1.24698	16.0184	14.7715
BLOCK00/SES007/SA007S27	SES007	1.09535	15.5547	14.4593
BLOCK00/SES007/SA007S29	SES007	0.73208	16.3981	15.6661
BLOCK00/SES008/SA008S11	SES008	1.46344	16.6978	15.2344
BLOCK00/SES008/SA008S12	SES008	0.689999	15.6969	15.0069
BLOCK00/SES008/SA008S19	SES008	2.06633	17.9828	15.9165
BLOCK00/SES008/SA008S22	SES008	0.898211	15.3555	14.4573
BLOCK00/SES008/SA008S29	SES008	1.88404	17.692	15.8079
BLOCK01/SES014/SA014S10	SES014	2.70442	17.9366	15.2321
BLOCK01/SES014/SA014S12	SES014	3.5763	20.4486	16.8723
BLOCK01/SES014/SA014S24	SES014	1.88272	18.3139	16.4312
BLOCK01/SES014/SA014S26	SES014	2.5184	20.7545	18.2361
BLOCK01/SES014/SA014S28	SES014	4.29032	21.5603	17.27
BLOCK01/SES016/SA016S12	SES016	1.94269	15.2002	13.2575
BLOCK01/SES016/SA016S13	SES016	1.98271	17.1059	15.1232
BLOCK01/SES016/SA016S22	SES016	2.10693	17.0782	14.9712
BLOCK01/SES016/SA016S25	SES016	2.37255	18.9804	16.6078
BLOCK01/SES016/SA016S27	SES016	2.08976	19.0486	16.9589
BLOCK01/SES019/SA019S13	SES019	3.23755	15.9992	12.7616
BLOCK01/SES019/SA019S14	SES019	2.75304	16.5411	13.7881
BLOCK01/SES019/SA019S22	SES019	3.26146	16.3384	13.0769
BLOCK01/SES019/SA019S25	SES019	3.25998	16.8498	13.5898
BLOCK01/SES019/SA019S29	SES019	3.98982	17.0643	13.0745
BLOCK02/SES029/SA029S11	SES029	1.94839	17.2059	15.2575
BLOCK02/SES029/SA029S12	SES029	0.78405	16.9763	16.1922
BLOCK02/SES029/SA029S20	SES029	1.60404	16.5757	14.9716
BLOCK02/SES029/SA029S25	SES029	1.42693	17.6006	16.1737
BLOCK02/SES029/SA029S28	SES029	0.980332	16.6725	15.6921
BLOCK04/SES042/SA042S12	SES042	1.938	17.3789	15.4409
BLOCK04/SES042/SA042S15	SES042	2.79574	18.2924	15.4967
BLOCK04/SES042/SA042S22	SES042	3.64337	20.794	17.1506
BLOCK04/SES042/SA042S25	SES042	2.65311	17.0952	14.4421
BLOCK04/SES042/SA042S27	SES042	2.09302	18.2704	16.1774
BLOCK04/SES048/SA048S11	SES048	1.91594	17.5502	15.6343
BLOCK04/SES048/SA048S12	SES048	1.05107	17.223	16.1719
BLOCK04/SES048/SA048S20	SES048	0.874767	17.2457	16.3709
BLOCK04/SES048/SA048S23	SES048	1.75088	16.4139	14.663
BLOCK04/SES048/SA048S27	SES048	1.08445	18.2248	17.1403
BLOCK06/SES060/SA060S11	SES060	1.71542	17.7882	16.0728
BLOCK06/SES060/SA060S12	SES060	-0.0469561	15.2651	15.312
BLOCK06/SES060/SA060S22	SES060	0.143227	14.1947	14.0514
BLOCK06/SES060/SA060S24	SES060	1.32443	17.2482	15.9238
BLOCK06/SES060/SA060S28	SES060	1.41388	19.5057	18.0918
BLOCK06/SES062/SA062S10	SES062	0.92168	17.0736	16.1519
BLOCK06/SES062/SA062S11	SES062	1.86567	17.301	15.4353
BLOCK06/SES062/SA062S21	SES062	1.91509	20.1011	18.186
BLOCK06/SES062/SA062S26	SES062	1.45118	18.43	16.9788
BLOCK06/SES062/SA062S29	SES062	1.9774	19.5454	17.568
BLOCK06/SES068/SA068S14	SES068	0.428795	16.7085	16.2797
BLOCK06/SES068/SA068S15	SES068	1.37974	18.6235	17.2438
BLOCK06/SES068/SA068S23	SES068	1.1174	16.3414	15.224
BLOCK06/SES068/SA068S27	SES068	2.35184	19.3491	16.9973
BLOCK06/SES068/SA068S29	SES068	1.06638	17.0051	15.9387
BLOCK08/SES082/SA082S12	SES082	0.37847	14.6955	14.317
BLOCK08/SES082/SA082S14	SES082	0.986855	15.0517	14.0649
BLOCK08/SES082/SA082S21	SES082	0.262126	15.1502	14.888
BLOCK08/SES082/SA082S24	SES082	1.20755	17.4388	16.2312
BLOCK08/SES082/SA082S28	SES082	0.940167	15.624	14.6838
BLOCK08/SES083/SA083S14	SES083	0.466676	16.2092	15.7425
BLOCK08/SES083/SA083S15	SES083	0.848511	17.2498	16.4013
BLOCK08/SES083/SA083S24	SES083	0.577406	16.416	15.8386
BLOCK08/SES083/SA083S26	SES083	0.867369	16.319	15.4516
BLOCK08/SES083/SA083S29	SES083	0.378773	17.1322	16.7534
BLOCK08/SES085/SA085S10	SES085	0.479609	16.6127	16.1331
BLOCK08/SES085/SA085S13	SES085	0.367587	15.9572	15.5896
BLOCK08/SES085/SA085S22	SES085	0.247244	17.6857	17.4384
BLOCK08/SES085/SA085S26	SES085	0.945562	17.3211	16.3756
BLOCK08/SES085/SA085S28	SES085	1.51593	17.3382	15.8222
BLOCK08/SES087/SA087S15	SES087	1.74796	16.5172	14.7692
BLOCK08/SES087/SA087S16	SES087	1.58583	16.3705	14.7847
BLOCK08/SES087/SA087S24	SES087	1.68484	16.8155	15.1307
BLOCK08/SES087/SA087S26	SES087	1.35637	17.7195	16.3631
BLOCK08/SES087/SA087S29	SES087	2.14196	16.7035	14.5615
BLOCK09/SES099/SA099S15	SES099	2.12806	16.5088	14.3807
BLOCK09/SES099/SA099S16	SES099	1.9805	16.3375	14.357
BLOCK09/SES099/SA099S24	SES099	1.92243	16.7452	14.8228
BLOCK09/SES099/SA099S26	SES099	2.15785	16.7287	14.5708
BLOCK09/SES099/SA099S29	SES099	2.28662	17.3411	15.0545
BLOCK10/SES101/SA101S11	SES101	0.560581	16.3272	15.7666
BLOCK10/SES101/SA101S13	SES101	1.6422	18.3957	16.7535
BLOCK10/SES101/SA101S22	SES101	1.27327	16.43	15.1567
BLOCK10/SES101/SA101S24	SES101	1.39405	16.6308	15.2368
BLOCK10/SES101/SA101S28	SES101	0.386512	15.3537	14.9672
BLOCK10/SES104/SA104S11	SES104	2.32411	19.5112	17.1871
BLOCK10/SES104/SA104S12	SES104	2.03235	17.2945	15.2622
BLOCK10/SES104/SA104S21	SES104	1.8073	17.0174	15.2101
BLOCK10/SES104/SA104S24	SES104	1.38134	16.5652	15.1839
BLOCK10/SES104/SA104S28	SES104	1.81934	17.8409	16.0215
BLOCK10/SES105/SA105S12	SES105	1.20923	15.1124	13.9031
BLOCK10/SES105/SA105S13	SES105	1.37455	15.4085	14.034
BLOCK10/SES105/SA105S22	SES105	0.707328	14.0831	13.3758
BLOCK10/SES105/SA105S26	SES105	1.6855	15.4701	13.7846
BLOCK10/SES105/SA105S29	SES105	1.69244	16.4055	14.713
BLOCK10/SES106/SA106S09	SES106	1.72395	15.2513	13.5273
BLOCK10/SES106/SA106S11	SES106	2.29961	17.2548	14.9552
BLOCK10/SES106/SA106S22	SES106	4.07767	17.9844	13.9068
BLOCK10/SES106/SA106S27	SES106	2.04334	16.1858	14.1424
BLOCK10/SES106/SA106S29	SES106	1.50213	15.746	14.2438
BLOCK11/SES117/SA117S12	SES117	0.672183	15.6273	14.9552
BLOCK11/SES117/SA117S13	SES117	0.795247	16.3825	15.5872
BLOCK11/SES117/SA117S23	SES117	1.81441	14.9651	13.1506
BLOCK11/SES117/SA117S25	SES117	1.57794	15.2787	13.7008
BLOCK11/SES117/SA117S28	SES117	1.25863	14.6599	13.4013
BLOCK12/SES120/SA120S08	SES120	1.12315	13.7601	12.637
BLOCK12/SES120/SA120S11	SES120	0.659307	12.2472	11.5879
BLOCK12/SES120/SA120S22	SES120	0.547561	15.9516	15.4041
BLOCK12/SES120/SA120S24	SES120	1.39292	15.2597	13.8668
BLOCK12/SES120/SA120S28	SES120	0.391486	12.5901	12.1986
BLOCK12/SES125/SA125S13	SES125	2.66701	17.4748	14.8078
BLOCK12/SES125/SA125S14	SES125	1.18235	15.6669	14.4845
BLOCK12/SES125/SA125S25	SES125	2.24572	17.7618	15.5161
BLOCK12/SES125/SA125S27	SES125	2.53766	18.5015	15.9639
BLOCK12/SES125/SA125S29	SES125	2.36568	17.1154	14.7497
BLOCK12/SES127/SA127S11	SES127	0.955697	15.7423	14.7866
BLOCK12/SES127/SA127S12	SES127	0.6677	16.5552	15.8875
BLOCK12/SES127/SA127S23	SES127	0.909388	16.5192	15.6098
BLOCK12/SES127/SA127S25	SES127	0.257677	15.2465	14.9888
BLOCK12/SES127/SA127S27	SES127	1.34603	16.8247	15.4787
BLOCK12/SES129/SA129S11	SES129	2.40184	18.2603	15.8584
BLOCK12/SES129/SA129S12	SES129	1.6497	17.7538	16.1041
BLOCK12/SES129/SA129S22	SES129	1.20571	16.4407	15.235
BLOCK12/SES129/SA129S27	SES129	2.08956	17.5659	15.4764
BLOCK12/SES129/SA129S29	SES129	1.4358	17.5275	16.0917
BLOCK14/SES142/SA142S11	SES142	2.66836	16.2978	13.6294
BLOCK14/SES142/SA142S12	SES142	1.41467	15.222	13.8073
BLOCK14/SES142/SA142S24	SES142	1.98346	16.3537	14.3702
BLOCK14/SES142/SA142S27	SES142	2.19061	16.9861	14.7955
BLOCK14/SES142/SA142S29	SES142	2.96221	16.2866	13.3243
BLOCK14/SES143/SA143S12	SES143	1.58219	15.7275	14.1453
BLOCK14/SES143/SA143S13	SES143	1.31572	15.3541	14.0384
BLOCK14/SES143/SA143S23	SES143	1.78337	15.612	13.8286
BLOCK14/SES143/SA143S25	SES143	1.64401	16.2301	14.5861
BLOCK14/SES143/SA143S28	SES143	1.37889	15.6414	14.2625
BLOCK14/SES144/SA144S09	SES144	1.20732	16.6099	15.4026
BLOCK14/SES144/SA144S11	SES144	1.19189	15.8785	14.6866
BLOCK14/SES144/SA144S21	SES144	0.374115	15.1324	14.7583
BLOCK14/SES144/SA144S25	SES144	0.58297	14.6779	14.0949
BLOCK14/SES144/SA144S29	SES144	0.198597	16.0144	15.8158
BLOCK14/SES146/SA146S14	SES146	0.986053	14.7093	13.7233
BLOCK14/SES146/SA146S15	SES146	0.806942	14.8136	14.0067
BLOCK14/SES146/SA146S24	SES146	0.976588	15.213	14.2364
BLOCK14/SES146/SA146S26	SES146	1.21184	15.1793	13.9675
BLOCK14/SES146/SA146S29	SES146	1.05289	14.5877	13.5348
BLOCK14/SES147/SA147S11	SES147	2.05705	15.9493	13.8923
BLOCK14/SES147/SA147S13	SES147	2.20875	16.4651	14.2563
BLOCK14/SES147/SA147S23	SES147	0.871673	15.5181	14.6464
BLOCK14/SES147/SA147S26	SES147	1.41345	15.585	14.1716
BLOCK14/SES147/SA147S28	SES147	2.03228	15.8808	13.8485
BLOCK14/SES148/SA148S10	SES148	1.37953	15.4578	14.0782
BLOCK14/SES148/SA148S12	SES148	1.07946	14.3708	13.2913
BLOCK14/SES148/SA148S22	SES148	2.09504	17.1968	15.1017
BLOCK14/SES148/SA148S26	SES148	0.0582647	15.7768	15.7186
BLOCK14/SES148/SA148S29	SES148	0.742272	15.26	14.5177
BLOCK14/SES149/SA149S13	SES149	-0.0450811	15.4686	15.5136
BLOCK14/SES149/SA149S14	SES149	0.717485	16.9056	16.1881
BLOCK14/SES149/SA149S24	SES149	1.50494	17.4585	15.9536
BLOCK14/SES149/SA149S26	SES149	2.09844	18.4111	16.3126
BLOCK14/SES149/SA149S28	SES149	2.4415	19.741	17.2995
BLOCK15/SES158/SA158S13	SES158	1.83588	15.1833	13.3474
BLOCK15/SES158/SA158S14	SES158	3.08794	15.9886	12.9006
BLOCK15/SES158/SA158S23	SES158	1.5377	15.5222	13.9845
BLOCK15/SES158/SA158S26	SES158	2.82938	15.6027	12.7733
BLOCK15/SES158/SA158S28	SES158	1.25072	14.9433	13.6926
BLOCK16/SES162/SA162S10	SES162	1.19955	14.2916	13.0921
BLOCK16/SES162/SA162S11	SES162	1.16302	16.395	15.232
BLOCK16/SES162/SA162S21	SES162	1.81451	16.7064	14.8918
BLOCK16/SES162/SA162S24	SES162	1.12646	15.8349	14.7084
BLOCK16/SES162/SA162S27	SES162	2.0102	15.8623	13.8521
BLOCK16/SES167/SA167S14	SES167	1.30341	17.9039	16.6005
BLOCK16/SES167/SA167S15	SES167	1.16915	16.3481	15.1789
BLOCK16/SES167/SA167S21	SES167	2.19657	17.4153	15.2187
BLOCK16/SES167/SA167S25	SES167	2.22476	16.2528	14.028
BLOCK16/SES167/SA167S29	SES167	2.58577	18.4782	15.8925
BLOCK17/SES172/SA172S12	SES172	1.27867	17.0216	15.743
BLOCK17/SES172/SA172S13	SES172	1.57942	16.3862	14.8068
BLOCK17/SES172/SA172S23	SES172	1.14959	17.6531	16.5035
BLOCK17/SES172/SA172S27	SES172	1.29048	16.8127	15.5222
BLOCK17/SES172/SA172S29	SES172	1.93637	17.4783	15.5419
BLOCK17/SES175/SA175S11	SES175	0.78417	16.2238	15.4397
BLOCK17/SES175/SA175S13	SES175	0.929325	16.261	15.3316
BLOCK17/SES175/SA175S23	SES175	1.37885	16.4452	15.0663
BLOCK17/SES175/SA175S25	SES175	0.633243	14.3666	13.7334
BLOCK17/SES175/SA175S28	SES175	1.30286	17.2894	15.9866
BLOCK17/SES177/SA177S15	SES177	0.694179	16.194	15.4998
BLOCK17/SES177/SA177S17	SES177	0.353766	15.9847	15.631
BLOCK17/SES177/SA177S23	SES177	-0.201648	15.0743	15.276
BLOCK17/SES177/SA177S26	SES177	1.05308	18.1963	17.1433
BLOCK17/SES177/SA177S28	SES177	1.04314	16.8914	15.8482
BLOCK18/SES180/SA180S13	SES180	0.231612	15.4383	15.2067
BLOCK18/SES180/SA180S15	SES180	1.23158	16.1207	14.8891
BLOCK18/SES180/SA180S24	SES180	0.731594	17.2938	16.5622
BLOCK18/SES180/SA180S26	SES180	1.36726	17.0412	15.674
BLOCK18/SES180/SA180S29	SES180	1.43182	16.3859	14.9541
BLOCK18/SES183/SA183S13	SES183	1.64372	15.1152	13.4715
BLOCK18/SES183/SA183S14	SES183	0.270702	14.1968	13.9261
BLOCK18/SES183/SA183S24	SES183	1.91165	14.4552	12.5435
BLOCK18/SES183/SA183S27	SES183	1.42714	14.9565	13.5294
BLOCK18/SES183/SA183S29	SES183	0.887293	15.803	14.9157
BLOCK18/SES187/SA187S13	SES187	0.771808	16.0505	15.2787
BLOCK18/SES187/SA187S14	SES187	0.865362	15.3439	14.4786
BLOCK18/SES187/SA187S24	SES187	2.19221	15.4586	13.2664
BLOCK18/SES187/SA187S27	SES187	1.66944	15.8547	14.1853
BLOCK18/SES187/SA187S29	SES187	0.842787	16.2102	15.3674
BLOCK18/SES189/SA189S10	SES189	1.96391	14.9682	13.0043
BLOCK18/SES189/SA189S13	SES189	2.52091	14.8339	12.313
BLOCK18/SES189/SA189S24	SES189	3.02262	14.9034	11.8808
BLOCK18/SES189/SA189S26	SES189	1.77958	15.8011	14.0215
BLOCK18/SES189/SA189S29	SES189	2.73462	15.7503	13.0156
BLOCK20/SES202/SA202S12	SES202	1.27427	13.0802	11.8059
BLOCK20/SES202/SA202S14	SES202	2.82962	16.0496	13.22
BLOCK20/SES202/SA202S24	SES202	1.50043	15.6844	14.184
BLOCK20/SES202/SA202S27	SES202	1.88682	17.3486	15.4618
BLOCK20/SES202/SA202S29	SES202	2.19704	16.9944	14.7974
BLOCK20/SES206/SA206S15	SES206	-0.190045	15.7807	15.9707
BLOCK20/SES206/SA206S17	SES206	2.16753	18.3106	16.143
BLOCK20/SES206/SA206S24	SES206	2.41588	18.5635	16.1476
BLOCK20/SES206/SA206S27	SES206	2.24763	17.4282	15.1805
BLOCK20/SES206/SA206S29	SES206	1.71497	18.4418	16.7268
BLOCK22/SES226/SA226S12	SES226	1.3822	16.1293	14.7471
BLOCK22/SES226/SA226S13	SES226	-0.0198812	14.2168	14.2367
BLOCK22/SES226/SA226S20	SES226	1.36653	15.7443	14.3778
BLOCK22/SES226/SA226S23	SES226	1.80621	16.7311	14.9248
BLOCK22/SES226/SA226S28	SES226	2.14552	17.0428	14.8972
BLOCK25/SES259/SA259S13	SES259	4.39866	18.6794	14.2807
BLOCK25/SES259/SA259S14	SES259	2.69497	17.3885	14.6935
BLOCK25/SES259/SA259S22	SES259	2.62683	17.1422	14.5154
BLOCK25/SES259/SA259S24	SES259	2.6847	18.7479	16.0632
BLOCK25/SES259/SA259S28	SES259	2.51803	17.6491	15.1311
BLOCK27/SES270/SA270S14	SES270	3.0865	15.7615	12.675
BLOCK27/SES270/SA270S16	SES270	1.16919	15.0871	13.9179
BLOCK27/SES270/SA270S22	SES270	2.93206	16.4869	13.5548
BLOCK27/SES270/SA270S26	SES270	1.09161	13.6543	12.5627
BLOCK27/SES270/SA270S28	SES270	1.77687	16.1099	14.333
BLOCK27/SES275/SA275S17	SES275	1.73811	16.2404	14.5023
BLOCK27/SES275/SA275S18	SES275	0.787846	16.0044	15.2166
BLOCK27/SES275/SA275S24	SES275	0.933024	14.6759	13.7429
BLOCK27/SES275/SA275S26	SES275	1.45319	16.3301	14.8769
BLOCK27/SES275/SA275S28	SES275	0.455936	15.6853	15.2294
BLOCK29/SES292/SA292S10	SES292	0.42194	15.5923	15.1703
BLOCK29/SES292/SA292S12	SES292	0.28826	15.5009	15.2127
BLOCK29/SES292/SA292S22	SES292	0.670387	16.4298	15.7594
BLOCK29/SES292/SA292S24	SES292	1.07469	16.3867	15.312
BLOCK29/SES292/SA292S27	SES292	0.389695	16.3758	15.9861
BLOCK00/SES001/SA001S14	SES062	-2.43313	11.0831	13.5162
BLOCK00/SES001/SA001S14	SES082	-3.00607	10.5101	13.5162
BLOCK00/SES001/SA001S14	SES106	-2.3138	11.2024	13.5162
BLOCK00/SES001/SA001S14	SES206	-2.30241	11.2138	13.5162
BLOCK00/SES001/SA001S15	SES062	-2.93287	12.2845	15.2174
BLOCK00/SES001/SA001S15	SES104	-3.43042	11.7869	15.2174
BLOCK00/SES001/SA001S15	SES106	-2.11778	13.0996	15.2174
BLOCK00/SES001/SA001S15	SES206	-2.11154	13.1058	15.2174
BLOCK00/SES001/SA001S24	SES062	-3.33975	9.95093	13.2907
BLOCK00/SES001/SA001S24	SES082	-2.5044	10.7863	13.2907
BLOCK00/SES001/SA001S24	SES087	-1.84644	11.4442	13.2907
BLOCK00/SES001/SA001S24	SES206	-2.28907	11.0016	13.2907
BLOCK00/SES001/SA001S27	SES062	-2.18015	13.202	15.3821
BLOCK00/SES001/SA001S27	SES082	-2.13552	13.2466	15.3821
BLOCK00/SES001/SA001S27	SES087	-1.78768	13.5944	15.3821
BLOCK00/SES001/SA001S27	SES206	-1.95281	13.4293	15.3821
BLOCK00/SES001/SA001S29	SES062	-3.58672	10.1486	13.7353
BLOCK00/SES001/SA001S29	SES082	-1.74692	11.9884	13.7353
BLOCK00/SES001/SA001S29	SES158	-1.60219	12.1331	13.7353
BLOCK00/SES001/SA001S29	SES206	-2.65652	11.0788	13.7353
BLOCK00/SES003/SA003S11	SES002	-0.878147	14.0586	14.9368
BLOCK00/SES003/SA003S11	SES019	-1.71439	13.2224	14.9368
BLOCK00/SES003/SA003S11	SES082	-1.01799	13.9188	14.9368
BLOCK00/SES003/SA003S11	SES125	-1.99329	12.9435	14.9368
BLOCK00/SES003/SA003S15	SES016	-2.0543	13.6857	15.74
BLOCK00/SES003/SA003S15	SES019	-1.86598	13.874	15.74
BLOCK00/SES003/SA003S15	SES062	-1.85687	13.8831	15.74
BLOCK00/SES003/SA003S15	SES206	-1.42486	14.3151	15.74
BLOCK00/SES003/SA003S22	SES002	-1.8558	13.227	15.0828
BLOCK00/SES003/SA003S22	SES062	-1.40986	13.6729	15.0828
BLOCK00/SES003/SA003S22	SES082	-2.3726	12.7102	15.0828
BLOCK00/SES003/SA003S22	SES087	-1.54467	13.5381	15.0828
BLOCK00/SES003/SA003S25	SES062	-3.50578	11.1494	14.6552
BLOCK00/SES003/SA003S25	SES082	-1.86186	12.7933	14.6552
BLOCK00/SES003/SA003S25	SES087	-1.53522	13.12	14.6552
BLOCK00/SES003/SA003S25	SES206	-2.0088	12.6464	14.6552
BLOCK00/SES003/SA003S29	SES002	-1.99102	12.4554	14.4464
BLOCK00/SES003/SA003S29	SES062	-3.25659	11.1898	14.4464
BLOCK00/SES003/SA003S29	SES082	-1.70646	12.74	14.4464
BLOCK00/SES003/SA003S29	SES087	-2.05803	12.3884	14.4464
BLOCK00/SES004/SA004S12	SES083	-2.44683	11.756	14.2028
BLOCK00/SES004/SA004S12	SES148	-2.35752	11.8453	14.2028
BLOCK00/SES004/SA004S12	SES172	-1.2917	12.9111	14.2028
BLOCK00/SES004/SA004S12	SES292	-1.77806	12.4248	14.2028
BLOCK00/SES004/SA004S17	SES083	-2.21959	11.9124	14.132
BLOCK00/SES004/SA004S17	SES162	-1.1155	13.0165	14.132
BLOCK00/SES004/SA004S17	SES172	-1.42387	12.7081	14.132
BLOCK00/SES004/SA004S17	SES292	-1.99939	12.1326	14.132
BLOCK00/SES004/SA004S24	SES083	-2.33901	12.167	14.506
BLOCK00/SES004/SA004S24	SES148	-2.72015	11.7859	14.506
BLOCK00/SES004/SA004S24	SES172	-0.955693	13.5503	14.506
BLOCK00/SES004/SA004S24	SES292	-1.36047	13.1456	14.506
BLOCK00/SES004/SA004S26	SES083	-2.49248	11.9229	14.4154
BLOCK00/SES004/SA004S26	SES127	-1.99477	12.4206	14.4154
BLOCK00/SES004/SA004S26	SES148	-4.33637	10.079	14.4154
BLOCK00/SES004/SA004S26	SES292	-3.01433	11.401	14.4154
BLOCK00/SES004/SA004S28	SES083	-1.75731	14.1398	15.8971
BLOCK00/SES004/SA004S28	SES127	-1.42267	14.4745	15.8971
BLOCK00/SES004/SA004S28	SES187	-0.981874	14.9153	15.8971
BLOCK00/SES004/SA004S28	SES292	-2.30178	13.5954	15.8971
BLOCK00/SES006/SA006S10	SES014	-3.55168	8.21343	11.7651
BLOCK00/SES006/SA006S10	SES158	-2.35966	9.40545	11.7651
BLOCK00/SES006/SA006S10	SES226	-4.59035	7.17476	11.7651
BLOCK00/SES006/SA006S10	SES270	-1.37121	10.3939	11.7651
BLOCK00/SES006/SA006S11	SES158	-2.08994	9.8743	11.9642
BLOCK00/SES006/SA006S11	SES226	-3.36111	8.60312	11.9642
BLOCK00/SES006/SA006S11	SES270	-1.59674	10.3675	11.9642
BLOCK00/SES006/SA006S11	SES275	-2.85504	9.1092	11.9642
BLOCK00/SES006/SA006S23	SES062	-2.64384	11.2242	13.868
BLOCK00/SES006/SA006S23	SES105	-4.24215	9.62585	13.868
BLOCK00/SES006/SA006S23	SES158	-2.30508	11.5629	13.868
BLOCK00/SES006/SA006S23	SES275	-2.93055	10.9375	13.868
BLOCK00/SES006/SA006S26	SES104	-3.91271	9.36757	13.2803
BLOCK00/SES006/SA006S26	SES158	-1.89178	11.3885	13.2803
BLOCK00/SES006/SA006S26	SES270	-0.820119	12.4602	13.2803
BLOCK00/SES006/SA006S26	SES275	-2.76618	10.5141	13.2803
BLOCK00/SES006/SA006S28	SES007	-2.89467	9.2706	12.1653
BLOCK00/SES006/SA006S28	SES105	-3.7888	8.37647	12.1653
BLOCK00/SES006/SA006S28	SES158	-1.73067	10.4346	12.1653
BLOCK00/SES006/SA006S28	SES275	-3.52454	8.64073	12.1653
BLOCK00/SES009/SA009S12	SES083	-3.08194	12.6519	15.7339
BLOCK00/SES009/SA009S12	SES148	-2.90586	12.828	15.7339
BLOCK00/SES009/SA009S12	SES177	-1.41399	14.3199	15.7339
BLOCK00/SES009/SA009S12	SES292	-1.9709	13.763	15.7339
BLOCK00/SES009/SA009S15	SES007	-0.57823	15.8764	16.4546
BLOCK00/SES009/SA009S15	SES099	-4.17447	12.2801	16.4546
BLOCK00/SES009/SA009S15	SES148	-2.85042	13.6042	16.4546
BLOCK00/SES009/SA009S15	SES172	-1.7654	14.6892	16.4546
BLOCK00/SES009/SA009S24	SES146	-1.2221	14.9329	16.155
BLOCK00/SES009/SA009S24	SES148	-2.82139	13.3336	16.155
BLOCK00/SES009/SA009S24	SES177	-0.394065	15.7609	16.155
BLOCK00/SES009/SA009S24	SES292	-1.53384	14.6211	16.155
BLOCK00/SES009/SA009S26	SES083	-2.75072	12.5667	15.3174
BLOCK00/SES009/SA009S26	SES101	-2.3826	12.9348	15.3174
BLOCK00/SES009/SA009S26	SES120	-1.59756	13.7199	15.3174
BLOCK00/SES009/SA009S26	SES177	-1.2236	14.0938	15.3174
BLOCK00/SES009/SA009S29	SES083	-2.24629	13.9267	16.173
BLOCK00/SES009/SA009S29	SES101	-1.89244	14.2805	16.173
BLOCK00/SES009/SA009S29	SES177	-1.05593	15.117	16.173
BLOCK00/SES009/SA009S29	SES292	-1.46208	14.7109	16.173
BLOCK01/SES011/SA011S10	SES019	-1.73206	13.4681	15.2001
BLOCK01/SES011/SA011S10	SES042	-0.0525007	15.1476	15.2001
BLOCK01/SES011/SA011S10	SES082	-2.46502	12.7351	15.2001
BLOCK01/SES011/SA011S10	SES206	-1.57121	13.6289	15.2001
BLOCK01/SES011/SA011S11	SES019	-2.12897	11.9813	14.1103
BLOCK01/SES011/SA011S11	SES042	-1.92466	12.1856	14.1103
BLOCK01/SES011/SA011S11	SES082	-2.41966	11.6906	14.1103
BLOCK01/SES011/SA011S11	SES206	-1.86052	12.2498	14.1103
BLOCK01/SES011/SA011S22	SES019	-0.939434	13.0025	13.9419
BLOCK01/SES011/SA011S22	SES042	-0.537617	13.4043	13.9419
BLOCK01/SES011/SA011S22	SES082	-2.11483	11.8271	13.9419
BLOCK01/SES011/SA011S22	SES206	-2.14087	11.801	13.9419
BLOCK01/SES011/SA011S24	SES019	-2.0575	12.7842	14.8417
BLOCK01/SES011/SA011S24	SES042	-0.176807	14.6648	14.8417
BLOCK01/SES011/SA011S24	SES104	-1.95946	12.8822	14.8417
BLOCK01/SES011/SA011S24	SES206	-1.4718	13.3699	14.8417
BLOCK01/SES011/SA011S27	SES082	-0.718519	13.6992	14.4177
BLOCK01/SES011/SA011S27	SES087	-2.05478	12.3629	14.4177
BLOCK01/SES011/SA011S27	SES125	-1.7852	12.6325	14.4177
BLOCK01/SES011/SA011S27	SES206	-1.65566	12.762	14.4177
BLOCK01/SES012/SA012S11	SES007	-1.20888	15.7273	16.9362
BLOCK01/SES012/SA012S11	SES082	-2.23862	14.6976	16.9362
BLOCK01/SES012/SA012S11	SES083	-2.37744	14.5588	16.9362
BLOCK01/SES012/SA012S11	SES206	-1.70872	15.2275	16.9362
BLOCK01/SES012/SA012S14	SES082	-1.18678	14.9192	16.106
BLOCK01/SES012/SA012S14	SES087	-2.36293	13.7431	16.106
BLOCK01/SES012/SA012S14	SES206	-1.1242	14.9818	16.106
BLOCK01/SES012/SA012S14	SES292	-1.92566	14.1803	16.106
BLOCK01/SES012/SA012S24	SES082	-0.619312	14.4236	15.043
BLOCK01/SES012/SA012S24	SES087	-2.28953	12.7534	15.043
BLOCK01/SES012/SA012S24	SES120	-2.32951	12.7135	15.043
BLOCK01/SES012/SA012S24	SES206	-1.51759	13.5254	15.043
BLOCK01/SES012/SA012S26	SES019	-4.31685	12.6178	16.9347
BLOCK01/SES012/SA012S26	SES082	-2.99947	13.9352	16.9347
BLOCK01/SES012/SA012S26	SES206	-0.971054	15.9636	16.9347
BLOCK01/SES012/SA012S26	SES292	-1.87698	15.0577	16.9347
BLOCK01/SES012/SA012S29	SES062	-1.78038	14.7283	16.5087
BLOCK01/SES012/SA012S29	SES082	-1.33334	15.1754	16.5087
BLOCK01/SES012/SA012S29	SES083	-2.70811	13.8006	16.5087
BLOCK01/SES012/SA012S29	SES206	-1.02735	15.4814	16.5087
BLOCK01/SES013/SA013S16	SES062	-3.45212	11.0501	14.5022
BLOCK01/SES013/SA013S16	SES106	-1.73897	12.7633	14.5022
BLOCK01/SES013/SA013S16	SES206	-1.83109	12.6711	14.5022
BLOCK01/SES013/SA013S16	SES226	-1.39822	13.104	14.5022
BLOCK01/SES013/SA013S17	SES062	-2.83911	13.3393	16.1784
BLOCK01/SES013/SA013S17	SES106	-2.51657	13.6618	16.1784
BLOCK01/SES013/SA013S17	SES206	-0.888746	15.2897	16.1784
BLOCK01/SES013/SA013S17	SES226	-1.3336	14.8448	16.1784
BLOCK01/SES013/SA013S23	SES104	-2.4133	12.6889	15.1022
BLOCK01/SES013/SA013S23	SES106	-1.78112	13.3211	15.1022
BLOCK01/SES013/SA013S23	SES206	-1.33617	13.766	15.1022
BLOCK01/SES013/SA013S23	SES270	-1.35744	13.7448	15.1022
BLOCK01/SES013/SA013S25	SES042	-2.29827	14.1192	16.4174
BLOCK01/SES013/SA013S25	SES104	-1.86439	14.5531	16.4174
BLOCK01/SES013/SA013S25	SES106	-1.66014	14.7573	16.4174
BLOCK01/SES013/SA013S25	SES206	-1.46151	14.9559	16.4174
BLOCK01/SES013/SA013S29	SES062	-4.41816	11.14	15.5582
BLOCK01/SES013/SA013S29	SES104	-3.26513	12.293	15.5582
BLOCK01/SES013/SA013S29	SES106	-1.75518	13.803	15.5582
BLOCK01/SES013/SA013S29	SES206	-1.94102	13.6171	15.5582
BLOCK02/SES021/SA021S13	SES016	-3.60356	13.0614	16.665
BLOCK02/SES021/SA021S13	SES029	-1.93489	14.7301	16.665
BLOCK02/SES021/SA021S13	SES087	-1.89738	14.7676	16.665
BLOCK02/SES021/SA021S13	SES206	-1.37533	15.2897	16.665
BLOCK02/SES021/SA021S15	SES087	-1.03942	16.5249	17.5643
BLOCK02/SES021/SA021S15	SES125	-1.38072	16.1836	17.5643
BLOCK02/SES021/SA021S15	SES206	-1.18179	16.3825	17.5643
BLOCK02/SES021/SA021S15	SES226	-2.26583	15.2985	17.5643
BLOCK02/SES021/SA021S23	SES062	-3.21475	11.4191	14.6338
BLOCK02/SES021/SA021S23	SES087	-1.37433	13.2595	14.6338
BLOCK02/SES021/SA021S23	SES206	-2.03378	12.6	14.6338
BLOCK02/SES021/SA021S23	SES226	-1.64224	12.9916	14.6338
BLOCK02/SES021/SA021S27	SES002	-1.08455	15.3848	16.4693
BLOCK02/SES021/SA021S27	SES016	-4.46848	12.0008	16.4693
BLOCK02/SES021/SA021S27	SES019	-1.72916	14.7401	16.4693
BLOCK02/SES021/SA021S27	SES062	-1.74079	14.7285	16.4693
BLOCK02/SES021/SA021S29	SES087	-1.55846	15.0148	16.5732
BLOCK02/SES021/SA021S29	SES125	-0.760406	15.8128	16.5732
BLOCK02/SES021/SA021S29	SES206	-1.24597	15.3272	16.5732
BLOCK02/SES021/SA021S29	SES226	-2.0437	14.5295	16.5732
BLOCK04/SES043/SA043S09	SES083	-1.61036	12.4315	14.0418
BLOCK04/SES043/SA043S09	SES101	-1.78305	12.2588	14.0418
BLOCK04/SES043/SA043S09	SES144	-0.784048	13.2578	14.0418
BLOCK04/SES043/SA043S09	SES172	-2.0468	11.995	14.0418
BLOCK04/SES043/SA043S11	SES083	-1.16256	14.465	15.6276
BLOCK04/SES043/SA043S11	SES101	-1.48105	14.1465	15.6276
BLOCK04/SES043/SA043S11	SES144	-0.502218	15.1254	15.6276
BLOCK04/SES043/SA043S11	SES172	-1.53564	14.0919	15.6276
BLOCK04/SES043/SA043S23	SES083	-1.56932	13.431	15.0003
BLOCK04/SES043/SA043S23	SES144	-0.318673	14.6817	15.0003
BLOCK04/SES043/SA043S23	SES177	-1.52253	13.4778	15.0003
BLOCK04/SES043/SA043S23	SES275	-1.26022	13.7401	15.0003
BLOCK04/SES043/SA043S26	SES083	-1.81007	12.4147	14.2247
BLOCK04/SES043/SA043S26	SES101	-1.94283	12.2819	14.2247
BLOCK04/SES043/SA043S26	SES144	-0.221623	14.0031	14.2247
BLOCK04/SES043/SA043S26	SES177	-1.83412	12.3906	14.2247
BLOCK04/SES043/SA043S28	SES016	-2.27112	13.5307	15.8018
BLOCK04/SES043/SA043S28	SES083	-1.07105	14.7308	15.8018
BLOCK04/SES043/SA043S28	SES101	-1.1183	14.6835	15.8018
BLOCK04/SES043/SA043S28	SES144	-0.999101	14.8027	15.8018
BLOCK04/SES044/SA044S10	SES127	-2.87257	8.92124	11.7938
BLOCK04/SES044/SA044S10	SES144	-0.330103	11.4637	11.7938
BLOCK04/SES044/SA044S10	SES147	-3.16276	8.63104	11.7938
BLOCK04/SES044/SA044S10	SES148	-3.01905	8.77476	11.7938
BLOCK04/SES044/SA044S11	SES101	-1.4334	11.839	13.2724
BLOCK04/SES044/SA044S11	SES144	-0.173162	13.0993	13.2724
BLOCK04/SES044/SA044S11	SES147	-3.0119	10.2605	13.2724
BLOCK04/SES044/SA044S11	SES177	-2.58889	10.6835	13.2724
BLOCK04/SES044/SA044S24	SES007	-2.45704	11.7399	14.1969
BLOCK04/SES044/SA044S24	SES101	-1.59849	12.5985	14.1969
BLOCK04/SES044/SA044S24	SES147	-2.98375	11.2132	14.1969
BLOCK04/SES044/SA044S24	SES177	-1.96625	12.2307	14.1969
BLOCK04/SES044/SA044S26	SES007	-1.80296	12.6342	14.4371
BLOCK04/SES044/SA044S26	SES016	-1.5608	12.8763	14.4371
BLOCK04/SES044/SA044S26	SES101	-1.33941	13.0977	14.4371
BLOCK04/SES044/SA044S26	SES147	-1.41022	13.0269	14.4371
BLOCK04/SES044/SA044S29	SES007	-2.49444	11.7534	14.2478
BLOCK04/SES044/SA044S29	SES101	-1.00046	13.2474	14.2478
BLOCK04/SES044/SA044S29	SES147	-2.47233	11.7755	14.2478
BLOCK04/SES044/SA044S29	SES177	-2.54167	11.7062	14.2478
BLOCK04/SES046/SA046S13	SES101	-1.62712	12.5504	14.1775
BLOCK04/SES046/SA046S13	SES144	-1.40905	12.7685	14.1775
BLOCK04/SES046/SA046S13	SES147	-2.63009	11.5474	14.1775
BLOCK04/SES046/SA046S13	SES177	-2.09841	12.0791	14.1775
BLOCK04/SES046/SA046S15	SES048	-0.423824	15.1345	15.5583
BLOCK04/SES046/SA046S15	SES083	-0.72117	14.8372	15.5583
BLOCK04/SES046/SA046S15	SES120	-2.88657	12.6718	15.5583
BLOCK04/SES046/SA046S15	SES148	-1.76127	13.7971	15.5583
BLOCK04/SES046/SA046S22	SES101	-1.53617	12.6048	14.1409
BLOCK04/SES046/SA046S22	SES144	-0.998982	13.142	14.1409
BLOCK04/SES046/SA046S22	SES147	-2.60819	11.5327	14.1409
BLOCK04/SES046/SA046S22	SES172	-1.49	12.6509	14.1409
BLOCK04/SES046/SA046S25	SES083	-1.52548	12.2847	13.8102
BLOCK04/SES046/SA046S25	SES127	-1.45389	12.3563	13.8102
BLOCK04/SES046/SA046S25	SES144	-1.97804	11.8322	13.8102
BLOCK04/SES046/SA046S25	SES148	-2.14122	11.669	13.8102
BLOCK04/SES046/SA046S28	SES007	-2.0772	11.8975	13.9747
BLOCK04/SES046/SA046S28	SES105	-2.79891	11.1757	13.9747
BLOCK04/SES046/SA046S28	SES147	-1.96235	12.0123	13.9747
BLOCK04/SES046/SA046S28	SES148	-1.21434	12.7603	13.9747
BLOCK04/SES049/SA049S16	SES104	-2.81977	11.1155	13.9352
BLOCK04/SES049/SA049S16	SES106	-2.00723	11.928	13.9352
BLOCK04/SES049/SA049S16	SES120	-2.61284	11.3224	13.9352
BLOCK04/SES049/SA049S16	SES206	-1.26704	12.6682	13.9352
BLOCK04/SES049/SA049S18	SES099	-1.28791	12.1392	13.4271
BLOCK04/SES049/SA049S18	SES104	-2.54596	10.8811	13.4271
BLOCK04/SES049/SA049S18	SES125	-2.93793	10.4891	13.4271
BLOCK04/SES049/SA049S18	SES206	-1.98103	11.446	13.4271
BLOCK04/SES049/SA049S25	SES087	-1.27407	13.0882	14.3623
BLOCK04/SES049/SA049S25	SES104	-0.383735	13.9786	14.3623
BLOCK04/SES049/SA049S25	SES125	-1.75549	12.6068	14.3623
BLOCK04/SES049/SA049S25	SES206	-0.611648	13.7507	14.3623
BLOCK04/SES049/SA049S27	SES099	-1.07906	12.9631	14.0422
BLOCK04/SES049/SA049S27	SES104	-1.29223	12.7499	14.0422
BLOCK04/SES049/SA049S27	SES125	-2.00358	12.0386	14.0422
BLOCK04/SES049/SA049S27	SES206	-1.76223	12.2799	14.0422
BLOCK04/SES049/SA049S29	SES099	-0.616307	15.0759	15.6922
BLOCK04/SES049/SA049S29	SES104	-0.869605	14.8226	15.6922
BLOCK04/SES049/SA049S29	SES125	-1.61895	14.0733	15.6922
BLOCK04/SES049/SA049S29	SES206	-0.414761	15.2775	15.6922
BLOCK06/SES063/SA063S09	SES068	-1.626	14.4429	16.0689
BLOCK06/SES063/SA063S09	SES083	-1.02652	15.0424	16.0689
BLOCK06/SES063/SA063S09	SES177	-1.30848	14.7604	16.0689
BLOCK06/SES063/SA063S09	SES187	-1.59425	14.4747	16.0689
BLOCK06/SES063/SA063S10	SES068	-2.29387	13.2801	15.574
BLOCK06/SES063/SA063S10	SES083	-1.39178	14.1822	15.574
BLOCK06/SES063/SA063S10	SES172	-1.87351	13.7005	15.574
BLOCK06/SES063/SA063S10	SES187	-1.96714	13.6069	15.574
BLOCK06/SES063/SA063S20	SES068	-2.17082	12.8123	14.9831
BLOCK06/SES063/SA063S20	SES083	-1.44909	13.5341	14.9831
BLOCK06/SES063/SA063S20	SES172	-1.06139	13.9218	14.9831
BLOCK06/SES063/SA063S20	SES187	-1.45122	13.5319	14.9831
BLOCK06/SES063/SA063S24	SES029	-3.21142	12.707	15.9184
BLOCK06/SES063/SA063S24	SES083	-1.07061	14.8478	15.9184
BLOCK06/SES063/SA063S24	SES177	-1.43092	14.4875	15.9184
BLOCK06/SES063/SA063S24	SES189	-1.26569	14.6527	15.9184
BLOCK06/SES063/SA063S27	SES083	-1.35906	13.8087	15.1678
BLOCK06/SES063/SA063S27	SES172	-2.09306	13.0747	15.1678
BLOCK06/SES063/SA063S27	SES187	-1.87539	13.2924	15.1678
BLOCK06/SES063/SA063S27	SES292	-1.95374	13.2141	15.1678
BLOCK06/SES067/SA067S12	SES083	-2.22321	13.6062	15.8294
BLOCK06/SES067/SA067S12	SES172	-2.02328	13.8061	15.8294
BLOCK06/SES067/SA067S12	SES202	-0.969079	14.8603	15.8294
BLOCK06/SES067/SA067S12	SES292	-2.00793	13.8215	15.8294
BLOCK06/SES067/SA067S14	SES085	-1.8545	14.8299	16.6844
BLOCK06/SES067/SA067S14	SES177	-1.69849	14.9859	16.6844
BLOCK06/SES067/SA067S14	SES183	-0.620846	16.0636	16.6844
BLOCK06/SES067/SA067S14	SES202	-0.896388	15.788	16.6844
BLOCK06/SES067/SA067S21	SES144	-1.20315	14.0857	15.2888
BLOCK06/SES067/SA067S21	SES177	-1.42144	13.8674	15.2888
BLOCK06/SES067/SA067S21	SES183	-0.44915	14.8397	15.2888
BLOCK06/SES067/SA067S21	SES189	-0.821763	14.4671	15.2888
BLOCK06/SES067/SA067S25	SES085	-0.555275	15.0095	15.5648
BLOCK06/SES067/SA067S25	SES177	-1.22826	14.3366	15.5648
BLOCK06/SES067/SA067S25	SES183	-0.893914	14.6709	15.5648
BLOCK06/SES067/SA067S25	SES202	-1.16149	14.4033	15.5648
BLOCK06/SES067/SA067S29	SES085	-2.13683	13.8623	15.9992
BLOCK06/SES067/SA067S29	SES177	-2.24953	13.7496	15.9992
BLOCK06/SES067/SA067S29	SES183	-0.344781	15.6544	15.9992
BLOCK06/SES067/SA067S29	SES202	-0.737159	15.262	15.9992
BLOCK06/SES069/SA069S12	SES029	-2.92813	13.3288	16.2569
BLOCK06/SES069/SA069S12	SES082	-0.680401	15.5765	16.2569
BLOCK06/SES069/SA069S12	SES087	-1.44785	14.809	16.2569
BLOCK06/SES069/SA069S12	SES206	-0.867833	15.3891	16.2569
BLOCK06/SES069/SA069S13	SES029	-3.68167	12.4934	16.1751
BLOCK06/SES069/SA069S13	SES087	-1.40063	14.7745	16.1751
BLOCK06/SES069/SA069S13	SES206	-1.55329	14.6218	16.1751
BLOCK06/SES069/SA069S13	SES226	-0.984359	15.1907	16.1751
BLOCK06/SES069/SA069S23	SES029	-1.19954	16.4664	17.666
BLOCK06/SES069/SA069S23	SES087	-0.81669	16.8493	17.666
BLOCK06/SES069/SA069S23	SES206	-1.51184	16.1541	17.666
BLOCK06/SES069/SA069S23	SES226	-0.461794	17.2042	17.666
BLOCK06/SES069/SA069S25	SES087	-1.24157	15.5787	16.8203
BLOCK06/SES069/SA069S25	SES206	-2.6215	14.1988	16.8203
BLOCK06/SES069/SA069S25	SES226	-1.16289	15.6574	16.8203
BLOCK06/SES069/SA069S25	SES270	-1.96549	14.8548	16.8203
BLOCK06/SES069/SA069S27	SES087	-2.20407	14.4564	16.6604
BLOCK06/SES069/SA069S27	SES206	-1.40175	15.2587	16.6604
BLOCK06/SES069/SA069S27	SES226	-0.890391	15.7701	16.6604
BLOCK06/SES069/SA069S27	SES270	-1.48957	15.1709	16.6604
BLOCK08/SES081/SA081S11	SES060	-2.66636	12.0142	14.6805
BLOCK08/SES081/SA081S11	SES062	-2.47833	12.2022	14.6805
BLOCK08/SES081/SA081S11	SES117	-3.07551	11.605	14.6805
BLOCK08/SES081/SA081S11	SES162	-2.47206	12.2085	14.6805
BLOCK08/SES081/SA081S13	SES016	-1.8308	14.4334	16.2642
BLOCK08/SES081/SA081S13	SES060	-0.54497	15.7192	16.2642
BLOCK08/SES081/SA081S13	SES068	-1.10338	15.1608	16.2642
BLOCK08/SES081/SA081S13	SES129	-2.37269	13.8915	16.2642
BLOCK08/SES081/SA081S24	SES060	-1.01054	14.163	15.1735
BLOCK08/SES081/SA081S24	SES068	-1.39269	13.7808	15.1735
BLOCK08/SES081/SA081S24	SES117	-2.32518	12.8484	15.1735
BLOCK08/SES081/SA081S24	SES275	-2.07965	13.0939	15.1735
BLOCK08/SES081/SA081S27	SES007	-1.75559	12.4583	14.2139
BLOCK08/SES081/SA081S27	SES060	-2.09457	12.1193	14.2139
BLOCK08/SES081/SA081S27	SES117	-1.33017	12.8837	14.2139
BLOCK08/SES081/SA081S27	SES275	-2.04758	12.1663	14.2139
BLOCK08/SES081/SA081S29	SES007	-1.41415	14.2629	15.6771
BLOCK08/SES081/SA081S29	SES060	-1.27667	14.4004	15.6771
BLOCK08/SES081/SA081S29	SES117	-1.61917	14.0579	15.6771
BLOCK08/SES081/SA081S29	SES275	-1.94567	13.7314	15.6771
BLOCK08/SES086/SA086S11	SES029	-5.10971	8.57388	13.6836
BLOCK08/SES086/SA086S11	SES082	-2.38761	11.296	13.6836
BLOCK08/SES086/SA086S11	SES087	-0.846816	12.8368	13.6836
BLOCK08/SES086/SA086S11	SES206	-2.30927	11.3743	13.6836
BLOCK08/SES086/SA086S12	SES029	-2.68356	12.285	14.9686
BLOCK08/SES086/SA086S12	SES082	-2.34375	12.6248	14.9686
BLOCK08/SES086/SA086S12	SES087	0.191654	15.1602	14.9686
BLOCK08/SES086/SA086S12	SES206	-1.64365	13.3249	14.9686
BLOCK08/SES086/SA086S20	SES029	-3.83469	12.1371	15.9718
BLOCK08/SES086/SA086S20	SES082	-2.77976	13.1921	15.9718
BLOCK08/SES086/SA086S20	SES087	0.00698376	15.9788	15.9718
BLOCK08/SES086/SA086S20	SES206	-0.84701	15.1248	15.9718
BLOCK08/SES086/SA086S24	SES087	-0.349603	14.3789	14.7285
BLOCK08/SES086/SA086S24	SES104	-1.72227	13.0063	14.7285
BLOCK08/SES086/SA086S24	SES120	-2.35473	12.3738	14.7285
BLOCK08/SES086/SA086S24	SES206	-0.0300665	14.6985	14.7285
BLOCK08/SES086/SA086S28	SES029	-2.96641	12.5198	15.4862
BLOCK08/SES086/SA086S28	SES082	-2.37435	13.1118	15.4862
BLOCK08/SES086/SA086S28	SES087	-0.769823	14.7163	15.4862
BLOCK08/SES086/SA086S28	SES206	-1.13746	14.3487	15.4862
BLOCK08/SES089/SA089S13	SES087	-1.63928	12.7823	14.4216
BLOCK08/SES089/SA089S13	SES206	-1.87037	12.5512	14.4216
BLOCK08/SES089/SA089S13	SES226	-1.33396	13.0877	14.4216
BLOCK08/SES089/SA089S13	SES270	-2.32071	12.1009	14.4216
BLOCK08/SES089/SA089S14	SES062	-2.17353	12.6984	14.8719
BLOCK08/SES089/SA089S14	SES087	-0.548599	14.3233	14.8719
BLOCK08/SES089/SA089S14	SES206	-1.21652	13.6554	14.8719
BLOCK08/SES089/SA089S14	SES226	-1.37285	13.4991	14.8719
BLOCK08/SES089/SA089S23	SES087	-1.39521	11.9482	13.3434
BLOCK08/SES089/SA089S23	SES206	-2.01227	11.3311	13.3434
BLOCK08/SES089/SA089S23	SES226	-1.60228	11.7411	13.3434
BLOCK08/SES089/SA089S23	SES270	-2.33864	11.0048	13.3434
BLOCK08/SES089/SA089S25	SES062	-3.48409	11.785	15.2691
BLOCK08/SES089/SA089S25	SES087	-1.39475	13.8744	15.2691
BLOCK08/SES089/SA089S25	SES206	-2.53063	12.7385	15.2691
BLOCK08/SES089/SA089S25	SES226	-1.26866	14.0005	15.2691
BLOCK08/SES089/SA089S28	SES062	-1.65272	13.2052	14.8579
BLOCK08/SES089/SA089S28	SES087	-0.291268	14.5667	14.8579
BLOCK08/SES089/SA089S28	SES206	-1.28136	13.5766	14.8579
BLOCK08/SES089/SA089S28	SES226	-0.856378	14.0016	14.8579
BLOCK09/SES097/SA097S11	SES099	0.277931	14.4291	14.1512
BLOCK09/SES097/SA097S11	SES125	-1.9748	12.1764	14.1512
BLOCK09/SES097/SA097S11	SES206	-1.44738	12.7038	14.1512
BLOCK09/SES097/SA097S11	SES226	-0.538158	13.613	14.1512
BLOCK09/SES097/SA097S14	SES062	-2.45876	11.5673	14.026
BLOCK09/SES097/SA097S14	SES099	-0.925674	13.1004	14.026
BLOCK09/SES097/SA097S14	SES104	-1.39112	12.6349	14.026
BLOCK09/SES097/SA097S14	SES206	-2.47573	11.5503	14.026
BLOCK09/SES097/SA097S22	SES099	0.817779	15.198	14.3802
BLOCK09/SES097/SA097S22	SES206	-1.50579	12.8744	14.3802
BLOCK09/SES097/SA097S22	SES226	-2.04984	12.3304	14.3802
BLOCK09/SES097/SA097S22	SES270	-0.0961561	14.2841	14.3802
BLOCK09/SES097/SA097S26	SES099	-0.198462	15.0879	15.2864
BLOCK09/SES097/SA097S26	SES120	-2.16276	13.1236	15.2864
BLOCK09/SES097/SA097S26	SES206	-1.87979	13.4066	15.2864
BLOCK09/SES097/SA097S26	SES226	-2.84458	12.4418	15.2864
BLOCK09/SES097/SA097S28	SES099	-0.672114	13.7738	14.4459
BLOCK09/SES097/SA097S28	SES120	-1.90801	12.5379	14.4459
BLOCK09/SES097/SA097S28	SES206	-2.44101	12.0049	14.4459
BLOCK09/SES097/SA097S28	SES226	-2.94917	11.4967	14.4459
BLOCK09/SES098/SA098S11	SES127	-2.42486	11.4941	13.919
BLOCK09/SES098/SA098S11	SES144	-2.32038	11.5986	13.919
BLOCK09/SES098/SA098S11	SES147	-1.66702	12.2519	13.919
BLOCK09/SES098/SA098S11	SES148	-3.5603	10.3586	13.919
BLOCK09/SES098/SA098S12	SES127	-3.3902	9.29871	12.6889
BLOCK09/SES098/SA098S12	SES144	-3.06018	9.62873	12.6889
BLOCK09/SES098/SA098S12	SES147	-1.51701	11.1719	12.6889
BLOCK09/SES098/SA098S12	SES189	-1.45038	11.2385	12.6889
BLOCK09/SES098/SA098S20	SES127	-4.09069	10.0372	14.1279
BLOCK09/SES098/SA098S20	SES147	-1.95329	12.1746	14.1279
BLOCK09/SES098/SA098S20	SES148	-3.46247	10.6654	14.1279
BLOCK09/SES098/SA098S20	SES292	-1.85809	12.2698	14.1279
BLOCK09/SES098/SA098S23	SES127	-2.17089	12.6508	14.8217
BLOCK09/SES098/SA098S23	SES147	-1.48259	13.3391	14.8217
BLOCK09/SES098/SA098S23	SES187	-1.35224	13.4694	14.8217
BLOCK09/SES098/SA098S23	SES292	-1.47158	13.3501	14.8217
BLOCK09/SES098/SA098S27	SES127	-4.21739	9.44388	13.6613
BLOCK09/SES098/SA098S27	SES147	-3.25708	10.4042	13.6613
BLOCK09/SES098/SA098S27	SES148	-3.58262	10.0787	13.6613
BLOCK09/SES098/SA098S27	SES292	-2.24356	11.4177	13.6613
BLOCK10/SES102/SA102S13	SES101	-1.13056	12.0768	13.2074
BLOCK10/SES102/SA102S13	SES105	-1.26932	11.938	13.2074
BLOCK10/SES102/SA102S13	SES120	-2.40243	10.8049	13.2074
BLOCK10/SES102/SA102S13	SES158	-3.19598	10.0114	13.2074
BLOCK10/SES102/SA102S14	SES007	-0.642624	14.9428	15.5854
BLOCK10/SES102/SA102S14	SES101	-0.189145	15.3963	15.5854
BLOCK10/SES102/SA102S14	SES105	-0.325748	15.2597	15.5854
BLOCK10/SES102/SA102S14	SES147	-3.73197	11.8534	15.5854
BLOCK10/SES102/SA102S22	SES007	-1.66264	13.3901	15.0527
BLOCK10/SES102/SA102S22	SES101	-0.682889	14.3698	15.0527
BLOCK10/SES102/SA102S22	SES105	-0.79478	14.2579	15.0527
BLOCK10/SES102/SA102S22	SES158	-2.72037	12.3323	15.0527
BLOCK10/SES102/SA102S25	SES007	-0.891963	14.6256	15.5176
BLOCK10/SES102/SA102S25	SES101	-0.463712	15.0539	15.5176
BLOCK10/SES102/SA102S25	SES105	-1.10672	14.4109	15.5176
BLOCK10/SES102/SA102S25	SES147	-3.68286	11.8347	15.5176
BLOCK10/SES102/SA102S27	SES007	-1.21435	13.6246	14.8389
BLOCK10/SES102/SA102S27	SES101	-0.187352	14.6516	14.8389
BLOCK10/SES102/SA102S27	SES105	-1.22125	13.6177	14.8389
BLOCK10/SES102/SA102S27	SES147	-2.86128	11.9776	14.8389
BLOCK10/SES103/SA103S14	SES105	-2.97906	10.0134	12.9925
BLOCK10/SES103/SA103S14	SES106	-1.34777	11.6447	12.9925
BLOCK10/SES103/SA103S14	SES120	-2.73735	10.2551	12.9925
BLOCK10/SES103/SA103S14	SES206	-2.66621	10.3263	12.9925
BLOCK10/SES103/SA103S15	SES099	-1.82092	10.1046	11.9256
BLOCK10/SES103/SA103S15	SES101	-5.16872	6.75683	11.9256
BLOCK10/SES103/SA103S15	SES104	-2.4008	9.52475	11.9256
BLOCK10/SES103/SA103S15	SES125	-2.14722	9.77833	11.9256
BLOCK10/SES103/SA103S24	SES104	-2.1969	12.5077	14.7046
BLOCK10/SES103/SA103S24	SES125	-2.19094	12.5137	14.7046
BLOCK10/SES103/SA103S24	SES148	-3.59994	11.1047	14.7046
BLOCK10/SES103/SA103S24	SES158	-1.87263	12.832	14.7046
BLOCK10/SES103/SA103S26	SES104	-2.42809	10.1632	12.5913
BLOCK10/SES103/SA103S26	SES106	-1.47156	11.1197	12.5913
BLOCK10/SES103/SA103S26	SES125	-2.07085	10.5204	12.5913
BLOCK10/SES103/SA103S26	SES148	-5.0318	7.55945	12.5913
BLOCK10/SES103/SA103S28	SES104	-2.68201	9.41806	12.1001
BLOCK10/SES103/SA103S28	SES106	-1.85436	10.2457	12.1001
BLOCK10/SES103/SA103S28	SES125	-3.06744	9.03263	12.1001
BLOCK10/SES103/SA103S28	SES206	-4.00112	8.09896	12.1001
BLOCK12/SES121/SA121S12	SES042	-2.99481	7.77809	10.7729
BLOCK12/SES121/SA121S12	SES087	-2.56032	8.21259	10.7729
BLOCK12/SES121/SA121S12	SES105	-1.41382	9.35909	10.7729
BLOCK12/SES121/SA121S12	SES206	-2.57182	8.20109	10.7729
BLOCK12/SES121/SA121S14	SES007	-2.66855	8.52277	11.1913
BLOCK12/SES121/SA121S14	SES105	-2.38574	8.80558	11.1913
BLOCK12/SES121/SA121S14	SES106	-2.04184	9.14947	11.1913
BLOCK12/SES121/SA121S14	SES206	-2.51501	8.67631	11.1913
BLOCK12/SES121/SA121S23	SES105	-2.02584	9.17622	11.2021
BLOCK12/SES121/SA121S23	SES106	-1.14758	10.0545	11.2021
BLOCK12/SES121/SA121S23	SES120	-1.58026	9.6218	11.2021
BLOCK12/SES121/SA121S23	SES206	-1.95017	9.25189	11.2021
BLOCK12/SES121/SA121S25	SES007	-1.79707	7.38615	9.18323
BLOCK12/SES121/SA121S25	SES105	-2.23268	6.95055	9.18323
BLOCK12/SES121/SA121S25	SES106	-1.41776	7.76546	9.18323
BLOCK12/SES121/SA121S25	SES206	-2.95967	6.22355	9.18323
BLOCK12/SES121/SA121S27	SES087	-1.17196	10.4058	11.5777
BLOCK12/SES121/SA121S27	SES105	-3.64824	7.9295	11.5777
BLOCK12/SES121/SA121S27	SES120	-0.40258	11.1752	11.5777
BLOCK12/SES121/SA121S27	SES206	-2.15491	9.42282	11.5777
BLOCK12/SES124/SA124S16	SES042	-0.839018	12.887	13.7261
BLOCK12/SES124/SA124S16	SES082	-1.96674	11.7593	13.7261
BLOCK12/SES124/SA124S16	SES183	-2.58186	11.1442	13.7261
BLOCK12/SES124/SA124S16	SES206	-2.34244	11.3836	13.7261
BLOCK12/SES124/SA124S17	SES105	-2.57467	9.28896	11.8636
BLOCK12/SES124/SA124S17	SES149	-3.72193	8.1417	11.8636
BLOCK12/SES124/SA124S17	SES158	-2.98995	8.87369	11.8636
BLOCK12/SES124/SA124S17	SES275	-1.66612	10.1975	11.8636
BLOCK12/SES124/SA124S23	SES105	-3.13937	12.5357	15.6751
BLOCK12/SES124/SA124S23	SES125	-0.621147	15.0539	15.6751
BLOCK12/SES124/SA124S23	SES129	-2.90216	12.7729	15.6751
BLOCK12/SES124/SA124S23	SES158	-0.921235	14.7539	15.6751
BLOCK12/SES124/SA124S26	SES105	-3.79134	10.9221	14.7134
BLOCK12/SES124/SA124S26	SES125	-2.01503	12.6984	14.7134
BLOCK12/SES124/SA124S26	SES129	-3.04441	11.669	14.7134
BLOCK12/SES124/SA124S26	SES158	-2.08653	12.6269	14.7134
BLOCK12/SES124/SA124S28	SES104	-1.26465	13.1185	14.3831
BLOCK12/SES124/SA124S28	SES106	-0.957163	13.426	14.3831
BLOCK12/SES124/SA124S28	SES125	-0.481393	13.9017	14.3831
BLOCK12/SES124/SA124S28	SES275	-2.519	11.8641	14.3831
BLOCK12/SES126/SA126S13	SES007	-1.66628	12.3926	14.0589
BLOCK12/SES126/SA126S13	SES162	-1.93199	12.1269	14.0589
BLOCK12/SES126/SA126S13	SES177	-1.47066	12.5882	14.0589
BLOCK12/SES126/SA126S13	SES180	-2.12907	11.9298	14.0589
BLOCK12/SES126/SA126S14	SES144	-1.66335	13.8411	15.5044
BLOCK12/SES126/SA126S14	SES148	-1.83498	13.6695	15.5044
BLOCK12/SES126/SA126S14	SES177	-0.880733	14.6237	15.5044
BLOCK12/SES126/SA126S14	SES180	-2.37152	13.1329	15.5044
BLOCK12/SES126/SA126S20	SES007	-1.38539	12.9877	14.3731
BLOCK12/SES126/SA126S20	SES162	-1.7136	12.6595	14.3731
BLOCK12/SES126/SA126S20	SES172	-2.13022	12.2429	14.3731
BLOCK12/SES126/SA126S20	SES180	-1.69196	12.6812	14.3731
BLOCK12/SES126/SA126S24	SES120	-0.613933	15.1574	15.7713
BLOCK12/SES126/SA126S24	SES162	-1.65404	14.1173	15.7713
BLOCK12/SES126/SA126S24	SES177	-0.867266	14.904	15.7713
BLOCK12/SES126/SA126S24	SES180	-1.38025	14.3911	15.7713
BLOCK12/SES126/SA126S26	SES120	-0.647299	14.3942	15.0415
BLOCK12/SES126/SA126S26	SES177	-1.72538	13.3161	15.0415
BLOCK12/SES126/SA126S26	SES180	-2.01823	13.0233	15.0415
BLOCK12/SES126/SA126S26	SES202	-2.28592	12.7556	15.0415
BLOCK12/SES128/SA128S10	SES087	-2.7008	12.2883	14.9891
BLOCK12/SES128/SA128S10	SES206	-1.4673	13.5218	14.9891
BLOCK12/SES128/SA128S10	SES226	-0.92639	14.0627	14.9891
BLOCK12/SES128/SA128S10	SES270	-0.968413	14.0207	14.9891
BLOCK12/SES128/SA128S12	SES120	-1.70343	12.8757	14.5791
BLOCK12/SES128/SA128S12	SES158	-2.71319	11.8659	14.5791
BLOCK12/SES128/SA128S12	SES206	-2.02352	12.5556	14.5791
BLOCK12/SES128/SA128S12	SES226	-2.56621	12.0129	14.5791
BLOCK12/SES128/SA128S21	SES106	-3.49875	10.1335	13.6322
BLOCK12/SES128/SA128S21	SES120	-2.5739	11.0583	13.6322
BLOCK12/SES128/SA128S21	SES206	-2.35547	11.2767	13.6322
BLOCK12/SES128/SA128S21	SES226	-1.76931	11.8629	13.6322
BLOCK12/SES128/SA128S24	SES087	-2.03504	12.3216	14.3566
BLOCK12/SES128/SA128S24	SES120	-1.33815	13.0184	14.3566
BLOCK12/SES128/SA128S24	SES206	-1.413	12.9436	14.3566
BLOCK12/SES128/SA128S24	SES226	-2.30205	12.0545	14.3566
BLOCK12/SES128/SA128S27	SES099	-1.09698	14.5041	15.6011
BLOCK12/SES128/SA128S27	SES120	-1.28384	14.3173	15.6011
BLOCK12/SES128/SA128S27	SES206	-1.56501	14.0361	15.6011
BLOCK12/SES128/SA128S27	SES226	-1.83052	13.7706	15.6011
BLOCK13/SES130/SA130S13	SES143	-1.73537	12.5058	14.2412
BLOCK13/SES130/SA130S13	SES144	-0.552572	13.6886	14.2412
BLOCK13/SES130/SA130S13	SES146	-2.03617	12.205	14.2412
BLOCK13/SES130/SA130S13	SES275	-2.85043	11.3907	14.2412
BLOCK13/SES130/SA130S15	SES143	-2.15398	13.5125	15.6664
BLOCK13/SES130/SA130S15	SES144	-0.633034	15.0334	15.6664
BLOCK13/SES130/SA130S15	SES146	-1.0234	14.643	15.6664
BLOCK13/SES130/SA130S15	SES275	-1.80005	13.8664	15.6664
BLOCK13/SES130/SA130S23	SES127	-2.42347	11.5898	14.0132
BLOCK13/SES130/SA130S23	SES144	-1.81299	12.2003	14.0132
BLOCK13/SES130/SA130S23	SES146	-1.35597	12.6573	14.0132
BLOCK13/SES130/SA130S23	SES162	-1.39841	12.6148	14.0132
BLOCK13/SES130/SA130S25	SES127	-1.11562	14.6261	15.7417
BLOCK13/SES130/SA130S25	SES144	-0.927304	14.8144	15.7417
BLOCK13/SES130/SA130S25	SES146	-0.908207	14.8335	15.7417
BLOCK13/SES130/SA130S25	SES275	-0.897344	14.8443	15.7417
BLOCK13/SES130/SA130S28	SES127	-1.39627	13.2477	14.644
BLOCK13/SES130/SA130S28	SES144	-1.42427	13.2197	14.644
BLOCK13/SES130/SA130S28	SES146	-0.972107	13.6719	14.644
BLOCK13/SES130/SA130S28	SES275	-0.679593	13.9644	14.644
BLOCK13/SES131/SA131S13	SES002	-2.01655	9.78311	11.7997
BLOCK13/SES131/SA131S13	SES007	-2.54063	9.25903	11.7997
BLOCK13/SES131/SA131S13	SES099	-2.08339	9.71627	11.7997
BLOCK13/SES131/SA131S13	SES105	-2.37873	9.42093	11.7997
BLOCK13/SES131/SA131S14	SES104	-0.576776	12.6607	13.2375
BLOCK13/SES131/SA131S14	SES106	-1.44654	11.791	13.2375
BLOCK13/SES131/SA131S14	SES125	-1.57538	11.6621	13.2375
BLOCK13/SES131/SA131S14	SES148	-1.70794	11.5295	13.2375
BLOCK13/SES131/SA131S20	SES104	-2.86312	8.68762	11.5507
BLOCK13/SES131/SA131S20	SES106	-2.38628	9.16446	11.5507
BLOCK13/SES131/SA131S20	SES125	-3.43379	8.11695	11.5507
BLOCK13/SES131/SA131S20	SES148	-2.44813	9.10261	11.5507
BLOCK13/SES131/SA131S22	SES099	-2.24508	11.1494	13.3945
BLOCK13/SES131/SA131S22	SES104	-2.41999	10.9745	13.3945
BLOCK13/SES131/SA131S22	SES125	-2.40048	10.994	13.3945
BLOCK13/SES131/SA131S22	SES206	-2.62661	10.7679	13.3945
BLOCK13/SES131/SA131S29	SES087	-2.3702	9.81625	12.1865
BLOCK13/SES131/SA131S29	SES104	-3.09582	9.09063	12.1865
BLOCK13/SES131/SA131S29	SES125	-3.47848	8.70798	12.1865
BLOCK13/SES131/SA131S29	SES206	-3.16841	9.01804	12.1865
BLOCK13/SES132/SA132S11	SES083	-2.6173	13.0387	15.656
BLOCK13/SES132/SA132S11	SES120	-0.559536	15.0964	15.656
BLOCK13/SES132/SA132S11	SES127	-1.93819	13.7178	15.656
BLOCK13/SES132/SA132S11	SES275	-1.82361	13.8324	15.656
BLOCK13/SES132/SA132S12	SES083	-2.83225	12.7934	15.6256
BLOCK13/SES132/SA132S12	SES143	-1.71191	13.9137	15.6256
BLOCK13/SES132/SA132S12	SES144	-1.63549	13.9901	15.6256
BLOCK13/SES132/SA132S12	SES148	-1.44724	14.1784	15.6256
BLOCK13/SES132/SA132S22	SES062	-0.802464	14.7435	15.546
BLOCK13/SES132/SA132S22	SES083	-1.7386	13.8074	15.546
BLOCK13/SES132/SA132S22	SES127	-1.19584	14.3502	15.546
BLOCK13/SES132/SA132S22	SES275	-1.16713	14.3789	15.546
BLOCK13/SES132/SA132S24	SES007	-1.12641	15.1425	16.2689
BLOCK13/SES132/SA132S24	SES083	-2.35494	13.914	16.2689
BLOCK13/SES132/SA132S24	SES127	-2.38363	13.8853	16.2689
BLOCK13/SES132/SA132S24	SES275	-1.24781	15.0211	16.2689
BLOCK13/SES132/SA132S27	SES083	-2.13387	12.7011	14.835
BLOCK13/SES132/SA132S27	SES120	-0.144029	14.6909	14.835
BLOCK13/SES132/SA132S27	SES127	-2.09383	12.7411	14.835
BLOCK13/SES132/SA132S27	SES275	-1.8922	12.9428	14.835
BLOCK14/SES141/SA141S09	SES143	-1.48458	13.6435	15.128
BLOCK14/SES141/SA141S09	SES144	-0.961432	14.1666	15.128
BLOCK14/SES141/SA141S09	SES162	-1.93248	13.1956	15.128
BLOCK14/SES141/SA141S09	SES180	-1.70495	13.4231	15.128
BLOCK14/SES141/SA141S15	SES127	-1.78198	12.7196	14.5016
BLOCK14/SES141/SA141S15	SES144	-1.37806	13.1235	14.5016
BLOCK14/SES141/SA141S15	SES162	-2.12879	12.3728	14.5016
BLOCK14/SES141/SA141S15	SES180	-1.56746	12.9341	14.5016
BLOCK14/SES141/SA141S24	SES127	-1.60066	13.6883	15.289
BLOCK14/SES141/SA141S24	SES144	-1.77891	13.5101	15.289
BLOCK14/SES141/SA141S24	SES162	-1.70478	13.5842	15.289
BLOCK14/SES141/SA141S24	SES183	-2.12728	13.1617	15.289
BLOCK14/SES141/SA141S26	SES142	-1.26003	13.7552	15.0152
BLOCK14/SES141/SA141S26	SES144	-1.5617	13.4535	15.0152
BLOCK14/SES141/SA141S26	SES172	-1.31548	13.6998	15.0152
BLOCK14/SES141/SA141S26	SES180	-1.80437	13.2109	15.0152
BLOCK14/SES141/SA141S29	SES127	-0.855713	14.524	15.3797
BLOCK14/SES141/SA141S29	SES142	-0.976171	14.4035	15.3797
BLOCK14/SES141/SA141S29	SES144	-1.5042	13.8755	15.3797
BLOCK14/SES141/SA141S29	SES180	-1.48861	13.8911	15.3797
BLOCK15/SES157/SA157S08	SES083	-2.46285	12.4647	14.9275
BLOCK15/SES157/SA157S08	SES127	-1.57095	13.3566	14.9275
BLOCK15/SES157/SA157S08	SES148	-2.12152	12.806	14.9275
BLOCK15/SES157/SA157S08	SES292	-2.67738	12.2502	14.9275
BLOCK15/SES157/SA157S11	SES083	-2.4952	12.7277	15.2229
BLOCK15/SES157/SA157S11	SES127	-1.88807	13.3349	15.2229
BLOCK15/SES157/SA157S11	SES148	-2.62189	12.601	15.2229
BLOCK15/SES157/SA157S11	SES292	-2.58287	12.6401	15.2229
BLOCK15/SES157/SA157S21	SES127	-1.21175	14.4119	15.6237
BLOCK15/SES157/SA157S21	SES148	-0.791513	14.8322	15.6237
BLOCK15/SES157/SA157S21	SES158	-5.3221	10.3016	15.6237
BLOCK15/SES157/SA157S21	SES292	-1.52183	14.1018	15.6237
BLOCK15/SES157/SA157S24	SES127	-1.57873	14.0043	15.583
BLOCK15/SES157/SA157S24	SES148	-1.94336	13.6396	15.583
BLOCK15/SES157/SA157S24	SES183	-2.13571	13.4473	15.583
BLOCK15/SES157/SA157S24	SES292	-2.65438	12.9286	15.583
BLOCK15/SES157/SA157S26	SES007	-1.16483	14.3388	15.5036
BLOCK15/SES157/SA157S26	SES127	-1.26678	14.2368	15.5036
BLOCK15/SES157/SA157S26	SES147	-2.54159	12.962	15.5036
BLOCK15/SES157/SA157S26	SES148	-1.64844	13.8551	15.5036
BLOCK16/SES161/SA161S10	SES007	-1.83239	11.0197	12.8521
BLOCK16/SES161/SA161S10	SES105	-1.68551	11.1666	12.8521
BLOCK16/SES161/SA161S10	SES158	-1.8827	10.9694	12.8521
BLOCK16/SES161/SA161S10	SES275	-1.14495	11.7072	12.8521
BLOCK16/SES161/SA161S12	SES007	-2.0269	11.1161	13.143
BLOCK16/SES161/SA161S12	SES105	-2.85912	10.2839	13.143
BLOCK16/SES161/SA161S12	SES158	-2.02441	11.1186	13.143
BLOCK16/SES161/SA161S12	SES275	-1.79941	11.3436	13.143
BLOCK16/SES161/SA161S20	SES007	-1.71911	10.2677	11.9868
BLOCK16/SES161/SA161S20	SES105	-2.65459	9.33218	11.9868
BLOCK16/SES161/SA161S20	SES158	-1.91871	10.0681	11.9868
BLOCK16/SES161/SA161S20	SES275	-2.04051	9.94625	11.9868
BLOCK16/SES161/SA161S23	SES007	-2.69911	10.6469	13.3461
BLOCK16/SES161/SA161S23	SES105	-2.1864	11.1597	13.3461
BLOCK16/SES161/SA161S23	SES148	-2.31927	11.0268	13.3461
BLOCK16/SES161/SA161S23	SES158	-2.51824	10.8278	13.3461
BLOCK16/SES161/SA161S28	SES007	-2.64345	11.1885	13.832
BLOCK16/SES161/SA161S28	SES105	-2.68092	11.1511	13.832
BLOCK16/SES161/SA161S28	SES158	-1.63496	12.197	13.832
BLOCK16/SES161/SA161S28	SES206	-1.89379	11.9382	13.832
BLOCK16/SES164/SA164S11	SES104	-2.17692	13.0913	15.2682
BLOCK16/SES164/SA164S11	SES125	-1.23358	14.0346	15.2682
BLOCK16/SES164/SA164S11	SES158	-1.59166	13.6766	15.2682
BLOCK16/SES164/SA164S11	SES206	-2.54054	12.7277	15.2682
BLOCK16/SES164/SA164S13	SES099	-2.00598	12.0776	14.0836
BLOCK16/SES164/SA164S13	SES104	-3.01088	11.0727	14.0836
BLOCK16/SES164/SA164S13	SES125	-2.74589	11.3377	14.0836
BLOCK16/SES164/SA164S13	SES206	-2.73148	11.3521	14.0836
BLOCK16/SES164/SA164S24	SES002	-0.753252	13.8408	14.594
BLOCK16/SES164/SA164S24	SES099	-1.94788	12.6462	14.594
BLOCK16/SES164/SA164S24	SES125	-2.12576	12.4683	14.594
BLOCK16/SES164/SA164S24	SES226	-0.777824	13.8162	14.594
BLOCK16/SES164/SA164S27	SES087	-1.54898	12.6705	14.2195
BLOCK16/SES164/SA164S27	SES125	-1.89586	12.3237	14.2195
BLOCK16/SES164/SA164S27	SES206	-2.57825	11.6413	14.2195
BLOCK16/SES164/SA164S27	SES226	-1.81325	12.4063	14.2195
BLOCK16/SES164/SA164S29	SES002	-0.108932	13.7033	13.8122
BLOCK16/SES164/SA164S29	SES019	-2.12346	11.6888	13.8122
BLOCK16/SES164/SA164S29	SES125	-1.70426	12.108	13.8122
BLOCK16/SES164/SA164S29	SES226	-2.36435	11.4479	13.8122
BLOCK16/SES169/SA169S13	SES117	-1.55534	12.924	14.4793
BLOCK16/SES169/SA169S13	SES144	-1.58999	12.8894	14.4793
BLOCK16/SES169/SA169S13	SES146	-1.33721	13.1421	14.4793
BLOCK16/SES169/SA169S13	SES162	-0.954598	13.5247	14.4793
BLOCK16/SES169/SA169S14	SES144	-1.79775	13.7268	15.5246
BLOCK16/SES169/SA169S14	SES148	-1.91912	13.6055	15.5246
BLOCK16/SES169/SA169S14	SES177	-1.24055	14.284	15.5246
BLOCK16/SES169/SA169S14	SES180	-2.04495	13.4796	15.5246
BLOCK16/SES169/SA169S24	SES117	-1.36624	12.2377	13.6039
BLOCK16/SES169/SA169S24	SES144	-0.748414	12.8555	13.6039
BLOCK16/SES169/SA169S24	SES146	-0.757449	12.8465	13.6039
BLOCK16/SES169/SA169S24	SES162	-0.862698	12.7412	13.6039
BLOCK16/SES169/SA169S27	SES127	-1.08349	13.2692	14.3526
BLOCK16/SES169/SA169S27	SES129	-1.26785	13.0848	14.3526
BLOCK16/SES169/SA169S27	SES144	-2.13367	12.219	14.3526
BLOCK16/SES169/SA169S27	SES146	-0.807008	13.5456	14.3526
BLOCK16/SES169/SA169S29	SES144	-1.08186	14.0653	15.1472
BLOCK16/SES169/SA169S29	SES162	-0.45428	14.6929	15.1472
BLOCK16/SES169/SA169S29	SES177	-1.92727	13.2199	15.1472
BLOCK16/SES169/SA169S29	SES180	-1.3979	13.7493	15.1472
BLOCK17/SES171/SA171S12	SES083	-1.34687	12.8671	14.214
BLOCK17/SES171/SA171S12	SES148	-2.41276	11.8012	14.214
BLOCK17/SES171/SA171S12	SES172	-2.02292	12.191	14.214
BLOCK17/SES171/SA171S12	SES292	-2.68693	11.527	14.214
BLOCK17/SES171/SA171S15	SES148	-2.1685	11.3438	13.5123
BLOCK17/SES171/SA171S15	SES177	-1.01205	12.5002	13.5123
BLOCK17/SES171/SA171S15	SES180	-2.82413	10.6882	13.5123
BLOCK17/SES171/SA171S15	SES292	-2.08706	11.4252	13.5123
BLOCK17/SES171/SA171S22	SES007	-1.70313	13.5428	15.2459
BLOCK17/SES171/SA171S22	SES148	-1.91266	13.3332	15.2459
BLOCK17/SES171/SA171S22	SES177	-0.615473	14.6304	15.2459
BLOCK17/SES171/SA171S22	SES180	-2.59546	12.6504	15.2459
BLOCK17/SES171/SA171S25	SES101	-2.14122	11.6083	13.7495
BLOCK17/SES171/SA171S25	SES120	-2.68701	11.0625	13.7495
BLOCK17/SES171/SA171S25	SES177	-1.0765	12.673	13.7495
BLOCK17/SES171/SA171S25	SES180	-2.71888	11.0306	13.7495
BLOCK17/SES171/SA171S27	SES177	-1.28187	13.0609	14.3428
BLOCK17/SES171/SA171S27	SES180	-2.99831	11.3445	14.3428
BLOCK17/SES171/SA171S27	SES189	-1.48712	12.8556	14.3428
BLOCK17/SES171/SA171S27	SES292	-2.33251	12.0103	14.3428
BLOCK17/SES173/SA173S13	SES162	-3.52609	10.8179	14.344
BLOCK17/SES173/SA173S13	SES177	-1.82958	12.5144	14.344
BLOCK17/SES173/SA173S13	SES180	-3.29455	11.0494	14.344
BLOCK17/SES173/SA173S13	SES292	-0.772742	13.5712	14.344
BLOCK17/SES173/SA173S14	SES007	-2.13932	11.2698	13.4091
BLOCK17/SES173/SA173S14	SES162	-3.25242	10.1567	13.4091
BLOCK17/SES173/SA173S14	SES177	-1.5203	11.8888	13.4091
BLOCK17/SES173/SA173S14	SES180	-3.19315	10.216	13.4091
BLOCK17/SES173/SA173S24	SES144	-2.53126	10.8637	13.3949
BLOCK17/SES173/SA173S24	SES162	-2.78514	10.6098	13.3949
BLOCK17/SES173/SA173S24	SES177	-1.50774	11.8872	13.3949
BLOCK17/SES173/SA173S24	SES180	-3.17759	10.2173	13.3949
BLOCK17/SES173/SA173S27	SES162	-3.62512	10.4315	14.0566
BLOCK17/SES173/SA173S27	SES177	-1.62475	12.4318	14.0566
BLOCK17/SES173/SA173S27	SES180	-2.29566	11.7609	14.0566
BLOCK17/SES173/SA173S27	SES292	-0.602011	13.4546	14.0566
BLOCK17/SES173/SA173S29	SES162	-2.24929	11.9211	14.1703
BLOCK17/SES173/SA173S29	SES175	-1.64556	12.5248	14.1703
BLOCK17/SES173/SA173S29	SES177	-1.12973	13.0406	14.1703
BLOCK17/SES173/SA173S29	SES292	-1.9954	12.1749	14.1703
BLOCK18/SES182/SA182S10	SES144	-1.51746	12.8149	14.3323
BLOCK18/SES182/SA182S10	SES177	-1.45584	12.8765	14.3323
BLOCK18/SES182/SA182S10	SES180	-2.88994	11.4424	14.3323
BLOCK18/SES182/SA182S10	SES275	-0.947791	13.3845	14.3323
BLOCK18/SES182/SA182S12	SES144	-0.560329	13.877	14.4374
BLOCK18/SES182/SA182S12	SES177	-0.861546	13.5758	14.4374
BLOCK18/SES182/SA182S12	SES180	-1.63842	12.7989	14.4374
BLOCK18/SES182/SA182S12	SES275	-0.574736	13.8626	14.4374
BLOCK18/SES182/SA182S21	SES117	-1.52907	12.196	13.725
BLOCK18/SES182/SA182S21	SES144	-1.54795	12.1771	13.725
BLOCK18/SES182/SA182S21	SES162	-0.951497	12.7735	13.725
BLOCK18/SES182/SA182S21	SES180	-2.39275	11.3323	13.725
BLOCK18/SES182/SA182S23	SES117	-1.29982	13.1111	14.4109
BLOCK18/SES182/SA182S23	SES144	-1.98327	12.4276	14.4109
BLOCK18/SES182/SA182S23	SES180	-2.29675	12.1141	14.4109
BLOCK18/SES182/SA182S23	SES275	-0.944118	13.4668	14.4109
BLOCK18/SES182/SA182S25	SES007	-0.280998	14.0967	14.3777
BLOCK18/SES182/SA182S25	SES162	-0.672453	13.7053	14.3777
BLOCK18/SES182/SA182S25	SES177	-1.23391	13.1438	14.3777
BLOCK18/SES182/SA182S25	SES180	-1.95938	12.4183	14.3777
BLOCK18/SES184/SA184S12	SES177	-1.78973	13.0116	14.8013
BLOCK18/SES184/SA184S12	SES180	-1.6992	13.1021	14.8013
BLOCK18/SES184/SA184S12	SES189	-2.69641	12.1049	14.8013
BLOCK18/SES184/SA184S12	SES292	-1.63424	13.1671	14.8013
BLOCK18/SES184/SA184S13	SES101	-2.02565	12.6292	14.6549
BLOCK18/SES184/SA184S13	SES177	-1.78335	12.8715	14.6549
BLOCK18/SES184/SA184S13	SES180	-1.68405	12.9708	14.6549
BLOCK18/SES184/SA184S13	SES292	-2.64263	12.0123	14.6549
BLOCK18/SES184/SA184S22	SES177	-1.88102	14.3254	16.2065
BLOCK18/SES184/SA184S22	SES180	-1.94685	14.2596	16.2065
BLOCK18/SES184/SA184S22	SES189	-2.55776	13.6487	16.2065
BLOCK18/SES184/SA184S22	SES292	-1.92993	14.2765	16.2065
BLOCK18/SES184/SA184S25	SES101	-1.47271	14.9058	16.3786
BLOCK18/SES184/SA184S25	SES177	-2.26797	14.1106	16.3786
BLOCK18/SES184/SA184S25	SES180	-1.58428	14.7943	16.3786
BLOCK18/SES184/SA184S25	SES292	-1.72623	14.6523	16.3786
BLOCK18/SES184/SA184S27	SES083	-1.21998	13.0394	14.2593
BLOCK18/SES184/SA184S27	SES177	-1.15236	13.107	14.2593
BLOCK18/SES184/SA184S27	SES202	-1.47288	12.7865	14.2593
BLOCK18/SES184/SA184S27	SES292	-1.71017	12.5492	14.2593
BLOCK20/SES204/SA204S12	SES062	-1.38791	14.5943	15.9822
BLOCK20/SES204/SA204S12	SES083	-3.04731	12.9349	15.9822
BLOCK20/SES204/SA204S12	SES206	-1.7401	14.2421	15.9822
BLOCK20/SES204/SA204S12	SES226	-2.99881	12.9834	15.9822
BLOCK20/SES204/SA204S14	SES068	-1.38542	15.8887	17.2741
BLOCK20/SES204/SA204S14	SES087	-0.527512	16.7466	17.2741
BLOCK20/SES204/SA204S14	SES206	-1.92238	15.3518	17.2741
BLOCK20/SES204/SA204S14	SES226	-3.16542	14.1087	17.2741
BLOCK20/SES204/SA204S22	SES068	-1.72702	14.5529	16.2799
BLOCK20/SES204/SA204S22	SES082	-3.65608	12.6238	16.2799
BLOCK20/SES204/SA204S22	SES083	-3.90131	12.3786	16.2799
BLOCK20/SES204/SA204S22	SES206	-2.19453	14.0854	16.2799
BLOCK20/SES204/SA204S25	SES062	-2.01577	14.2764	16.2922
BLOCK20/SES204/SA204S25	SES083	-3.16945	13.1227	16.2922
BLOCK20/SES204/SA204S25	SES206	-1.34869	14.9435	16.2922
BLOCK20/SES204/SA204S25	SES226	-2.61357	13.6786	16.2922
BLOCK20/SES204/SA204S27	SES068	-1.43271	14.183	15.6157
BLOCK20/SES204/SA204S27	SES082	-3.38042	12.2353	15.6157
BLOCK20/SES204/SA204S27	SES087	-1.45074	14.165	15.6157
BLOCK20/SES204/SA204S27	SES206	-1.98211	13.6336	15.6157
BLOCK20/SES207/SA207S10	SES127	-2.17804	12.066	14.244
BLOCK20/SES207/SA207S10	SES183	-2.29732	11.9467	14.244
BLOCK20/SES207/SA207S10	SES189	-2.03818	12.2059	14.244
BLOCK20/SES207/SA207S10	SES292	-1.81105	12.433	14.244
BLOCK20/SES207/SA207S11	SES127	-2.74061	10.9276	13.6682
BLOCK20/SES207/SA207S11	SES183	-1.91765	11.7506	13.6682
BLOCK20/SES207/SA207S11	SES187	-1.9023	11.7659	13.6682
BLOCK20/SES207/SA207S11	SES292	-1.35853	12.3097	13.6682
BLOCK20/SES207/SA207S25	SES068	-2.00075	12.1114	14.1122
BLOCK20/SES207/SA207S25	SES083	-2.47798	11.6342	14.1122
BLOCK20/SES207/SA207S25	SES127	-1.47502	12.6372	14.1122
BLOCK20/SES207/SA207S25	SES187	-1.44283	12.6693	14.1122
BLOCK20/SES207/SA207S27	SES127	-2.42139	10.6318	13.0532
BLOCK20/SES207/SA207S27	SES183	-1.74974	11.3035	13.0532
BLOCK20/SES207/SA207S27	SES187	-2.16198	10.8913	13.0532
BLOCK20/SES207/SA207S27	SES292	-2.6763	10.3769	13.0532
BLOCK20/SES207/SA207S29	SES083	-2.19842	12.6242	14.8226
BLOCK20/SES207/SA207S29	SES085	-1.89468	12.9279	14.8226
BLOCK20/SES207/SA207S29	SES172	-1.52917	13.2934	14.8226
BLOCK20/SES207/SA207S29	SES189	-2.33279	12.4898	14.8226
BLOCK22/SES221/SA221S12	SES068	-0.820995	14.9962	15.8172
BLOCK22/SES221/SA221S12	SES143	-1.77957	14.0376	15.8172
BLOCK22/SES221/SA221S12	SES175	-0.757022	15.0601	15.8172
BLOCK22/SES221/SA221S12	SES202	-1.67585	14.1413	15.8172
BLOCK22/SES221/SA221S15	SES085	-0.95551	13.2152	14.1707
BLOCK22/SES221/SA221S15	SES143	-2.57869	11.592	14.1707
BLOCK22/SES221/SA221S15	SES175	-1.27772	12.893	14.1707
BLOCK22/SES221/SA221S15	SES187	-1.96848	12.2022	14.1707
BLOCK22/SES221/SA221S23	SES068	-1.52549	13.587	15.1125
BLOCK22/SES221/SA221S23	SES143	-2.11226	13.0002	15.1125
BLOCK22/SES221/SA221S23	SES175	-0.52104	14.5914	15.1125
BLOCK22/SES221/SA221S23	SES189	-0.650382	14.4621	15.1125
BLOCK22/SES221/SA221S27	SES085	-0.0591602	15.3037	15.3629
BLOCK22/SES221/SA221S27	SES143	-1.53257	13.8303	15.3629
BLOCK22/SES221/SA221S27	SES175	-0.861238	14.5017	15.3629
BLOCK22/SES221/SA221S27	SES189	-0.47613	14.8868	15.3629
BLOCK22/SES221/SA221S29	SES085	-0.261893	13.7518	14.0137
BLOCK22/SES221/SA221S29	SES143	-1.18756	12.8262	14.0137
BLOCK22/SES221/SA221S29	SES175	-0.162051	13.8517	14.0137
BLOCK22/SES221/SA221S29	SES187	-1.47836	12.5354	14.0137
BLOCK22/SES223/SA223S11	SES143	-1.50173	11.2708	12.7725
BLOCK22/SES223/SA223S11	SES144	-3.48918	9.28335	12.7725
BLOCK22/SES223/SA223S11	SES175	-0.977602	11.7949	12.7725
BLOCK22/SES223/SA223S11	SES187	-2.65924	10.1133	12.7725
BLOCK22/SES223/SA223S13	SES068	-1.14699	11.4963	12.6433
BLOCK22/SES223/SA223S13	SES143	-2.38561	10.2576	12.6433
BLOCK22/SES223/SA223S13	SES146	-2.70318	9.94007	12.6433
BLOCK22/SES223/SA223S13	SES202	-2.64036	10.0029	12.6433
BLOCK22/SES223/SA223S22	SES143	-1.37159	12.2338	13.6054
BLOCK22/SES223/SA223S22	SES144	-3.10414	10.5012	13.6054
BLOCK22/SES223/SA223S22	SES175	-1.22561	12.3798	13.6054
BLOCK22/SES223/SA223S22	SES187	-1.51514	12.0902	13.6054
BLOCK22/SES223/SA223S25	SES068	-1.16502	13.2077	14.3727
BLOCK22/SES223/SA223S25	SES143	-2.24165	12.131	14.3727
BLOCK22/SES223/SA223S25	SES175	-1.14019	13.2325	14.3727
BLOCK22/SES223/SA223S25	SES187	-1.70751	12.6652	14.3727
BLOCK22/SES223/SA223S27	SES143	-1.44101	11.6197	13.0607
BLOCK22/SES223/SA223S27	SES146	-1.83463	11.226	13.0607
BLOCK22/SES223/SA223S27	SES187	-2.44693	10.6137	13.0607
BLOCK22/SES223/SA223S27	SES292	-0.920113	12.1406	13.0607
BLOCK27/SES273/SA273S12	SES099	-0.522417	16.5473	17.0697
BLOCK27/SES273/SA273S12	SES104	-0.982029	16.0877	17.0697
BLOCK27/SES273/SA273S12	SES125	-1.56789	15.5018	17.0697
BLOCK27/SES273/SA273S12	SES206	-0.665211	16.4045	17.0697
BLOCK27/SES273/SA273S13	SES099	-0.684734	16.5771	17.2619
BLOCK27/SES273/SA273S13	SES104	-1.61247	15.6494	17.2619
BLOCK27/SES273/SA273S13	SES206	-0.857422	16.4044	17.2619
BLOCK27/SES273/SA273S13	SES292	-1.88465	15.3772	17.2619
BLOCK27/SES273/SA273S21	SES099	-0.415939	16.4722	16.8881
BLOCK27/SES273/SA273S21	SES148	-3.02506	13.8631	16.8881
BLOCK27/SES273/SA273S21	SES149	-1.77394	15.1142	16.8881
BLOCK27/SES273/SA273S21	SES177	-2.136	14.7521	16.8881
BLOCK27/SES273/SA273S25	SES104	-1.61476	14.6452	16.26
BLOCK27/SES273/SA273S25	SES125	-1.56677	14.6932	16.26
BLOCK27/SES273/SA273S25	SES158	-0.615947	15.6441	16.26
BLOCK27/SES273/SA273S25	SES206	-0.315771	15.9442	16.26
BLOCK27/SES273/SA273S27	SES099	-0.623909	15.5465	16.1704
BLOCK27/SES273/SA273S27	SES104	-1.34175	14.8287	16.1704
BLOCK27/SES273/SA273S27	SES149	-1.47657	14.6938	16.1704
BLOCK27/SES273/SA273S27	SES275	-1.73519	14.4352	16.1704
BLOCK27/SES274/SA274S10	SES105	-2.03641	13.7081	15.7445
BLOCK27/SES274/SA274S10	SES125	-2.81275	12.9317	15.7445
BLOCK27/SES274/SA274S10	SES129	-0.918965	14.8255	15.7445
BLOCK27/SES274/SA274S10	SES158	-4.22984	11.5146	15.7445
BLOCK27/SES274/SA274S11	SES105	-1.42949	14.6789	16.1083
BLOCK27/SES274/SA274S11	SES149	-2.3938	13.7145	16.1083
BLOCK27/SES274/SA274S11	SES158	-3.09165	13.0167	16.1083
BLOCK27/SES274/SA274S11	SES275	-1.0111	15.0972	16.1083
BLOCK27/SES274/SA274S21	SES105	-2.68102	13.0505	15.7316
BLOCK27/SES274/SA274S21	SES129	-0.849947	14.8816	15.7316
BLOCK27/SES274/SA274S21	SES149	-2.01306	13.7185	15.7316
BLOCK27/SES274/SA274S21	SES158	-5.01931	10.7122	15.7316
BLOCK27/SES274/SA274S24	SES105	-1.83356	14.8179	16.6514
BLOCK27/SES274/SA274S24	SES129	-0.679729	15.9717	16.6514
BLOCK27/SES274/SA274S24	SES149	-2.57696	14.0745	16.6514
BLOCK27/SES274/SA274S24	SES158	-5.16677	11.4847	16.6514
BLOCK27/SES274/SA274S29	SES105	-2.21752	13.1836	15.4011
BLOCK27/SES274/SA274S29	SES106	-3.6935	11.7076	15.4011
BLOCK27/SES274/SA274S29	SES120	-1.54806	13.853	15.4011
BLOCK27/SES274/SA274S29	SES275	-1.47376	13.9273	15.4011
BLOCK27/SES276/SA276S16	SES148	-2.39625	12.391	14.7872
BLOCK27/SES276/SA276S16	SES172	-1.6679	13.1193	14.7872
BLOCK27/SES276/SA276S16	SES180	-2.24326	12.5439	14.7872
BLOCK27/SES276/SA276S16	SES292	-1.80657	12.9806	14.7872
BLOCK27/SES276/SA276S17	SES101	-1.50799	13.9417	15.4496
BLOCK27/SES276/SA276S17	SES177	-1.944	13.5057	15.4496
BLOCK27/SES276/SA276S17	SES180	-1.8849	13.5647	15.4496
BLOCK27/SES276/SA276S17	SES292	-2.10057	13.3491	15.4496
BLOCK27/SES276/SA276S24	SES101	-1.11406	14.7986	15.9127
BLOCK27/SES276/SA276S24	SES177	-1.20778	14.7049	15.9127
BLOCK27/SES276/SA276S24	SES180	-2.04219	13.8705	15.9127
BLOCK27/SES276/SA276S24	SES292	-2.41354	13.4991	15.9127
BLOCK27/SES276/SA276S26	SES101	-2.02091	14.4316	16.4525
BLOCK27/SES276/SA276S26	SES177	-0.958632	15.4939	16.4525
BLOCK27/SES276/SA276S26	SES180	-0.337254	16.1153	16.4525
BLOCK27/SES276/SA276S26	SES292	-0.278702	16.1738	16.4525
BLOCK27/SES276/SA276S28	SES101	-1.23443	14.4965	15.7309
BLOCK27/SES276/SA276S28	SES177	-1.99866	13.7322	15.7309
BLOCK27/SES276/SA276S28	SES180	-0.954628	14.7763	15.7309
BLOCK27/SES276/SA276S28	SES292	-1.30083	14.4301	15.7309
BLOCK27/SES277/SA277S12	SES101	-1.41981	12.034	13.4538
BLOCK27/SES277/SA277S12	SES177	-2.04886	11.4049	13.4538
BLOCK27/SES277/SA277S12	SES180	-3.18478	10.269	13.4538
BLOCK27/SES277/SA277S12	SES292	-2.81128	10.6425	13.4538
BLOCK27/SES277/SA277S14	SES177	-1.3827	11.6622	13.0449
BLOCK27/SES277/SA277S14	SES180	-2.59022	10.4546	13.0449
BLOCK27/SES277/SA277S14	SES189	-0.656363	12.3885	13.0449
BLOCK27/SES277/SA277S14	SES292	-2.51264	10.5322	13.0449
BLOCK27/SES277/SA277S21	SES177	-0.960209	13.5845	14.5447
BLOCK27/SES277/SA277S21	SES180	-2.23769	12.307	14.5447
BLOCK27/SES277/SA277S21	SES189	-0.554866	13.9898	14.5447
BLOCK27/SES277/SA277S21	SES292	-2.23789	12.3068	14.5447
BLOCK27/SES277/SA277S24	SES144	-1.84768	11.0558	12.9035
BLOCK27/SES277/SA277S24	SES177	-1.3086	11.5949	12.9035
BLOCK27/SES277/SA277S24	SES180	-3.09564	9.80783	12.9035
BLOCK27/SES277/SA277S24	SES189	-1.01471	11.8888	12.9035
BLOCK27/SES277/SA277S29	SES177	-1.42303	14.2522	15.6752
BLOCK27/SES277/SA277S29	SES180	-2.70515	12.9701	15.6752
BLOCK27/SES277/SA277S29	SES202	-1.71914	13.9561	15.6752
BLOCK27/SES277/SA277S29	SES292	-2.60452	13.0707	15.6752
BLOCK27/SES279/SA279S09	SES120	-2.14643	13.3342	15.4807
BLOCK27/SES279/SA279S09	SES146	-2.08215	13.3985	15.4807
BLOCK27/SES279/SA279S09	SES206	-1.92185	13.5588	15.4807
BLOCK27/SES279/SA279S09	SES226	-3.14456	12.3361	15.4807
BLOCK27/SES279/SA279S10	SES099	-0.775783	14.8706	15.6464
BLOCK27/SES279/SA279S10	SES206	-0.923116	14.7232	15.6464
BLOCK27/SES279/SA279S10	SES226	-2.43898	13.2074	15.6464
BLOCK27/SES279/SA279S10	SES292	-0.440258	15.2061	15.6464
BLOCK27/SES279/SA279S20	SES099	-2.28924	13.3629	15.6521
BLOCK27/SES279/SA279S20	SES206	-0.965858	14.6862	15.6521
BLOCK27/SES279/SA279S20	SES226	-2.61813	13.034	15.6521
BLOCK27/SES279/SA279S20	SES292	-0.930631	14.7215	15.6521
BLOCK27/SES279/SA279S26	SES099	-1.27407	14.1711	15.4452
BLOCK27/SES279/SA279S26	SES206	-0.601217	14.8439	15.4452
BLOCK27/SES279/SA279S26	SES226	-2.7352	12.71	15.4452
BLOCK27/SES279/SA279S26	SES292	-0.509315	14.9358	15.4452
BLOCK27/SES279/SA279S28	SES099	-1.58205	15.5569	17.1389
BLOCK27/SES279/SA279S28	SES120	-1.20135	15.9376	17.1389
BLOCK27/SES279/SA279S28	SES177	-1.51085	15.6281	17.1389
BLOCK27/SES279/SA279S28	SES206	-1.31201	15.8269	17.1389
BLOCK29/SES290/SA290S12	SES162	-0.925316	14.0044	14.9297
BLOCK29/SES290/SA290S12	SES177	-0.784131	14.1456	14.9297
BLOCK29/SES290/SA290S12	SES180	-1.90486	13.0249	14.9297
BLOCK29/SES290/SA290S12	SES292	-2.02646	12.9033	14.9297
BLOCK29/SES290/SA290S13	SES007	-1.42922	13.664	15.0932
BLOCK29/SES290/SA290S13	SES162	-2.44464	12.6486	15.0932
BLOCK29/SES290/SA290S13	SES177	-0.993686	14.0995	15.0932
BLOCK29/SES290/SA290S13	SES180	-1.65564	13.4376	15.0932
BLOCK29/SES290/SA290S22	SES177	-0.835705	13.5757	14.4114
BLOCK29/SES290/SA290S22	SES180	-1.87418	12.5372	14.4114
BLOCK29/SES290/SA290S22	SES202	-1.48998	12.9214	14.4114
BLOCK29/SES290/SA290S22	SES292	-1.74798	12.6634	14.4114
BLOCK29/SES290/SA290S25	SES162	-1.39704	14.2078	15.6049
BLOCK29/SES290/SA290S25	SES177	-1.07643	14.5284	15.6049
BLOCK29/SES290/SA290S25	SES180	-1.4879	14.117	15.6049
BLOCK29/SES290/SA290S25	SES292	-1.2001	14.4048	15.6049
BLOCK29/SES290/SA290S29	SES177	-0.70038	13.9919	14.6923
BLOCK29/SES290/SA290S29	SES180	-1.1748	13.5175	14.6923
BLOCK29/SES290/SA290S29	SES275	-1.57496	13.1174	14.6923
BLOCK29/SES290/SA290S29	SES292	-1.14637	13.5459	14.6923
BLOCK29/SES291/SA291S11	SES105	-2.9856	10.7322	13.7178
BLOCK29/SES291/SA291S11	SES125	-1.0346	12.6832	13.7178
BLOCK29/SES291/SA291S11	SES158	-1.15996	12.5578	13.7178
BLOCK29/SES291/SA291S11	SES275	-2.55586	11.1619	13.7178
BLOCK29/SES291/SA291S12	SES158	0.177405	14.1552	13.9778
BLOCK29/SES291/SA291S12	SES226	-2.33924	11.6386	13.9778
BLOCK29/SES291/SA291S12	SES270	0.467588	14.4454	13.9778
BLOCK29/SES291/SA291S12	SES275	-4.24525	9.73258	13.9778
BLOCK29/SES291/SA291S22	SES082	-1.53255	13.3637	14.8963
BLOCK29/SES291/SA291S22	SES158	-1.4004	13.4959	14.8963
BLOCK29/SES291/SA291S22	SES259	-2.1955	12.7008	14.8963
BLOCK29/SES291/SA291S22	SES275	-3.30236	11.5939	14.8963
BLOCK29/SES291/SA291S24	SES104	-0.275965	15.8817	16.1576
BLOCK29/SES291/SA291S24	SES125	-1.2329	14.9247	16.1576
BLOCK29/SES291/SA291S24	SES158	-0.433825	15.7238	16.1576
BLOCK29/SES291/SA291S24	SES275	-3.54415	12.6135	16.1576
BLOCK29/SES291/SA291S27	SES158	0.114883	15.5927	15.4778
BLOCK29/SES291/SA291S27	SES172	-3.86526	11.6126	15.4778
BLOCK29/SES291/SA291S27	SES275	-3.7888	11.689	15.4778
BLOCK29/SES291/SA291S27	SES292	-2.0405	13.4373	15.4778
Threshold search:
THR	-5.32210972076	9	0(0)	1(1000)
THR	-5.2249020235524	8.991	0(0)	0.999(999)
THR	-5.1276943263448	8.973	0(0)	0.997(997)
THR	-5.0304866291372	8.955	0(0)	0.995(995)
THR	-4.9332789319296	8.946	0(0)	0.994(994)
THR	-4.836071234722	8.946	0(0)	0.994(994)
THR	-4.7388635375144	8.946	0(0)	0.994(994)
THR	-4.6416558403068	8.946	0(0)	0.994(994)
THR	-4.5444481430992	8.937	0(0)	0.993(993)
THR	-4.4472404458916	8.928	0(0)	0.992(992)
THR	-4.350032748684	8.919	0(0)	0.991(991)
THR	-4.2528250514764	8.901	0(0)	0.989(989)
THR	-4.1556173542688	8.856	0(0)	0.984(984)
THR	-4.0584096570612	8.847	0(0)	0.983(983)
THR	-3.9612019598536	8.838	0(0)	0.982(982)
THR	-3.863994262646	8.811	0(0)	0.979(979)
THR	-3.7667865654384	8.775	0(0)	0.975(975)
THR	-3.6695788682308	8.73	0(0)	0.97(970)
THR	-3.5723711710232	8.667	0(0)	0.963(963)
THR	-3.4751634738156	8.577	0(0)	0.953(953)
THR	-3.377955776608	8.523	0(0)	0.947(947)
THR	-3.2807480794004	8.487	0(0)	0.943(943)
THR	-3.1835403821928	8.406	0(0)	0.934(934)
THR	-3.0863326849852	8.307	0(0)	0.923(923)
THR	-2.9891249877776	8.154	0(0)	0.906(906)
THR	-2.89191729057	8.037	0(0)	0.893(893)
THR	-2.7947095933624	7.875	0(0)	0.875(875)
THR	-2.6975018961548	7.713	0(0)	0.857(857)
THR	-2.6002941989472	7.443	0(0)	0.827(827)
THR	-2.5030865017396	7.191	0(0)	0.799(799)
THR	-2.405878804532	6.939	0(0)	0.771(771)
THR	-2.3086711073244	6.579	0(0)	0.731(731)
THR	-2.21146341011679	6.309	0(0)	0.701(701)
THR	-2.11425571290919	5.949	0(0)	0.661(661)
THR	-2.01704801570159	5.553	0(0)	0.617(617)
THR	-1.91984031849399	5.085	0(0)	0.565(565)
THR	-1.82263262128639	4.662	0(0)	0.518(518)
THR	-1.72542492407879	4.248	0(0)	0.472(472)
THR	-1.62821722687119	3.861	0(0)	0.429(429)
THR	-1.5310095296636	3.456	0(0)	0.384(384)
THR	-1.433801832456	2.988	0(0)	0.332(332)
THR	-1.3365941352484	2.457	0(0)	0.273(273)
THR	-1.2393864380408	2.151	0(0)	0.239(239)
THR	-1.1421787408332	1.809	0(0)	0.201(201)
THR	-1.0449710436256	1.602	0(0)	0.178(178)
THR	-0.947763346417995	1.296	0(0)	0.144(144)
THR	-0.850555649210395	1.035	0(0)	0.115(115)
THR	-0.753347952002795	0.837	0(0)	0.093(93)
THR	-0.656140254795195	0.702	0(0)	0.078(78)
THR	-0.558932557587595	0.522	0(0)	0.058(58)
THR	-0.461724860379995	0.378	0(0)	0.042(42)
THR	-0.364517163172395	0.288	0(0)	0.032(32)
THR	-0.267309465964795	0.189	0(0)	0.021(21)
THR	-0.170101768757195	0.134	0.008(2)	0.014(14)
THR	-0.0728940715495952	0.098	0.008(2)	0.01(10)
THR	0.0243136256580048	0.074	0.02(5)	0.006(6)
THR	0.121521322865605	0.069	0.024(6)	0.005(5)
THR	0.218729020073205	0.059	0.032(8)	0.003(3)
THR	0.315936717280805	0.074	0.056(14)	0.002(2)
THR	0.413144414488405	0.106	0.088(22)	0.002(2)
THR	0.510352111696005	0.117	0.108(27)	0.001(1)
THR	0.607559808903605	0.133	0.124(31)	0.001(1)
THR	0.704767506111205	0.161	0.152(38)	0.001(1)
THR	0.801975203318805	0.201	0.192(48)	0.001(1)
THR	0.899182900526405	0.232	0.232(58)	0(0)
THR	0.996390597734005	0.276	0.276(69)	0(0)
THR	1.0935982949416	0.312	0.312(78)	0(0)
THR	1.1908059921492	0.348	0.348(87)	0(0)
THR	1.2880136893568	0.404	0.404(101)	0(0)
THR	1.3852213865644	0.468	0.468(117)	0(0)
THR	1.482429083772	0.52	0.52(130)	0(0)
THR	1.5796367809796	0.552	0.552(138)	0(0)
THR	1.6768444781872	0.584	0.584(146)	0(0)
THR	1.7740521753948	0.62	0.62(155)	0(0)
THR	1.8712598726024	0.664	0.664(166)	0(0)
THR	1.96846756981	0.712	0.712(178)	0(0)
THR	2.0656752670176	0.756	0.756(189)	0(0)
THR	2.1628829642252	0.8	0.8(200)	0(0)
THR	2.2600906614328	0.836	0.836(209)	0(0)
THR	2.3572983586404	0.852	0.852(213)	0(0)
THR	2.454506055848	0.872	0.872(218)	0(0)
THR	2.5517137530556	0.888	0.888(222)	0(0)
THR	2.64892145026321	0.896	0.896(224)	0(0)
THR	2.74612914747081	0.924	0.924(231)	0(0)
THR	2.84333684467841	0.944	0.944(236)	0(0)
THR	2.94054454188601	0.948	0.948(237)	0(0)
THR	3.03775223909361	0.956	0.956(239)	0(0)
THR	3.13495993630121	0.964	0.964(241)	0(0)
THR	3.23216763350881	0.964	0.964(241)	0(0)
THR	3.32937533071641	0.976	0.976(244)	0(0)
THR	3.42658302792401	0.976	0.976(244)	0(0)
THR	3.52379072513161	0.976	0.976(244)	0(0)
THR	3.62099842233921	0.98	0.98(245)	0(0)
THR	3.71820611954681	0.984	0.984(246)	0(0)
THR	3.81541381675441	0.984	0.984(246)	0(0)
THR	3.91262151396201	0.984	0.984(246)	0(0)
THR	4.00982921116961	0.988	0.988(247)	0(0)
THR	4.10703690837721	0.992	0.992(248)	0(0)
THR	4.20424460558481	0.992	0.992(248)	0(0)
THR	4.30145230279241	0.996	0.996(249)	0(0)
THR	4.39866000000001	1	1(250)	0(0)


==============================================
THR: 0.218729020073205
Missed:     8/250=0.0320
FalseAlarm: 3/1000=0.0030
----------------------------------------------
==> CostDetection: 5.9
==============================================
